Log file open, 12/22/18 18:29:25
LogWindows: Failed to load 'aqProf.dll' (GetLastError=126)
LogWindows: File 'aqProf.dll' does not exist
LogWindows: Failed to load 'VtuneApi.dll' (GetLastError=126)
LogWindows: File 'VtuneApi.dll' does not exist
LogWindows: Failed to load 'VtuneApi32e.dll' (GetLastError=126)
LogWindows: File 'VtuneApi32e.dll' does not exist
LogConsoleResponse: Display: Failed to find resolution value strings in scalability ini. Falling back to default.
LogInit: Display: Running engine for game: ArenaBattle
LogPakFile: Registered encryption key '00000000000000000000000000000000': 0 pak files mounted, 0 remain pending
LogPlatformFile: Not using cached read wrapper
LogTaskGraph: Started task graph with 5 named threads and 23 total threads with 3 sets of task threads.
LogStats: Stats thread started at 0.435194
LogD3D11RHI: Loaded GFSDK_Aftermath_Lib.x64.dll
LogICUInternationalization: ICU TimeZone Detection - Raw Offset: +9:00, Platform Override: ''
LogPluginManager: Mounting plugin Paper2D
LogPluginManager: Mounting plugin AISupport
LogPluginManager: Mounting plugin LightPropagationVolume
LogPluginManager: Mounting plugin ActorLayerUtilities
LogPluginManager: Mounting plugin CLionSourceCodeAccess
LogPluginManager: Mounting plugin CodeLiteSourceCodeAccess
LogPluginManager: Mounting plugin GitSourceControl
LogPluginManager: Mounting plugin KDevelopSourceCodeAccess
LogPluginManager: Mounting plugin NullSourceCodeAccess
LogPluginManager: Mounting plugin PerforceSourceControl
LogPluginManager: Mounting plugin SubversionSourceControl
LogPluginManager: Mounting plugin UObjectPlugin
LogPluginManager: Mounting plugin VisualStudioCodeSourceCodeAccess
LogPluginManager: Mounting plugin VisualStudioSourceCodeAccess
LogPluginManager: Mounting plugin XCodeSourceCodeAccess
LogPluginManager: Mounting plugin AssetManagerEditor
LogPluginManager: Mounting plugin CryptoKeys
LogPluginManager: Mounting plugin DataValidation
LogPluginManager: Mounting plugin FacialAnimation
LogPluginManager: Mounting plugin GameplayTagsEditor
LogPluginManager: Mounting plugin MacGraphicsSwitching
LogPluginManager: Mounting plugin MeshEditor
LogPluginManager: Mounting plugin MobileLauncherProfileWizard
LogPluginManager: Mounting plugin PluginBrowser
LogPluginManager: Mounting plugin SpeedTreeImporter
LogPluginManager: Mounting plugin DatasmithContent
LogPluginManager: Mounting plugin VariantManagerContent
LogPluginManager: Mounting plugin AlembicImporter
LogPluginManager: Mounting plugin AppleImageUtils
LogPluginManager: Mounting plugin AppleVision
LogPluginManager: Mounting plugin BackChannel
LogPluginManager: Mounting plugin CharacterAI
LogPluginManager: Mounting plugin GeometryCache
LogPluginManager: Mounting plugin HTML5Networking
LogPluginManager: Mounting plugin ProxyLODPlugin
LogPluginManager: Mounting plugin MagicLeap
LogPluginManager: Mounting plugin MagicLeapMedia
LogPluginManager: Mounting plugin AndroidMedia
LogPluginManager: Mounting plugin AvfMedia
LogPluginManager: Mounting plugin ImgMedia
LogPluginManager: Mounting plugin LinearTimecode
LogPluginManager: Mounting plugin MediaCompositing
LogPluginManager: Mounting plugin MediaPlayerEditor
LogPluginManager: Mounting plugin WebMMedia
LogPluginManager: Mounting plugin WmfMedia
LogPluginManager: Mounting plugin TcpMessaging
LogPluginManager: Mounting plugin UdpMessaging
LogPluginManager: Mounting plugin ActorSequence
LogPluginManager: Mounting plugin LevelSequenceEditor
LogPluginManager: Mounting plugin MatineeToLevelSequence
LogPluginManager: Mounting plugin NetcodeUnitTest
LogPluginManager: Mounting plugin NUTUnrealEngine4
LogPluginManager: Mounting plugin OnlineSubsystemGooglePlay
LogPluginManager: Mounting plugin OnlineSubsystemIOS
LogPluginManager: Mounting plugin OnlineSubsystem
LogPluginManager: Mounting plugin OnlineSubsystemNull
LogPluginManager: Mounting plugin OnlineSubsystemUtils
LogPluginManager: Mounting plugin LauncherChunkInstaller
LogPluginManager: Mounting plugin AndroidDeviceProfileSelector
LogPluginManager: Mounting plugin AndroidMoviePlayer
LogPluginManager: Mounting plugin AndroidPermission
LogPluginManager: Mounting plugin AppleMoviePlayer
LogPluginManager: Mounting plugin ArchVisCharacter
LogPluginManager: Mounting plugin AudioCapture
LogPluginManager: Mounting plugin CableComponent
LogPluginManager: Mounting plugin CustomMeshComponent
LogPluginManager: Mounting plugin EditableMesh
LogPluginManager: Mounting plugin ExampleDeviceProfileSelector
LogPluginManager: Mounting plugin Firebase
LogPluginManager: Mounting plugin GoogleCloudMessaging
LogPluginManager: Mounting plugin IOSDeviceProfileSelector
LogPluginManager: Mounting plugin LinuxDeviceProfileSelector
LogPluginManager: Mounting plugin LocationServicesBPLibrary
LogPluginManager: Mounting plugin MobilePatchingUtils
LogPluginManager: Mounting plugin OculusVR
LogPluginManager: Mounting plugin PhysXVehicles
LogPluginManager: Mounting plugin ProceduralMeshComponent
LogPluginManager: Mounting plugin RuntimePhysXCooking
LogPluginManager: Mounting plugin SteamVR
LogPluginManager: Mounting plugin WebMMoviePlayer
LogPluginManager: Mounting plugin WindowsMoviePlayer
LogStreaming: Display: Took  0.141s to configure plugins.
LogInit: Using libcurl 7.55.1-DEV
LogInit:  - built for x86_64-pc-win32
LogInit:  - supports SSL with OpenSSL/1.0.2h
LogInit:  - supports HTTP deflate (compression) using libz 1.2.8
LogInit:  - other features:
LogInit:      CURL_VERSION_SSL
LogInit:      CURL_VERSION_LIBZ
LogInit:      CURL_VERSION_IPV6
LogInit:      CURL_VERSION_ASYNCHDNS
LogInit:      CURL_VERSION_LARGEFILE
LogInit:      CURL_VERSION_IDN
LogInit:  CurlRequestOptions (configurable via config and command line):
LogInit:  - bVerifyPeer = true  - Libcurl will verify peer certificate
LogInit:  - bUseHttpProxy = false  - Libcurl will NOT use HTTP proxy
LogInit:  - bDontReuseConnections = false  - Libcurl will reuse connections
LogInit:  - MaxHostConnections = 16  - Libcurl will limit the number of connections to a host
LogInit:  - LocalHostAddr = Default
LogInit:  - BufferSize = 65536
LogInit: WinSock: version 1.1 (2.2), MaxSocks=32767, MaxUdp=65467
LogInit: Build: ++UE4+Release-4.21-CL-4541578
LogInit: Engine Version: 4.21.0-4541578+++UE4+Release-4.21
LogInit: Compatible Engine Version: 4.21.0-4541578+++UE4+Release-4.21
LogInit: Net CL: 4541578
LogInit: OS: Windows 10 (), CPU: Intel(R) Core(TM) i7-4770HQ CPU @ 2.20GHz, GPU: Intel(R) Iris(TM) Pro Graphics 5200
LogInit: Compiled (64-bit): Nov  6 2018 02:04:24
LogInit: Compiled with Visual C++: 19.13.26129.00
LogInit: Build Configuration: Development
LogInit: Branch Name: ++UE4+Release-4.21
LogInit: Command Line:  -skipcompile
LogInit: Base Directory: D:/06.program/Window/unreal/UE_4.21/Engine/Binaries/Win64/
LogInit: Installed Engine Build: 1
LogDevObjectVersion: Number of dev versions registered: 22
LogDevObjectVersion:   Dev-Blueprints (B0D832E4-1F89-4F0D-ACCF-7EB736FD4AA2): 10
LogDevObjectVersion:   Dev-Build (E1C64328-A22C-4D53-A36C-8E866417BD8C): 0
LogDevObjectVersion:   Dev-Core (375EC13C-06E4-48FB-B500-84F0262A717E): 2
LogDevObjectVersion:   Dev-Editor (E4B068ED-F494-42E9-A231-DA0B2E46BB41): 26
LogDevObjectVersion:   Dev-Framework (CFFC743F-43B0-4480-9391-14DF171D2073): 34
LogDevObjectVersion:   Dev-Mobile (B02B49B5-BB20-44E9-A304-32B752E40360): 2
LogDevObjectVersion:   Dev-Networking (A4E4105C-59A1-49B5-A7C5-40C4547EDFEE): 0
LogDevObjectVersion:   Dev-Online (39C831C9-5AE6-47DC-9A44-9C173E1C8E7C): 0
LogDevObjectVersion:   Dev-Physics (78F01B33-EBEA-4F98-B9B4-84EACCB95AA2): 0
LogDevObjectVersion:   Dev-Platform (6631380F-2D4D-43E0-8009-CF276956A95A): 0
LogDevObjectVersion:   Dev-Rendering (12F88B9F-8875-4AFC-A67C-D90C383ABD29): 27
LogDevObjectVersion:   Dev-Sequencer (7B5AE74C-D270-4C10-A958-57980B212A5A): 9
LogDevObjectVersion:   Dev-VR (D7296918-1DD6-4BDD-9DE2-64A83CC13884): 2
LogDevObjectVersion:   Dev-LoadTimes (C2A15278-BFE7-4AFE-6C17-90FF531DF755): 1
LogDevObjectVersion:   Private-Geometry (6EACA3D4-40EC-4CC1-B786-8BED09428FC5): 3
LogDevObjectVersion:   Dev-AnimPhys (29E575DD-E0A3-4627-9D10-D276232CDCEA): 17
LogDevObjectVersion:   Dev-Anim (AF43A65D-7FD3-4947-9873-3E8ED9C1BB05): 2
LogDevObjectVersion:   Dev-ReflectionCapture (6B266CEC-1EC7-4B8F-A30B-E4D90942FC07): 1
LogDevObjectVersion:   Dev-Automation (0DF73D61-A23F-47EA-B727-89E90C41499A): 1
LogDevObjectVersion:   FortniteMain (601D1886-AC64-4F84-AA16-D3DE0DEAC7D6): 17
LogDevObjectVersion:   Dev-Enterprise (9DFFBCD6-494F-0158-E221-12823C92A888): 4
LogDevObjectVersion:   Dev-Niagara (F2AED0AC-9AFE-416F-8664-AA7FFA26D6FC): 1
LogStreaming: Display: Took  0.004s to delete old logs.
LogInit: Presizing for max 8388607 objects, including 0 objects not considered by GC, pre-allocating 0 bytes for permanent pool.
LogInit: Object subsystem initialized
LogConfig: Setting CVar [[con.DebugEarlyDefault:1]]
LogConfig: Setting CVar [[r.setres:1280x720]]
[2018.12.22-09.29.25:938][  0]LogConfig: Setting CVar [[r.VSync:0]]
[2018.12.22-09.29.25:938][  0]LogConfig: Setting CVar [[r.RHICmdBypass:0]]
[2018.12.22-09.29.25:938][  0]LogConfig: Applying CVar settings from Section [/Script/Engine.RendererSettings] File [D:/UnrealProject/Chapter_5/Saved/Config/Windows/Engine.ini]
[2018.12.22-09.29.25:938][  0]LogConfig: Setting CVar [[r.GPUCrashDebugging:0]]
[2018.12.22-09.29.25:938][  0]LogConfig: Applying CVar settings from Section [/Script/Engine.RendererOverrideSettings] File [D:/UnrealProject/Chapter_5/Saved/Config/Windows/Engine.ini]
[2018.12.22-09.29.25:938][  0]LogConfig: Applying CVar settings from Section [/Script/Engine.StreamingSettings] File [D:/UnrealProject/Chapter_5/Saved/Config/Windows/Engine.ini]
[2018.12.22-09.29.25:938][  0]LogConfig: Setting CVar [[s.MinBulkDataSizeForAsyncLoading:131072]]
[2018.12.22-09.29.25:938][  0]LogConfig: Setting CVar [[s.AsyncLoadingThreadEnabled:0]]
[2018.12.22-09.29.25:938][  0]LogConfig: Setting CVar [[s.EventDrivenLoaderEnabled:1]]
[2018.12.22-09.29.25:938][  0]LogConfig: Setting CVar [[s.WarnIfTimeLimitExceeded:0]]
[2018.12.22-09.29.25:938][  0]LogConfig: Setting CVar [[s.TimeLimitExceededMultiplier:1.5]]
[2018.12.22-09.29.25:939][  0]LogConfig: Setting CVar [[s.TimeLimitExceededMinTime:0.005]]
[2018.12.22-09.29.25:939][  0]LogConfig: Setting CVar [[s.UseBackgroundLevelStreaming:1]]
[2018.12.22-09.29.25:939][  0]LogConfig: Setting CVar [[s.PriorityAsyncLoadingExtraTime:15.0]]
[2018.12.22-09.29.25:939][  0]LogConfig: Setting CVar [[s.LevelStreamingActorsUpdateTimeLimit:5.0]]
[2018.12.22-09.29.25:939][  0]LogConfig: Setting CVar [[s.PriorityLevelStreamingActorsUpdateExtraTime:5.0]]
[2018.12.22-09.29.25:939][  0]LogConfig: Setting CVar [[s.LevelStreamingComponentsRegistrationGranularity:10]]
[2018.12.22-09.29.25:939][  0]LogConfig: Setting CVar [[s.UnregisterComponentsTimeLimit:1.0]]
[2018.12.22-09.29.25:939][  0]LogConfig: Setting CVar [[s.LevelStreamingComponentsUnregistrationGranularity:5]]
[2018.12.22-09.29.25:939][  0]LogConfig: Applying CVar settings from Section [/Script/Engine.GarbageCollectionSettings] File [D:/UnrealProject/Chapter_5/Saved/Config/Windows/Engine.ini]
[2018.12.22-09.29.25:939][  0]LogConfig: Setting CVar [[gc.MaxObjectsNotConsideredByGC:1]]
[2018.12.22-09.29.25:939][  0]LogConfig: Setting CVar [[gc.SizeOfPermanentObjectPool:0]]
[2018.12.22-09.29.25:939][  0]LogConfig: Setting CVar [[gc.FlushStreamingOnGC:0]]
[2018.12.22-09.29.25:939][  0]LogConfig: Setting CVar [[gc.NumRetriesBeforeForcingGC:10]]
[2018.12.22-09.29.25:939][  0]LogConfig: Setting CVar [[gc.AllowParallelGC:1]]
[2018.12.22-09.29.25:939][  0]LogConfig: Setting CVar [[gc.TimeBetweenPurgingPendingKillObjects:61.1]]
[2018.12.22-09.29.25:940][  0]LogConfig: Setting CVar [[gc.MaxObjectsInEditor:8388607]]
[2018.12.22-09.29.25:940][  0]LogConfig: Setting CVar [[gc.IncrementalBeginDestroyEnabled:1]]
[2018.12.22-09.29.25:940][  0]LogConfig: Setting CVar [[gc.CreateGCClusters:1]]
[2018.12.22-09.29.25:940][  0]LogConfig: Setting CVar [[gc.MergeGCClusters:0]]
[2018.12.22-09.29.25:940][  0]LogConfig: Setting CVar [[gc.MinGCClusterSize:5]]
[2018.12.22-09.29.25:940][  0]LogConfig: Setting CVar [[gc.ActorClusteringEnabled:0]]
[2018.12.22-09.29.25:940][  0]LogConfig: Setting CVar [[gc.BlueprintClusteringEnabled:0]]
[2018.12.22-09.29.25:940][  0]LogConfig: Setting CVar [[gc.UseDisregardForGCOnDedicatedServers:0]]
[2018.12.22-09.29.25:940][  0]LogConfig: Applying CVar settings from Section [/Script/Engine.NetworkSettings] File [D:/UnrealProject/Chapter_5/Saved/Config/Windows/Engine.ini]
[2018.12.22-09.29.25:940][  0]LogConfig: Applying CVar settings from Section [/Script/UnrealEd.CookerSettings] File [D:/UnrealProject/Chapter_5/Saved/Config/Windows/Engine.ini]
[2018.12.22-09.29.25:951][  0]LogConfig: Applying CVar settings from Section [ViewDistanceQuality@3] File [D:/UnrealProject/Chapter_5/Saved/Config/Windows/Scalability.ini]
[2018.12.22-09.29.25:951][  0]LogConfig: Setting CVar [[r.SkeletalMeshLODBias:0]]
[2018.12.22-09.29.25:952][  0]LogConfig: Setting CVar [[r.ViewDistanceScale:1.0]]
[2018.12.22-09.29.25:952][  0]LogConfig: Applying CVar settings from Section [AntiAliasingQuality@3] File [D:/UnrealProject/Chapter_5/Saved/Config/Windows/Scalability.ini]
[2018.12.22-09.29.25:952][  0]LogConfig: Setting CVar [[r.PostProcessAAQuality:4]]
[2018.12.22-09.29.25:952][  0]LogConfig: Applying CVar settings from Section [ShadowQuality@3] File [D:/UnrealProject/Chapter_5/Saved/Config/Windows/Scalability.ini]
[2018.12.22-09.29.25:952][  0]LogConfig: Setting CVar [[r.LightFunctionQuality:1]]
[2018.12.22-09.29.25:952][  0]LogConfig: Setting CVar [[r.ShadowQuality:5]]
[2018.12.22-09.29.25:952][  0]LogConfig: Setting CVar [[r.Shadow.CSM.MaxCascades:10]]
[2018.12.22-09.29.25:952][  0]LogConfig: Setting CVar [[r.Shadow.MaxResolution:2048]]
[2018.12.22-09.29.25:952][  0]LogConfig: Setting CVar [[r.Shadow.MaxCSMResolution:2048]]
[2018.12.22-09.29.25:952][  0]LogConfig: Setting CVar [[r.Shadow.RadiusThreshold:0.01]]
[2018.12.22-09.29.25:952][  0]LogConfig: Setting CVar [[r.Shadow.DistanceScale:1.0]]
[2018.12.22-09.29.25:952][  0]LogConfig: Setting CVar [[r.Shadow.CSM.TransitionScale:1.0]]
[2018.12.22-09.29.25:952][  0]LogConfig: Setting CVar [[r.Shadow.PreShadowResolutionFactor:1.0]]
[2018.12.22-09.29.25:953][  0]LogConfig: Setting CVar [[r.DistanceFieldShadowing:1]]
[2018.12.22-09.29.25:953][  0]LogConfig: Setting CVar [[r.DistanceFieldAO:1]]
[2018.12.22-09.29.25:953][  0]LogConfig: Setting CVar [[r.AOQuality:2]]
[2018.12.22-09.29.25:953][  0]LogConfig: Setting CVar [[r.VolumetricFog:1]]
[2018.12.22-09.29.25:953][  0]LogConfig: Setting CVar [[r.VolumetricFog.GridPixelSize:8]]
[2018.12.22-09.29.25:953][  0]LogConfig: Setting CVar [[r.VolumetricFog.GridSizeZ:128]]
[2018.12.22-09.29.25:953][  0]LogConfig: Setting CVar [[r.VolumetricFog.HistoryMissSupersampleCount:4]]
[2018.12.22-09.29.25:953][  0]LogConfig: Setting CVar [[r.LightMaxDrawDistanceScale:1]]
[2018.12.22-09.29.25:953][  0]LogConfig: Setting CVar [[r.CapsuleShadows:1]]
[2018.12.22-09.29.25:953][  0]LogConfig: Applying CVar settings from Section [PostProcessQuality@3] File [D:/UnrealProject/Chapter_5/Saved/Config/Windows/Scalability.ini]
[2018.12.22-09.29.25:953][  0]LogConfig: Setting CVar [[r.MotionBlurQuality:4]]
[2018.12.22-09.29.25:953][  0]LogConfig: Setting CVar [[r.AmbientOcclusionMipLevelFactor:0.4]]
[2018.12.22-09.29.25:953][  0]LogConfig: Setting CVar [[r.AmbientOcclusionMaxQuality:100]]
[2018.12.22-09.29.25:953][  0]LogConfig: Setting CVar [[r.AmbientOcclusionLevels:-1]]
[2018.12.22-09.29.25:953][  0]LogConfig: Setting CVar [[r.AmbientOcclusionRadiusScale:1.0]]
[2018.12.22-09.29.25:954][  0]LogConfig: Setting CVar [[r.DepthOfFieldQuality:2]]
[2018.12.22-09.29.25:954][  0]LogConfig: Setting CVar [[r.RenderTargetPoolMin:400]]
[2018.12.22-09.29.25:954][  0]LogConfig: Setting CVar [[r.LensFlareQuality:2]]
[2018.12.22-09.29.25:954][  0]LogConfig: Setting CVar [[r.SceneColorFringeQuality:1]]
[2018.12.22-09.29.25:954][  0]LogConfig: Setting CVar [[r.EyeAdaptationQuality:2]]
[2018.12.22-09.29.25:954][  0]LogConfig: Setting CVar [[r.BloomQuality:5]]
[2018.12.22-09.29.25:954][  0]LogConfig: Setting CVar [[r.FastBlurThreshold:100]]
[2018.12.22-09.29.25:954][  0]LogConfig: Setting CVar [[r.Upscale.Quality:3]]
[2018.12.22-09.29.25:954][  0]LogConfig: Setting CVar [[r.Tonemapper.GrainQuantization:1]]
[2018.12.22-09.29.25:954][  0]LogConfig: Setting CVar [[r.LightShaftQuality:1]]
[2018.12.22-09.29.25:954][  0]LogConfig: Setting CVar [[r.Filter.SizeScale:1]]
[2018.12.22-09.29.25:954][  0]LogConfig: Setting CVar [[r.Tonemapper.Quality:5]]
[2018.12.22-09.29.25:954][  0]LogConfig: Setting CVar [[r.DOF.Gather.AccumulatorQuality:1        ; higher gathering accumulator quality]]
[2018.12.22-09.29.25:954][  0]LogConfig: Setting CVar [[r.DOF.Gather.PostfilterMethod:1          ; Median3x3 postfilering method]]
[2018.12.22-09.29.25:954][  0]LogConfig: Setting CVar [[r.DOF.Gather.EnableBokehSettings:0       ; no bokeh simulation when gathering]]
[2018.12.22-09.29.25:955][  0]LogConfig: Setting CVar [[r.DOF.Gather.RingCount:4                 ; medium number of samples when gathering]]
[2018.12.22-09.29.25:955][  0]LogConfig: Setting CVar [[r.DOF.Scatter.ForegroundCompositing:1    ; additive foreground scattering]]
[2018.12.22-09.29.25:955][  0]LogConfig: Setting CVar [[r.DOF.Scatter.BackgroundCompositing:2    ; additive background scattering]]
[2018.12.22-09.29.25:955][  0]LogConfig: Setting CVar [[r.DOF.Scatter.EnableBokehSettings:1      ; bokeh simulation when scattering]]
[2018.12.22-09.29.25:955][  0]LogConfig: Setting CVar [[r.DOF.Scatter.MaxSpriteRatio:0.1         ; only a maximum of 10% of scattered bokeh]]
[2018.12.22-09.29.25:955][  0]LogConfig: Setting CVar [[r.DOF.Recombine.Quality:1                ; cheap slight out of focus]]
[2018.12.22-09.29.25:955][  0]LogConfig: Setting CVar [[r.DOF.Recombine.EnableBokehSettings:0    ; no bokeh simulation on slight out of focus]]
[2018.12.22-09.29.25:955][  0]LogConfig: Setting CVar [[r.DOF.TemporalAAQuality:1                ; more stable temporal accumulation]]
[2018.12.22-09.29.25:955][  0]LogConfig: Setting CVar [[r.DOF.Kernel.MaxForegroundRadius:0.025]]
[2018.12.22-09.29.25:955][  0]LogConfig: Setting CVar [[r.DOF.Kernel.MaxBackgroundRadius:0.025]]
[2018.12.22-09.29.25:955][  0]LogConfig: Applying CVar settings from Section [TextureQuality@3] File [D:/UnrealProject/Chapter_5/Saved/Config/Windows/Scalability.ini]
[2018.12.22-09.29.25:955][  0]LogConfig: Setting CVar [[r.Streaming.MipBias:0]]
[2018.12.22-09.29.25:955][  0]LogConfig: Setting CVar [[r.Streaming.AmortizeCPUToGPUCopy:0]]
[2018.12.22-09.29.25:955][  0]LogConfig: Setting CVar [[r.Streaming.MaxNumTexturesToStreamPerFrame:0]]
[2018.12.22-09.29.25:956][  0]LogConfig: Setting CVar [[r.Streaming.Boost:1]]
[2018.12.22-09.29.25:956][  0]LogConfig: Setting CVar [[r.MaxAnisotropy:8]]
[2018.12.22-09.29.25:956][  0]LogConfig: Setting CVar [[r.Streaming.LimitPoolSizeToVRAM:0]]
[2018.12.22-09.29.25:956][  0]LogConfig: Setting CVar [[r.Streaming.PoolSize:1000]]
[2018.12.22-09.29.25:956][  0]LogConfig: Setting CVar [[r.Streaming.MaxEffectiveScreenSize:0]]
[2018.12.22-09.29.25:956][  0]LogConfig: Applying CVar settings from Section [EffectsQuality@3] File [D:/UnrealProject/Chapter_5/Saved/Config/Windows/Scalability.ini]
[2018.12.22-09.29.25:956][  0]LogConfig: Setting CVar [[r.TranslucencyLightingVolumeDim:64]]
[2018.12.22-09.29.25:956][  0]LogConfig: Setting CVar [[r.RefractionQuality:2]]
[2018.12.22-09.29.25:956][  0]LogConfig: Setting CVar [[r.SSR.Quality:3]]
[2018.12.22-09.29.25:956][  0]LogConfig: Setting CVar [[r.SceneColorFormat:4]]
[2018.12.22-09.29.25:956][  0]LogConfig: Setting CVar [[r.DetailMode:2]]
[2018.12.22-09.29.25:956][  0]LogConfig: Setting CVar [[r.TranslucencyVolumeBlur:1]]
[2018.12.22-09.29.25:956][  0]LogConfig: Setting CVar [[r.MaterialQualityLevel:1 ; High quality]]
[2018.12.22-09.29.25:956][  0]LogConfig: Setting CVar [[r.SSS.Scale:1]]
[2018.12.22-09.29.25:956][  0]LogConfig: Setting CVar [[r.SSS.SampleSet:2]]
[2018.12.22-09.29.25:956][  0]LogConfig: Setting CVar [[r.SSS.Quality:1]]
[2018.12.22-09.29.25:957][  0]LogConfig: Setting CVar [[r.SSS.HalfRes:1]]
[2018.12.22-09.29.25:957][  0]LogConfig: Setting CVar [[r.EmitterSpawnRateScale:1.0]]
[2018.12.22-09.29.25:957][  0]LogConfig: Setting CVar [[r.ParticleLightQuality:2]]
[2018.12.22-09.29.25:957][  0]LogConfig: Applying CVar settings from Section [FoliageQuality@3] File [D:/UnrealProject/Chapter_5/Saved/Config/Windows/Scalability.ini]
[2018.12.22-09.29.25:957][  0]LogConfig: Setting CVar [[foliage.DensityScale:1.0]]
[2018.12.22-09.29.25:957][  0]LogConfig: Setting CVar [[grass.DensityScale:1.0]]
[2018.12.22-09.29.25:957][  0]LogInit: Selected Device Profile: [Windows]
[2018.12.22-09.29.25:957][  0]LogInit: Applying CVar settings loaded from the selected device profile: [Windows]
[2018.12.22-09.29.25:981][  0]LogHAL: Display: Platform has ~ 16 GB [17050116096 / 17179869184 / 16], which maps to Larger [LargestMinGB=32, LargerMinGB=12, DefaultMinGB=8, SmallerMinGB=6, SmallestMinGB=0)
[2018.12.22-09.29.25:981][  0]LogConfig: Setting CVar [[r.Vulkan.UseRealUBs:1]]
[2018.12.22-09.29.25:981][  0]LogInit: Going up to parent DeviceProfile []
[2018.12.22-09.29.25:982][  0]LogConfig: Applying CVar settings from Section [ViewDistanceQuality@1] File [D:/UnrealProject/Chapter_5/Saved/Config/Windows/Scalability.ini]
[2018.12.22-09.29.25:982][  0]LogConfig: Setting CVar [[r.SkeletalMeshLODBias:1]]
[2018.12.22-09.29.25:982][  0]LogConfig: Setting CVar [[r.ViewDistanceScale:0.6]]
[2018.12.22-09.29.25:982][  0]LogConfig: Applying CVar settings from Section [AntiAliasingQuality@1] File [D:/UnrealProject/Chapter_5/Saved/Config/Windows/Scalability.ini]
[2018.12.22-09.29.25:982][  0]LogConfig: Setting CVar [[r.PostProcessAAQuality:2]]
[2018.12.22-09.29.25:982][  0]LogConfig: Applying CVar settings from Section [ShadowQuality@1] File [D:/UnrealProject/Chapter_5/Saved/Config/Windows/Scalability.ini]
[2018.12.22-09.29.25:982][  0]LogConfig: Setting CVar [[r.LightFunctionQuality:1]]
[2018.12.22-09.29.25:982][  0]LogConfig: Setting CVar [[r.ShadowQuality:3]]
[2018.12.22-09.29.25:982][  0]LogConfig: Setting CVar [[r.Shadow.CSM.MaxCascades:1]]
[2018.12.22-09.29.25:982][  0]LogConfig: Setting CVar [[r.Shadow.MaxResolution:1024]]
[2018.12.22-09.29.25:982][  0]LogConfig: Setting CVar [[r.Shadow.MaxCSMResolution:1024]]
[2018.12.22-09.29.25:982][  0]LogConfig: Setting CVar [[r.Shadow.RadiusThreshold:0.05]]
[2018.12.22-09.29.25:982][  0]LogConfig: Setting CVar [[r.Shadow.DistanceScale:0.7]]
[2018.12.22-09.29.25:982][  0]LogConfig: Setting CVar [[r.Shadow.CSM.TransitionScale:0.25]]
[2018.12.22-09.29.25:982][  0]LogConfig: Setting CVar [[r.Shadow.PreShadowResolutionFactor:0.5]]
[2018.12.22-09.29.25:983][  0]LogConfig: Setting CVar [[r.DistanceFieldShadowing:0]]
[2018.12.22-09.29.25:983][  0]LogConfig: Setting CVar [[r.DistanceFieldAO:0]]
[2018.12.22-09.29.25:983][  0]LogConfig: Setting CVar [[r.VolumetricFog:0]]
[2018.12.22-09.29.25:983][  0]LogConfig: Setting CVar [[r.LightMaxDrawDistanceScale:.5]]
[2018.12.22-09.29.25:983][  0]LogConfig: Setting CVar [[r.CapsuleShadows:1]]
[2018.12.22-09.29.25:983][  0]LogConfig: Applying CVar settings from Section [PostProcessQuality@1] File [D:/UnrealProject/Chapter_5/Saved/Config/Windows/Scalability.ini]
[2018.12.22-09.29.25:983][  0]LogConfig: Setting CVar [[r.MotionBlurQuality:3]]
[2018.12.22-09.29.25:983][  0]LogConfig: Setting CVar [[r.AmbientOcclusionMipLevelFactor:1.0]]
[2018.12.22-09.29.25:983][  0]LogConfig: Setting CVar [[r.AmbientOcclusionMaxQuality:60]]
[2018.12.22-09.29.25:983][  0]LogConfig: Setting CVar [[r.AmbientOcclusionLevels:-1]]
[2018.12.22-09.29.25:983][  0]LogConfig: Setting CVar [[r.AmbientOcclusionRadiusScale:1.5]]
[2018.12.22-09.29.25:983][  0]LogConfig: Setting CVar [[r.DepthOfFieldQuality:1]]
[2018.12.22-09.29.25:983][  0]LogConfig: Setting CVar [[r.RenderTargetPoolMin:350]]
[2018.12.22-09.29.25:983][  0]LogConfig: Setting CVar [[r.LensFlareQuality:0]]
[2018.12.22-09.29.25:983][  0]LogConfig: Setting CVar [[r.SceneColorFringeQuality:0]]
[2018.12.22-09.29.25:983][  0]LogConfig: Setting CVar [[r.EyeAdaptationQuality:0]]
[2018.12.22-09.29.25:983][  0]LogConfig: Setting CVar [[r.BloomQuality:4]]
[2018.12.22-09.29.25:984][  0]LogConfig: Setting CVar [[r.FastBlurThreshold:2]]
[2018.12.22-09.29.25:984][  0]LogConfig: Setting CVar [[r.Upscale.Quality:2]]
[2018.12.22-09.29.25:984][  0]LogConfig: Setting CVar [[r.Tonemapper.GrainQuantization:0]]
[2018.12.22-09.29.25:984][  0]LogConfig: Setting CVar [[r.LightShaftQuality:0]]
[2018.12.22-09.29.25:984][  0]LogConfig: Setting CVar [[r.Filter.SizeScale:0.7]]
[2018.12.22-09.29.25:984][  0]LogConfig: Setting CVar [[r.Tonemapper.Quality:2]]
[2018.12.22-09.29.25:984][  0]LogConfig: Setting CVar [[r.DOF.Gather.AccumulatorQuality:0        ; lower gathering accumulator quality]]
[2018.12.22-09.29.25:984][  0]LogConfig: Setting CVar [[r.DOF.Gather.PostfilterMethod:2          ; Max3x3 postfilering method]]
[2018.12.22-09.29.25:984][  0]LogConfig: Setting CVar [[r.DOF.Gather.EnableBokehSettings:0       ; no bokeh simulation when gathering]]
[2018.12.22-09.29.25:984][  0]LogConfig: Setting CVar [[r.DOF.Gather.RingCount:3                 ; low number of samples when gathering]]
[2018.12.22-09.29.25:984][  0]LogConfig: Setting CVar [[r.DOF.Scatter.ForegroundCompositing:0    ; no foreground scattering]]
[2018.12.22-09.29.25:984][  0]LogConfig: Setting CVar [[r.DOF.Scatter.BackgroundCompositing:0    ; no foreground scattering]]
[2018.12.22-09.29.25:984][  0]LogConfig: Setting CVar [[r.DOF.Recombine.Quality:0                ; no slight out of focus]]
[2018.12.22-09.29.25:984][  0]LogConfig: Setting CVar [[r.DOF.TemporalAAQuality:0                ; faster temporal accumulation]]
[2018.12.22-09.29.25:984][  0]LogConfig: Setting CVar [[r.DOF.Kernel.MaxForegroundRadius:0.006   ; required because low gathering and no scattering and not looking great at 1080p]]
[2018.12.22-09.29.25:984][  0]LogConfig: Setting CVar [[r.DOF.Kernel.MaxBackgroundRadius:0.006   ; required because low gathering and no scattering and not looking great at 1080p]]
[2018.12.22-09.29.25:984][  0]LogConfig: Applying CVar settings from Section [TextureQuality@1] File [D:/UnrealProject/Chapter_5/Saved/Config/Windows/Scalability.ini]
[2018.12.22-09.29.25:985][  0]LogConfig: Setting CVar [[r.Streaming.MipBias:1]]
[2018.12.22-09.29.25:985][  0]LogConfig: Setting CVar [[r.Streaming.AmortizeCPUToGPUCopy:0]]
[2018.12.22-09.29.25:985][  0]LogConfig: Setting CVar [[r.Streaming.MaxNumTexturesToStreamPerFrame:0]]
[2018.12.22-09.29.25:985][  0]LogConfig: Setting CVar [[r.Streaming.Boost:1]]
[2018.12.22-09.29.25:985][  0]LogConfig: Setting CVar [[r.MaxAnisotropy:2]]
[2018.12.22-09.29.25:985][  0]LogConfig: Setting CVar [[r.Streaming.LimitPoolSizeToVRAM:1]]
[2018.12.22-09.29.25:985][  0]LogConfig: Setting CVar [[r.Streaming.PoolSize:600]]
[2018.12.22-09.29.25:985][  0]LogConfig: Setting CVar [[r.Streaming.MaxEffectiveScreenSize:0]]
[2018.12.22-09.29.25:985][  0]LogConfig: Applying CVar settings from Section [EffectsQuality@1] File [D:/UnrealProject/Chapter_5/Saved/Config/Windows/Scalability.ini]
[2018.12.22-09.29.25:985][  0]LogConfig: Setting CVar [[r.TranslucencyLightingVolumeDim:32]]
[2018.12.22-09.29.25:985][  0]LogConfig: Setting CVar [[r.RefractionQuality:0]]
[2018.12.22-09.29.25:985][  0]LogConfig: Setting CVar [[r.SSR.Quality:0]]
[2018.12.22-09.29.25:985][  0]LogConfig: Setting CVar [[r.SceneColorFormat:3]]
[2018.12.22-09.29.25:985][  0]LogConfig: Setting CVar [[r.DetailMode:1]]
[2018.12.22-09.29.25:986][  0]LogConfig: Setting CVar [[r.TranslucencyVolumeBlur:0]]
[2018.12.22-09.29.25:986][  0]LogConfig: Setting CVar [[r.MaterialQualityLevel:2 ; Medium quality]]
[2018.12.22-09.29.25:986][  0]LogConfig: Setting CVar [[r.SSS.Scale:0.75]]
[2018.12.22-09.29.25:986][  0]LogConfig: Setting CVar [[r.SSS.SampleSet:0]]
[2018.12.22-09.29.25:986][  0]LogConfig: Setting CVar [[r.SSS.Quality:0]]
[2018.12.22-09.29.25:986][  0]LogConfig: Setting CVar [[r.SSS.HalfRes:1]]
[2018.12.22-09.29.25:986][  0]LogConfig: Setting CVar [[r.EmitterSpawnRateScale:0.25]]
[2018.12.22-09.29.25:986][  0]LogConfig: Setting CVar [[r.ParticleLightQuality:0]]
[2018.12.22-09.29.25:986][  0]LogConfig: Applying CVar settings from Section [FoliageQuality@1] File [D:/UnrealProject/Chapter_5/Saved/Config/Windows/Scalability.ini]
[2018.12.22-09.29.25:986][  0]LogConfig: Setting CVar [[foliage.DensityScale:0.4]]
[2018.12.22-09.29.25:986][  0]LogConfig: Setting CVar [[grass.DensityScale:0.4]]
[2018.12.22-09.29.25:986][  0]LogConfig: Applying CVar settings from Section [Startup] File [../../../Engine/Config/ConsoleVariables.ini]
[2018.12.22-09.29.25:987][  0]LogConfig: Setting CVar [[net.UseAdaptiveNetUpdateFrequency:0]]
[2018.12.22-09.29.25:987][  0]LogConfig: Applying CVar settings from Section [ConsoleVariables] File [D:/UnrealProject/Chapter_5/Saved/Config/Windows/Engine.ini]
[2018.12.22-09.29.25:987][  0]LogInit: Computer: DESKTOP-FLP8AVC
[2018.12.22-09.29.25:987][  0]LogInit: User: 준
[2018.12.22-09.29.25:987][  0]LogInit: CPU Page size=4096, Cores=4
[2018.12.22-09.29.25:987][  0]LogInit: High frequency timer resolution =2.143482 MHz
[2018.12.22-09.29.25:988][  0]LogMemory: Memory total: Physical=15.9GB (16GB approx)
[2018.12.22-09.29.25:988][  0]LogMemory: Platform Memory Stats for Windows
[2018.12.22-09.29.25:988][  0]LogMemory: Process Physical Memory: 102.40 MB used, 102.40 MB peak
[2018.12.22-09.29.25:988][  0]LogMemory: Process Virtual Memory: 91.40 MB used, 91.40 MB peak
[2018.12.22-09.29.25:988][  0]LogMemory: Physical Memory: 5184.41 MB used,  11075.85 MB free, 16260.26 MB total
[2018.12.22-09.29.25:988][  0]LogMemory: Virtual Memory: 4652.78 MB used,  134213072.00 MB free, 134217728.00 MB total
[2018.12.22-09.29.26:113][  0]LogInit: Using OS detected language (ko-KR).
[2018.12.22-09.29.26:113][  0]LogInit: Using OS detected locale (ko-KR).
[2018.12.22-09.29.26:115][  0]LogTextLocalizationManager: No specific localization for 'ko-KR' exists, so the 'ko' localization will be used.
[2018.12.22-09.29.26:667][  0]LogStreaming: Display: Took  0.554s to InitEngineTextLocalization.
[2018.12.22-09.29.26:740][  0]LogSlate: New Slate User Created.  User Index 0, Is Virtual User: 0
[2018.12.22-09.29.26:741][  0]LogSlate: Slate User Registered.  User Index 0, Is Virtual User: 0
[2018.12.22-09.29.27:081][  0]LogHMD: Failed to initialize OpenVR with code 110
[2018.12.22-09.29.27:082][  0]LogD3D11RHI: D3D11 adapters:
[2018.12.22-09.29.27:120][  0]LogD3D11RHI:    0. 'Intel(R) Iris(TM) Pro Graphics 5200' (Feature Level 11_0)
[2018.12.22-09.29.27:120][  0]LogD3D11RHI:       112/0/2048 MB DedicatedVideo/DedicatedSystem/SharedSystem, Outputs:1, VendorId:0x8086
[2018.12.22-09.29.27:129][  0]LogD3D11RHI:    1. 'Microsoft Basic Render Driver' (Feature Level 11_0)
[2018.12.22-09.29.27:129][  0]LogD3D11RHI:       0/0/8130 MB DedicatedVideo/DedicatedSystem/SharedSystem, Outputs:0, VendorId:0x1414
[2018.12.22-09.29.27:129][  0]LogD3D11RHI: Chosen D3D11 Adapter: 0
[2018.12.22-09.29.27:138][  0]LogD3D11RHI: Creating new Direct3DDevice
[2018.12.22-09.29.27:138][  0]LogD3D11RHI:     GPU DeviceId: 0xd26 (for the marketing name, search the web for "GPU Device Id")
[2018.12.22-09.29.27:138][  0]LogWindows: EnumDisplayDevices:
[2018.12.22-09.29.27:139][  0]LogWindows:    0. 'Intel(R) Iris(TM) Pro Graphics 5200' (P:1 D:1)
[2018.12.22-09.29.27:141][  0]LogWindows:    1. 'Intel(R) Iris(TM) Pro Graphics 5200' (P:0 D:0)
[2018.12.22-09.29.27:144][  0]LogWindows:    2. 'Intel(R) Iris(TM) Pro Graphics 5200' (P:0 D:0)
[2018.12.22-09.29.27:146][  0]LogWindows: DebugString: FoundDriverCount:3 
[2018.12.22-09.29.27:146][  0]LogD3D11RHI:     Adapter Name: Intel(R) Iris(TM) Pro Graphics 5200
[2018.12.22-09.29.27:146][  0]LogD3D11RHI:   Driver Version: 20.19.15.4835 (internal:20.19.15.4835, unified:20.19.15.4835)
[2018.12.22-09.29.27:146][  0]LogD3D11RHI:      Driver Date: 10-16-2017
[2018.12.22-09.29.27:146][  0]LogRHI: Texture pool is 795 MB (70% of 1136 MB)
[2018.12.22-09.29.27:173][  0]LogD3D11RHI: [IntelMetricsDiscovery] Started
[2018.12.22-09.29.27:173][  0]LogD3D11RHI: Async texture creation enabled
[2018.12.22-09.29.27:180][  0]LogD3D11RHI: GPU Timing Frequency: 12.500000 (Debug: 2 0)
[2018.12.22-09.29.29:350][  0]LogTemp: Display: Loaded TP AllDesktopTargetPlatform
[2018.12.22-09.29.29:366][  0]LogTemp: Display: Loaded TP MacClientTargetPlatform
[2018.12.22-09.29.29:387][  0]LogTemp: Display: Loaded TP MacNoEditorTargetPlatform
[2018.12.22-09.29.29:404][  0]LogTemp: Display: Loaded TP MacServerTargetPlatform
[2018.12.22-09.29.29:422][  0]LogTemp: Display: Loaded TP MacTargetPlatform
[2018.12.22-09.29.29:440][  0]LogTemp: Display: Loaded TP WindowsClientTargetPlatform
[2018.12.22-09.29.29:458][  0]LogTemp: Display: Loaded TP WindowsNoEditorTargetPlatform
[2018.12.22-09.29.29:476][  0]LogTemp: Display: Loaded TP WindowsServerTargetPlatform
[2018.12.22-09.29.29:485][  0]LogTemp: Display: Loaded TP WindowsTargetPlatform
[2018.12.22-09.29.29:586][  0]LogTemp: Display: Loaded TP AndroidTargetPlatform
[2018.12.22-09.29.29:586][  0]LogTemp: Display: Loaded TP AndroidTargetPlatform
[2018.12.22-09.29.29:586][  0]LogTemp: Display: Loaded TP AndroidTargetPlatform
[2018.12.22-09.29.29:586][  0]LogTemp: Display: Loaded TP AndroidTargetPlatform
[2018.12.22-09.29.29:586][  0]LogTemp: Display: Loaded TP AndroidTargetPlatform
[2018.12.22-09.29.29:587][  0]LogTemp: Display: Loaded TP AndroidTargetPlatform
[2018.12.22-09.29.29:587][  0]LogTemp: Display: Loaded TP AndroidTargetPlatform
[2018.12.22-09.29.29:587][  0]LogTemp: Display: Loaded TP AndroidTargetPlatform
[2018.12.22-09.29.29:587][  0]LogTemp: Display: Loaded TP AndroidTargetPlatform
[2018.12.22-09.29.29:587][  0]LogTemp: Display: Loaded TP AndroidTargetPlatform
[2018.12.22-09.29.29:587][  0]LogTemp: Display: Loaded TP AndroidTargetPlatform
[2018.12.22-09.29.29:587][  0]LogTemp: Display: Loaded TP AndroidTargetPlatform
[2018.12.22-09.29.29:587][  0]LogTemp: Display: Loaded TP AndroidTargetPlatform
[2018.12.22-09.29.29:587][  0]LogTemp: Display: Loaded TP AndroidTargetPlatform
[2018.12.22-09.29.29:587][  0]LogTemp: Display: Loaded TP AndroidTargetPlatform
[2018.12.22-09.29.29:587][  0]LogTemp: Display: Loaded TP AndroidTargetPlatform
[2018.12.22-09.29.29:587][  0]LogTemp: Display: Loaded TP AndroidTargetPlatform
[2018.12.22-09.29.29:587][  0]LogTemp: Display: Loaded TP AndroidTargetPlatform
[2018.12.22-09.29.29:592][  0]LogTemp: Display: Loaded TP HTML5TargetPlatform
[2018.12.22-09.29.29:672][  0]LogTemp: Display: Loaded TP IOSTargetPlatform
[2018.12.22-09.29.29:672][  0]LogTemp: Display: Loaded TP IOSTargetPlatform
[2018.12.22-09.29.29:711][  0]LogTemp: Display: Loaded TP TVOSTargetPlatform
[2018.12.22-09.29.29:711][  0]LogTemp: Display: Loaded TP TVOSTargetPlatform
[2018.12.22-09.29.29:730][  0]LogTemp: Display: Loaded TP LinuxClientTargetPlatform
[2018.12.22-09.29.29:747][  0]LogTemp: Display: Loaded TP LinuxNoEditorTargetPlatform
[2018.12.22-09.29.29:764][  0]LogTemp: Display: Loaded TP LinuxServerTargetPlatform
[2018.12.22-09.29.29:782][  0]LogTemp: Display: Loaded TP LinuxTargetPlatform
[2018.12.22-09.29.29:843][  0]LogTemp: Display: Loaded TP LuminTargetPlatform
[2018.12.22-09.29.29:843][  0]LogTemp: Display: Loaded TP LuminTargetPlatform
[2018.12.22-09.29.29:843][  0]LogTargetPlatformManager: Display: Building Assets For Windows
[2018.12.22-09.29.29:971][  0]LogShaderCompilers: Guid format shader working directory is -2 characters bigger than the processId version (../../../../../../../UnrealProject/Chapter_5/Intermediate/Shaders/WorkingDirectory/1540/).
[2018.12.22-09.29.29:972][  0]LogShaderCompilers: Cleaned the shader compiler working directory 'C:/Users/준/AppData/Local/Temp/UnrealShaderWorkingDir/D8E337CC40C7CFC23DBB26993CBFAD5C/'.
[2018.12.22-09.29.29:974][  0]LogXGEController: Cleaning working directory: C:/Users/준/AppData/Local/Temp/UnrealXGEWorkingDir/
[2018.12.22-09.29.29:975][  0]LogXGEController: Cannot use XGE Controller as Incredibuild is not installed on this machine.
[2018.12.22-09.29.29:975][  0]LogShaderCompilers: Cannot use XGE Shader Compiler as Incredibuild is not installed on this machine.
[2018.12.22-09.29.29:975][  0]LogShaderCompilers: Display: Using Local Shader Compiler.
[2018.12.22-09.29.30:655][  0]LogDerivedDataCache: Display: Max Cache Size: 512 MB
[2018.12.22-09.29.30:776][  0]LogDerivedDataCache: Loaded boot cache 0.12s 71MB C:/Users/준/AppData/Local/UnrealEngine/4.21/DerivedDataCache/Boot.ddc.
[2018.12.22-09.29.30:776][  0]LogDerivedDataCache: Display: Loaded Boot cache: C:/Users/준/AppData/Local/UnrealEngine/4.21/DerivedDataCache/Boot.ddc
[2018.12.22-09.29.30:776][  0]LogDerivedDataCache: FDerivedDataBackendGraph:  Pak pak cache file ../../../../../../../UnrealProject/Chapter_5/DerivedDataCache/DDC.ddp not found, will not use a pak cache.
[2018.12.22-09.29.30:776][  0]LogDerivedDataCache: Unable to find inner node Pak for hierarchical cache Hierarchy.
[2018.12.22-09.29.30:776][  0]LogDerivedDataCache: FDerivedDataBackendGraph:  CompressedPak pak cache file ../../../../../../../UnrealProject/Chapter_5/DerivedDataCache/Compressed.ddp not found, will not use a pak cache.
[2018.12.22-09.29.30:776][  0]LogDerivedDataCache: Unable to find inner node CompressedPak for hierarchical cache Hierarchy.
[2018.12.22-09.29.30:791][  0]LogDerivedDataCache: Display: Pak cache opened for reading ../../../Engine/DerivedDataCache/Compressed.ddp.
[2018.12.22-09.29.30:792][  0]LogDerivedDataCache: FDerivedDataBackendGraph:  EnterprisePak pak cache file ../../../Enterprise/DerivedDataCache/Compressed.ddp not found, will not use a pak cache.
[2018.12.22-09.29.30:792][  0]LogDerivedDataCache: Unable to find inner node EnterprisePak for hierarchical cache Hierarchy.
[2018.12.22-09.29.30:805][  0]LogDerivedDataCache: Using Local data cache path C:/Users/준/AppData/Local/UnrealEngine/Common/DerivedDataCache: Writable
[2018.12.22-09.29.30:805][  0]LogDerivedDataCache: Shared data cache path not found in *engine.ini, will not use an Shared cache.
[2018.12.22-09.29.30:805][  0]LogDerivedDataCache: Unable to find inner node Shared for hierarchical cache Hierarchy.
[2018.12.22-09.29.30:832][  0]LogMaterial: Verifying Global Shaders for PCD3D_SM5
[2018.12.22-09.29.30:834][  0]LogSlate: Using FreeType 2.6.0
[2018.12.22-09.29.30:835][  0]LogSlate: SlateFontServices - WITH_FREETYPE: 1, WITH_HARFBUZZ: 1
[2018.12.22-09.29.30:951][  0]LogAssetRegistry: FAssetRegistry took 0.0384 seconds to start up
[2018.12.22-09.29.31:360][  0]LogInit: Selected Device Profile: [Windows]
[2018.12.22-09.29.31:576][  0]LogSimplygon: Simplygon DLL not present - disabling.
[2018.12.22-09.29.31:587][  0]LogMeshReduction: Using SimplygonSwarm for distributed automatic mesh merging
[2018.12.22-09.29.31:587][  0]LogMeshReduction: Using ProxyLODMeshReduction for automatic mesh merging
[2018.12.22-09.29.31:587][  0]LogMeshReduction: Using QuadricMeshReduction for automatic static mesh reduction
[2018.12.22-09.29.31:587][  0]LogMeshReduction: No automatic skeletal mesh reduction module available
[2018.12.22-09.29.31:610][  0]LogNetVersion: ArenaBattle 1.0.0, NetCL: 4541578, EngineNetVer: 5, GameNetVer: 0 (Checksum: 3566959148)
[2018.12.22-09.29.32:402][  0]LogPackageLocalizationCache: Processed 11 localized package path(s) for 2 prioritized culture(s) in 0.116921 seconds
[2018.12.22-09.29.32:409][  0]LogUObjectArray: 39775 objects as part of root set at end of initial load.
[2018.12.22-09.29.32:409][  0]LogUObjectAllocator: 6914664 out of 0 bytes used by permanent object pool.
[2018.12.22-09.29.32:409][  0]LogUObjectArray: CloseDisregardForGC: 0/0 objects in disregard for GC pool
[2018.12.22-09.29.33:677][  0]LogTcpMessaging: Initializing TcpMessaging bridge
[2018.12.22-09.29.33:695][  0]LogUdpMessaging: Initializing bridge on interface 0.0.0.0:0 to multicast group 230.0.0.1:6666.
[2018.12.22-09.29.34:639][  0]WebConnection: Warning: WebConnection Constructor Call!
[2018.12.22-09.29.34:639][  0]ArenaBattle: Warning: UABGameInstance::UABGameInstance(9) Coustructor Call Start
[2018.12.22-09.29.34:639][  0]WebConnection: Warning: WebConnection Constructor Call!
[2018.12.22-09.29.34:639][  0]ArenaBattle: Warning: UABGameInstance::UABGameInstance(13) Constructor Call End
[2018.12.22-09.29.34:766][  0]SourceControl: 소스 컨트롤이 꺼졌습니다.
[2018.12.22-09.29.34:766][  0]SourceControl: 소스 컨트롤이 꺼졌습니다.
[2018.12.22-09.29.34:772][  0]SourceControl: 소스 컨트롤이 꺼졌습니다.
[2018.12.22-09.29.34:776][  0]SourceControl: 소스 컨트롤이 꺼졌습니다.
[2018.12.22-09.29.35:180][  0]LogAndroidPermission: UAndroidPermissionCallbackProxy::GetInstance
[2018.12.22-09.29.35:590][  0]LogOcInput: OculusInput pre-init called
[2018.12.22-09.29.35:829][  0]LogEngine: Initializing Engine...
[2018.12.22-09.29.35:831][  0]LogHMD: Failed to initialize OpenVR with code 110
[2018.12.22-09.29.35:832][  0]LogStats: UGameplayTagsManager::ConstructGameplayTagTree: ImportINI prefixes -  0.000 s
[2018.12.22-09.29.35:832][  0]LogStats: UGameplayTagsManager::ConstructGameplayTagTree: Construct from data asset -  0.000 s
[2018.12.22-09.29.35:833][  0]LogStats: UGameplayTagsManager::ConstructGameplayTagTree: ImportINI -  0.000 s
[2018.12.22-09.29.35:833][  0]LogStats: UGameplayTagsManager::ConstructGameplayTagTree: GameplayTagTreeChangedEvent.Broadcast -  0.000 s
[2018.12.22-09.29.36:109][  0]LogInit: Initializing FReadOnlyCVARCache
[2018.12.22-09.29.36:126][  0]LogAIModule: Creating AISystem for world Untitled
[2018.12.22-09.29.36:142][  0]LogInit: Failed to create XAudio2 interface
[2018.12.22-09.29.36:142][  0]LogNetVersion: Set ProjectVersion to 1.0.0.0. Version Checksum will be recalculated on next use.
[2018.12.22-09.29.36:263][  0]LogDerivedDataCache: Saved boot cache 0.12s 71MB C:/Users/준/AppData/Local/UnrealEngine/4.21/DerivedDataCache/Boot.ddc.
[2018.12.22-09.29.36:279][  0]LogInit: Texture streaming: Enabled
[2018.12.22-09.29.36:311][  0]LogEngineSessionManager: EngineSessionManager initialized
[2018.12.22-09.29.36:325][  0]LogInit: Transaction tracking system initialized
[2018.12.22-09.29.36:368][  0]BlueprintLog: New page: 에디터 로드
[2018.12.22-09.29.36:509][  0]LocalizationService: 현지화 서비스가 비활성화되었습니다.
[2018.12.22-09.29.37:751][  0]LogCook: Display: Max memory allowance for cook 16384mb min free memory 0mb
[2018.12.22-09.29.37:751][  0]LogCook: Display: Mobile HDR setting 1
[2018.12.22-09.29.37:751][  0]LogGameplayTags: Display: UGameplayTagsManager::DoneAddingNativeTags. DelegateIsBound: 0
[2018.12.22-09.29.37:751][  0]LogStats: UGameplayTagsManager::ConstructGameplayTagTree: ImportINI prefixes -  0.000 s
[2018.12.22-09.29.37:751][  0]LogStats: UGameplayTagsManager::ConstructGameplayTagTree: Construct from data asset -  0.000 s
[2018.12.22-09.29.37:751][  0]LogStats: UGameplayTagsManager::ConstructGameplayTagTree: ImportINI -  0.000 s
[2018.12.22-09.29.37:752][  0]LogStats: UGameplayTagsManager::ConstructGameplayTagTree: GameplayTagTreeChangedEvent.Broadcast -  0.000 s
[2018.12.22-09.29.37:970][  0]LogFileCache: Scanning file cache for directory 'D:/UnrealProject/Chapter_5/Content/' took 0.03s
[2018.12.22-09.29.37:982][  0]SourceControl: 소스 컨트롤이 꺼졌습니다.
[2018.12.22-09.29.37:982][  0]Cmd: MAP LOAD FILE="../../../Engine/Content/Maps/Templates/Template_Default.umap" TEMPLATE=1 SHOWPROGRESS=1 FEATURELEVEL=3
[2018.12.22-09.29.37:983][  0]LightingResults: New page: 라이팅 빌드
[2018.12.22-09.29.37:986][  0]MapCheck: New page: 맵 체크
[2018.12.22-09.29.37:986][  0]LightingResults: New page: 라이팅 빌드
[2018.12.22-09.29.38:176][  0]LogAIModule: Creating AISystem for world Untitled_1
[2018.12.22-09.29.38:182][  0]LogEditorServer: Finished looking for orphan Actors (0.000 secs)
[2018.12.22-09.29.38:213][  0]Cmd: MAP CHECKDEP NOCLEARLOG
[2018.12.22-09.29.38:213][  0]MapCheck: 맵 체크 완료: 오류 0 회, 경고 0 회, 소요 시간 0.152ms.
[2018.12.22-09.29.38:214][  0]LogFileHelpers: Loading map 'Template_Default' took 0.232
[2018.12.22-09.29.38:437][  0]LogSlate: Updating window title bar state: overlay mode, drag disabled, window buttons hidden, title bar hidden
[2018.12.22-09.29.38:454][  0]LogSlate: Updating window title bar state: overlay mode, drag disabled, window buttons hidden, title bar hidden
[2018.12.22-09.29.38:463][  0]LogSlate: Updating window title bar state: overlay mode, drag disabled, window buttons hidden, title bar hidden
[2018.12.22-09.29.38:475][  0]LogSlate: Updating window title bar state: overlay mode, drag disabled, window buttons hidden, title bar hidden
[2018.12.22-09.29.38:491][  0]LogCollectionManager: Loaded 0 collections in 0.001910 seconds
[2018.12.22-09.29.38:523][  0]LogFileCache: Scanning file cache for directory 'D:/UnrealProject/Chapter_5/Saved/Collections/' took 0.01s
[2018.12.22-09.29.38:523][  0]LogFileCache: Scanning file cache for directory 'D:/UnrealProject/Chapter_5/Content/Developers/준/Collections/' took 0.00s
[2018.12.22-09.29.38:523][  0]LogFileCache: Scanning file cache for directory 'D:/UnrealProject/Chapter_5/Content/Collections/' took 0.01s
[2018.12.22-09.29.38:523][  0]LogCollectionManager: Rebuilt the GUID cache for 0 collections in 0.000000 seconds
[2018.12.22-09.29.38:537][  0]LogContentBrowser: Native class hierarchy populated in 0.0135 seconds. Added 2656 classes and 625 folders.
[2018.12.22-09.29.38:544][  0]LogContentBrowser: Native class hierarchy updated for 'WidgetCarousel' in 0.0008 seconds. Added 0 classes and 0 folders.
[2018.12.22-09.29.38:546][  0]LogPakFile: Registered encryption key '00000000000000000000000000000000': 0 pak files mounted, 0 remain pending
[2018.12.22-09.29.38:548][  0]LogPakFile: Registered encryption key '00000000000000000000000000000000': 0 pak files mounted, 0 remain pending
[2018.12.22-09.29.38:549][  0]LogPakFile: Registered encryption key '00000000000000000000000000000000': 0 pak files mounted, 0 remain pending
[2018.12.22-09.29.38:550][  0]LogPakFile: Registered encryption key '00000000000000000000000000000000': 0 pak files mounted, 0 remain pending
[2018.12.22-09.29.38:550][  0]LogPakFile: Registered encryption key '00000000000000000000000000000000': 0 pak files mounted, 0 remain pending
[2018.12.22-09.29.38:551][  0]LogPakFile: Registered encryption key '00000000000000000000000000000000': 0 pak files mounted, 0 remain pending
[2018.12.22-09.29.38:552][  0]LogPakFile: Registered encryption key '00000000000000000000000000000000': 0 pak files mounted, 0 remain pending
[2018.12.22-09.29.38:553][  0]LogPakFile: Registered encryption key '00000000000000000000000000000000': 0 pak files mounted, 0 remain pending
[2018.12.22-09.29.38:554][  0]LogPakFile: Registered encryption key '00000000000000000000000000000000': 0 pak files mounted, 0 remain pending
[2018.12.22-09.29.38:555][  0]LogPakFile: Registered encryption key '00000000000000000000000000000000': 0 pak files mounted, 0 remain pending
[2018.12.22-09.29.38:556][  0]LogPakFile: Registered encryption key '00000000000000000000000000000000': 0 pak files mounted, 0 remain pending
[2018.12.22-09.29.38:557][  0]LogPakFile: Registered encryption key '00000000000000000000000000000000': 0 pak files mounted, 0 remain pending
[2018.12.22-09.29.38:557][  0]LogPakFile: Registered encryption key '00000000000000000000000000000000': 0 pak files mounted, 0 remain pending
[2018.12.22-09.29.38:558][  0]LogPakFile: Registered encryption key '00000000000000000000000000000000': 0 pak files mounted, 0 remain pending
[2018.12.22-09.29.38:559][  0]LogPakFile: Registered encryption key '00000000000000000000000000000000': 0 pak files mounted, 0 remain pending
[2018.12.22-09.29.38:560][  0]LogPakFile: Registered encryption key '00000000000000000000000000000000': 0 pak files mounted, 0 remain pending
[2018.12.22-09.29.38:561][  0]LogPakFile: Registered encryption key '00000000000000000000000000000000': 0 pak files mounted, 0 remain pending
[2018.12.22-09.29.38:562][  0]LogPakFile: Registered encryption key '00000000000000000000000000000000': 0 pak files mounted, 0 remain pending
[2018.12.22-09.29.38:563][  0]LogPakFile: Registered encryption key '00000000000000000000000000000000': 0 pak files mounted, 0 remain pending
[2018.12.22-09.29.38:564][  0]LogPakFile: Registered encryption key '00000000000000000000000000000000': 0 pak files mounted, 0 remain pending
[2018.12.22-09.29.38:565][  0]LogPakFile: Registered encryption key '00000000000000000000000000000000': 0 pak files mounted, 0 remain pending
[2018.12.22-09.29.38:566][  0]LogPakFile: Registered encryption key '00000000000000000000000000000000': 0 pak files mounted, 0 remain pending
[2018.12.22-09.29.38:567][  0]LogPakFile: Registered encryption key '00000000000000000000000000000000': 0 pak files mounted, 0 remain pending
[2018.12.22-09.29.38:569][  0]LogPakFile: Registered encryption key '00000000000000000000000000000000': 0 pak files mounted, 0 remain pending
[2018.12.22-09.29.38:570][  0]LogPakFile: Registered encryption key '00000000000000000000000000000000': 0 pak files mounted, 0 remain pending
[2018.12.22-09.29.38:571][  0]LogPakFile: Registered encryption key '00000000000000000000000000000000': 0 pak files mounted, 0 remain pending
[2018.12.22-09.29.38:626][  0]LogContentBrowser: Native class hierarchy updated for 'AddContentDialog' in 0.0004 seconds. Added 0 classes and 0 folders.
[2018.12.22-09.29.38:708][  0]LogSlate: Took 0.000299 seconds to synchronously load lazily loaded font '../../../Engine/Content/Slate/Fonts/Roboto-Regular.ttf' (155K)
[2018.12.22-09.29.38:713][  0]LogSlate: Took 0.004143 seconds to synchronously load lazily loaded font '../../../Engine/Content/Editor/Slate/Fonts/NanumGothic.ttf' (4243K)
[2018.12.22-09.29.38:724][  0]LogSlate: Took 0.004216 seconds to synchronously load lazily loaded font '../../../Engine/Content/Editor/Slate/Fonts/NanumGothicBold.ttf' (4188K)
[2018.12.22-09.29.38:724][  0]LogSlate: Took 0.000233 seconds to synchronously load lazily loaded font '../../../Engine/Content/Slate/Fonts/Roboto-Bold.ttf' (160K)
[2018.12.22-09.29.38:728][  0]LogSlate: Took 0.000272 seconds to synchronously load lazily loaded font '../../../Engine/Content/Editor/Slate/Fonts/FontAwesome.ttf' (139K)
[2018.12.22-09.29.38:728][  0]LogSlate: Took 0.000184 seconds to synchronously load lazily loaded font '../../../Engine/Content/Slate/Fonts/DroidSansMono.ttf' (77K)
[2018.12.22-09.29.38:771][  0]LogSlate: Took 0.004129 seconds to synchronously load lazily loaded font '../../../Engine/Content/Editor/Slate/Fonts/NanumGothicExtraBold.ttf' (4074K)
[2018.12.22-09.29.38:886][  0]LogRenderer: Reallocating scene render targets to support 1208x652 Format 9 NumSamples 1 (Frame:1).
[2018.12.22-09.29.39:338][  0]LogContentBrowser: Native class hierarchy updated for 'HierarchicalLODOutliner' in 0.0014 seconds. Added 0 classes and 0 folders.
[2018.12.22-09.29.39:339][  0]LogLoad: (Engine Initialization) Total time: 16.06 seconds
[2018.12.22-09.29.39:340][  0]LogLoad: (Engine Initialization) Total Blueprint compile time: 0.00 seconds
[2018.12.22-09.29.39:369][  0]LogWindowsTextInputMethodSystem: Display: IME system now activated using TSF (Microsoft 입력기).
[2018.12.22-09.29.39:434][  0]LogContentStreaming: Texture pool size now 600 MB
[2018.12.22-09.29.39:807][  2]LogAssetRegistry: Asset discovery search completed in 8.8813 seconds
[2018.12.22-09.29.39:810][  2]LogCollectionManager: Rebuilt the object cache for 0 collections in 0.000000 seconds (found 0 objects)
[2018.12.22-09.29.39:810][  2]LogCollectionManager: Fixed up redirectors for 0 collections in 0.000473 seconds (updated 0 objects)
[2018.12.22-09.29.48:980][401]LogSlate: FSceneViewport::OnFocusLost() reason 2
[2018.12.22-09.29.51:590][537]LogSlate: FSceneViewport::OnFocusLost() reason 0
[2018.12.22-09.29.51:652][540]LogTemp: Repeating last play command: 선택된 뷰포트
[2018.12.22-09.29.51:754][540]LogBlueprintUserMessages: Early PlayInEditor Detection: Level '/Temp/Untitled_1.Untitled_1:PersistentLevel' has LevelScriptBlueprint '/Temp/Untitled_1.Untitled_1:PersistentLevel.Untitled' with GeneratedClass '/Temp/Untitled_1.Untitled_C' with ClassGeneratedBy '/Temp/Untitled_1.Untitled_1:PersistentLevel.Untitled'
[2018.12.22-09.29.51:755][540]LogPlayLevel: PlayLevel: No blueprints needed recompiling
[2018.12.22-09.29.51:757][540]PIE: New page: PIE 세션: Untitled_1 (2018. 12. 23. 오전 3:29:51)
[2018.12.22-09.29.51:778][540]ArenaBattle: Warning: UABGameInstance::UABGameInstance(9) Coustructor Call Start
[2018.12.22-09.29.51:779][540]WebConnection: Warning: WebConnection Constructor Call!
[2018.12.22-09.29.51:780][540]ArenaBattle: Warning: UABGameInstance::UABGameInstance(13) Constructor Call End
[2018.12.22-09.29.51:781][540]LogPlayLevel: Creating play world package: /Temp/UEDPIE_0_Untitled_1
[2018.12.22-09.29.51:792][540]LogPlayLevel: PIE: StaticDuplicateObject took: (0.010734s)
[2018.12.22-09.29.51:794][540]LogAIModule: Creating AISystem for world Untitled_1
[2018.12.22-09.29.51:795][540]LogPlayLevel: PIE: World Init took: (0.002011s)
[2018.12.22-09.29.51:795][540]LogPlayLevel: PIE: Created PIE world by copying editor world from /Temp/Untitled_1.Untitled_1 to /Temp/UEDPIE_0_Untitled_1.Untitled_1 (0.014564s)
[2018.12.22-09.29.51:841][540]ArenaBattle: Warning: UABGameInstance::Init(20)
[2018.12.22-09.29.51:842][540]ArenaBattle: Warning: UABGameInstance::Init(27) ClassInfo1 is name with ClassInfo2
[2018.12.22-09.29.51:842][540]ArenaBattle: Warning: UABGameInstance::Init(32) Field:Host, Type:StrProperty
[2018.12.22-09.29.51:842][540]ArenaBattle: Warning: UABGameInstance::Init(36) Value=localhost:8000
[2018.12.22-09.29.51:843][540]ArenaBattle: Warning: UABGameInstance::Init(32) Field:URI, Type:StrProperty
[2018.12.22-09.29.51:843][540]ArenaBattle: Warning: UABGameInstance::Init(36) Value=/
[2018.12.22-09.29.51:843][540]ArenaBattle: Warning: UABGameInstance::Init(32) Field:TokenCompleteDelegate, Type:MulticastDelegateProperty
[2018.12.22-09.29.51:844][540]ArenaBattle: Warning: UABGameInstance::Init(42) Function=RequestToken
[2018.12.22-09.29.51:844][540]ArenaBattle: Warning: UABGameInstance::Init(57) DefaultSubobject:WebConnection
[2018.12.22-09.29.51:844][540]ArenaBattle: Warning: UABGameInstance::Init(58) Outer of DefaultSubobject:ABGameInstance
[2018.12.22-09.29.51:845][540]WebConnection: Warning: WebConnection Constructor Call!
[2018.12.22-09.29.51:845][540]ArenaBattle: Warning: UABGameInstance::Init(62) Outer of NewObject : ABGameInstance
[2018.12.22-09.29.51:846][540]ArenaBattle: Warning: UABGameInstance::Init(67) Actor:WorldSettings_1
[2018.12.22-09.29.51:846][540]ArenaBattle: Warning: UABGameInstance::Init(67) Actor:Brush_1
[2018.12.22-09.29.51:846][540]ArenaBattle: Warning: UABGameInstance::Init(72)  -- Conmpoenet:BrushComponent0
[2018.12.22-09.29.51:847][540]ArenaBattle: Warning: UABGameInstance::Init(67) Actor:LightSource
[2018.12.22-09.29.51:847][540]ArenaBattle: Warning: UABGameInstance::Init(72)  -- Conmpoenet:LightComponent0
[2018.12.22-09.29.51:848][540]ArenaBattle: Warning: UABGameInstance::Init(72)  -- Conmpoenet:ArrowComponent0
[2018.12.22-09.29.51:848][540]ArenaBattle: Warning: UABGameInstance::Init(67) Actor:PlayerStart
[2018.12.22-09.29.51:848][540]ArenaBattle: Warning: UABGameInstance::Init(72)  -- Conmpoenet:CollisionCapsule
[2018.12.22-09.29.51:849][540]ArenaBattle: Warning: UABGameInstance::Init(72)  -- Conmpoenet:Sprite
[2018.12.22-09.29.51:849][540]ArenaBattle: Warning: UABGameInstance::Init(72)  -- Conmpoenet:Sprite2
[2018.12.22-09.29.51:849][540]ArenaBattle: Warning: UABGameInstance::Init(72)  -- Conmpoenet:Arrow
[2018.12.22-09.29.51:850][540]ArenaBattle: Warning: UABGameInstance::Init(67) Actor:InstancedFoliageActor_0
[2018.12.22-09.29.51:850][540]ArenaBattle: Warning: UABGameInstance::Init(72)  -- Conmpoenet:RootComponent0
[2018.12.22-09.29.51:850][540]ArenaBattle: Warning: UABGameInstance::Init(67) Actor:AtmosphericFog_1
[2018.12.22-09.29.51:851][540]ArenaBattle: Warning: UABGameInstance::Init(72)  -- Conmpoenet:Sprite
[2018.12.22-09.29.51:851][540]ArenaBattle: Warning: UABGameInstance::Init(72)  -- Conmpoenet:AtmosphericFogComponent0
[2018.12.22-09.29.51:851][540]ArenaBattle: Warning: UABGameInstance::Init(72)  -- Conmpoenet:ArrowComponent0
[2018.12.22-09.29.51:851][540]ArenaBattle: Warning: UABGameInstance::Init(67) Actor:Floor
[2018.12.22-09.29.51:852][540]ArenaBattle: Warning: UABGameInstance::Init(72)  -- Conmpoenet:StaticMeshComponent0
[2018.12.22-09.29.51:852][540]ArenaBattle: Warning: UABGameInstance::Init(67) Actor:SkySphere
[2018.12.22-09.29.51:852][540]ArenaBattle: Warning: UABGameInstance::Init(72)  -- Conmpoenet:Sky Sphere mesh
[2018.12.22-09.29.51:852][540]ArenaBattle: Warning: UABGameInstance::Init(72)  -- Conmpoenet:Base
[2018.12.22-09.29.51:852][540]ArenaBattle: Warning: UABGameInstance::Init(67) Actor:SkyLight_1
[2018.12.22-09.29.51:853][540]ArenaBattle: Warning: UABGameInstance::Init(72)  -- Conmpoenet:Sprite
[2018.12.22-09.29.51:853][540]ArenaBattle: Warning: UABGameInstance::Init(72)  -- Conmpoenet:SkyLightComponent0
[2018.12.22-09.29.51:853][540]ArenaBattle: Warning: UABGameInstance::Init(67) Actor:SphereReflectionCapture_1
[2018.12.22-09.29.51:853][540]ArenaBattle: Warning: UABGameInstance::Init(72)  -- Conmpoenet:NewReflectionComponent
[2018.12.22-09.29.51:853][540]ArenaBattle: Warning: UABGameInstance::Init(72)  -- Conmpoenet:Sprite
[2018.12.22-09.29.51:854][540]ArenaBattle: Warning: UABGameInstance::Init(72)  -- Conmpoenet:CaptureOffset
[2018.12.22-09.29.51:854][540]ArenaBattle: Warning: UABGameInstance::Init(72)  -- Conmpoenet:DrawRadius0
[2018.12.22-09.29.51:854][540]ArenaBattle: Warning: UABGameInstance::Init(72)  -- Conmpoenet:DrawRadius1
[2018.12.22-09.29.51:854][540]ArenaBattle: Warning: UABGameInstance::Init(67) Actor:GameplayDebuggerPlayerManager_0
[2018.12.22-09.29.51:855][540]ArenaBattle: Warning: UABGameInstance::Init(78) StaticMesh Actor: Floor
[2018.12.22-09.29.51:855][540]ArenaBattle: Warning: UABGameInstance::Init(87) WebConnection Object Host:localhost:8000
[2018.12.22-09.29.51:855][540]ArenaBattle: Warning: UABGameInstance::Init(87) WebConnection Object Host:localhost
[2018.12.22-09.29.51:855][540]ArenaBattle: Warning: UABGameInstance::Init(87) WebConnection Object Host:127.0.0.1
[2018.12.22-09.29.51:855][540]WebConnection: Warning: Request Toekn Call!
[2018.12.22-09.29.51:856][540]ArenaBattle: Warning: UABGameInstance::RequestTokenComplete(183) Token : 0LCJydGkiOiI2a3NjVE9pTUNESVZWM05qVTIyUnlTIn0.VJyMOicM
[2018.12.22-09.29.51:856][540]WebConnection: Warning: WebConnection Constructor Call!
[2018.12.22-09.29.51:962][540]LogSavePackage: Moving '../../../../../../../UnrealProject/Chapter_5/Saved/SavedWebConnection61D8405D498297344E4756953A7B602A.tmp' to '../../../../../../../UnrealProject/Chapter_5/Saved/SavedWebConnection.uasset'
[2018.12.22-09.29.51:996][540]ArenaBattle: Warning: UABGameInstance::Init(144) WebConnection From Filr: Host 127.0.0.7, URI /
[2018.12.22-09.29.51:997][540]ArenaBattle: Warning: UABGameInstance::Init(149) *****step1*****
[2018.12.22-09.29.51:998][540]ArenaBattle: Warning: UABGameInstance::Init(151) New House. Size: 10
[2018.12.22-09.29.51:999][540]ArenaBattle: Warning: UABGameInstance::Init(155) Broken My House.Size-401928808
[2018.12.22-09.29.52:000][540]ArenaBattle: Warning: UABGameInstance::Init(160) ******step2******
[2018.12.22-09.29.52:000][540]ArenaBattle: Warning: UABGameInstance::Init(163) Re bulild House. Size : 100
[2018.12.22-09.29.52:001][540]ArenaBattle: Warning: UABGameInstance::Init(168) Only Mine. Size: 100
[2018.12.22-09.29.52:002][540]ArenaBattle: Warning: UABGameInstance::Init(175) Sold My Friend.friendSize:100
[2018.12.22-09.29.52:003][540]ArenaBattle: Warning: UABGameInstance::Init(178) no paper broken house.size:-401928808
[2018.12.22-09.29.52:080][540]LogLoad: Game class is 'GameModeBase'
[2018.12.22-09.29.52:088][540]LogWorld: Bringing World /Temp/UEDPIE_0_Untitled_1.Untitled_1 up for play (max tick rate 60) at 2018.12.22-18.29.52
[2018.12.22-09.29.52:089][540]LogWorld: Bringing up level for play took: 0.003578
[2018.12.22-09.29.52:117][540]LogContentBrowser: Native class hierarchy updated for 'MovieSceneCapture' in 0.0009 seconds. Added 20 classes and 0 folders.
[2018.12.22-09.29.52:119][540]PIE: /Temp/UEDPIE_0_Untitled_1 에 대한 에디터에서 플레이 시작 시간: 0.161
[2018.12.22-09.29.52:120][540]LogBlueprintUserMessages: Late PlayInEditor Detection: Level '/Temp/Untitled_1.Untitled_1:PersistentLevel' has LevelScriptBlueprint '/Temp/Untitled_1.Untitled_1:PersistentLevel.Untitled' with GeneratedClass '/Temp/Untitled_1.Untitled_C' with ClassGeneratedBy '/Temp/Untitled_1.Untitled_1:PersistentLevel.Untitled'
[2018.12.22-09.29.52:747][572]LogBlueprintUserMessages: Early EndPlayMap Detection: Level '/Temp/Untitled_1.Untitled_1:PersistentLevel' has LevelScriptBlueprint '/Temp/Untitled_1.Untitled_1:PersistentLevel.Untitled' with GeneratedClass '/Temp/Untitled_1.Untitled_C' with ClassGeneratedBy '/Temp/Untitled_1.Untitled_1:PersistentLevel.Untitled'
[2018.12.22-09.29.52:748][572]LogSlate: Updating window title bar state: overlay mode, drag disabled, window buttons hidden, title bar hidden
[2018.12.22-09.29.52:790][572]LogPlayLevel: Display: Shutting down PIE online subsystems
[2018.12.22-09.29.52:790][572]LogBlueprintUserMessages: Late EndPlayMap Detection: Level '/Temp/Untitled_1.Untitled_1:PersistentLevel' has LevelScriptBlueprint '/Temp/Untitled_1.Untitled_1:PersistentLevel.Untitled' with GeneratedClass '/Temp/Untitled_1.Untitled_C' with ClassGeneratedBy '/Temp/Untitled_1.Untitled_1:PersistentLevel.Untitled'
[2018.12.22-09.29.52:830][572]LogSlate: Updating window title bar state: overlay mode, drag disabled, window buttons hidden, title bar hidden
[2018.12.22-09.29.52:847][573]LogPlayLevel: Display: Destroying online subsystem :Context_1
[2018.12.22-09.30.09:189][333]LogSlate: Window 'ArenaBattle - 언리얼 에디터' being destroyed
[2018.12.22-09.30.09:196][333]LogWindowsTextInputMethodSystem: Display: IME system now activated using TSF (Microsoft 입력기).
[2018.12.22-09.30.09:481][334]Cmd: QUIT_EDITOR
[2018.12.22-09.30.09:882][334]LogExit: Preparing to exit.
[2018.12.22-09.30.10:346][334]LogExit: Editor shut down
[2018.12.22-09.30.10:346][334]LogExit: Transaction tracking system shut down
[2018.12.22-09.30.10:759][334]LogExit: Object subsystem successfully closed.
[2018.12.22-09.30.10:790][334]LogShaderCompilers: Display: Shaders left to compile 0
[2018.12.22-09.30.10:797][334]LogD3D11RHI: Shutdown
[2018.12.22-09.30.10:797][334]LogD3D11RHI: CleanupD3DDevice
[2018.12.22-09.30.10:807][334]LogD3D11RHI: [IntelMetricsDiscovery] Stopped
[2018.12.22-09.30.10:807][334]LogD3D11RHI: ~FD3D11DynamicRHI
[2018.12.22-09.30.10:823][334]LogModuleManager: Shutting down and abandoning module MovieSceneCapture (632)
[2018.12.22-09.30.10:823][334]LogModuleManager: Shutting down and abandoning module Voice (630)
[2018.12.22-09.30.10:823][334]LogModuleManager: Shutting down and abandoning module HierarchicalLODOutliner (628)
[2018.12.22-09.30.10:823][334]LogModuleManager: Shutting down and abandoning module AddContentDialog (626)
[2018.12.22-09.30.10:824][334]LogModuleManager: Shutting down and abandoning module WidgetCarousel (625)
[2018.12.22-09.30.10:824][334]LogModuleManager: Shutting down and abandoning module EditorWidgets (622)
[2018.12.22-09.30.10:824][334]LogModuleManager: Shutting down and abandoning module CollectionManager (620)
[2018.12.22-09.30.10:824][334]LogModuleManager: Shutting down and abandoning module SceneOutliner (618)
[2018.12.22-09.30.10:824][334]LogModuleManager: Shutting down and abandoning module HierarchicalLODUtilities (616)
[2018.12.22-09.30.10:824][334]LogModuleManager: Shutting down and abandoning module StatsViewer (614)
[2018.12.22-09.30.10:825][334]LogModuleManager: Shutting down and abandoning module FoliageEdit (612)
[2018.12.22-09.30.10:825][334]LogModuleManager: Shutting down and abandoning module LandscapeEditor (610)
[2018.12.22-09.30.10:825][334]LogModuleManager: Shutting down and abandoning module MeshPaintMode (608)
[2018.12.22-09.30.10:825][334]LogModuleManager: Shutting down and abandoning module SceneDepthPickerMode (606)
[2018.12.22-09.30.10:825][334]LogModuleManager: Shutting down and abandoning module ActorPickerMode (604)
[2018.12.22-09.30.10:825][334]LogModuleManager: Shutting down and abandoning module GeometryMode (602)
[2018.12.22-09.30.10:825][334]LogModuleManager: Shutting down and abandoning module TextureAlignMode (600)
[2018.12.22-09.30.10:825][334]LogModuleManager: Shutting down and abandoning module BspMode (598)
[2018.12.22-09.30.10:825][334]LogModuleManager: Shutting down and abandoning module PIEPreviewDeviceProfileSelector (596)
[2018.12.22-09.30.10:826][334]LogModuleManager: Shutting down and abandoning module SequenceRecorderSections (594)
[2018.12.22-09.30.10:826][334]LogModuleManager: Shutting down and abandoning module AutomationWorker (592)
[2018.12.22-09.30.10:826][334]LogModuleManager: Shutting down and abandoning module AudioCaptureEditor (590)
[2018.12.22-09.30.10:826][334]LogModuleManager: Shutting down and abandoning module MatineeToLevelSequence (588)
[2018.12.22-09.30.10:826][334]LogModuleManager: Shutting down and abandoning module LevelSequenceEditor (586)
[2018.12.22-09.30.10:826][334]LogModuleManager: Shutting down and abandoning module PlacementMode (585)
[2018.12.22-09.30.10:826][334]LogModuleManager: Shutting down and abandoning module MaterialEditor (584)
[2018.12.22-09.30.10:826][334]LogModuleManager: Shutting down and abandoning module WmfMediaFactory (580)
[2018.12.22-09.30.10:826][334]LogModuleManager: Shutting down and abandoning module WmfMediaEditor (578)
[2018.12.22-09.30.10:827][334]LogModuleManager: Shutting down and abandoning module WebMMediaFactory (576)
[2018.12.22-09.30.10:827][334]LogModuleManager: Shutting down and abandoning module WebMMediaEditor (574)
[2018.12.22-09.30.10:827][334]LogModuleManager: Shutting down and abandoning module WebMMedia (572)
[2018.12.22-09.30.10:827][334]LogModuleManager: Shutting down and abandoning module MediaPlayerEditor (570)
[2018.12.22-09.30.10:827][334]LogModuleManager: Shutting down and abandoning module MediaCompositingEditor (568)
[2018.12.22-09.30.10:827][334]LogModuleManager: Shutting down and abandoning module SequenceRecorder (567)
[2018.12.22-09.30.10:827][334]LogModuleManager: Shutting down and abandoning module OpenExrWrapper (564)
[2018.12.22-09.30.10:827][334]LogModuleManager: Shutting down and abandoning module ImgMediaFactory (562)
[2018.12.22-09.30.10:827][334]LogModuleManager: Shutting down and abandoning module ImgMediaEditor (560)
[2018.12.22-09.30.10:828][334]LogModuleManager: Shutting down and abandoning module AvfMediaFactory (558)
[2018.12.22-09.30.10:828][334]LogModuleManager: Shutting down and abandoning module AvfMediaEditor (556)
[2018.12.22-09.30.10:828][334]LogModuleManager: Shutting down and abandoning module AndroidMediaFactory (554)
[2018.12.22-09.30.10:828][334]LogModuleManager: Shutting down and abandoning module AndroidMediaEditor (552)
[2018.12.22-09.30.10:828][334]LogModuleManager: Shutting down and abandoning module MagicLeapCameraPreviewFactory (550)
[2018.12.22-09.30.10:828][334]LogModuleManager: Shutting down and abandoning module MagicLeapMediaFactory (548)
[2018.12.22-09.30.10:828][334]LogModuleManager: Shutting down and abandoning module MagicLeapMediaEditor (546)
[2018.12.22-09.30.10:828][334]LogModuleManager: Shutting down and abandoning module CharacterAI (544)
[2018.12.22-09.30.10:828][334]LogModuleManager: Shutting down and abandoning module SmartSnapping (542)
[2018.12.22-09.30.10:828][334]LogModuleManager: Shutting down and abandoning module SessionServices (540)
[2018.12.22-09.30.10:829][334]LogModuleManager: Shutting down and abandoning module ViewportSnapping (538)
[2018.12.22-09.30.10:829][334]LogModuleManager: Shutting down and abandoning module ViewportInteraction (536)
[2018.12.22-09.30.10:829][334]LogModuleManager: Shutting down and abandoning module ClothPainter (534)
[2018.12.22-09.30.10:829][334]LogModuleManager: Shutting down and abandoning module SkeletalMeshEditor (533)
[2018.12.22-09.30.10:829][334]LogModuleManager: Shutting down and abandoning module LogVisualizer (530)
[2018.12.22-09.30.10:829][334]LogModuleManager: Shutting down and abandoning module IntroTutorials (528)
[2018.12.22-09.30.10:829][334]LogModuleManager: Shutting down and abandoning module GameProjectGeneration (527)
[2018.12.22-09.30.10:829][334]LogModuleManager: Shutting down and abandoning module LuminPlatformEditor (524)
[2018.12.22-09.30.10:830][334]LogModuleManager: Shutting down and abandoning module IOSPlatformEditor (522)
[2018.12.22-09.30.10:830][334]LogModuleManager: Shutting down and abandoning module HTML5PlatformEditor (520)
[2018.12.22-09.30.10:830][334]LogModuleManager: Shutting down and abandoning module AndroidPlatformEditor (518)
[2018.12.22-09.30.10:830][334]LogModuleManager: Shutting down and abandoning module AndroidDeviceDetection (517)
[2018.12.22-09.30.11:132][334]LogModuleManager: Shutting down and abandoning module WindowsPlatformEditor (514)
[2018.12.22-09.30.11:132][334]LogModuleManager: Shutting down and abandoning module LuminRuntimeSettings (512)
[2018.12.22-09.30.11:133][334]LogModuleManager: Shutting down and abandoning module IOSRuntimeSettings (510)
[2018.12.22-09.30.11:133][334]LogModuleManager: Shutting down and abandoning module AndroidRuntimeSettings (508)
[2018.12.22-09.30.11:133][334]LogModuleManager: Shutting down and abandoning module TimeManagementEditor (506)
[2018.12.22-09.30.11:134][334]LogModuleManager: Shutting down and abandoning module InputBindingEditor (504)
[2018.12.22-09.30.11:134][334]LogModuleManager: Shutting down and abandoning module MergeActors (502)
[2018.12.22-09.30.11:135][334]LogModuleManager: Shutting down and abandoning module LocalizationDashboard (500)
[2018.12.22-09.30.11:135][334]LogModuleManager: Shutting down and abandoning module LocalizationService (499)
[2018.12.22-09.30.11:136][334]LogModuleManager: Shutting down and abandoning module HardwareTargeting (496)
[2018.12.22-09.30.11:136][334]LogModuleManager: Shutting down and abandoning module DeviceProfileEditor (494)
[2018.12.22-09.30.11:137][334]LogModuleManager: Shutting down and abandoning module UndoHistory (492)
[2018.12.22-09.30.11:137][334]LogModuleManager: Shutting down and abandoning module XmlParser (490)
[2018.12.22-09.30.11:138][334]LogModuleManager: Shutting down and abandoning module Blutility (488)
[2018.12.22-09.30.11:138][334]LogModuleManager: Shutting down and abandoning module ProjectSettingsViewer (486)
[2018.12.22-09.30.11:138][334]LogModuleManager: Shutting down and abandoning module ProjectTargetPlatformEditor (485)
[2018.12.22-09.30.11:139][334]LogModuleManager: Shutting down and abandoning module EditorSettingsViewer (482)
[2018.12.22-09.30.11:139][334]LogModuleManager: Shutting down and abandoning module SettingsEditor (480)
[2018.12.22-09.30.11:140][334]LogModuleManager: Shutting down and abandoning module ProjectLauncher (478)
[2018.12.22-09.30.11:140][334]LogModuleManager: Shutting down and abandoning module SessionFrontend (476)
[2018.12.22-09.30.11:140][334]LogModuleManager: Shutting down and abandoning module ProfilerClient (474)
[2018.12.22-09.30.11:141][334]LogModuleManager: Shutting down and abandoning module DeviceManager (472)
[2018.12.22-09.30.11:141][334]LogModuleManager: Shutting down and abandoning module TargetDeviceServices (471)
[2018.12.22-09.30.11:208][334]LogModuleManager: Shutting down and abandoning module AutomationController (468)
[2018.12.22-09.30.11:208][334]LogModuleManager: Shutting down and abandoning module AutomationWindow (466)
[2018.12.22-09.30.11:209][334]LogModuleManager: Shutting down and abandoning module Layers (464)
[2018.12.22-09.30.11:209][334]LogModuleManager: Shutting down and abandoning module ComponentVisualizers (462)
[2018.12.22-09.30.11:209][334]LogModuleManager: Shutting down and abandoning module DetailCustomizations (460)
[2018.12.22-09.30.11:210][334]LogModuleManager: Shutting down and abandoning module PackagesDialog (458)
[2018.12.22-09.30.11:210][334]LogModuleManager: Shutting down and abandoning module Persona (456)
[2018.12.22-09.30.11:211][334]LogModuleManager: Shutting down and abandoning module AdvancedPreviewScene (455)
[2018.12.22-09.30.11:211][334]LogModuleManager: Shutting down and abandoning module AnimGraph (453)
[2018.12.22-09.30.11:212][334]LogModuleManager: Shutting down and abandoning module Kismet (450)
[2018.12.22-09.30.11:213][334]LogModuleManager: Shutting down and abandoning module GraphEditor (448)
[2018.12.22-09.30.11:213][334]LogModuleManager: Shutting down and abandoning module ClassViewer (446)
[2018.12.22-09.30.11:214][334]LogModuleManager: Shutting down and abandoning module Toolbox (444)
[2018.12.22-09.30.11:214][334]LogModuleManager: Shutting down and abandoning module DesktopPlatform (443)
[2018.12.22-09.30.11:214][334]LogModuleManager: Shutting down and abandoning module ModuleUI (440)
[2018.12.22-09.30.11:215][334]LogModuleManager: Shutting down and abandoning module MovieSceneTools (438)
[2018.12.22-09.30.11:215][334]LogModuleManager: Shutting down and abandoning module OutputLog (436)
[2018.12.22-09.30.11:215][334]LogModuleManager: Shutting down and abandoning module GammaUI (434)
[2018.12.22-09.30.11:216][334]LogModuleManager: Shutting down and abandoning module Documentation (432)
[2018.12.22-09.30.11:216][334]LogModuleManager: Shutting down and abandoning module MovieSceneTracks (430)
[2018.12.22-09.30.11:217][334]LogModuleManager: Shutting down and abandoning module MovieScene (428)
[2018.12.22-09.30.11:218][334]LogModuleManager: Shutting down and abandoning module StreamingPauseRendering (426)
[2018.12.22-09.30.11:218][334]LogModuleManager: Shutting down and abandoning module LauncherPlatform (424)
[2018.12.22-09.30.11:218][334]LogModuleManager: Shutting down and abandoning module AnalyticsET (422)
[2018.12.22-09.30.11:219][334]LogModuleManager: Shutting down and abandoning module PortalServices (420)
[2018.12.22-09.30.11:219][334]LogModuleManager: Shutting down and abandoning module PortalRpc (418)
[2018.12.22-09.30.11:219][334]LogModuleManager: Shutting down and abandoning module MessagingRpc (416)
[2018.12.22-09.30.11:220][334]LogModuleManager: Shutting down and abandoning module AIModule (414)
[2018.12.22-09.30.11:220][334]LogModuleManager: Shutting down and abandoning module GameplayDebugger (413)
[2018.12.22-09.30.11:221][334]LogModuleManager: Shutting down and abandoning module AITestSuite (411)
[2018.12.22-09.30.11:221][334]LogModuleManager: Shutting down and abandoning module NavigationSystem (409)
[2018.12.22-09.30.11:221][334]LogModuleManager: Shutting down and abandoning module ImageWriteQueue (406)
[2018.12.22-09.30.11:244][334]LogModuleManager: Shutting down and abandoning module ProfilerService (404)
[2018.12.22-09.30.11:309][334]LogModuleManager: Shutting down and abandoning module TaskGraph (402)
[2018.12.22-09.30.11:310][334]LogModuleManager: Shutting down and abandoning module SteamVRController (400)
[2018.12.22-09.30.11:310][334]LogModuleManager: Shutting down and abandoning module ProceduralMeshComponentEditor (398)
[2018.12.22-09.30.11:310][334]LogModuleManager: Shutting down and abandoning module ProceduralMeshComponent (396)
[2018.12.22-09.30.11:311][334]LogModuleManager: Shutting down and abandoning module OculusInput (394)
[2018.12.22-09.30.11:311][334]LogModuleManager: Shutting down and abandoning module MobilePatchingUtils (392)
[2018.12.22-09.30.11:311][334]LogModuleManager: Shutting down and abandoning module EditableMesh (390)
[2018.12.22-09.30.11:312][334]LogModuleManager: Shutting down and abandoning module CustomMeshComponent (388)
[2018.12.22-09.30.11:312][334]LogModuleManager: Shutting down and abandoning module CableComponent (386)
[2018.12.22-09.30.11:312][334]LogModuleManager: Shutting down and abandoning module AudioCapture (384)
[2018.12.22-09.30.11:313][334]LogModuleManager: Shutting down and abandoning module ArchVisCharacter (382)
[2018.12.22-09.30.11:313][334]LogModuleManager: Shutting down and abandoning module AndroidPermission (380)
[2018.12.22-09.30.11:313][334]LogModuleManager: Shutting down and abandoning module NUTUnrealEngine4 (378)
[2018.12.22-09.30.11:314][334]LogModuleManager: Shutting down and abandoning module NetcodeUnitTest (376)
[2018.12.22-09.30.11:314][334]LogModuleManager: Shutting down and abandoning module MediaCompositing (374)
[2018.12.22-09.30.11:314][334]LogModuleManager: Shutting down and abandoning module LinearTimecode (372)
[2018.12.22-09.30.11:315][334]LogModuleManager: Shutting down and abandoning module ImgMedia (370)
[2018.12.22-09.30.11:342][334]LogModuleManager: Shutting down and abandoning module HTML5Networking (368)
[2018.12.22-09.30.11:342][334]LogModuleManager: Shutting down and abandoning module GeometryCacheTracks (366)
[2018.12.22-09.30.11:342][334]LogModuleManager: Shutting down and abandoning module GeometryCacheSequencer (364)
[2018.12.22-09.30.11:343][334]LogModuleManager: Shutting down and abandoning module BackChannel (362)
[2018.12.22-09.30.11:343][334]LogModuleManager: Shutting down and abandoning module AppleVision (360)
[2018.12.22-09.30.11:343][334]LogModuleManager: Shutting down and abandoning module AppleImageUtilsBlueprintSupport (358)
[2018.12.22-09.30.11:344][334]LogModuleManager: Shutting down and abandoning module AppleImageUtils (356)
[2018.12.22-09.30.11:344][334]LogModuleManager: Shutting down and abandoning module AlembicImporter (354)
[2018.12.22-09.30.11:344][334]LogModuleManager: Shutting down and abandoning module AlembicLibrary (353)
[2018.12.22-09.30.11:345][334]LogModuleManager: Shutting down and abandoning module GeometryCache (352)
[2018.12.22-09.30.11:345][334]LogModuleManager: Shutting down and abandoning module GeometryCacheEd (351)
[2018.12.22-09.30.11:345][334]LogModuleManager: Shutting down and abandoning module VariantManagerContent (346)
[2018.12.22-09.30.11:346][334]LogModuleManager: Shutting down and abandoning module DatasmithContentEditor (344)
[2018.12.22-09.30.11:346][334]LogModuleManager: Shutting down and abandoning module SpeedTreeImporter (342)
[2018.12.22-09.30.11:346][334]LogModuleManager: Shutting down and abandoning module PluginBrowser (340)
[2018.12.22-09.30.11:347][334]LogModuleManager: Shutting down and abandoning module MobileLauncherProfileWizard (338)
[2018.12.22-09.30.11:347][334]LogModuleManager: Shutting down and abandoning module PolygonModeling (336)
[2018.12.22-09.30.11:348][334]LogModuleManager: Shutting down and abandoning module MeshEditor (334)
[2018.12.22-09.30.11:348][334]LogModuleManager: Shutting down and abandoning module CryptoKeysOpenSSL (332)
[2018.12.22-09.30.11:348][334]LogModuleManager: Shutting down and abandoning module CryptoKeys (330)
[2018.12.22-09.30.11:349][334]LogModuleManager: Shutting down and abandoning module VisualStudioSourceCodeAccess (328)
[2018.12.22-09.30.11:349][334]LogModuleManager: Shutting down and abandoning module VisualStudioCodeSourceCodeAccess (326)
[2018.12.22-09.30.11:350][334]LogModuleManager: Shutting down and abandoning module UObjectPlugin (324)
[2018.12.22-09.30.11:350][334]LogModuleManager: Shutting down and abandoning module SubversionSourceControl (322)
[2018.12.22-09.30.11:350][334]LogModuleManager: Shutting down and abandoning module PerforceSourceControl (320)
[2018.12.22-09.30.11:351][334]LogModuleManager: Shutting down and abandoning module GitSourceControl (318)
[2018.12.22-09.30.11:351][334]LogModuleManager: Shutting down and abandoning module SourceControl (317)
[2018.12.22-09.30.11:352][334]LogModuleManager: Shutting down and abandoning module CLionSourceCodeAccess (314)
[2018.12.22-09.30.11:352][334]LogModuleManager: Shutting down and abandoning module ActorLayerUtilitiesEditor (312)
[2018.12.22-09.30.11:352][334]LogModuleManager: Shutting down and abandoning module ActorLayerUtilities (310)
[2018.12.22-09.30.11:353][334]LogModuleManager: Shutting down and abandoning module LightPropagationVolumeEditor (308)
[2018.12.22-09.30.11:353][334]LogModuleManager: Shutting down and abandoning module PaperTiledImporter (306)
[2018.12.22-09.30.11:353][334]LogModuleManager: Shutting down and abandoning module PaperSpriteSheetImporter (304)
[2018.12.22-09.30.11:354][334]LogModuleManager: Shutting down and abandoning module Paper2DEditor (302)
[2018.12.22-09.30.11:354][334]LogModuleManager: Shutting down and abandoning module MeshPaint (301)
[2018.12.22-09.30.11:354][334]LogModuleManager: Shutting down and abandoning module WebService (298)
[2018.12.22-09.30.11:355][334]LogModuleManager: Shutting down and abandoning module ArenaBattle (296)
[2018.12.22-09.30.11:355][334]LogModuleManager: Shutting down and abandoning module RuntimePhysXCooking (294)
[2018.12.22-09.30.11:355][334]LogModuleManager: Shutting down and abandoning module PhysXVehiclesEditor (292)
[2018.12.22-09.30.11:356][334]LogModuleManager: Shutting down and abandoning module PhysXVehicles (290)
[2018.12.22-09.30.11:356][334]LogModuleManager: Shutting down and abandoning module OculusEditor (288)
[2018.12.22-09.30.11:357][334]LogModuleManager: Shutting down and abandoning module LocationServicesBPLibrary (286)
[2018.12.22-09.30.11:357][334]LogModuleManager: Shutting down and abandoning module ActorSequence (284)
[2018.12.22-09.30.11:357][334]LogModuleManager: Shutting down and abandoning module UdpMessaging (282)
[2018.12.22-09.30.11:458][334]LogModuleManager: Shutting down and abandoning module TcpMessaging (280)
[2018.12.22-09.30.11:559][334]LogModuleManager: Shutting down and abandoning module MagicLeapAudio (278)
[2018.12.22-09.30.11:559][334]LogModuleManager: Shutting down and abandoning module GameplayTagsEditor (276)
[2018.12.22-09.30.11:559][334]LogModuleManager: Shutting down and abandoning module FacialAnimationEditor (274)
[2018.12.22-09.30.11:559][334]LogModuleManager: Shutting down and abandoning module FacialAnimation (272)
[2018.12.22-09.30.11:559][334]LogModuleManager: Shutting down and abandoning module DataValidation (270)
[2018.12.22-09.30.11:559][334]LogModuleManager: Shutting down and abandoning module AssetManagerEditor (268)
[2018.12.22-09.30.11:560][334]LogModuleManager: Shutting down and abandoning module LevelEditor (267)
[2018.12.22-09.30.11:562][334]LogModuleManager: Shutting down and abandoning module PixelInspectorModule (266)
[2018.12.22-09.30.11:562][334]LogModuleManager: Shutting down and abandoning module CommonMenuExtensions (264)
[2018.12.22-09.30.11:563][334]LogModuleManager: Shutting down and abandoning module MainFrame (262)
[2018.12.22-09.30.11:563][334]LogModuleManager: Shutting down and abandoning module HotReload (261)
[2018.12.22-09.30.11:567][334]LogModuleManager: Shutting down and abandoning module ContentBrowser (257)
[2018.12.22-09.30.11:570][334]LogModuleManager: Shutting down and abandoning module TreeMap (255)
[2018.12.22-09.30.11:570][334]LogModuleManager: Shutting down and abandoning module LightPropagationVolumeRuntime (252)
[2018.12.22-09.30.11:570][334]LogModuleManager: Shutting down and abandoning module AISupportModule (250)
[2018.12.22-09.30.11:571][334]LogModuleManager: Shutting down and abandoning module Paper2D (248)
[2018.12.22-09.30.11:571][334]LogModuleManager: Shutting down and abandoning module WindowsMoviePlayer (246)
[2018.12.22-09.30.11:571][334]LogModuleManager: Shutting down and abandoning module WebMMoviePlayer (244)
[2018.12.22-09.30.11:572][334]LogModuleManager: Shutting down and abandoning module WmfMedia (242)
[2018.12.22-09.30.11:625][334]LogModuleManager: Shutting down and abandoning module Media (241)
[2018.12.22-09.30.11:634][334]LogModuleManager: Shutting down and abandoning module PacketHandler (238)
[2018.12.22-09.30.11:634][334]LogModuleManager: Shutting down and abandoning module ClothingSystemEditor (236)
[2018.12.22-09.30.11:634][334]LogModuleManager: Shutting down and abandoning module ClothingSystemRuntime (234)
[2018.12.22-09.30.11:635][334]LogModuleManager: Shutting down and abandoning module MediaAssets (232)
[2018.12.22-09.30.11:635][334]LogModuleManager: Shutting down and abandoning module Overlay (230)
[2018.12.22-09.30.11:635][334]LogModuleManager: Shutting down and abandoning module OverlayEditor (229)
[2018.12.22-09.30.11:636][334]LogModuleManager: Shutting down and abandoning module VREditor (226)
[2018.12.22-09.30.11:636][334]LogModuleManager: Shutting down and abandoning module StringTableEditor (224)
[2018.12.22-09.30.11:636][334]LogModuleManager: Shutting down and abandoning module GameplayTasksEditor (222)
[2018.12.22-09.30.11:637][334]LogModuleManager: Shutting down and abandoning module BehaviorTreeEditor (220)
[2018.12.22-09.30.11:637][334]LogModuleManager: Shutting down and abandoning module FunctionalTesting (218)
[2018.12.22-09.30.11:637][334]LogModuleManager: Shutting down and abandoning module CollisionAnalyzer (216)
[2018.12.22-09.30.11:638][334]LogModuleManager: Shutting down and abandoning module WorkspaceMenuStructure (215)
[2018.12.22-09.30.11:638][334]LogModuleManager: Shutting down and abandoning module UMG (212)
[2018.12.22-09.30.11:638][334]LogModuleManager: Shutting down and abandoning module UMGEditor (211)
[2018.12.22-09.30.11:639][334]LogModuleManager: Shutting down and abandoning module Sequencer (210)
[2018.12.22-09.30.11:639][334]LogModuleManager: Shutting down and abandoning module MessageLog (207)
[2018.12.22-09.30.11:640][334]LogModuleManager: Shutting down and abandoning module SlateReflector (202)
[2018.12.22-09.30.11:640][334]LogModuleManager: Shutting down and abandoning module Slate (200)
[2018.12.22-09.30.11:641][334]LogModuleManager: Shutting down and abandoning module EditorStyle (198)
[2018.12.22-09.30.11:646][334]LogModuleManager: Shutting down and abandoning module MRMesh (196)
[2018.12.22-09.30.11:646][334]LogModuleManager: Shutting down and abandoning module SourceCodeAccess (194)
[2018.12.22-09.30.11:647][334]LogModuleManager: Shutting down and abandoning module HeadMountedDisplay (192)
[2018.12.22-09.30.11:647][334]LogModuleManager: Shutting down and abandoning module XAudio2 (190)
[2018.12.22-09.30.11:647][334]LogModuleManager: Shutting down and abandoning module Networking (188)
[2018.12.22-09.30.11:647][334]LogModuleManager: Shutting down and abandoning module Core (186)
[2018.12.22-09.30.11:648][334]LogModuleManager: Shutting down and abandoning module LevelSequence (184)
[2018.12.22-09.30.11:648][334]LogModuleManager: Shutting down and abandoning module KismetCompiler (182)
[2018.12.22-09.30.11:648][334]LogModuleManager: Shutting down and abandoning module MeshUtilities (180)
[2018.12.22-09.30.11:649][334]LogModuleManager: Shutting down and abandoning module MeshMergeUtilities (179)
[2018.12.22-09.30.11:649][334]LogModuleManager: Shutting down and abandoning module MeshReductionInterface (178)
[2018.12.22-09.30.11:649][334]LogModuleManager: Shutting down and abandoning module SimplygonSwarm (177)
[2018.12.22-09.30.11:650][334]LogModuleManager: Shutting down and abandoning module ProxyLODMeshReduction (175)
[2018.12.22-09.30.11:650][334]LogModuleManager: Shutting down and abandoning module SimplygonMeshReduction (173)
[2018.12.22-09.30.11:650][334]LogModuleManager: Shutting down and abandoning module QuadricMeshReduction (171)
[2018.12.22-09.30.11:650][334]LogModuleManager: Shutting down and abandoning module MaterialBaking (167)
[2018.12.22-09.30.11:651][334]LogModuleManager: Shutting down and abandoning module DirectoryWatcher (163)
[2018.12.22-09.30.11:651][334]LogModuleManager: Shutting down and abandoning module DerivedDataCache (160)
[2018.12.22-09.30.12:140][334]LogDerivedDataCache: Shutdown
[2018.12.22-09.30.12:140][334]LogModuleManager: Shutting down and abandoning module XGEController (158)
[2018.12.22-09.30.12:140][334]LogXGEController: Cleaning working directory: C:/Users/준/AppData/Local/Temp/UnrealXGEWorkingDir/
[2018.12.22-09.30.12:140][334]LogModuleManager: Shutting down and abandoning module TargetPlatform (156)
[2018.12.22-09.30.12:141][334]LogModuleManager: Shutting down and abandoning module VulkanShaderFormat (155)
[2018.12.22-09.30.12:141][334]LogModuleManager: Shutting down and abandoning module ShaderFormatVectorVM (153)
[2018.12.22-09.30.12:141][334]LogModuleManager: Shutting down and abandoning module ShaderFormatOpenGL (151)
[2018.12.22-09.30.12:141][334]LogModuleManager: Shutting down and abandoning module ShaderFormatD3D (149)
[2018.12.22-09.30.12:141][334]LogModuleManager: Shutting down and abandoning module MetalShaderFormat (147)
[2018.12.22-09.30.12:141][334]LogModuleManager: Shutting down and abandoning module TextureFormatUncompressed (145)
[2018.12.22-09.30.12:141][334]LogModuleManager: Shutting down and abandoning module TextureFormatPVR (143)
[2018.12.22-09.30.12:141][334]LogModuleManager: Shutting down and abandoning module TextureFormatDXT (141)
[2018.12.22-09.30.12:141][334]LogModuleManager: Shutting down and abandoning module TextureFormatIntelISPCTexComp (139)
[2018.12.22-09.30.12:143][334]LogModuleManager: Shutting down and abandoning module TextureFormatASTC (137)
[2018.12.22-09.30.12:143][334]LogModuleManager: Shutting down and abandoning module ImageWrapper (136)
[2018.12.22-09.30.12:143][334]LogModuleManager: Shutting down and abandoning module TextureFormatAndroid (133)
[2018.12.22-09.30.12:143][334]LogModuleManager: Shutting down and abandoning module AudioFormatOpus (131)
[2018.12.22-09.30.12:143][334]LogModuleManager: Shutting down and abandoning module AudioFormatOgg (129)
[2018.12.22-09.30.12:143][334]LogModuleManager: Shutting down and abandoning module AudioFormatADPCM (127)
[2018.12.22-09.30.12:143][334]LogModuleManager: Shutting down and abandoning module LuminTargetPlatform (125)
[2018.12.22-09.30.12:144][334]LogModuleManager: Shutting down and abandoning module LinuxTargetPlatform (123)
[2018.12.22-09.30.12:144][334]LogModuleManager: Shutting down and abandoning module LinuxServerTargetPlatform (121)
[2018.12.22-09.30.12:144][334]LogModuleManager: Shutting down and abandoning module LinuxNoEditorTargetPlatform (119)
[2018.12.22-09.30.12:144][334]LogModuleManager: Shutting down and abandoning module LinuxClientTargetPlatform (117)
[2018.12.22-09.30.12:144][334]LogModuleManager: Shutting down and abandoning module TVOSTargetPlatform (115)
[2018.12.22-09.30.12:145][334]LogModuleManager: Shutting down and abandoning module Messaging (113)
[2018.12.22-09.30.12:145][334]LogModuleManager: Shutting down and abandoning module IOSTargetPlatform (111)
[2018.12.22-09.30.12:146][334]LogModuleManager: Shutting down and abandoning module HTML5TargetPlatform (109)
[2018.12.22-09.30.12:146][334]LogModuleManager: Shutting down and abandoning module AndroidTargetPlatform (107)
[2018.12.22-09.30.12:152][334]LogModuleManager: Shutting down and abandoning module WindowsTargetPlatform (105)
[2018.12.22-09.30.12:152][334]LogModuleManager: Shutting down and abandoning module WindowsServerTargetPlatform (103)
[2018.12.22-09.30.12:152][334]LogModuleManager: Shutting down and abandoning module WindowsNoEditorTargetPlatform (101)
[2018.12.22-09.30.12:152][334]LogModuleManager: Shutting down and abandoning module WindowsClientTargetPlatform (99)
[2018.12.22-09.30.12:152][334]LogModuleManager: Shutting down and abandoning module MacTargetPlatform (97)
[2018.12.22-09.30.12:152][334]LogModuleManager: Shutting down and abandoning module MacServerTargetPlatform (95)
[2018.12.22-09.30.12:152][334]LogModuleManager: Shutting down and abandoning module MacNoEditorTargetPlatform (93)
[2018.12.22-09.30.12:152][334]LogModuleManager: Shutting down and abandoning module MacClientTargetPlatform (91)
[2018.12.22-09.30.12:152][334]LogModuleManager: Shutting down and abandoning module AllDesktopTargetPlatform (89)
[2018.12.22-09.30.12:153][334]LogModuleManager: Shutting down and abandoning module InputCore (86)
[2018.12.22-09.30.12:153][334]LogModuleManager: Shutting down and abandoning module Settings (84)
[2018.12.22-09.30.12:153][334]LogModuleManager: Shutting down and abandoning module PhysXCooking (82)
[2018.12.22-09.30.12:153][334]LogModuleManager: Shutting down and abandoning module SteamVR (80)
[2018.12.22-09.30.12:153][334]LogHMD: Freeing OpenVRDLLHandle.
[2018.12.22-09.30.12:153][334]LogModuleManager: Shutting down and abandoning module OculusHMD (78)
[2018.12.22-09.30.12:153][334]LogModuleManager: Shutting down and abandoning module ExampleDeviceProfileSelector (76)
[2018.12.22-09.30.12:153][334]LogModuleManager: Shutting down and abandoning module LauncherChunkInstaller (74)
[2018.12.22-09.30.12:153][334]LogModuleManager: Shutting down and abandoning module OnlineBlueprintSupport (72)
[2018.12.22-09.30.12:153][334]LogModuleManager: Shutting down and abandoning module OnlineSubsystem (68)
[2018.12.22-09.30.12:155][334]LogModuleManager: Shutting down and abandoning module XMPP (63)
[2018.12.22-09.30.12:155][334]LogModuleManager: Shutting down and abandoning module WebSockets (62)
[2018.12.22-09.30.12:178][334]LogModuleManager: Shutting down and abandoning module HTTP (59)
[2018.12.22-09.30.12:178][334]LogHttp: Display: Http module shutting down, but needs to wait on 1 outstanding Http requests:
[2018.12.22-09.30.12:178][334]LogHttp: Display: 	verb=[POST] url=[https://datarouter.ol.epicgames.com/datarouter/api/v1/public/data?SessionID=%7BA64730F8-4E52-2D91-ABA5-5C8458A22134%7D&AppID=UEEditor.Rocket.Release&AppVersion=4.21.0-4541578%2B%2B%2BUE4%2BRelease-4.21&UserID=3fe39d7241454decc5028b8454cb8fc2%7C4a099ca2368d44c79c136143450cdfeb%7C3f8ebcf0-a47f-45b3-80f1-253d50aba30d&AppEnvironment=datacollector-binary&UploadType=eteventstream] status=Processing
[2018.12.22-09.30.12:178][334]LogHttp: Warning: 0000026ABF16F240: request failed, libcurl error: 60 (Peer certificate cannot be authenticated with given CA certificates)
[2018.12.22-09.30.12:178][334]LogHttp: Warning: 0000026ABF16F240: libcurl info message cache 0 (  Trying 121.166.148.201...)
[2018.12.22-09.30.12:178][334]LogHttp: Warning: 0000026ABF16F240: libcurl info message cache 1 (TCP_NODELAY set)
[2018.12.22-09.30.12:178][334]LogHttp: Warning: 0000026ABF16F240: libcurl info message cache 2 (Connected to datarouter.ol.epicgames.com (121.166.148.201) port 443 (#0))
[2018.12.22-09.30.12:178][334]LogHttp: Warning: 0000026ABF16F240: libcurl info message cache 3 (ALPN, offering http/1.1)
[2018.12.22-09.30.12:178][334]LogHttp: Warning: 0000026ABF16F240: libcurl info message cache 4 (Cipher selection: ALL:!EXPORT:!EXPORT40:!EXPORT56:!aNULL:!LOW:!RC4:@STRENGTH)
[2018.12.22-09.30.12:178][334]LogHttp: Warning: 0000026ABF16F240: libcurl info message cache 5 (TLSv1.2 (OUT), TLS header, Certificate Status (22):)
[2018.12.22-09.30.12:178][334]LogHttp: Warning: 0000026ABF16F240: libcurl info message cache 6 (TLSv1.2 (OUT), TLS handshake, Client hello (1):)
[2018.12.22-09.30.12:179][334]LogHttp: Warning: 0000026ABF16F240: libcurl info message cache 7 (TLSv1.2 (IN), TLS handshake, Server hello (2):)
[2018.12.22-09.30.12:179][334]LogHttp: Warning: 0000026ABF16F240: libcurl info message cache 8 (TLSv1.2 (IN), TLS handshake, Certificate (11):)
[2018.12.22-09.30.12:179][334]LogHttp: Warning: 0000026ABF16F240: libcurl info message cache 9 (TLSv1.2 (OUT), TLS alert, Server hello (2):)
[2018.12.22-09.30.12:179][334]LogHttp: Warning: 0000026ABF16F240: libcurl info message cache 10 (SSL certificate problem: unable to get local issuer certificate)
[2018.12.22-09.30.12:179][334]LogHttp: Warning: 0000026ABF16F240: libcurl info message cache 11 (Closing connection 0)
[2018.12.22-09.30.12:179][334]LogHttp: Warning: 0000026ABF16F240: libcurl info message cache 12 (TLSv1.2 (OUT), TLS alert, Client hello (1):)
[2018.12.22-09.30.12:204][334]LogModuleManager: Shutting down and abandoning module SSL (58)
[2018.12.22-09.30.12:208][334]LogModuleManager: Shutting down and abandoning module MagicLeapIdentity (54)
[2018.12.22-09.30.12:208][334]LogModuleManager: Shutting down and abandoning module MagicLeapHelperVulkan (52)
[2018.12.22-09.30.12:208][334]LogModuleManager: Shutting down and abandoning module MagicLeapHelperOpenGL (50)
[2018.12.22-09.30.12:208][334]LogModuleManager: Shutting down and abandoning module MagicLeapSecureStorage (48)
[2018.12.22-09.30.12:208][334]LogModuleManager: Shutting down and abandoning module MagicLeapHandTracking (46)
[2018.12.22-09.30.12:209][334]LogModuleManager: Shutting down and abandoning module MagicLeapEyeTracker (44)
[2018.12.22-09.30.12:209][334]LogModuleManager: Shutting down and abandoning module MagicLeapController (42)
[2018.12.22-09.30.12:209][334]LogSlate: Slate User Destroyed.  User Index 0, Is Virtual User: 0
[2018.12.22-09.30.12:210][334]LogModuleManager: Shutting down and abandoning module MagicLeap (40)
[2018.12.22-09.30.12:210][334]LogModuleManager: Shutting down and abandoning module DatasmithContent (38)
[2018.12.22-09.30.12:212][334]LogModuleManager: Shutting down and abandoning module AnimationModifiers (36)
[2018.12.22-09.30.12:212][334]LogModuleManager: Shutting down and abandoning module PropertyEditor (35)
[2018.12.22-09.30.12:213][334]LogModuleManager: Shutting down and abandoning module AudioEditor (32)
[2018.12.22-09.30.12:213][334]LogModuleManager: Shutting down and abandoning module TextureCompressor (30)
[2018.12.22-09.30.12:216][334]LogModuleManager: Shutting down and abandoning module ShaderCore (28)
[2018.12.22-09.30.12:216][334]LogModuleManager: Shutting down and abandoning module Landscape (26)
[2018.12.22-09.30.12:216][334]LogModuleManager: Shutting down and abandoning module SlateRHIRenderer (24)
[2018.12.22-09.30.12:224][334]LogModuleManager: Shutting down and abandoning module OpenGLDrv (22)
[2018.12.22-09.30.12:225][334]LogModuleManager: Shutting down and abandoning module D3D11RHI (20)
[2018.12.22-09.30.12:225][334]LogModuleManager: Shutting down and abandoning module AnimGraphRuntime (18)
[2018.12.22-09.30.12:225][334]LogModuleManager: Shutting down and abandoning module Renderer (16)
[2018.12.22-09.30.12:225][334]LogModuleManager: Shutting down and abandoning module Engine (14)
[2018.12.22-09.30.12:225][334]LogModuleManager: Shutting down and abandoning module CoreUObject (12)
[2018.12.22-09.30.12:226][334]LogModuleManager: Shutting down and abandoning module NetworkFile (10)
[2018.12.22-09.30.12:226][334]LogModuleManager: Shutting down and abandoning module CookedIterativeFile (8)
[2018.12.22-09.30.12:226][334]LogModuleManager: Shutting down and abandoning module StreamingFile (6)
[2018.12.22-09.30.12:226][334]LogModuleManager: Shutting down and abandoning module SandboxFile (4)
[2018.12.22-09.30.12:226][334]LogModuleManager: Shutting down and abandoning module PakFile (2)
[2018.12.22-09.30.12:266][334]LogExit: Exiting.
[2018.12.22-09.30.12:280][334]Log file closed, 12/22/18 18:30:12
