Log file open, 12/22/18 19:39:14
LogWindows: Failed to load 'aqProf.dll' (GetLastError=126)
LogWindows: File 'aqProf.dll' does not exist
LogWindows: Failed to load 'VtuneApi.dll' (GetLastError=126)
LogWindows: File 'VtuneApi.dll' does not exist
LogWindows: Failed to load 'VtuneApi32e.dll' (GetLastError=126)
LogWindows: File 'VtuneApi32e.dll' does not exist
LogConsoleResponse: Display: Failed to find resolution value strings in scalability ini. Falling back to default.
LogInit: Display: Running engine for game: ArenaBattle
LogPakFile: Registered encryption key '00000000000000000000000000000000': 0 pak files mounted, 0 remain pending
LogPlatformFile: Not using cached read wrapper
LogTaskGraph: Started task graph with 5 named threads and 23 total threads with 3 sets of task threads.
LogStats: Stats thread started at 0.412783
LogD3D11RHI: Loaded GFSDK_Aftermath_Lib.x64.dll
LogICUInternationalization: ICU TimeZone Detection - Raw Offset: +9:00, Platform Override: ''
LogPluginManager: Mounting plugin Paper2D
LogPluginManager: Mounting plugin AISupport
LogPluginManager: Mounting plugin LightPropagationVolume
LogPluginManager: Mounting plugin ActorLayerUtilities
LogPluginManager: Mounting plugin CLionSourceCodeAccess
LogPluginManager: Mounting plugin CodeLiteSourceCodeAccess
LogPluginManager: Mounting plugin GitSourceControl
LogPluginManager: Mounting plugin KDevelopSourceCodeAccess
LogPluginManager: Mounting plugin NullSourceCodeAccess
LogPluginManager: Mounting plugin PerforceSourceControl
LogPluginManager: Mounting plugin SubversionSourceControl
LogPluginManager: Mounting plugin UObjectPlugin
LogPluginManager: Mounting plugin VisualStudioCodeSourceCodeAccess
LogPluginManager: Mounting plugin VisualStudioSourceCodeAccess
LogPluginManager: Mounting plugin XCodeSourceCodeAccess
LogPluginManager: Mounting plugin AssetManagerEditor
LogPluginManager: Mounting plugin CryptoKeys
LogPluginManager: Mounting plugin DataValidation
LogPluginManager: Mounting plugin FacialAnimation
LogPluginManager: Mounting plugin GameplayTagsEditor
LogPluginManager: Mounting plugin MacGraphicsSwitching
LogPluginManager: Mounting plugin MeshEditor
LogPluginManager: Mounting plugin MobileLauncherProfileWizard
LogPluginManager: Mounting plugin PluginBrowser
LogPluginManager: Mounting plugin SpeedTreeImporter
LogPluginManager: Mounting plugin DatasmithContent
LogPluginManager: Mounting plugin VariantManagerContent
LogPluginManager: Mounting plugin AlembicImporter
LogPluginManager: Mounting plugin AppleImageUtils
LogPluginManager: Mounting plugin AppleVision
LogPluginManager: Mounting plugin BackChannel
LogPluginManager: Mounting plugin CharacterAI
LogPluginManager: Mounting plugin GeometryCache
LogPluginManager: Mounting plugin HTML5Networking
LogPluginManager: Mounting plugin ProxyLODPlugin
LogPluginManager: Mounting plugin MagicLeap
LogPluginManager: Mounting plugin MagicLeapMedia
LogPluginManager: Mounting plugin AndroidMedia
LogPluginManager: Mounting plugin AvfMedia
LogPluginManager: Mounting plugin ImgMedia
LogPluginManager: Mounting plugin LinearTimecode
LogPluginManager: Mounting plugin MediaCompositing
LogPluginManager: Mounting plugin MediaPlayerEditor
LogPluginManager: Mounting plugin WebMMedia
LogPluginManager: Mounting plugin WmfMedia
LogPluginManager: Mounting plugin TcpMessaging
LogPluginManager: Mounting plugin UdpMessaging
LogPluginManager: Mounting plugin ActorSequence
LogPluginManager: Mounting plugin LevelSequenceEditor
LogPluginManager: Mounting plugin MatineeToLevelSequence
LogPluginManager: Mounting plugin NetcodeUnitTest
LogPluginManager: Mounting plugin NUTUnrealEngine4
LogPluginManager: Mounting plugin OnlineSubsystemGooglePlay
LogPluginManager: Mounting plugin OnlineSubsystemIOS
LogPluginManager: Mounting plugin OnlineSubsystem
LogPluginManager: Mounting plugin OnlineSubsystemNull
LogPluginManager: Mounting plugin OnlineSubsystemUtils
LogPluginManager: Mounting plugin LauncherChunkInstaller
LogPluginManager: Mounting plugin AndroidDeviceProfileSelector
LogPluginManager: Mounting plugin AndroidMoviePlayer
LogPluginManager: Mounting plugin AndroidPermission
LogPluginManager: Mounting plugin AppleMoviePlayer
LogPluginManager: Mounting plugin ArchVisCharacter
LogPluginManager: Mounting plugin AudioCapture
LogPluginManager: Mounting plugin CableComponent
LogPluginManager: Mounting plugin CustomMeshComponent
LogPluginManager: Mounting plugin EditableMesh
LogPluginManager: Mounting plugin ExampleDeviceProfileSelector
LogPluginManager: Mounting plugin Firebase
LogPluginManager: Mounting plugin GoogleCloudMessaging
LogPluginManager: Mounting plugin IOSDeviceProfileSelector
LogPluginManager: Mounting plugin LinuxDeviceProfileSelector
LogPluginManager: Mounting plugin LocationServicesBPLibrary
LogPluginManager: Mounting plugin MobilePatchingUtils
LogPluginManager: Mounting plugin OculusVR
LogPluginManager: Mounting plugin PhysXVehicles
LogPluginManager: Mounting plugin ProceduralMeshComponent
LogPluginManager: Mounting plugin RuntimePhysXCooking
LogPluginManager: Mounting plugin SteamVR
LogPluginManager: Mounting plugin WebMMoviePlayer
LogPluginManager: Mounting plugin WindowsMoviePlayer
LogStreaming: Display: Took  0.195s to configure plugins.
LogInit: Using libcurl 7.55.1-DEV
LogInit:  - built for x86_64-pc-win32
LogInit:  - supports SSL with OpenSSL/1.0.2h
LogInit:  - supports HTTP deflate (compression) using libz 1.2.8
LogInit:  - other features:
LogInit:      CURL_VERSION_SSL
LogInit:      CURL_VERSION_LIBZ
LogInit:      CURL_VERSION_IPV6
LogInit:      CURL_VERSION_ASYNCHDNS
LogInit:      CURL_VERSION_LARGEFILE
LogInit:      CURL_VERSION_IDN
LogInit:  CurlRequestOptions (configurable via config and command line):
LogInit:  - bVerifyPeer = true  - Libcurl will verify peer certificate
LogInit:  - bUseHttpProxy = false  - Libcurl will NOT use HTTP proxy
LogInit:  - bDontReuseConnections = false  - Libcurl will reuse connections
LogInit:  - MaxHostConnections = 16  - Libcurl will limit the number of connections to a host
LogInit:  - LocalHostAddr = Default
LogInit:  - BufferSize = 65536
LogInit: WinSock: version 1.1 (2.2), MaxSocks=32767, MaxUdp=65467
LogInit: Build: ++UE4+Release-4.21-CL-4541578
LogInit: Engine Version: 4.21.0-4541578+++UE4+Release-4.21
LogInit: Compatible Engine Version: 4.21.0-4541578+++UE4+Release-4.21
LogInit: Net CL: 4541578
LogInit: OS: Windows 10 (), CPU: Intel(R) Core(TM) i7-4770HQ CPU @ 2.20GHz, GPU: Intel(R) Iris(TM) Pro Graphics 5200
LogInit: Compiled (64-bit): Nov  6 2018 02:04:24
LogInit: Compiled with Visual C++: 19.13.26129.00
LogInit: Build Configuration: Development
LogInit: Branch Name: ++UE4+Release-4.21
LogInit: Command Line:  -skipcompile
LogInit: Base Directory: D:/06.program/Window/unreal/UE_4.21/Engine/Binaries/Win64/
LogInit: Installed Engine Build: 1
LogDevObjectVersion: Number of dev versions registered: 22
LogDevObjectVersion:   Dev-Blueprints (B0D832E4-1F89-4F0D-ACCF-7EB736FD4AA2): 10
LogDevObjectVersion:   Dev-Build (E1C64328-A22C-4D53-A36C-8E866417BD8C): 0
LogDevObjectVersion:   Dev-Core (375EC13C-06E4-48FB-B500-84F0262A717E): 2
LogDevObjectVersion:   Dev-Editor (E4B068ED-F494-42E9-A231-DA0B2E46BB41): 26
LogDevObjectVersion:   Dev-Framework (CFFC743F-43B0-4480-9391-14DF171D2073): 34
LogDevObjectVersion:   Dev-Mobile (B02B49B5-BB20-44E9-A304-32B752E40360): 2
LogDevObjectVersion:   Dev-Networking (A4E4105C-59A1-49B5-A7C5-40C4547EDFEE): 0
LogDevObjectVersion:   Dev-Online (39C831C9-5AE6-47DC-9A44-9C173E1C8E7C): 0
LogDevObjectVersion:   Dev-Physics (78F01B33-EBEA-4F98-B9B4-84EACCB95AA2): 0
LogDevObjectVersion:   Dev-Platform (6631380F-2D4D-43E0-8009-CF276956A95A): 0
LogDevObjectVersion:   Dev-Rendering (12F88B9F-8875-4AFC-A67C-D90C383ABD29): 27
LogDevObjectVersion:   Dev-Sequencer (7B5AE74C-D270-4C10-A958-57980B212A5A): 9
LogDevObjectVersion:   Dev-VR (D7296918-1DD6-4BDD-9DE2-64A83CC13884): 2
LogDevObjectVersion:   Dev-LoadTimes (C2A15278-BFE7-4AFE-6C17-90FF531DF755): 1
LogDevObjectVersion:   Private-Geometry (6EACA3D4-40EC-4CC1-B786-8BED09428FC5): 3
LogDevObjectVersion:   Dev-AnimPhys (29E575DD-E0A3-4627-9D10-D276232CDCEA): 17
LogDevObjectVersion:   Dev-Anim (AF43A65D-7FD3-4947-9873-3E8ED9C1BB05): 2
LogDevObjectVersion:   Dev-ReflectionCapture (6B266CEC-1EC7-4B8F-A30B-E4D90942FC07): 1
LogDevObjectVersion:   Dev-Automation (0DF73D61-A23F-47EA-B727-89E90C41499A): 1
LogDevObjectVersion:   FortniteMain (601D1886-AC64-4F84-AA16-D3DE0DEAC7D6): 17
LogDevObjectVersion:   Dev-Enterprise (9DFFBCD6-494F-0158-E221-12823C92A888): 4
LogDevObjectVersion:   Dev-Niagara (F2AED0AC-9AFE-416F-8664-AA7FFA26D6FC): 1
LogStreaming: Display: Took  0.003s to delete old logs.
LogInit: Presizing for max 8388607 objects, including 0 objects not considered by GC, pre-allocating 0 bytes for permanent pool.
LogInit: Object subsystem initialized
LogConfig: Setting CVar [[con.DebugEarlyDefault:1]]
LogConfig: Setting CVar [[r.setres:1280x720]]
[2018.12.22-10.39.15:037][  0]LogConfig: Setting CVar [[r.VSync:0]]
[2018.12.22-10.39.15:037][  0]LogConfig: Setting CVar [[r.RHICmdBypass:0]]
[2018.12.22-10.39.15:037][  0]LogConfig: Applying CVar settings from Section [/Script/Engine.RendererSettings] File [D:/UnrealProject/Chapter_5/Saved/Config/Windows/Engine.ini]
[2018.12.22-10.39.15:037][  0]LogConfig: Setting CVar [[r.GPUCrashDebugging:0]]
[2018.12.22-10.39.15:037][  0]LogConfig: Applying CVar settings from Section [/Script/Engine.RendererOverrideSettings] File [D:/UnrealProject/Chapter_5/Saved/Config/Windows/Engine.ini]
[2018.12.22-10.39.15:038][  0]LogConfig: Applying CVar settings from Section [/Script/Engine.StreamingSettings] File [D:/UnrealProject/Chapter_5/Saved/Config/Windows/Engine.ini]
[2018.12.22-10.39.15:038][  0]LogConfig: Setting CVar [[s.MinBulkDataSizeForAsyncLoading:131072]]
[2018.12.22-10.39.15:038][  0]LogConfig: Setting CVar [[s.AsyncLoadingThreadEnabled:0]]
[2018.12.22-10.39.15:038][  0]LogConfig: Setting CVar [[s.EventDrivenLoaderEnabled:1]]
[2018.12.22-10.39.15:038][  0]LogConfig: Setting CVar [[s.WarnIfTimeLimitExceeded:0]]
[2018.12.22-10.39.15:038][  0]LogConfig: Setting CVar [[s.TimeLimitExceededMultiplier:1.5]]
[2018.12.22-10.39.15:038][  0]LogConfig: Setting CVar [[s.TimeLimitExceededMinTime:0.005]]
[2018.12.22-10.39.15:038][  0]LogConfig: Setting CVar [[s.UseBackgroundLevelStreaming:1]]
[2018.12.22-10.39.15:038][  0]LogConfig: Setting CVar [[s.PriorityAsyncLoadingExtraTime:15.0]]
[2018.12.22-10.39.15:038][  0]LogConfig: Setting CVar [[s.LevelStreamingActorsUpdateTimeLimit:5.0]]
[2018.12.22-10.39.15:038][  0]LogConfig: Setting CVar [[s.PriorityLevelStreamingActorsUpdateExtraTime:5.0]]
[2018.12.22-10.39.15:038][  0]LogConfig: Setting CVar [[s.LevelStreamingComponentsRegistrationGranularity:10]]
[2018.12.22-10.39.15:038][  0]LogConfig: Setting CVar [[s.UnregisterComponentsTimeLimit:1.0]]
[2018.12.22-10.39.15:038][  0]LogConfig: Setting CVar [[s.LevelStreamingComponentsUnregistrationGranularity:5]]
[2018.12.22-10.39.15:039][  0]LogConfig: Applying CVar settings from Section [/Script/Engine.GarbageCollectionSettings] File [D:/UnrealProject/Chapter_5/Saved/Config/Windows/Engine.ini]
[2018.12.22-10.39.15:039][  0]LogConfig: Setting CVar [[gc.MaxObjectsNotConsideredByGC:1]]
[2018.12.22-10.39.15:039][  0]LogConfig: Setting CVar [[gc.SizeOfPermanentObjectPool:0]]
[2018.12.22-10.39.15:039][  0]LogConfig: Setting CVar [[gc.FlushStreamingOnGC:0]]
[2018.12.22-10.39.15:039][  0]LogConfig: Setting CVar [[gc.NumRetriesBeforeForcingGC:10]]
[2018.12.22-10.39.15:039][  0]LogConfig: Setting CVar [[gc.AllowParallelGC:1]]
[2018.12.22-10.39.15:039][  0]LogConfig: Setting CVar [[gc.TimeBetweenPurgingPendingKillObjects:61.1]]
[2018.12.22-10.39.15:039][  0]LogConfig: Setting CVar [[gc.MaxObjectsInEditor:8388607]]
[2018.12.22-10.39.15:039][  0]LogConfig: Setting CVar [[gc.IncrementalBeginDestroyEnabled:1]]
[2018.12.22-10.39.15:039][  0]LogConfig: Setting CVar [[gc.CreateGCClusters:1]]
[2018.12.22-10.39.15:039][  0]LogConfig: Setting CVar [[gc.MergeGCClusters:0]]
[2018.12.22-10.39.15:039][  0]LogConfig: Setting CVar [[gc.MinGCClusterSize:5]]
[2018.12.22-10.39.15:039][  0]LogConfig: Setting CVar [[gc.ActorClusteringEnabled:0]]
[2018.12.22-10.39.15:039][  0]LogConfig: Setting CVar [[gc.BlueprintClusteringEnabled:0]]
[2018.12.22-10.39.15:040][  0]LogConfig: Setting CVar [[gc.UseDisregardForGCOnDedicatedServers:0]]
[2018.12.22-10.39.15:040][  0]LogConfig: Applying CVar settings from Section [/Script/Engine.NetworkSettings] File [D:/UnrealProject/Chapter_5/Saved/Config/Windows/Engine.ini]
[2018.12.22-10.39.15:040][  0]LogConfig: Applying CVar settings from Section [/Script/UnrealEd.CookerSettings] File [D:/UnrealProject/Chapter_5/Saved/Config/Windows/Engine.ini]
[2018.12.22-10.39.15:049][  0]LogConfig: Applying CVar settings from Section [ViewDistanceQuality@3] File [D:/UnrealProject/Chapter_5/Saved/Config/Windows/Scalability.ini]
[2018.12.22-10.39.15:049][  0]LogConfig: Setting CVar [[r.SkeletalMeshLODBias:0]]
[2018.12.22-10.39.15:049][  0]LogConfig: Setting CVar [[r.ViewDistanceScale:1.0]]
[2018.12.22-10.39.15:049][  0]LogConfig: Applying CVar settings from Section [AntiAliasingQuality@3] File [D:/UnrealProject/Chapter_5/Saved/Config/Windows/Scalability.ini]
[2018.12.22-10.39.15:050][  0]LogConfig: Setting CVar [[r.PostProcessAAQuality:4]]
[2018.12.22-10.39.15:050][  0]LogConfig: Applying CVar settings from Section [ShadowQuality@3] File [D:/UnrealProject/Chapter_5/Saved/Config/Windows/Scalability.ini]
[2018.12.22-10.39.15:050][  0]LogConfig: Setting CVar [[r.LightFunctionQuality:1]]
[2018.12.22-10.39.15:050][  0]LogConfig: Setting CVar [[r.ShadowQuality:5]]
[2018.12.22-10.39.15:050][  0]LogConfig: Setting CVar [[r.Shadow.CSM.MaxCascades:10]]
[2018.12.22-10.39.15:050][  0]LogConfig: Setting CVar [[r.Shadow.MaxResolution:2048]]
[2018.12.22-10.39.15:050][  0]LogConfig: Setting CVar [[r.Shadow.MaxCSMResolution:2048]]
[2018.12.22-10.39.15:050][  0]LogConfig: Setting CVar [[r.Shadow.RadiusThreshold:0.01]]
[2018.12.22-10.39.15:050][  0]LogConfig: Setting CVar [[r.Shadow.DistanceScale:1.0]]
[2018.12.22-10.39.15:050][  0]LogConfig: Setting CVar [[r.Shadow.CSM.TransitionScale:1.0]]
[2018.12.22-10.39.15:050][  0]LogConfig: Setting CVar [[r.Shadow.PreShadowResolutionFactor:1.0]]
[2018.12.22-10.39.15:050][  0]LogConfig: Setting CVar [[r.DistanceFieldShadowing:1]]
[2018.12.22-10.39.15:050][  0]LogConfig: Setting CVar [[r.DistanceFieldAO:1]]
[2018.12.22-10.39.15:050][  0]LogConfig: Setting CVar [[r.AOQuality:2]]
[2018.12.22-10.39.15:051][  0]LogConfig: Setting CVar [[r.VolumetricFog:1]]
[2018.12.22-10.39.15:051][  0]LogConfig: Setting CVar [[r.VolumetricFog.GridPixelSize:8]]
[2018.12.22-10.39.15:051][  0]LogConfig: Setting CVar [[r.VolumetricFog.GridSizeZ:128]]
[2018.12.22-10.39.15:051][  0]LogConfig: Setting CVar [[r.VolumetricFog.HistoryMissSupersampleCount:4]]
[2018.12.22-10.39.15:051][  0]LogConfig: Setting CVar [[r.LightMaxDrawDistanceScale:1]]
[2018.12.22-10.39.15:051][  0]LogConfig: Setting CVar [[r.CapsuleShadows:1]]
[2018.12.22-10.39.15:051][  0]LogConfig: Applying CVar settings from Section [PostProcessQuality@3] File [D:/UnrealProject/Chapter_5/Saved/Config/Windows/Scalability.ini]
[2018.12.22-10.39.15:051][  0]LogConfig: Setting CVar [[r.MotionBlurQuality:4]]
[2018.12.22-10.39.15:051][  0]LogConfig: Setting CVar [[r.AmbientOcclusionMipLevelFactor:0.4]]
[2018.12.22-10.39.15:051][  0]LogConfig: Setting CVar [[r.AmbientOcclusionMaxQuality:100]]
[2018.12.22-10.39.15:051][  0]LogConfig: Setting CVar [[r.AmbientOcclusionLevels:-1]]
[2018.12.22-10.39.15:051][  0]LogConfig: Setting CVar [[r.AmbientOcclusionRadiusScale:1.0]]
[2018.12.22-10.39.15:051][  0]LogConfig: Setting CVar [[r.DepthOfFieldQuality:2]]
[2018.12.22-10.39.15:051][  0]LogConfig: Setting CVar [[r.RenderTargetPoolMin:400]]
[2018.12.22-10.39.15:051][  0]LogConfig: Setting CVar [[r.LensFlareQuality:2]]
[2018.12.22-10.39.15:052][  0]LogConfig: Setting CVar [[r.SceneColorFringeQuality:1]]
[2018.12.22-10.39.15:052][  0]LogConfig: Setting CVar [[r.EyeAdaptationQuality:2]]
[2018.12.22-10.39.15:052][  0]LogConfig: Setting CVar [[r.BloomQuality:5]]
[2018.12.22-10.39.15:052][  0]LogConfig: Setting CVar [[r.FastBlurThreshold:100]]
[2018.12.22-10.39.15:052][  0]LogConfig: Setting CVar [[r.Upscale.Quality:3]]
[2018.12.22-10.39.15:052][  0]LogConfig: Setting CVar [[r.Tonemapper.GrainQuantization:1]]
[2018.12.22-10.39.15:052][  0]LogConfig: Setting CVar [[r.LightShaftQuality:1]]
[2018.12.22-10.39.15:052][  0]LogConfig: Setting CVar [[r.Filter.SizeScale:1]]
[2018.12.22-10.39.15:052][  0]LogConfig: Setting CVar [[r.Tonemapper.Quality:5]]
[2018.12.22-10.39.15:052][  0]LogConfig: Setting CVar [[r.DOF.Gather.AccumulatorQuality:1        ; higher gathering accumulator quality]]
[2018.12.22-10.39.15:052][  0]LogConfig: Setting CVar [[r.DOF.Gather.PostfilterMethod:1          ; Median3x3 postfilering method]]
[2018.12.22-10.39.15:052][  0]LogConfig: Setting CVar [[r.DOF.Gather.EnableBokehSettings:0       ; no bokeh simulation when gathering]]
[2018.12.22-10.39.15:052][  0]LogConfig: Setting CVar [[r.DOF.Gather.RingCount:4                 ; medium number of samples when gathering]]
[2018.12.22-10.39.15:052][  0]LogConfig: Setting CVar [[r.DOF.Scatter.ForegroundCompositing:1    ; additive foreground scattering]]
[2018.12.22-10.39.15:052][  0]LogConfig: Setting CVar [[r.DOF.Scatter.BackgroundCompositing:2    ; additive background scattering]]
[2018.12.22-10.39.15:052][  0]LogConfig: Setting CVar [[r.DOF.Scatter.EnableBokehSettings:1      ; bokeh simulation when scattering]]
[2018.12.22-10.39.15:053][  0]LogConfig: Setting CVar [[r.DOF.Scatter.MaxSpriteRatio:0.1         ; only a maximum of 10% of scattered bokeh]]
[2018.12.22-10.39.15:053][  0]LogConfig: Setting CVar [[r.DOF.Recombine.Quality:1                ; cheap slight out of focus]]
[2018.12.22-10.39.15:053][  0]LogConfig: Setting CVar [[r.DOF.Recombine.EnableBokehSettings:0    ; no bokeh simulation on slight out of focus]]
[2018.12.22-10.39.15:053][  0]LogConfig: Setting CVar [[r.DOF.TemporalAAQuality:1                ; more stable temporal accumulation]]
[2018.12.22-10.39.15:053][  0]LogConfig: Setting CVar [[r.DOF.Kernel.MaxForegroundRadius:0.025]]
[2018.12.22-10.39.15:053][  0]LogConfig: Setting CVar [[r.DOF.Kernel.MaxBackgroundRadius:0.025]]
[2018.12.22-10.39.15:053][  0]LogConfig: Applying CVar settings from Section [TextureQuality@3] File [D:/UnrealProject/Chapter_5/Saved/Config/Windows/Scalability.ini]
[2018.12.22-10.39.15:053][  0]LogConfig: Setting CVar [[r.Streaming.MipBias:0]]
[2018.12.22-10.39.15:053][  0]LogConfig: Setting CVar [[r.Streaming.AmortizeCPUToGPUCopy:0]]
[2018.12.22-10.39.15:053][  0]LogConfig: Setting CVar [[r.Streaming.MaxNumTexturesToStreamPerFrame:0]]
[2018.12.22-10.39.15:053][  0]LogConfig: Setting CVar [[r.Streaming.Boost:1]]
[2018.12.22-10.39.15:053][  0]LogConfig: Setting CVar [[r.MaxAnisotropy:8]]
[2018.12.22-10.39.15:053][  0]LogConfig: Setting CVar [[r.Streaming.LimitPoolSizeToVRAM:0]]
[2018.12.22-10.39.15:053][  0]LogConfig: Setting CVar [[r.Streaming.PoolSize:1000]]
[2018.12.22-10.39.15:053][  0]LogConfig: Setting CVar [[r.Streaming.MaxEffectiveScreenSize:0]]
[2018.12.22-10.39.15:054][  0]LogConfig: Applying CVar settings from Section [EffectsQuality@3] File [D:/UnrealProject/Chapter_5/Saved/Config/Windows/Scalability.ini]
[2018.12.22-10.39.15:054][  0]LogConfig: Setting CVar [[r.TranslucencyLightingVolumeDim:64]]
[2018.12.22-10.39.15:054][  0]LogConfig: Setting CVar [[r.RefractionQuality:2]]
[2018.12.22-10.39.15:054][  0]LogConfig: Setting CVar [[r.SSR.Quality:3]]
[2018.12.22-10.39.15:054][  0]LogConfig: Setting CVar [[r.SceneColorFormat:4]]
[2018.12.22-10.39.15:054][  0]LogConfig: Setting CVar [[r.DetailMode:2]]
[2018.12.22-10.39.15:054][  0]LogConfig: Setting CVar [[r.TranslucencyVolumeBlur:1]]
[2018.12.22-10.39.15:054][  0]LogConfig: Setting CVar [[r.MaterialQualityLevel:1 ; High quality]]
[2018.12.22-10.39.15:054][  0]LogConfig: Setting CVar [[r.SSS.Scale:1]]
[2018.12.22-10.39.15:054][  0]LogConfig: Setting CVar [[r.SSS.SampleSet:2]]
[2018.12.22-10.39.15:054][  0]LogConfig: Setting CVar [[r.SSS.Quality:1]]
[2018.12.22-10.39.15:054][  0]LogConfig: Setting CVar [[r.SSS.HalfRes:1]]
[2018.12.22-10.39.15:054][  0]LogConfig: Setting CVar [[r.EmitterSpawnRateScale:1.0]]
[2018.12.22-10.39.15:054][  0]LogConfig: Setting CVar [[r.ParticleLightQuality:2]]
[2018.12.22-10.39.15:054][  0]LogConfig: Applying CVar settings from Section [FoliageQuality@3] File [D:/UnrealProject/Chapter_5/Saved/Config/Windows/Scalability.ini]
[2018.12.22-10.39.15:054][  0]LogConfig: Setting CVar [[foliage.DensityScale:1.0]]
[2018.12.22-10.39.15:054][  0]LogConfig: Setting CVar [[grass.DensityScale:1.0]]
[2018.12.22-10.39.15:055][  0]LogInit: Selected Device Profile: [Windows]
[2018.12.22-10.39.15:055][  0]LogInit: Applying CVar settings loaded from the selected device profile: [Windows]
[2018.12.22-10.39.15:069][  0]LogHAL: Display: Platform has ~ 16 GB [17050116096 / 17179869184 / 16], which maps to Larger [LargestMinGB=32, LargerMinGB=12, DefaultMinGB=8, SmallerMinGB=6, SmallestMinGB=0)
[2018.12.22-10.39.15:069][  0]LogConfig: Setting CVar [[r.Vulkan.UseRealUBs:1]]
[2018.12.22-10.39.15:069][  0]LogInit: Going up to parent DeviceProfile []
[2018.12.22-10.39.15:069][  0]LogConfig: Applying CVar settings from Section [ViewDistanceQuality@1] File [D:/UnrealProject/Chapter_5/Saved/Config/Windows/Scalability.ini]
[2018.12.22-10.39.15:069][  0]LogConfig: Setting CVar [[r.SkeletalMeshLODBias:1]]
[2018.12.22-10.39.15:069][  0]LogConfig: Setting CVar [[r.ViewDistanceScale:0.6]]
[2018.12.22-10.39.15:069][  0]LogConfig: Applying CVar settings from Section [AntiAliasingQuality@1] File [D:/UnrealProject/Chapter_5/Saved/Config/Windows/Scalability.ini]
[2018.12.22-10.39.15:069][  0]LogConfig: Setting CVar [[r.PostProcessAAQuality:2]]
[2018.12.22-10.39.15:070][  0]LogConfig: Applying CVar settings from Section [ShadowQuality@1] File [D:/UnrealProject/Chapter_5/Saved/Config/Windows/Scalability.ini]
[2018.12.22-10.39.15:070][  0]LogConfig: Setting CVar [[r.LightFunctionQuality:1]]
[2018.12.22-10.39.15:070][  0]LogConfig: Setting CVar [[r.ShadowQuality:3]]
[2018.12.22-10.39.15:070][  0]LogConfig: Setting CVar [[r.Shadow.CSM.MaxCascades:1]]
[2018.12.22-10.39.15:070][  0]LogConfig: Setting CVar [[r.Shadow.MaxResolution:1024]]
[2018.12.22-10.39.15:070][  0]LogConfig: Setting CVar [[r.Shadow.MaxCSMResolution:1024]]
[2018.12.22-10.39.15:070][  0]LogConfig: Setting CVar [[r.Shadow.RadiusThreshold:0.05]]
[2018.12.22-10.39.15:070][  0]LogConfig: Setting CVar [[r.Shadow.DistanceScale:0.7]]
[2018.12.22-10.39.15:070][  0]LogConfig: Setting CVar [[r.Shadow.CSM.TransitionScale:0.25]]
[2018.12.22-10.39.15:070][  0]LogConfig: Setting CVar [[r.Shadow.PreShadowResolutionFactor:0.5]]
[2018.12.22-10.39.15:070][  0]LogConfig: Setting CVar [[r.DistanceFieldShadowing:0]]
[2018.12.22-10.39.15:070][  0]LogConfig: Setting CVar [[r.DistanceFieldAO:0]]
[2018.12.22-10.39.15:070][  0]LogConfig: Setting CVar [[r.VolumetricFog:0]]
[2018.12.22-10.39.15:070][  0]LogConfig: Setting CVar [[r.LightMaxDrawDistanceScale:.5]]
[2018.12.22-10.39.15:070][  0]LogConfig: Setting CVar [[r.CapsuleShadows:1]]
[2018.12.22-10.39.15:071][  0]LogConfig: Applying CVar settings from Section [PostProcessQuality@1] File [D:/UnrealProject/Chapter_5/Saved/Config/Windows/Scalability.ini]
[2018.12.22-10.39.15:071][  0]LogConfig: Setting CVar [[r.MotionBlurQuality:3]]
[2018.12.22-10.39.15:071][  0]LogConfig: Setting CVar [[r.AmbientOcclusionMipLevelFactor:1.0]]
[2018.12.22-10.39.15:071][  0]LogConfig: Setting CVar [[r.AmbientOcclusionMaxQuality:60]]
[2018.12.22-10.39.15:071][  0]LogConfig: Setting CVar [[r.AmbientOcclusionLevels:-1]]
[2018.12.22-10.39.15:071][  0]LogConfig: Setting CVar [[r.AmbientOcclusionRadiusScale:1.5]]
[2018.12.22-10.39.15:071][  0]LogConfig: Setting CVar [[r.DepthOfFieldQuality:1]]
[2018.12.22-10.39.15:071][  0]LogConfig: Setting CVar [[r.RenderTargetPoolMin:350]]
[2018.12.22-10.39.15:071][  0]LogConfig: Setting CVar [[r.LensFlareQuality:0]]
[2018.12.22-10.39.15:071][  0]LogConfig: Setting CVar [[r.SceneColorFringeQuality:0]]
[2018.12.22-10.39.15:071][  0]LogConfig: Setting CVar [[r.EyeAdaptationQuality:0]]
[2018.12.22-10.39.15:071][  0]LogConfig: Setting CVar [[r.BloomQuality:4]]
[2018.12.22-10.39.15:071][  0]LogConfig: Setting CVar [[r.FastBlurThreshold:2]]
[2018.12.22-10.39.15:071][  0]LogConfig: Setting CVar [[r.Upscale.Quality:2]]
[2018.12.22-10.39.15:071][  0]LogConfig: Setting CVar [[r.Tonemapper.GrainQuantization:0]]
[2018.12.22-10.39.15:072][  0]LogConfig: Setting CVar [[r.LightShaftQuality:0]]
[2018.12.22-10.39.15:072][  0]LogConfig: Setting CVar [[r.Filter.SizeScale:0.7]]
[2018.12.22-10.39.15:072][  0]LogConfig: Setting CVar [[r.Tonemapper.Quality:2]]
[2018.12.22-10.39.15:072][  0]LogConfig: Setting CVar [[r.DOF.Gather.AccumulatorQuality:0        ; lower gathering accumulator quality]]
[2018.12.22-10.39.15:072][  0]LogConfig: Setting CVar [[r.DOF.Gather.PostfilterMethod:2          ; Max3x3 postfilering method]]
[2018.12.22-10.39.15:072][  0]LogConfig: Setting CVar [[r.DOF.Gather.EnableBokehSettings:0       ; no bokeh simulation when gathering]]
[2018.12.22-10.39.15:072][  0]LogConfig: Setting CVar [[r.DOF.Gather.RingCount:3                 ; low number of samples when gathering]]
[2018.12.22-10.39.15:072][  0]LogConfig: Setting CVar [[r.DOF.Scatter.ForegroundCompositing:0    ; no foreground scattering]]
[2018.12.22-10.39.15:072][  0]LogConfig: Setting CVar [[r.DOF.Scatter.BackgroundCompositing:0    ; no foreground scattering]]
[2018.12.22-10.39.15:072][  0]LogConfig: Setting CVar [[r.DOF.Recombine.Quality:0                ; no slight out of focus]]
[2018.12.22-10.39.15:072][  0]LogConfig: Setting CVar [[r.DOF.TemporalAAQuality:0                ; faster temporal accumulation]]
[2018.12.22-10.39.15:072][  0]LogConfig: Setting CVar [[r.DOF.Kernel.MaxForegroundRadius:0.006   ; required because low gathering and no scattering and not looking great at 1080p]]
[2018.12.22-10.39.15:072][  0]LogConfig: Setting CVar [[r.DOF.Kernel.MaxBackgroundRadius:0.006   ; required because low gathering and no scattering and not looking great at 1080p]]
[2018.12.22-10.39.15:072][  0]LogConfig: Applying CVar settings from Section [TextureQuality@1] File [D:/UnrealProject/Chapter_5/Saved/Config/Windows/Scalability.ini]
[2018.12.22-10.39.15:072][  0]LogConfig: Setting CVar [[r.Streaming.MipBias:1]]
[2018.12.22-10.39.15:072][  0]LogConfig: Setting CVar [[r.Streaming.AmortizeCPUToGPUCopy:0]]
[2018.12.22-10.39.15:073][  0]LogConfig: Setting CVar [[r.Streaming.MaxNumTexturesToStreamPerFrame:0]]
[2018.12.22-10.39.15:073][  0]LogConfig: Setting CVar [[r.Streaming.Boost:1]]
[2018.12.22-10.39.15:073][  0]LogConfig: Setting CVar [[r.MaxAnisotropy:2]]
[2018.12.22-10.39.15:073][  0]LogConfig: Setting CVar [[r.Streaming.LimitPoolSizeToVRAM:1]]
[2018.12.22-10.39.15:073][  0]LogConfig: Setting CVar [[r.Streaming.PoolSize:600]]
[2018.12.22-10.39.15:073][  0]LogConfig: Setting CVar [[r.Streaming.MaxEffectiveScreenSize:0]]
[2018.12.22-10.39.15:073][  0]LogConfig: Applying CVar settings from Section [EffectsQuality@1] File [D:/UnrealProject/Chapter_5/Saved/Config/Windows/Scalability.ini]
[2018.12.22-10.39.15:073][  0]LogConfig: Setting CVar [[r.TranslucencyLightingVolumeDim:32]]
[2018.12.22-10.39.15:073][  0]LogConfig: Setting CVar [[r.RefractionQuality:0]]
[2018.12.22-10.39.15:073][  0]LogConfig: Setting CVar [[r.SSR.Quality:0]]
[2018.12.22-10.39.15:073][  0]LogConfig: Setting CVar [[r.SceneColorFormat:3]]
[2018.12.22-10.39.15:073][  0]LogConfig: Setting CVar [[r.DetailMode:1]]
[2018.12.22-10.39.15:073][  0]LogConfig: Setting CVar [[r.TranslucencyVolumeBlur:0]]
[2018.12.22-10.39.15:073][  0]LogConfig: Setting CVar [[r.MaterialQualityLevel:2 ; Medium quality]]
[2018.12.22-10.39.15:073][  0]LogConfig: Setting CVar [[r.SSS.Scale:0.75]]
[2018.12.22-10.39.15:073][  0]LogConfig: Setting CVar [[r.SSS.SampleSet:0]]
[2018.12.22-10.39.15:074][  0]LogConfig: Setting CVar [[r.SSS.Quality:0]]
[2018.12.22-10.39.15:074][  0]LogConfig: Setting CVar [[r.SSS.HalfRes:1]]
[2018.12.22-10.39.15:074][  0]LogConfig: Setting CVar [[r.EmitterSpawnRateScale:0.25]]
[2018.12.22-10.39.15:074][  0]LogConfig: Setting CVar [[r.ParticleLightQuality:0]]
[2018.12.22-10.39.15:074][  0]LogConfig: Applying CVar settings from Section [FoliageQuality@1] File [D:/UnrealProject/Chapter_5/Saved/Config/Windows/Scalability.ini]
[2018.12.22-10.39.15:074][  0]LogConfig: Setting CVar [[foliage.DensityScale:0.4]]
[2018.12.22-10.39.15:074][  0]LogConfig: Setting CVar [[grass.DensityScale:0.4]]
[2018.12.22-10.39.15:074][  0]LogConfig: Applying CVar settings from Section [Startup] File [../../../Engine/Config/ConsoleVariables.ini]
[2018.12.22-10.39.15:074][  0]LogConfig: Setting CVar [[net.UseAdaptiveNetUpdateFrequency:0]]
[2018.12.22-10.39.15:074][  0]LogConfig: Applying CVar settings from Section [ConsoleVariables] File [D:/UnrealProject/Chapter_5/Saved/Config/Windows/Engine.ini]
[2018.12.22-10.39.15:075][  0]LogInit: Computer: DESKTOP-FLP8AVC
[2018.12.22-10.39.15:075][  0]LogInit: User: 준
[2018.12.22-10.39.15:075][  0]LogInit: CPU Page size=4096, Cores=4
[2018.12.22-10.39.15:075][  0]LogInit: High frequency timer resolution =2.143482 MHz
[2018.12.22-10.39.15:075][  0]LogMemory: Memory total: Physical=15.9GB (16GB approx)
[2018.12.22-10.39.15:075][  0]LogMemory: Platform Memory Stats for Windows
[2018.12.22-10.39.15:075][  0]LogMemory: Process Physical Memory: 102.46 MB used, 102.46 MB peak
[2018.12.22-10.39.15:075][  0]LogMemory: Process Virtual Memory: 91.45 MB used, 91.45 MB peak
[2018.12.22-10.39.15:075][  0]LogMemory: Physical Memory: 6530.40 MB used,  9729.86 MB free, 16260.26 MB total
[2018.12.22-10.39.15:075][  0]LogMemory: Virtual Memory: 4652.78 MB used,  134213072.00 MB free, 134217728.00 MB total
[2018.12.22-10.39.15:211][  0]LogInit: Using OS detected language (ko-KR).
[2018.12.22-10.39.15:211][  0]LogInit: Using OS detected locale (ko-KR).
[2018.12.22-10.39.15:212][  0]LogTextLocalizationManager: No specific localization for 'ko-KR' exists, so the 'ko' localization will be used.
[2018.12.22-10.39.15:754][  0]LogStreaming: Display: Took  0.543s to InitEngineTextLocalization.
[2018.12.22-10.39.15:835][  0]LogSlate: New Slate User Created.  User Index 0, Is Virtual User: 0
[2018.12.22-10.39.15:835][  0]LogSlate: Slate User Registered.  User Index 0, Is Virtual User: 0
[2018.12.22-10.39.16:152][  0]LogHMD: Failed to initialize OpenVR with code 110
[2018.12.22-10.39.16:153][  0]LogD3D11RHI: D3D11 adapters:
[2018.12.22-10.39.16:193][  0]LogD3D11RHI:    0. 'Intel(R) Iris(TM) Pro Graphics 5200' (Feature Level 11_0)
[2018.12.22-10.39.16:193][  0]LogD3D11RHI:       112/0/2048 MB DedicatedVideo/DedicatedSystem/SharedSystem, Outputs:1, VendorId:0x8086
[2018.12.22-10.39.16:202][  0]LogD3D11RHI:    1. 'Microsoft Basic Render Driver' (Feature Level 11_0)
[2018.12.22-10.39.16:202][  0]LogD3D11RHI:       0/0/8130 MB DedicatedVideo/DedicatedSystem/SharedSystem, Outputs:0, VendorId:0x1414
[2018.12.22-10.39.16:202][  0]LogD3D11RHI: Chosen D3D11 Adapter: 0
[2018.12.22-10.39.16:211][  0]LogD3D11RHI: Creating new Direct3DDevice
[2018.12.22-10.39.16:211][  0]LogD3D11RHI:     GPU DeviceId: 0xd26 (for the marketing name, search the web for "GPU Device Id")
[2018.12.22-10.39.16:211][  0]LogWindows: EnumDisplayDevices:
[2018.12.22-10.39.16:211][  0]LogWindows:    0. 'Intel(R) Iris(TM) Pro Graphics 5200' (P:1 D:1)
[2018.12.22-10.39.16:213][  0]LogWindows:    1. 'Intel(R) Iris(TM) Pro Graphics 5200' (P:0 D:0)
[2018.12.22-10.39.16:215][  0]LogWindows:    2. 'Intel(R) Iris(TM) Pro Graphics 5200' (P:0 D:0)
[2018.12.22-10.39.16:217][  0]LogWindows: DebugString: FoundDriverCount:3 
[2018.12.22-10.39.16:217][  0]LogD3D11RHI:     Adapter Name: Intel(R) Iris(TM) Pro Graphics 5200
[2018.12.22-10.39.16:217][  0]LogD3D11RHI:   Driver Version: 20.19.15.4835 (internal:20.19.15.4835, unified:20.19.15.4835)
[2018.12.22-10.39.16:217][  0]LogD3D11RHI:      Driver Date: 10-16-2017
[2018.12.22-10.39.16:217][  0]LogRHI: Texture pool is 795 MB (70% of 1136 MB)
[2018.12.22-10.39.16:243][  0]LogD3D11RHI: [IntelMetricsDiscovery] Started
[2018.12.22-10.39.16:243][  0]LogD3D11RHI: Async texture creation enabled
[2018.12.22-10.39.16:251][  0]LogD3D11RHI: GPU Timing Frequency: 12.500000 (Debug: 2 0)
[2018.12.22-10.39.18:061][  0]LogTemp: Display: Loaded TP AllDesktopTargetPlatform
[2018.12.22-10.39.18:077][  0]LogTemp: Display: Loaded TP MacClientTargetPlatform
[2018.12.22-10.39.18:094][  0]LogTemp: Display: Loaded TP MacNoEditorTargetPlatform
[2018.12.22-10.39.18:111][  0]LogTemp: Display: Loaded TP MacServerTargetPlatform
[2018.12.22-10.39.18:128][  0]LogTemp: Display: Loaded TP MacTargetPlatform
[2018.12.22-10.39.18:145][  0]LogTemp: Display: Loaded TP WindowsClientTargetPlatform
[2018.12.22-10.39.18:162][  0]LogTemp: Display: Loaded TP WindowsNoEditorTargetPlatform
[2018.12.22-10.39.18:179][  0]LogTemp: Display: Loaded TP WindowsServerTargetPlatform
[2018.12.22-10.39.18:188][  0]LogTemp: Display: Loaded TP WindowsTargetPlatform
[2018.12.22-10.39.18:269][  0]LogTemp: Display: Loaded TP AndroidTargetPlatform
[2018.12.22-10.39.18:269][  0]LogTemp: Display: Loaded TP AndroidTargetPlatform
[2018.12.22-10.39.18:269][  0]LogTemp: Display: Loaded TP AndroidTargetPlatform
[2018.12.22-10.39.18:269][  0]LogTemp: Display: Loaded TP AndroidTargetPlatform
[2018.12.22-10.39.18:269][  0]LogTemp: Display: Loaded TP AndroidTargetPlatform
[2018.12.22-10.39.18:269][  0]LogTemp: Display: Loaded TP AndroidTargetPlatform
[2018.12.22-10.39.18:269][  0]LogTemp: Display: Loaded TP AndroidTargetPlatform
[2018.12.22-10.39.18:270][  0]LogTemp: Display: Loaded TP AndroidTargetPlatform
[2018.12.22-10.39.18:270][  0]LogTemp: Display: Loaded TP AndroidTargetPlatform
[2018.12.22-10.39.18:270][  0]LogTemp: Display: Loaded TP AndroidTargetPlatform
[2018.12.22-10.39.18:270][  0]LogTemp: Display: Loaded TP AndroidTargetPlatform
[2018.12.22-10.39.18:270][  0]LogTemp: Display: Loaded TP AndroidTargetPlatform
[2018.12.22-10.39.18:270][  0]LogTemp: Display: Loaded TP AndroidTargetPlatform
[2018.12.22-10.39.18:270][  0]LogTemp: Display: Loaded TP AndroidTargetPlatform
[2018.12.22-10.39.18:270][  0]LogTemp: Display: Loaded TP AndroidTargetPlatform
[2018.12.22-10.39.18:270][  0]LogTemp: Display: Loaded TP AndroidTargetPlatform
[2018.12.22-10.39.18:270][  0]LogTemp: Display: Loaded TP AndroidTargetPlatform
[2018.12.22-10.39.18:270][  0]LogTemp: Display: Loaded TP AndroidTargetPlatform
[2018.12.22-10.39.18:274][  0]LogTemp: Display: Loaded TP HTML5TargetPlatform
[2018.12.22-10.39.18:352][  0]LogTemp: Display: Loaded TP IOSTargetPlatform
[2018.12.22-10.39.18:352][  0]LogTemp: Display: Loaded TP IOSTargetPlatform
[2018.12.22-10.39.18:396][  0]LogTemp: Display: Loaded TP TVOSTargetPlatform
[2018.12.22-10.39.18:396][  0]LogTemp: Display: Loaded TP TVOSTargetPlatform
[2018.12.22-10.39.18:416][  0]LogTemp: Display: Loaded TP LinuxClientTargetPlatform
[2018.12.22-10.39.18:433][  0]LogTemp: Display: Loaded TP LinuxNoEditorTargetPlatform
[2018.12.22-10.39.18:450][  0]LogTemp: Display: Loaded TP LinuxServerTargetPlatform
[2018.12.22-10.39.18:473][  0]LogTemp: Display: Loaded TP LinuxTargetPlatform
[2018.12.22-10.39.18:525][  0]LogTemp: Display: Loaded TP LuminTargetPlatform
[2018.12.22-10.39.18:525][  0]LogTemp: Display: Loaded TP LuminTargetPlatform
[2018.12.22-10.39.18:525][  0]LogTargetPlatformManager: Display: Building Assets For Windows
[2018.12.22-10.39.18:661][  0]LogShaderCompilers: Guid format shader working directory is -2 characters bigger than the processId version (../../../../../../../UnrealProject/Chapter_5/Intermediate/Shaders/WorkingDirectory/9060/).
[2018.12.22-10.39.18:662][  0]LogShaderCompilers: Cleaned the shader compiler working directory 'C:/Users/준/AppData/Local/Temp/UnrealShaderWorkingDir/D95CC33A4AF60A82162177BEDDDB9E89/'.
[2018.12.22-10.39.18:664][  0]LogXGEController: Cleaning working directory: C:/Users/준/AppData/Local/Temp/UnrealXGEWorkingDir/
[2018.12.22-10.39.18:664][  0]LogXGEController: Cannot use XGE Controller as Incredibuild is not installed on this machine.
[2018.12.22-10.39.18:665][  0]LogShaderCompilers: Cannot use XGE Shader Compiler as Incredibuild is not installed on this machine.
[2018.12.22-10.39.18:665][  0]LogShaderCompilers: Display: Using Local Shader Compiler.
[2018.12.22-10.39.19:280][  0]LogDerivedDataCache: Display: Max Cache Size: 512 MB
[2018.12.22-10.39.19:378][  0]LogDerivedDataCache: Loaded boot cache 0.10s 71MB C:/Users/준/AppData/Local/UnrealEngine/4.21/DerivedDataCache/Boot.ddc.
[2018.12.22-10.39.19:379][  0]LogDerivedDataCache: Display: Loaded Boot cache: C:/Users/준/AppData/Local/UnrealEngine/4.21/DerivedDataCache/Boot.ddc
[2018.12.22-10.39.19:379][  0]LogDerivedDataCache: FDerivedDataBackendGraph:  Pak pak cache file ../../../../../../../UnrealProject/Chapter_5/DerivedDataCache/DDC.ddp not found, will not use a pak cache.
[2018.12.22-10.39.19:379][  0]LogDerivedDataCache: Unable to find inner node Pak for hierarchical cache Hierarchy.
[2018.12.22-10.39.19:379][  0]LogDerivedDataCache: FDerivedDataBackendGraph:  CompressedPak pak cache file ../../../../../../../UnrealProject/Chapter_5/DerivedDataCache/Compressed.ddp not found, will not use a pak cache.
[2018.12.22-10.39.19:379][  0]LogDerivedDataCache: Unable to find inner node CompressedPak for hierarchical cache Hierarchy.
[2018.12.22-10.39.19:396][  0]LogDerivedDataCache: Display: Pak cache opened for reading ../../../Engine/DerivedDataCache/Compressed.ddp.
[2018.12.22-10.39.19:397][  0]LogDerivedDataCache: FDerivedDataBackendGraph:  EnterprisePak pak cache file ../../../Enterprise/DerivedDataCache/Compressed.ddp not found, will not use a pak cache.
[2018.12.22-10.39.19:397][  0]LogDerivedDataCache: Unable to find inner node EnterprisePak for hierarchical cache Hierarchy.
[2018.12.22-10.39.19:410][  0]LogDerivedDataCache: Using Local data cache path C:/Users/준/AppData/Local/UnrealEngine/Common/DerivedDataCache: Writable
[2018.12.22-10.39.19:410][  0]LogDerivedDataCache: Shared data cache path not found in *engine.ini, will not use an Shared cache.
[2018.12.22-10.39.19:410][  0]LogDerivedDataCache: Unable to find inner node Shared for hierarchical cache Hierarchy.
[2018.12.22-10.39.19:439][  0]LogMaterial: Verifying Global Shaders for PCD3D_SM5
[2018.12.22-10.39.19:441][  0]LogSlate: Using FreeType 2.6.0
[2018.12.22-10.39.19:442][  0]LogSlate: SlateFontServices - WITH_FREETYPE: 1, WITH_HARFBUZZ: 1
[2018.12.22-10.39.19:558][  0]LogAssetRegistry: FAssetRegistry took 0.0379 seconds to start up
[2018.12.22-10.39.19:944][  0]LogInit: Selected Device Profile: [Windows]
[2018.12.22-10.39.20:058][  0]LogSimplygon: Simplygon DLL not present - disabling.
[2018.12.22-10.39.20:069][  0]LogMeshReduction: Using SimplygonSwarm for distributed automatic mesh merging
[2018.12.22-10.39.20:069][  0]LogMeshReduction: Using ProxyLODMeshReduction for automatic mesh merging
[2018.12.22-10.39.20:069][  0]LogMeshReduction: Using QuadricMeshReduction for automatic static mesh reduction
[2018.12.22-10.39.20:069][  0]LogMeshReduction: No automatic skeletal mesh reduction module available
[2018.12.22-10.39.20:177][  0]LogNetVersion: ArenaBattle 1.0.0, NetCL: 4541578, EngineNetVer: 5, GameNetVer: 0 (Checksum: 3566959148)
[2018.12.22-10.39.20:819][  0]LogPackageLocalizationCache: Processed 11 localized package path(s) for 2 prioritized culture(s) in 0.124968 seconds
[2018.12.22-10.39.20:827][  0]LogUObjectArray: 39775 objects as part of root set at end of initial load.
[2018.12.22-10.39.20:827][  0]LogUObjectAllocator: 6914664 out of 0 bytes used by permanent object pool.
[2018.12.22-10.39.20:827][  0]LogUObjectArray: CloseDisregardForGC: 0/0 objects in disregard for GC pool
[2018.12.22-10.39.22:039][  0]LogTcpMessaging: Initializing TcpMessaging bridge
[2018.12.22-10.39.22:057][  0]LogUdpMessaging: Initializing bridge on interface 0.0.0.0:0 to multicast group 230.0.0.1:6666.
[2018.12.22-10.39.22:975][  0]WebConnection: Warning: WebConnection Constructor Call!
[2018.12.22-10.39.22:975][  0]ArenaBattle: Warning: UABGameInstance::UABGameInstance(9) Coustructor Call Start
[2018.12.22-10.39.22:975][  0]WebConnection: Warning: WebConnection Constructor Call!
[2018.12.22-10.39.22:975][  0]ArenaBattle: Warning: UABGameInstance::UABGameInstance(13) Constructor Call End
[2018.12.22-10.39.23:107][  0]SourceControl: 소스 컨트롤이 꺼졌습니다.
[2018.12.22-10.39.23:107][  0]SourceControl: 소스 컨트롤이 꺼졌습니다.
[2018.12.22-10.39.23:112][  0]SourceControl: 소스 컨트롤이 꺼졌습니다.
[2018.12.22-10.39.23:117][  0]SourceControl: 소스 컨트롤이 꺼졌습니다.
[2018.12.22-10.39.23:413][  0]LogAndroidPermission: UAndroidPermissionCallbackProxy::GetInstance
[2018.12.22-10.39.23:797][  0]LogOcInput: OculusInput pre-init called
[2018.12.22-10.39.23:967][  0]LogEngine: Initializing Engine...
[2018.12.22-10.39.23:969][  0]LogHMD: Failed to initialize OpenVR with code 110
[2018.12.22-10.39.23:971][  0]LogStats: UGameplayTagsManager::ConstructGameplayTagTree: ImportINI prefixes -  0.000 s
[2018.12.22-10.39.23:971][  0]LogStats: UGameplayTagsManager::ConstructGameplayTagTree: Construct from data asset -  0.000 s
[2018.12.22-10.39.23:971][  0]LogStats: UGameplayTagsManager::ConstructGameplayTagTree: ImportINI -  0.000 s
[2018.12.22-10.39.23:971][  0]LogStats: UGameplayTagsManager::ConstructGameplayTagTree: GameplayTagTreeChangedEvent.Broadcast -  0.000 s
[2018.12.22-10.39.24:246][  0]LogInit: Initializing FReadOnlyCVARCache
[2018.12.22-10.39.24:263][  0]LogAIModule: Creating AISystem for world Untitled
[2018.12.22-10.39.24:278][  0]LogInit: Failed to create XAudio2 interface
[2018.12.22-10.39.24:279][  0]LogNetVersion: Set ProjectVersion to 1.0.0.0. Version Checksum will be recalculated on next use.
[2018.12.22-10.39.24:380][  0]LogDerivedDataCache: Saved boot cache 0.10s 71MB C:/Users/준/AppData/Local/UnrealEngine/4.21/DerivedDataCache/Boot.ddc.
[2018.12.22-10.39.24:395][  0]LogInit: Texture streaming: Enabled
[2018.12.22-10.39.24:432][  0]LogEngineSessionManager: EngineSessionManager initialized
[2018.12.22-10.39.24:433][  0]LogEngineSessionManager: EngineSessionManager sent abnormal shutdown report. Type=Debugger, SessionId={D7B0CCED-4010-86EE-B1DC-5694C423E2A6}
[2018.12.22-10.39.24:446][  0]LogInit: Transaction tracking system initialized
[2018.12.22-10.39.24:488][  0]BlueprintLog: New page: 에디터 로드
[2018.12.22-10.39.24:637][  0]LocalizationService: 현지화 서비스가 비활성화되었습니다.
[2018.12.22-10.39.25:803][  0]LogCook: Display: Max memory allowance for cook 16384mb min free memory 0mb
[2018.12.22-10.39.25:803][  0]LogCook: Display: Mobile HDR setting 1
[2018.12.22-10.39.25:803][  0]LogGameplayTags: Display: UGameplayTagsManager::DoneAddingNativeTags. DelegateIsBound: 0
[2018.12.22-10.39.25:803][  0]LogStats: UGameplayTagsManager::ConstructGameplayTagTree: ImportINI prefixes -  0.000 s
[2018.12.22-10.39.25:803][  0]LogStats: UGameplayTagsManager::ConstructGameplayTagTree: Construct from data asset -  0.000 s
[2018.12.22-10.39.25:803][  0]LogStats: UGameplayTagsManager::ConstructGameplayTagTree: ImportINI -  0.000 s
[2018.12.22-10.39.25:804][  0]LogStats: UGameplayTagsManager::ConstructGameplayTagTree: GameplayTagTreeChangedEvent.Broadcast -  0.000 s
[2018.12.22-10.39.26:045][  0]LogFileCache: Scanning file cache for directory 'D:/UnrealProject/Chapter_5/Content/' took 0.03s
[2018.12.22-10.39.26:045][  0]SourceControl: 소스 컨트롤이 꺼졌습니다.
[2018.12.22-10.39.26:046][  0]Cmd: MAP LOAD FILE="../../../Engine/Content/Maps/Templates/Template_Default.umap" TEMPLATE=1 SHOWPROGRESS=1 FEATURELEVEL=3
[2018.12.22-10.39.26:046][  0]LightingResults: New page: 라이팅 빌드
[2018.12.22-10.39.26:049][  0]MapCheck: New page: 맵 체크
[2018.12.22-10.39.26:049][  0]LightingResults: New page: 라이팅 빌드
[2018.12.22-10.39.26:240][  0]LogAIModule: Creating AISystem for world Untitled_1
[2018.12.22-10.39.26:249][  0]LogEditorServer: Finished looking for orphan Actors (0.000 secs)
[2018.12.22-10.39.26:278][  0]Cmd: MAP CHECKDEP NOCLEARLOG
[2018.12.22-10.39.26:278][  0]MapCheck: 맵 체크 완료: 오류 0 회, 경고 0 회, 소요 시간 0.168ms.
[2018.12.22-10.39.26:278][  0]LogFileHelpers: Loading map 'Template_Default' took 0.233
[2018.12.22-10.39.26:410][  0]LogSlate: Updating window title bar state: overlay mode, drag disabled, window buttons hidden, title bar hidden
[2018.12.22-10.39.26:419][  0]LogSlate: Updating window title bar state: overlay mode, drag disabled, window buttons hidden, title bar hidden
[2018.12.22-10.39.26:427][  0]LogSlate: Updating window title bar state: overlay mode, drag disabled, window buttons hidden, title bar hidden
[2018.12.22-10.39.26:435][  0]LogSlate: Updating window title bar state: overlay mode, drag disabled, window buttons hidden, title bar hidden
[2018.12.22-10.39.26:449][  0]LogCollectionManager: Loaded 0 collections in 0.001609 seconds
[2018.12.22-10.39.26:482][  0]LogFileCache: Scanning file cache for directory 'D:/UnrealProject/Chapter_5/Saved/Collections/' took 0.01s
[2018.12.22-10.39.26:482][  0]LogFileCache: Scanning file cache for directory 'D:/UnrealProject/Chapter_5/Content/Developers/준/Collections/' took 0.00s
[2018.12.22-10.39.26:482][  0]LogFileCache: Scanning file cache for directory 'D:/UnrealProject/Chapter_5/Content/Collections/' took 0.01s
[2018.12.22-10.39.26:483][  0]LogCollectionManager: Rebuilt the GUID cache for 0 collections in 0.000000 seconds
[2018.12.22-10.39.26:493][  0]LogContentBrowser: Native class hierarchy populated in 0.0103 seconds. Added 2656 classes and 625 folders.
[2018.12.22-10.39.26:499][  0]LogContentBrowser: Native class hierarchy updated for 'WidgetCarousel' in 0.0004 seconds. Added 0 classes and 0 folders.
[2018.12.22-10.39.26:503][  0]LogPakFile: Registered encryption key '00000000000000000000000000000000': 0 pak files mounted, 0 remain pending
[2018.12.22-10.39.26:505][  0]LogPakFile: Registered encryption key '00000000000000000000000000000000': 0 pak files mounted, 0 remain pending
[2018.12.22-10.39.26:506][  0]LogPakFile: Registered encryption key '00000000000000000000000000000000': 0 pak files mounted, 0 remain pending
[2018.12.22-10.39.26:508][  0]LogPakFile: Registered encryption key '00000000000000000000000000000000': 0 pak files mounted, 0 remain pending
[2018.12.22-10.39.26:509][  0]LogPakFile: Registered encryption key '00000000000000000000000000000000': 0 pak files mounted, 0 remain pending
[2018.12.22-10.39.26:511][  0]LogPakFile: Registered encryption key '00000000000000000000000000000000': 0 pak files mounted, 0 remain pending
[2018.12.22-10.39.26:513][  0]LogPakFile: Registered encryption key '00000000000000000000000000000000': 0 pak files mounted, 0 remain pending
[2018.12.22-10.39.26:514][  0]LogPakFile: Registered encryption key '00000000000000000000000000000000': 0 pak files mounted, 0 remain pending
[2018.12.22-10.39.26:516][  0]LogPakFile: Registered encryption key '00000000000000000000000000000000': 0 pak files mounted, 0 remain pending
[2018.12.22-10.39.26:518][  0]LogPakFile: Registered encryption key '00000000000000000000000000000000': 0 pak files mounted, 0 remain pending
[2018.12.22-10.39.26:519][  0]LogPakFile: Registered encryption key '00000000000000000000000000000000': 0 pak files mounted, 0 remain pending
[2018.12.22-10.39.26:521][  0]LogPakFile: Registered encryption key '00000000000000000000000000000000': 0 pak files mounted, 0 remain pending
[2018.12.22-10.39.26:523][  0]LogPakFile: Registered encryption key '00000000000000000000000000000000': 0 pak files mounted, 0 remain pending
[2018.12.22-10.39.26:524][  0]LogPakFile: Registered encryption key '00000000000000000000000000000000': 0 pak files mounted, 0 remain pending
[2018.12.22-10.39.26:526][  0]LogPakFile: Registered encryption key '00000000000000000000000000000000': 0 pak files mounted, 0 remain pending
[2018.12.22-10.39.26:528][  0]LogPakFile: Registered encryption key '00000000000000000000000000000000': 0 pak files mounted, 0 remain pending
[2018.12.22-10.39.26:529][  0]LogPakFile: Registered encryption key '00000000000000000000000000000000': 0 pak files mounted, 0 remain pending
[2018.12.22-10.39.26:531][  0]LogPakFile: Registered encryption key '00000000000000000000000000000000': 0 pak files mounted, 0 remain pending
[2018.12.22-10.39.26:532][  0]LogPakFile: Registered encryption key '00000000000000000000000000000000': 0 pak files mounted, 0 remain pending
[2018.12.22-10.39.26:533][  0]LogPakFile: Registered encryption key '00000000000000000000000000000000': 0 pak files mounted, 0 remain pending
[2018.12.22-10.39.26:534][  0]LogPakFile: Registered encryption key '00000000000000000000000000000000': 0 pak files mounted, 0 remain pending
[2018.12.22-10.39.26:535][  0]LogPakFile: Registered encryption key '00000000000000000000000000000000': 0 pak files mounted, 0 remain pending
[2018.12.22-10.39.26:535][  0]LogPakFile: Registered encryption key '00000000000000000000000000000000': 0 pak files mounted, 0 remain pending
[2018.12.22-10.39.26:536][  0]LogPakFile: Registered encryption key '00000000000000000000000000000000': 0 pak files mounted, 0 remain pending
[2018.12.22-10.39.26:537][  0]LogPakFile: Registered encryption key '00000000000000000000000000000000': 0 pak files mounted, 0 remain pending
[2018.12.22-10.39.26:538][  0]LogPakFile: Registered encryption key '00000000000000000000000000000000': 0 pak files mounted, 0 remain pending
[2018.12.22-10.39.26:591][  0]LogContentBrowser: Native class hierarchy updated for 'AddContentDialog' in 0.0004 seconds. Added 0 classes and 0 folders.
[2018.12.22-10.39.26:660][  0]LogSlate: Took 0.000268 seconds to synchronously load lazily loaded font '../../../Engine/Content/Slate/Fonts/Roboto-Regular.ttf' (155K)
[2018.12.22-10.39.26:664][  0]LogSlate: Took 0.003413 seconds to synchronously load lazily loaded font '../../../Engine/Content/Editor/Slate/Fonts/NanumGothic.ttf' (4243K)
[2018.12.22-10.39.26:670][  0]LogSlate: Took 0.003018 seconds to synchronously load lazily loaded font '../../../Engine/Content/Editor/Slate/Fonts/NanumGothicBold.ttf' (4188K)
[2018.12.22-10.39.26:671][  0]LogSlate: Took 0.000247 seconds to synchronously load lazily loaded font '../../../Engine/Content/Slate/Fonts/Roboto-Bold.ttf' (160K)
[2018.12.22-10.39.26:673][  0]LogSlate: Took 0.000200 seconds to synchronously load lazily loaded font '../../../Engine/Content/Editor/Slate/Fonts/FontAwesome.ttf' (139K)
[2018.12.22-10.39.26:674][  0]LogSlate: Took 0.000180 seconds to synchronously load lazily loaded font '../../../Engine/Content/Slate/Fonts/DroidSansMono.ttf' (77K)
[2018.12.22-10.39.26:708][  0]LogSlate: Took 0.003275 seconds to synchronously load lazily loaded font '../../../Engine/Content/Editor/Slate/Fonts/NanumGothicExtraBold.ttf' (4074K)
[2018.12.22-10.39.26:806][  0]LogRenderer: Reallocating scene render targets to support 1208x652 Format 9 NumSamples 1 (Frame:1).
[2018.12.22-10.39.27:205][  0]LogContentBrowser: Native class hierarchy updated for 'HierarchicalLODOutliner' in 0.0005 seconds. Added 0 classes and 0 folders.
[2018.12.22-10.39.27:206][  0]LogLoad: (Engine Initialization) Total time: 15.02 seconds
[2018.12.22-10.39.27:206][  0]LogLoad: (Engine Initialization) Total Blueprint compile time: 0.00 seconds
[2018.12.22-10.39.27:309][  0]LogContentStreaming: Texture pool size now 600 MB
[2018.12.22-10.39.27:356][  1]LogAssetRegistry: Asset discovery search completed in 7.8233 seconds
[2018.12.22-10.39.27:358][  1]LogCollectionManager: Rebuilt the object cache for 0 collections in 0.000000 seconds (found 0 objects)
[2018.12.22-10.39.27:359][  1]LogCollectionManager: Fixed up redirectors for 0 collections in 0.000467 seconds (updated 0 objects)
[2018.12.22-10.39.58:477][116]LogSlate: FSceneViewport::OnFocusLost() reason 0
[2018.12.22-10.39.58:558][120]LogTemp: Repeating last play command: 선택된 뷰포트
[2018.12.22-10.39.58:573][120]LogBlueprintUserMessages: Early PlayInEditor Detection: Level '/Temp/Untitled_1.Untitled_1:PersistentLevel' has LevelScriptBlueprint '/Temp/Untitled_1.Untitled_1:PersistentLevel.Untitled' with GeneratedClass '/Temp/Untitled_1.Untitled_C' with ClassGeneratedBy '/Temp/Untitled_1.Untitled_1:PersistentLevel.Untitled'
[2018.12.22-10.39.58:574][120]LogPlayLevel: PlayLevel: No blueprints needed recompiling
[2018.12.22-10.39.58:575][120]PIE: New page: PIE 세션: Untitled_1 (2018. 12. 23. 오전 4:39:58)
[2018.12.22-10.39.58:591][120]ArenaBattle: Warning: UABGameInstance::UABGameInstance(9) Coustructor Call Start
[2018.12.22-10.39.58:591][120]WebConnection: Warning: WebConnection Constructor Call!
[2018.12.22-10.39.58:591][120]ArenaBattle: Warning: UABGameInstance::UABGameInstance(13) Constructor Call End
[2018.12.22-10.39.58:592][120]LogPlayLevel: Creating play world package: /Temp/UEDPIE_0_Untitled_1
[2018.12.22-10.39.58:596][120]LogPlayLevel: PIE: StaticDuplicateObject took: (0.004100s)
[2018.12.22-10.39.58:597][120]LogAIModule: Creating AISystem for world Untitled_1
[2018.12.22-10.39.58:598][120]LogPlayLevel: PIE: World Init took: (0.000915s)
[2018.12.22-10.39.58:598][120]LogPlayLevel: PIE: Created PIE world by copying editor world from /Temp/Untitled_1.Untitled_1 to /Temp/UEDPIE_0_Untitled_1.Untitled_1 (0.005966s)
[2018.12.22-10.39.58:621][120]ArenaBattle: Warning: UABGameInstance::Init(20)
[2018.12.22-10.39.58:621][120]ArenaBattle: Warning: UABGameInstance::Init(27) ClassInfo1 is name with ClassInfo2
[2018.12.22-10.39.58:622][120]ArenaBattle: Warning: UABGameInstance::Init(32) Field:Host, Type:StrProperty
[2018.12.22-10.39.58:622][120]ArenaBattle: Warning: UABGameInstance::Init(36) Value=localhost:8000
[2018.12.22-10.39.58:622][120]ArenaBattle: Warning: UABGameInstance::Init(32) Field:URI, Type:StrProperty
[2018.12.22-10.39.58:622][120]ArenaBattle: Warning: UABGameInstance::Init(36) Value=/
[2018.12.22-10.39.58:622][120]ArenaBattle: Warning: UABGameInstance::Init(32) Field:TokenCompleteDelegate, Type:MulticastDelegateProperty
[2018.12.22-10.39.58:623][120]ArenaBattle: Warning: UABGameInstance::Init(42) Function=RequestToken
[2018.12.22-10.39.58:623][120]ArenaBattle: Warning: UABGameInstance::Init(57) DefaultSubobject:WebConnection
[2018.12.22-10.39.58:623][120]ArenaBattle: Warning: UABGameInstance::Init(58) Outer of DefaultSubobject:ABGameInstance
[2018.12.22-10.39.58:624][120]WebConnection: Warning: WebConnection Constructor Call!
[2018.12.22-10.39.58:624][120]ArenaBattle: Warning: UABGameInstance::Init(62) Outer of NewObject : ABGameInstance
[2018.12.22-10.39.58:624][120]ArenaBattle: Warning: UABGameInstance::Init(67) Actor:WorldSettings_1
[2018.12.22-10.39.58:624][120]ArenaBattle: Warning: UABGameInstance::Init(67) Actor:Brush_1
[2018.12.22-10.39.58:624][120]ArenaBattle: Warning: UABGameInstance::Init(72)  -- Conmpoenet:BrushComponent0
[2018.12.22-10.39.58:625][120]ArenaBattle: Warning: UABGameInstance::Init(67) Actor:LightSource
[2018.12.22-10.39.58:625][120]ArenaBattle: Warning: UABGameInstance::Init(72)  -- Conmpoenet:LightComponent0
[2018.12.22-10.39.58:625][120]ArenaBattle: Warning: UABGameInstance::Init(72)  -- Conmpoenet:ArrowComponent0
[2018.12.22-10.39.58:625][120]ArenaBattle: Warning: UABGameInstance::Init(67) Actor:PlayerStart
[2018.12.22-10.39.58:626][120]ArenaBattle: Warning: UABGameInstance::Init(72)  -- Conmpoenet:CollisionCapsule
[2018.12.22-10.39.58:626][120]ArenaBattle: Warning: UABGameInstance::Init(72)  -- Conmpoenet:Sprite
[2018.12.22-10.39.58:626][120]ArenaBattle: Warning: UABGameInstance::Init(72)  -- Conmpoenet:Sprite2
[2018.12.22-10.39.58:626][120]ArenaBattle: Warning: UABGameInstance::Init(72)  -- Conmpoenet:Arrow
[2018.12.22-10.39.58:626][120]ArenaBattle: Warning: UABGameInstance::Init(67) Actor:InstancedFoliageActor_0
[2018.12.22-10.39.58:627][120]ArenaBattle: Warning: UABGameInstance::Init(72)  -- Conmpoenet:RootComponent0
[2018.12.22-10.39.58:627][120]ArenaBattle: Warning: UABGameInstance::Init(67) Actor:AtmosphericFog_1
[2018.12.22-10.39.58:627][120]ArenaBattle: Warning: UABGameInstance::Init(72)  -- Conmpoenet:Sprite
[2018.12.22-10.39.58:627][120]ArenaBattle: Warning: UABGameInstance::Init(72)  -- Conmpoenet:AtmosphericFogComponent0
[2018.12.22-10.39.58:627][120]ArenaBattle: Warning: UABGameInstance::Init(72)  -- Conmpoenet:ArrowComponent0
[2018.12.22-10.39.58:628][120]ArenaBattle: Warning: UABGameInstance::Init(67) Actor:Floor
[2018.12.22-10.39.58:628][120]ArenaBattle: Warning: UABGameInstance::Init(72)  -- Conmpoenet:StaticMeshComponent0
[2018.12.22-10.39.58:628][120]ArenaBattle: Warning: UABGameInstance::Init(67) Actor:SkySphere
[2018.12.22-10.39.58:628][120]ArenaBattle: Warning: UABGameInstance::Init(72)  -- Conmpoenet:Sky Sphere mesh
[2018.12.22-10.39.58:629][120]ArenaBattle: Warning: UABGameInstance::Init(72)  -- Conmpoenet:Base
[2018.12.22-10.39.58:629][120]ArenaBattle: Warning: UABGameInstance::Init(67) Actor:SkyLight_1
[2018.12.22-10.39.58:629][120]ArenaBattle: Warning: UABGameInstance::Init(72)  -- Conmpoenet:Sprite
[2018.12.22-10.39.58:629][120]ArenaBattle: Warning: UABGameInstance::Init(72)  -- Conmpoenet:SkyLightComponent0
[2018.12.22-10.39.58:629][120]ArenaBattle: Warning: UABGameInstance::Init(67) Actor:SphereReflectionCapture_1
[2018.12.22-10.39.58:630][120]ArenaBattle: Warning: UABGameInstance::Init(72)  -- Conmpoenet:NewReflectionComponent
[2018.12.22-10.39.58:630][120]ArenaBattle: Warning: UABGameInstance::Init(72)  -- Conmpoenet:Sprite
[2018.12.22-10.39.58:630][120]ArenaBattle: Warning: UABGameInstance::Init(72)  -- Conmpoenet:CaptureOffset
[2018.12.22-10.39.58:630][120]ArenaBattle: Warning: UABGameInstance::Init(72)  -- Conmpoenet:DrawRadius0
[2018.12.22-10.39.58:631][120]ArenaBattle: Warning: UABGameInstance::Init(72)  -- Conmpoenet:DrawRadius1
[2018.12.22-10.39.58:631][120]ArenaBattle: Warning: UABGameInstance::Init(67) Actor:GameplayDebuggerPlayerManager_0
[2018.12.22-10.39.58:631][120]ArenaBattle: Warning: UABGameInstance::Init(78) StaticMesh Actor: Floor
[2018.12.22-10.39.58:631][120]ArenaBattle: Warning: UABGameInstance::Init(87) WebConnection Object Host:localhost:8000
[2018.12.22-10.39.58:631][120]ArenaBattle: Warning: UABGameInstance::Init(87) WebConnection Object Host:localhost
[2018.12.22-10.39.58:632][120]ArenaBattle: Warning: UABGameInstance::Init(87) WebConnection Object Host:127.0.0.1
[2018.12.22-10.39.58:632][120]WebConnection: Warning: Request Toekn Call!
[2018.12.22-10.39.58:632][120]ArenaBattle: Warning: UABGameInstance::RequestTokenComplete(271) Token : 0LCJydGkiOiI2a3NjVE9pTUNESVZWM05qVTIyUnlTIn0.VJyMOicM
[2018.12.22-10.39.58:633][120]WebConnection: Warning: WebConnection Constructor Call!
[2018.12.22-10.39.58:687][120]LogSavePackage: Moving '../../../../../../../UnrealProject/Chapter_5/Saved/SavedWebConnectionB123C51748E2794687B79D8B813D2F59.tmp' to '../../../../../../../UnrealProject/Chapter_5/Saved/SavedWebConnection.uasset'
[2018.12.22-10.39.58:698][120]ArenaBattle: Warning: UABGameInstance::Init(144) WebConnection From Filr: Host 127.0.0.7, URI /
[2018.12.22-10.39.58:698][120]ArenaBattle: Warning: UABGameInstance::Init(149) *****step1*****
[2018.12.22-10.39.58:698][120]ArenaBattle: Warning: UABGameInstance::Init(151) New House. Size: 10
[2018.12.22-10.39.58:699][120]ArenaBattle: Warning: UABGameInstance::Init(155) Broken My House.Size10
[2018.12.22-10.39.58:699][120]ArenaBattle: Warning: UABGameInstance::Init(161) ******step2******
[2018.12.22-10.39.58:699][120]ArenaBattle: Warning: UABGameInstance::Init(164) Re bulild House. Size : 100
[2018.12.22-10.39.58:700][120]ArenaBattle: Warning: UABGameInstance::Init(169) Only Mine. Size: 100
[2018.12.22-10.39.58:700][120]ArenaBattle: Warning: UABGameInstance::Init(176) Sold My Friend.friendSize:100
[2018.12.22-10.39.58:700][120]ArenaBattle: Warning: UABGameInstance::Init(179) no paper broken house.size:100
[2018.12.22-10.39.58:700][120]ArenaBattle: Warning: UABGameInstance::Init(183) *****Step3******
[2018.12.22-10.39.58:701][120]ArenaBattle: Warning: UABGameInstance::Init(186) rebulild my house again. size:150
[2018.12.22-10.39.58:701][120]ArenaBattle: Warning: UABGameInstance::Init(191) Share house . My house size:150
[2018.12.22-10.39.58:701][120]ArenaBattle: Warning: UABGameInstance::Init(194) current only one use. myhouseSize:150
[2018.12.22-10.39.58:702][120]ArenaBattle: Warning: UABGameInstance::Init(201) friend share my house.friendsize:150
[2018.12.22-10.39.58:702][120]ArenaBattle: Warning: UABGameInstance::Init(207) now friend only have house. friendSIze:150
[2018.12.22-10.39.58:702][120]ArenaBattle: Warning: UABGameInstance::Init(209) house no touch. size:150
[2018.12.22-10.39.58:702][120]ArenaBattle: Warning: UABGameInstance::Init(211) auto broken house. size:150
[2018.12.22-10.39.58:703][120]ArenaBattle: Warning: UABGameInstance::Init(215) *****4´ܰ*****
[2018.12.22-10.39.58:706][120]LogSlate: Took 0.002879 seconds to synchronously load lazily loaded font '../../../Engine/Content/Slate/Fonts/DroidSansFallback.ttf' (3848K)
[2018.12.22-10.39.58:709][120]LogSlate: Took 0.003199 seconds to synchronously load lazily loaded font '../../../Engine/Content/Slate/Fonts/../../Editor/Slate/Fonts/NanumGothic.ttf' (4243K)
[2018.12.22-10.39.58:715][120]LogSlate: Took 0.004079 seconds to synchronously load lazily loaded font '../../../Engine/Content/SlateDebug/Fonts/LastResort.ttf' (5269K)
[2018.12.22-10.39.58:716][120]ArenaBattle: Warning: UABGameInstance::Init(218) house one more bulid, firstSize = 200
[2018.12.22-10.39.58:716][120]ArenaBattle: Warning: UABGameInstance::Init(222) friend build self. second size=250
[2018.12.22-10.39.58:716][120]ArenaBattle: Warning: UABGameInstance::Init(226) MyHouse has mine. ³»ũ± : 200
[2018.12.22-10.39.58:717][120]ArenaBattle: Warning: UABGameInstance::Init(228) friend house has friend . size:250
[2018.12.22-10.39.58:717][120]ArenaBattle: Warning: UABGameInstance::Init(231) friend house share paper in my house. friendsize:250
[2018.12.22-10.39.58:717][120]ArenaBattle: Warning: UABGameInstance::Init(233) my house shacre paper in friendHouse. myhousesize:200
[2018.12.22-10.39.58:718][120]ArenaBattle: Warning: UABGameInstance::Init(236) paper burn my house not broken.firstHouseSIze:200
[2018.12.22-10.39.58:718][120]ArenaBattle: Warning: UABGameInstance::Init(237) friendHouse not broken.secondHouseSize:250
[2018.12.22-10.39.58:718][120]ArenaBattle: Warning: UABGameInstance::Init(240) friend hous broken self. secondHousesize:250
[2018.12.22-10.39.58:718][120]ArenaBattle: Warning: UABGameInstance::Init(241) my house broken self.firstHousesize:200
[2018.12.22-10.39.58:719][120]ArenaBattle: Warning: UABGameInstance::Init(244) *****Step5*****
[2018.12.22-10.39.58:719][120]ArenaBattle: Warning: UABGameInstance::Init(247) last house build.firstSize:300
[2018.12.22-10.39.58:719][120]ArenaBattle: Warning: UABGameInstance::Init(251) friend build again.secondHouse:350
[2018.12.22-10.39.58:720][120]ArenaBattle: Warning: UABGameInstance::Init(255) MyHouse has mine. ³»ũ± : 300
[2018.12.22-10.39.58:720][120]ArenaBattle: Warning: UABGameInstance::Init(257) friend house has friend . size:350
[2018.12.22-10.39.58:720][120]ArenaBattle: Warning: UABGameInstance::Init(260) friend house share paper in my house. friendsize:350
[2018.12.22-10.39.58:720][120]ArenaBattle: Warning: UABGameInstance::Init(262) my house shacre paper in friendHouse. myhousesize:300
[2018.12.22-10.39.58:721][120]ArenaBattle: Warning: UABGameInstance::Init(265) friend hous broken auto. secondHousesize:300
[2018.12.22-10.39.58:721][120]ArenaBattle: Warning: UABGameInstance::Init(266) my house broken auto.firstHousesize:350
[2018.12.22-10.39.58:769][120]LogLoad: Game class is 'GameModeBase'
[2018.12.22-10.39.58:772][120]LogWorld: Bringing World /Temp/UEDPIE_0_Untitled_1.Untitled_1 up for play (max tick rate 60) at 2018.12.22-19.39.58
[2018.12.22-10.39.58:773][120]LogWorld: Bringing up level for play took: 0.001053
[2018.12.22-10.39.58:792][120]LogContentBrowser: Native class hierarchy updated for 'MovieSceneCapture' in 0.0005 seconds. Added 20 classes and 0 folders.
[2018.12.22-10.39.58:794][120]PIE: /Temp/UEDPIE_0_Untitled_1 에 대한 에디터에서 플레이 시작 시간: 0.835
[2018.12.22-10.39.58:795][120]LogBlueprintUserMessages: Late PlayInEditor Detection: Level '/Temp/Untitled_1.Untitled_1:PersistentLevel' has LevelScriptBlueprint '/Temp/Untitled_1.Untitled_1:PersistentLevel.Untitled' with GeneratedClass '/Temp/Untitled_1.Untitled_C' with ClassGeneratedBy '/Temp/Untitled_1.Untitled_1:PersistentLevel.Untitled'
[2018.12.22-10.39.59:706][169]LogBlueprintUserMessages: Early EndPlayMap Detection: Level '/Temp/Untitled_1.Untitled_1:PersistentLevel' has LevelScriptBlueprint '/Temp/Untitled_1.Untitled_1:PersistentLevel.Untitled' with GeneratedClass '/Temp/Untitled_1.Untitled_C' with ClassGeneratedBy '/Temp/Untitled_1.Untitled_1:PersistentLevel.Untitled'
[2018.12.22-10.39.59:707][169]LogSlate: Updating window title bar state: overlay mode, drag disabled, window buttons hidden, title bar hidden
[2018.12.22-10.39.59:747][169]LogPlayLevel: Display: Shutting down PIE online subsystems
[2018.12.22-10.39.59:747][169]LogBlueprintUserMessages: Late EndPlayMap Detection: Level '/Temp/Untitled_1.Untitled_1:PersistentLevel' has LevelScriptBlueprint '/Temp/Untitled_1.Untitled_1:PersistentLevel.Untitled' with GeneratedClass '/Temp/Untitled_1.Untitled_C' with ClassGeneratedBy '/Temp/Untitled_1.Untitled_1:PersistentLevel.Untitled'
[2018.12.22-10.39.59:773][169]LogSlate: Updating window title bar state: overlay mode, drag disabled, window buttons hidden, title bar hidden
[2018.12.22-10.39.59:810][171]LogPlayLevel: Display: Destroying online subsystem :Context_1
[2018.12.22-10.40.05:673][452]LogSlate: Window 'ArenaBattle - 언리얼 에디터' being destroyed
[2018.12.22-10.40.05:680][452]LogWindowsTextInputMethodSystem: Display: IME system now activated using TSF (Microsoft 입력기).
[2018.12.22-10.40.05:904][453]Cmd: QUIT_EDITOR
[2018.12.22-10.40.06:000][453]LogExit: Preparing to exit.
[2018.12.22-10.40.06:679][453]LogExit: Editor shut down
[2018.12.22-10.40.06:679][453]LogExit: Transaction tracking system shut down
[2018.12.22-10.40.07:137][453]LogExit: Object subsystem successfully closed.
[2018.12.22-10.40.07:172][453]LogShaderCompilers: Display: Shaders left to compile 0
[2018.12.22-10.40.07:179][453]LogD3D11RHI: Shutdown
[2018.12.22-10.40.07:179][453]LogD3D11RHI: CleanupD3DDevice
[2018.12.22-10.40.07:192][453]LogD3D11RHI: [IntelMetricsDiscovery] Stopped
[2018.12.22-10.40.07:192][453]LogD3D11RHI: ~FD3D11DynamicRHI
[2018.12.22-10.40.07:209][453]LogModuleManager: Shutting down and abandoning module MovieSceneCapture (632)
[2018.12.22-10.40.07:209][453]LogModuleManager: Shutting down and abandoning module Voice (630)
[2018.12.22-10.40.07:209][453]LogModuleManager: Shutting down and abandoning module HierarchicalLODOutliner (628)
[2018.12.22-10.40.07:209][453]LogModuleManager: Shutting down and abandoning module AddContentDialog (626)
[2018.12.22-10.40.07:210][453]LogModuleManager: Shutting down and abandoning module WidgetCarousel (625)
[2018.12.22-10.40.07:210][453]LogModuleManager: Shutting down and abandoning module EditorWidgets (622)
[2018.12.22-10.40.07:210][453]LogModuleManager: Shutting down and abandoning module CollectionManager (620)
[2018.12.22-10.40.07:210][453]LogModuleManager: Shutting down and abandoning module SceneOutliner (618)
[2018.12.22-10.40.07:210][453]LogModuleManager: Shutting down and abandoning module HierarchicalLODUtilities (616)
[2018.12.22-10.40.07:211][453]LogModuleManager: Shutting down and abandoning module StatsViewer (614)
[2018.12.22-10.40.07:211][453]LogModuleManager: Shutting down and abandoning module FoliageEdit (612)
[2018.12.22-10.40.07:211][453]LogModuleManager: Shutting down and abandoning module LandscapeEditor (610)
[2018.12.22-10.40.07:211][453]LogModuleManager: Shutting down and abandoning module MeshPaintMode (608)
[2018.12.22-10.40.07:211][453]LogModuleManager: Shutting down and abandoning module SceneDepthPickerMode (606)
[2018.12.22-10.40.07:211][453]LogModuleManager: Shutting down and abandoning module ActorPickerMode (604)
[2018.12.22-10.40.07:211][453]LogModuleManager: Shutting down and abandoning module GeometryMode (602)
[2018.12.22-10.40.07:211][453]LogModuleManager: Shutting down and abandoning module TextureAlignMode (600)
[2018.12.22-10.40.07:211][453]LogModuleManager: Shutting down and abandoning module BspMode (598)
[2018.12.22-10.40.07:212][453]LogModuleManager: Shutting down and abandoning module PIEPreviewDeviceProfileSelector (596)
[2018.12.22-10.40.07:212][453]LogModuleManager: Shutting down and abandoning module SequenceRecorderSections (594)
[2018.12.22-10.40.07:212][453]LogModuleManager: Shutting down and abandoning module AutomationWorker (592)
[2018.12.22-10.40.07:212][453]LogModuleManager: Shutting down and abandoning module AudioCaptureEditor (590)
[2018.12.22-10.40.07:212][453]LogModuleManager: Shutting down and abandoning module MatineeToLevelSequence (588)
[2018.12.22-10.40.07:212][453]LogModuleManager: Shutting down and abandoning module LevelSequenceEditor (586)
[2018.12.22-10.40.07:212][453]LogModuleManager: Shutting down and abandoning module PlacementMode (585)
[2018.12.22-10.40.07:212][453]LogModuleManager: Shutting down and abandoning module MaterialEditor (584)
[2018.12.22-10.40.07:212][453]LogModuleManager: Shutting down and abandoning module WmfMediaFactory (580)
[2018.12.22-10.40.07:213][453]LogModuleManager: Shutting down and abandoning module WmfMediaEditor (578)
[2018.12.22-10.40.07:213][453]LogModuleManager: Shutting down and abandoning module WebMMediaFactory (576)
[2018.12.22-10.40.07:213][453]LogModuleManager: Shutting down and abandoning module WebMMediaEditor (574)
[2018.12.22-10.40.07:213][453]LogModuleManager: Shutting down and abandoning module WebMMedia (572)
[2018.12.22-10.40.07:213][453]LogModuleManager: Shutting down and abandoning module MediaPlayerEditor (570)
[2018.12.22-10.40.07:213][453]LogModuleManager: Shutting down and abandoning module MediaCompositingEditor (568)
[2018.12.22-10.40.07:213][453]LogModuleManager: Shutting down and abandoning module SequenceRecorder (567)
[2018.12.22-10.40.07:213][453]LogModuleManager: Shutting down and abandoning module OpenExrWrapper (564)
[2018.12.22-10.40.07:213][453]LogModuleManager: Shutting down and abandoning module ImgMediaFactory (562)
[2018.12.22-10.40.07:213][453]LogModuleManager: Shutting down and abandoning module ImgMediaEditor (560)
[2018.12.22-10.40.07:213][453]LogModuleManager: Shutting down and abandoning module AvfMediaFactory (558)
[2018.12.22-10.40.07:214][453]LogModuleManager: Shutting down and abandoning module AvfMediaEditor (556)
[2018.12.22-10.40.07:214][453]LogModuleManager: Shutting down and abandoning module AndroidMediaFactory (554)
[2018.12.22-10.40.07:214][453]LogModuleManager: Shutting down and abandoning module AndroidMediaEditor (552)
[2018.12.22-10.40.07:214][453]LogModuleManager: Shutting down and abandoning module MagicLeapCameraPreviewFactory (550)
[2018.12.22-10.40.07:214][453]LogModuleManager: Shutting down and abandoning module MagicLeapMediaFactory (548)
[2018.12.22-10.40.07:214][453]LogModuleManager: Shutting down and abandoning module MagicLeapMediaEditor (546)
[2018.12.22-10.40.07:214][453]LogModuleManager: Shutting down and abandoning module CharacterAI (544)
[2018.12.22-10.40.07:214][453]LogModuleManager: Shutting down and abandoning module SmartSnapping (542)
[2018.12.22-10.40.07:214][453]LogModuleManager: Shutting down and abandoning module SessionServices (540)
[2018.12.22-10.40.07:214][453]LogModuleManager: Shutting down and abandoning module ViewportSnapping (538)
[2018.12.22-10.40.07:214][453]LogModuleManager: Shutting down and abandoning module ViewportInteraction (536)
[2018.12.22-10.40.07:215][453]LogModuleManager: Shutting down and abandoning module ClothPainter (534)
[2018.12.22-10.40.07:215][453]LogModuleManager: Shutting down and abandoning module SkeletalMeshEditor (533)
[2018.12.22-10.40.07:215][453]LogModuleManager: Shutting down and abandoning module LogVisualizer (530)
[2018.12.22-10.40.07:215][453]LogModuleManager: Shutting down and abandoning module IntroTutorials (528)
[2018.12.22-10.40.07:215][453]LogModuleManager: Shutting down and abandoning module GameProjectGeneration (527)
[2018.12.22-10.40.07:215][453]LogModuleManager: Shutting down and abandoning module LuminPlatformEditor (524)
[2018.12.22-10.40.07:215][453]LogModuleManager: Shutting down and abandoning module IOSPlatformEditor (522)
[2018.12.22-10.40.07:215][453]LogModuleManager: Shutting down and abandoning module HTML5PlatformEditor (520)
[2018.12.22-10.40.07:215][453]LogModuleManager: Shutting down and abandoning module AndroidPlatformEditor (518)
[2018.12.22-10.40.07:215][453]LogModuleManager: Shutting down and abandoning module AndroidDeviceDetection (517)
[2018.12.22-10.40.08:234][453]LogModuleManager: Shutting down and abandoning module WindowsPlatformEditor (514)
[2018.12.22-10.40.08:234][453]LogModuleManager: Shutting down and abandoning module LuminRuntimeSettings (512)
[2018.12.22-10.40.08:235][453]LogModuleManager: Shutting down and abandoning module IOSRuntimeSettings (510)
[2018.12.22-10.40.08:235][453]LogModuleManager: Shutting down and abandoning module AndroidRuntimeSettings (508)
[2018.12.22-10.40.08:235][453]LogModuleManager: Shutting down and abandoning module TimeManagementEditor (506)
[2018.12.22-10.40.08:235][453]LogModuleManager: Shutting down and abandoning module InputBindingEditor (504)
[2018.12.22-10.40.08:235][453]LogModuleManager: Shutting down and abandoning module MergeActors (502)
[2018.12.22-10.40.08:235][453]LogModuleManager: Shutting down and abandoning module LocalizationDashboard (500)
[2018.12.22-10.40.08:235][453]LogModuleManager: Shutting down and abandoning module LocalizationService (499)
[2018.12.22-10.40.08:235][453]LogModuleManager: Shutting down and abandoning module HardwareTargeting (496)
[2018.12.22-10.40.08:236][453]LogModuleManager: Shutting down and abandoning module DeviceProfileEditor (494)
[2018.12.22-10.40.08:236][453]LogModuleManager: Shutting down and abandoning module UndoHistory (492)
[2018.12.22-10.40.08:236][453]LogModuleManager: Shutting down and abandoning module XmlParser (490)
[2018.12.22-10.40.08:236][453]LogModuleManager: Shutting down and abandoning module Blutility (488)
[2018.12.22-10.40.08:236][453]LogModuleManager: Shutting down and abandoning module ProjectSettingsViewer (486)
[2018.12.22-10.40.08:236][453]LogModuleManager: Shutting down and abandoning module ProjectTargetPlatformEditor (485)
[2018.12.22-10.40.08:236][453]LogModuleManager: Shutting down and abandoning module EditorSettingsViewer (482)
[2018.12.22-10.40.08:236][453]LogModuleManager: Shutting down and abandoning module SettingsEditor (480)
[2018.12.22-10.40.08:237][453]LogModuleManager: Shutting down and abandoning module ProjectLauncher (478)
[2018.12.22-10.40.08:237][453]LogModuleManager: Shutting down and abandoning module SessionFrontend (476)
[2018.12.22-10.40.08:237][453]LogModuleManager: Shutting down and abandoning module ProfilerClient (474)
[2018.12.22-10.40.08:237][453]LogModuleManager: Shutting down and abandoning module DeviceManager (472)
[2018.12.22-10.40.08:237][453]LogModuleManager: Shutting down and abandoning module TargetDeviceServices (471)
[2018.12.22-10.40.08:303][453]LogModuleManager: Shutting down and abandoning module AutomationController (468)
[2018.12.22-10.40.08:303][453]LogModuleManager: Shutting down and abandoning module AutomationWindow (466)
[2018.12.22-10.40.08:303][453]LogModuleManager: Shutting down and abandoning module Layers (464)
[2018.12.22-10.40.08:303][453]LogModuleManager: Shutting down and abandoning module ComponentVisualizers (462)
[2018.12.22-10.40.08:304][453]LogModuleManager: Shutting down and abandoning module DetailCustomizations (460)
[2018.12.22-10.40.08:304][453]LogModuleManager: Shutting down and abandoning module PackagesDialog (458)
[2018.12.22-10.40.08:304][453]LogModuleManager: Shutting down and abandoning module Persona (456)
[2018.12.22-10.40.08:305][453]LogModuleManager: Shutting down and abandoning module AdvancedPreviewScene (455)
[2018.12.22-10.40.08:305][453]LogModuleManager: Shutting down and abandoning module AnimGraph (453)
[2018.12.22-10.40.08:306][453]LogModuleManager: Shutting down and abandoning module Kismet (450)
[2018.12.22-10.40.08:307][453]LogModuleManager: Shutting down and abandoning module GraphEditor (448)
[2018.12.22-10.40.08:307][453]LogModuleManager: Shutting down and abandoning module ClassViewer (446)
[2018.12.22-10.40.08:308][453]LogModuleManager: Shutting down and abandoning module Toolbox (444)
[2018.12.22-10.40.08:308][453]LogModuleManager: Shutting down and abandoning module DesktopPlatform (443)
[2018.12.22-10.40.08:308][453]LogModuleManager: Shutting down and abandoning module ModuleUI (440)
[2018.12.22-10.40.08:309][453]LogModuleManager: Shutting down and abandoning module MovieSceneTools (438)
[2018.12.22-10.40.08:309][453]LogModuleManager: Shutting down and abandoning module OutputLog (436)
[2018.12.22-10.40.08:309][453]LogModuleManager: Shutting down and abandoning module GammaUI (434)
[2018.12.22-10.40.08:310][453]LogModuleManager: Shutting down and abandoning module Documentation (432)
[2018.12.22-10.40.08:310][453]LogModuleManager: Shutting down and abandoning module MovieSceneTracks (430)
[2018.12.22-10.40.08:311][453]LogModuleManager: Shutting down and abandoning module MovieScene (428)
[2018.12.22-10.40.08:311][453]LogModuleManager: Shutting down and abandoning module StreamingPauseRendering (426)
[2018.12.22-10.40.08:311][453]LogModuleManager: Shutting down and abandoning module LauncherPlatform (424)
[2018.12.22-10.40.08:312][453]LogModuleManager: Shutting down and abandoning module AnalyticsET (422)
[2018.12.22-10.40.08:312][453]LogModuleManager: Shutting down and abandoning module PortalServices (420)
[2018.12.22-10.40.08:313][453]LogModuleManager: Shutting down and abandoning module PortalRpc (418)
[2018.12.22-10.40.08:313][453]LogModuleManager: Shutting down and abandoning module MessagingRpc (416)
[2018.12.22-10.40.08:314][453]LogModuleManager: Shutting down and abandoning module AIModule (414)
[2018.12.22-10.40.08:314][453]LogModuleManager: Shutting down and abandoning module GameplayDebugger (413)
[2018.12.22-10.40.08:315][453]LogModuleManager: Shutting down and abandoning module AITestSuite (411)
[2018.12.22-10.40.08:315][453]LogModuleManager: Shutting down and abandoning module NavigationSystem (409)
[2018.12.22-10.40.08:316][453]LogModuleManager: Shutting down and abandoning module ImageWriteQueue (406)
[2018.12.22-10.40.08:334][453]LogModuleManager: Shutting down and abandoning module ProfilerService (404)
