Log file open, 12/22/18 16:11:30
LogWindows: Failed to load 'aqProf.dll' (GetLastError=126)
LogWindows: File 'aqProf.dll' does not exist
LogWindows: Failed to load 'VtuneApi.dll' (GetLastError=126)
LogWindows: File 'VtuneApi.dll' does not exist
LogWindows: Failed to load 'VtuneApi32e.dll' (GetLastError=126)
LogWindows: File 'VtuneApi32e.dll' does not exist
LogConsoleResponse: Display: Failed to find resolution value strings in scalability ini. Falling back to default.
LogInit: Display: Running engine for game: ArenaBattle
LogPakFile: Registered encryption key '00000000000000000000000000000000': 0 pak files mounted, 0 remain pending
LogPlatformFile: Not using cached read wrapper
LogTaskGraph: Started task graph with 5 named threads and 23 total threads with 3 sets of task threads.
LogStats: Stats thread started at 0.406464
LogD3D11RHI: Loaded GFSDK_Aftermath_Lib.x64.dll
LogICUInternationalization: ICU TimeZone Detection - Raw Offset: +9:00, Platform Override: ''
LogPluginManager: Mounting plugin Paper2D
LogPluginManager: Mounting plugin AISupport
LogPluginManager: Mounting plugin LightPropagationVolume
LogPluginManager: Mounting plugin ActorLayerUtilities
LogPluginManager: Mounting plugin CLionSourceCodeAccess
LogPluginManager: Mounting plugin CodeLiteSourceCodeAccess
LogPluginManager: Mounting plugin GitSourceControl
LogPluginManager: Mounting plugin KDevelopSourceCodeAccess
LogPluginManager: Mounting plugin NullSourceCodeAccess
LogPluginManager: Mounting plugin PerforceSourceControl
LogPluginManager: Mounting plugin SubversionSourceControl
LogPluginManager: Mounting plugin UObjectPlugin
LogPluginManager: Mounting plugin VisualStudioCodeSourceCodeAccess
LogPluginManager: Mounting plugin VisualStudioSourceCodeAccess
LogPluginManager: Mounting plugin XCodeSourceCodeAccess
LogPluginManager: Mounting plugin AssetManagerEditor
LogPluginManager: Mounting plugin CryptoKeys
LogPluginManager: Mounting plugin DataValidation
LogPluginManager: Mounting plugin FacialAnimation
LogPluginManager: Mounting plugin GameplayTagsEditor
LogPluginManager: Mounting plugin MacGraphicsSwitching
LogPluginManager: Mounting plugin MeshEditor
LogPluginManager: Mounting plugin MobileLauncherProfileWizard
LogPluginManager: Mounting plugin PluginBrowser
LogPluginManager: Mounting plugin SpeedTreeImporter
LogPluginManager: Mounting plugin DatasmithContent
LogPluginManager: Mounting plugin VariantManagerContent
LogPluginManager: Mounting plugin AlembicImporter
LogPluginManager: Mounting plugin AppleImageUtils
LogPluginManager: Mounting plugin AppleVision
LogPluginManager: Mounting plugin BackChannel
LogPluginManager: Mounting plugin CharacterAI
LogPluginManager: Mounting plugin GeometryCache
LogPluginManager: Mounting plugin HTML5Networking
LogPluginManager: Mounting plugin ProxyLODPlugin
LogPluginManager: Mounting plugin MagicLeap
LogPluginManager: Mounting plugin MagicLeapMedia
LogPluginManager: Mounting plugin AndroidMedia
LogPluginManager: Mounting plugin AvfMedia
LogPluginManager: Mounting plugin ImgMedia
LogPluginManager: Mounting plugin LinearTimecode
LogPluginManager: Mounting plugin MediaCompositing
LogPluginManager: Mounting plugin MediaPlayerEditor
LogPluginManager: Mounting plugin WebMMedia
LogPluginManager: Mounting plugin WmfMedia
LogPluginManager: Mounting plugin TcpMessaging
LogPluginManager: Mounting plugin UdpMessaging
LogPluginManager: Mounting plugin ActorSequence
LogPluginManager: Mounting plugin LevelSequenceEditor
LogPluginManager: Mounting plugin MatineeToLevelSequence
LogPluginManager: Mounting plugin NetcodeUnitTest
LogPluginManager: Mounting plugin NUTUnrealEngine4
LogPluginManager: Mounting plugin OnlineSubsystemGooglePlay
LogPluginManager: Mounting plugin OnlineSubsystemIOS
LogPluginManager: Mounting plugin OnlineSubsystem
LogPluginManager: Mounting plugin OnlineSubsystemNull
LogPluginManager: Mounting plugin OnlineSubsystemUtils
LogPluginManager: Mounting plugin LauncherChunkInstaller
LogPluginManager: Mounting plugin AndroidDeviceProfileSelector
LogPluginManager: Mounting plugin AndroidMoviePlayer
LogPluginManager: Mounting plugin AndroidPermission
LogPluginManager: Mounting plugin AppleMoviePlayer
LogPluginManager: Mounting plugin ArchVisCharacter
LogPluginManager: Mounting plugin AudioCapture
LogPluginManager: Mounting plugin CableComponent
LogPluginManager: Mounting plugin CustomMeshComponent
LogPluginManager: Mounting plugin EditableMesh
LogPluginManager: Mounting plugin ExampleDeviceProfileSelector
LogPluginManager: Mounting plugin Firebase
LogPluginManager: Mounting plugin GoogleCloudMessaging
LogPluginManager: Mounting plugin IOSDeviceProfileSelector
LogPluginManager: Mounting plugin LinuxDeviceProfileSelector
LogPluginManager: Mounting plugin LocationServicesBPLibrary
LogPluginManager: Mounting plugin MobilePatchingUtils
LogPluginManager: Mounting plugin OculusVR
LogPluginManager: Mounting plugin PhysXVehicles
LogPluginManager: Mounting plugin ProceduralMeshComponent
LogPluginManager: Mounting plugin RuntimePhysXCooking
LogPluginManager: Mounting plugin SteamVR
LogPluginManager: Mounting plugin WebMMoviePlayer
LogPluginManager: Mounting plugin WindowsMoviePlayer
LogStreaming: Display: Took  0.164s to configure plugins.
LogInit: Using libcurl 7.55.1-DEV
LogInit:  - built for x86_64-pc-win32
LogInit:  - supports SSL with OpenSSL/1.0.2h
LogInit:  - supports HTTP deflate (compression) using libz 1.2.8
LogInit:  - other features:
LogInit:      CURL_VERSION_SSL
LogInit:      CURL_VERSION_LIBZ
LogInit:      CURL_VERSION_IPV6
LogInit:      CURL_VERSION_ASYNCHDNS
LogInit:      CURL_VERSION_LARGEFILE
LogInit:      CURL_VERSION_IDN
LogInit:  CurlRequestOptions (configurable via config and command line):
LogInit:  - bVerifyPeer = true  - Libcurl will verify peer certificate
LogInit:  - bUseHttpProxy = false  - Libcurl will NOT use HTTP proxy
LogInit:  - bDontReuseConnections = false  - Libcurl will reuse connections
LogInit:  - MaxHostConnections = 16  - Libcurl will limit the number of connections to a host
LogInit:  - LocalHostAddr = Default
LogInit:  - BufferSize = 65536
LogInit: WinSock: version 1.1 (2.2), MaxSocks=32767, MaxUdp=65467
LogInit: Build: ++UE4+Release-4.21-CL-4541578
LogInit: Engine Version: 4.21.0-4541578+++UE4+Release-4.21
LogInit: Compatible Engine Version: 4.21.0-4541578+++UE4+Release-4.21
LogInit: Net CL: 4541578
LogInit: OS: Windows 10 (), CPU: Intel(R) Core(TM) i7-4770HQ CPU @ 2.20GHz, GPU: Intel(R) Iris(TM) Pro Graphics 5200
LogInit: Compiled (64-bit): Nov  6 2018 02:04:24
LogInit: Compiled with Visual C++: 19.13.26129.00
LogInit: Build Configuration: Development
LogInit: Branch Name: ++UE4+Release-4.21
LogInit: Command Line:  -skipcompile
LogInit: Base Directory: D:/06.program/Window/unreal/UE_4.21/Engine/Binaries/Win64/
LogInit: Installed Engine Build: 1
LogDevObjectVersion: Number of dev versions registered: 22
LogDevObjectVersion:   Dev-Blueprints (B0D832E4-1F89-4F0D-ACCF-7EB736FD4AA2): 10
LogDevObjectVersion:   Dev-Build (E1C64328-A22C-4D53-A36C-8E866417BD8C): 0
LogDevObjectVersion:   Dev-Core (375EC13C-06E4-48FB-B500-84F0262A717E): 2
LogDevObjectVersion:   Dev-Editor (E4B068ED-F494-42E9-A231-DA0B2E46BB41): 26
LogDevObjectVersion:   Dev-Framework (CFFC743F-43B0-4480-9391-14DF171D2073): 34
LogDevObjectVersion:   Dev-Mobile (B02B49B5-BB20-44E9-A304-32B752E40360): 2
LogDevObjectVersion:   Dev-Networking (A4E4105C-59A1-49B5-A7C5-40C4547EDFEE): 0
LogDevObjectVersion:   Dev-Online (39C831C9-5AE6-47DC-9A44-9C173E1C8E7C): 0
LogDevObjectVersion:   Dev-Physics (78F01B33-EBEA-4F98-B9B4-84EACCB95AA2): 0
LogDevObjectVersion:   Dev-Platform (6631380F-2D4D-43E0-8009-CF276956A95A): 0
LogDevObjectVersion:   Dev-Rendering (12F88B9F-8875-4AFC-A67C-D90C383ABD29): 27
LogDevObjectVersion:   Dev-Sequencer (7B5AE74C-D270-4C10-A958-57980B212A5A): 9
LogDevObjectVersion:   Dev-VR (D7296918-1DD6-4BDD-9DE2-64A83CC13884): 2
LogDevObjectVersion:   Dev-LoadTimes (C2A15278-BFE7-4AFE-6C17-90FF531DF755): 1
LogDevObjectVersion:   Private-Geometry (6EACA3D4-40EC-4CC1-B786-8BED09428FC5): 3
LogDevObjectVersion:   Dev-AnimPhys (29E575DD-E0A3-4627-9D10-D276232CDCEA): 17
LogDevObjectVersion:   Dev-Anim (AF43A65D-7FD3-4947-9873-3E8ED9C1BB05): 2
LogDevObjectVersion:   Dev-ReflectionCapture (6B266CEC-1EC7-4B8F-A30B-E4D90942FC07): 1
LogDevObjectVersion:   Dev-Automation (0DF73D61-A23F-47EA-B727-89E90C41499A): 1
LogDevObjectVersion:   FortniteMain (601D1886-AC64-4F84-AA16-D3DE0DEAC7D6): 17
LogDevObjectVersion:   Dev-Enterprise (9DFFBCD6-494F-0158-E221-12823C92A888): 4
LogDevObjectVersion:   Dev-Niagara (F2AED0AC-9AFE-416F-8664-AA7FFA26D6FC): 1
LogStreaming: Display: Took  0.006s to delete old logs.
LogInit: Presizing for max 8388607 objects, including 0 objects not considered by GC, pre-allocating 0 bytes for permanent pool.
LogInit: Object subsystem initialized
LogConfig: Setting CVar [[con.DebugEarlyDefault:1]]
LogConfig: Setting CVar [[r.setres:1280x720]]
[2018.12.22-07.11.30:999][  0]LogConfig: Setting CVar [[r.VSync:0]]
[2018.12.22-07.11.30:999][  0]LogConfig: Setting CVar [[r.RHICmdBypass:0]]
[2018.12.22-07.11.31:000][  0]LogConfig: Applying CVar settings from Section [/Script/Engine.RendererSettings] File [D:/UnrealProject/Chapter_5/Saved/Config/Windows/Engine.ini]
[2018.12.22-07.11.31:000][  0]LogConfig: Setting CVar [[r.GPUCrashDebugging:0]]
[2018.12.22-07.11.31:000][  0]LogConfig: Applying CVar settings from Section [/Script/Engine.RendererOverrideSettings] File [D:/UnrealProject/Chapter_5/Saved/Config/Windows/Engine.ini]
[2018.12.22-07.11.31:001][  0]LogConfig: Applying CVar settings from Section [/Script/Engine.StreamingSettings] File [D:/UnrealProject/Chapter_5/Saved/Config/Windows/Engine.ini]
[2018.12.22-07.11.31:001][  0]LogConfig: Setting CVar [[s.MinBulkDataSizeForAsyncLoading:131072]]
[2018.12.22-07.11.31:001][  0]LogConfig: Setting CVar [[s.AsyncLoadingThreadEnabled:0]]
[2018.12.22-07.11.31:002][  0]LogConfig: Setting CVar [[s.EventDrivenLoaderEnabled:1]]
[2018.12.22-07.11.31:002][  0]LogConfig: Setting CVar [[s.WarnIfTimeLimitExceeded:0]]
[2018.12.22-07.11.31:002][  0]LogConfig: Setting CVar [[s.TimeLimitExceededMultiplier:1.5]]
[2018.12.22-07.11.31:002][  0]LogConfig: Setting CVar [[s.TimeLimitExceededMinTime:0.005]]
[2018.12.22-07.11.31:003][  0]LogConfig: Setting CVar [[s.UseBackgroundLevelStreaming:1]]
[2018.12.22-07.11.31:003][  0]LogConfig: Setting CVar [[s.PriorityAsyncLoadingExtraTime:15.0]]
[2018.12.22-07.11.31:003][  0]LogConfig: Setting CVar [[s.LevelStreamingActorsUpdateTimeLimit:5.0]]
[2018.12.22-07.11.31:003][  0]LogConfig: Setting CVar [[s.PriorityLevelStreamingActorsUpdateExtraTime:5.0]]
[2018.12.22-07.11.31:004][  0]LogConfig: Setting CVar [[s.LevelStreamingComponentsRegistrationGranularity:10]]
[2018.12.22-07.11.31:004][  0]LogConfig: Setting CVar [[s.UnregisterComponentsTimeLimit:1.0]]
[2018.12.22-07.11.31:004][  0]LogConfig: Setting CVar [[s.LevelStreamingComponentsUnregistrationGranularity:5]]
[2018.12.22-07.11.31:005][  0]LogConfig: Applying CVar settings from Section [/Script/Engine.GarbageCollectionSettings] File [D:/UnrealProject/Chapter_5/Saved/Config/Windows/Engine.ini]
[2018.12.22-07.11.31:005][  0]LogConfig: Setting CVar [[gc.MaxObjectsNotConsideredByGC:1]]
[2018.12.22-07.11.31:005][  0]LogConfig: Setting CVar [[gc.SizeOfPermanentObjectPool:0]]
[2018.12.22-07.11.31:006][  0]LogConfig: Setting CVar [[gc.FlushStreamingOnGC:0]]
[2018.12.22-07.11.31:006][  0]LogConfig: Setting CVar [[gc.NumRetriesBeforeForcingGC:10]]
[2018.12.22-07.11.31:006][  0]LogConfig: Setting CVar [[gc.AllowParallelGC:1]]
[2018.12.22-07.11.31:007][  0]LogConfig: Setting CVar [[gc.TimeBetweenPurgingPendingKillObjects:61.1]]
[2018.12.22-07.11.31:007][  0]LogConfig: Setting CVar [[gc.MaxObjectsInEditor:8388607]]
[2018.12.22-07.11.31:007][  0]LogConfig: Setting CVar [[gc.IncrementalBeginDestroyEnabled:1]]
[2018.12.22-07.11.31:007][  0]LogConfig: Setting CVar [[gc.CreateGCClusters:1]]
[2018.12.22-07.11.31:008][  0]LogConfig: Setting CVar [[gc.MergeGCClusters:0]]
[2018.12.22-07.11.31:008][  0]LogConfig: Setting CVar [[gc.MinGCClusterSize:5]]
[2018.12.22-07.11.31:008][  0]LogConfig: Setting CVar [[gc.ActorClusteringEnabled:0]]
[2018.12.22-07.11.31:008][  0]LogConfig: Setting CVar [[gc.BlueprintClusteringEnabled:0]]
[2018.12.22-07.11.31:009][  0]LogConfig: Setting CVar [[gc.UseDisregardForGCOnDedicatedServers:0]]
[2018.12.22-07.11.31:009][  0]LogConfig: Applying CVar settings from Section [/Script/Engine.NetworkSettings] File [D:/UnrealProject/Chapter_5/Saved/Config/Windows/Engine.ini]
[2018.12.22-07.11.31:009][  0]LogConfig: Applying CVar settings from Section [/Script/UnrealEd.CookerSettings] File [D:/UnrealProject/Chapter_5/Saved/Config/Windows/Engine.ini]
[2018.12.22-07.11.31:035][  0]LogConfig: Applying CVar settings from Section [ViewDistanceQuality@3] File [D:/UnrealProject/Chapter_5/Saved/Config/Windows/Scalability.ini]
[2018.12.22-07.11.31:035][  0]LogConfig: Setting CVar [[r.SkeletalMeshLODBias:0]]
[2018.12.22-07.11.31:035][  0]LogConfig: Setting CVar [[r.ViewDistanceScale:1.0]]
[2018.12.22-07.11.31:035][  0]LogConfig: Applying CVar settings from Section [AntiAliasingQuality@3] File [D:/UnrealProject/Chapter_5/Saved/Config/Windows/Scalability.ini]
[2018.12.22-07.11.31:036][  0]LogConfig: Setting CVar [[r.PostProcessAAQuality:4]]
[2018.12.22-07.11.31:036][  0]LogConfig: Applying CVar settings from Section [ShadowQuality@3] File [D:/UnrealProject/Chapter_5/Saved/Config/Windows/Scalability.ini]
[2018.12.22-07.11.31:036][  0]LogConfig: Setting CVar [[r.LightFunctionQuality:1]]
[2018.12.22-07.11.31:036][  0]LogConfig: Setting CVar [[r.ShadowQuality:5]]
[2018.12.22-07.11.31:036][  0]LogConfig: Setting CVar [[r.Shadow.CSM.MaxCascades:10]]
[2018.12.22-07.11.31:036][  0]LogConfig: Setting CVar [[r.Shadow.MaxResolution:2048]]
[2018.12.22-07.11.31:036][  0]LogConfig: Setting CVar [[r.Shadow.MaxCSMResolution:2048]]
[2018.12.22-07.11.31:036][  0]LogConfig: Setting CVar [[r.Shadow.RadiusThreshold:0.01]]
[2018.12.22-07.11.31:036][  0]LogConfig: Setting CVar [[r.Shadow.DistanceScale:1.0]]
[2018.12.22-07.11.31:037][  0]LogConfig: Setting CVar [[r.Shadow.CSM.TransitionScale:1.0]]
[2018.12.22-07.11.31:037][  0]LogConfig: Setting CVar [[r.Shadow.PreShadowResolutionFactor:1.0]]
[2018.12.22-07.11.31:037][  0]LogConfig: Setting CVar [[r.DistanceFieldShadowing:1]]
[2018.12.22-07.11.31:037][  0]LogConfig: Setting CVar [[r.DistanceFieldAO:1]]
[2018.12.22-07.11.31:037][  0]LogConfig: Setting CVar [[r.AOQuality:2]]
[2018.12.22-07.11.31:037][  0]LogConfig: Setting CVar [[r.VolumetricFog:1]]
[2018.12.22-07.11.31:037][  0]LogConfig: Setting CVar [[r.VolumetricFog.GridPixelSize:8]]
[2018.12.22-07.11.31:037][  0]LogConfig: Setting CVar [[r.VolumetricFog.GridSizeZ:128]]
[2018.12.22-07.11.31:037][  0]LogConfig: Setting CVar [[r.VolumetricFog.HistoryMissSupersampleCount:4]]
[2018.12.22-07.11.31:038][  0]LogConfig: Setting CVar [[r.LightMaxDrawDistanceScale:1]]
[2018.12.22-07.11.31:038][  0]LogConfig: Setting CVar [[r.CapsuleShadows:1]]
[2018.12.22-07.11.31:038][  0]LogConfig: Applying CVar settings from Section [PostProcessQuality@3] File [D:/UnrealProject/Chapter_5/Saved/Config/Windows/Scalability.ini]
[2018.12.22-07.11.31:038][  0]LogConfig: Setting CVar [[r.MotionBlurQuality:4]]
[2018.12.22-07.11.31:038][  0]LogConfig: Setting CVar [[r.AmbientOcclusionMipLevelFactor:0.4]]
[2018.12.22-07.11.31:038][  0]LogConfig: Setting CVar [[r.AmbientOcclusionMaxQuality:100]]
[2018.12.22-07.11.31:038][  0]LogConfig: Setting CVar [[r.AmbientOcclusionLevels:-1]]
[2018.12.22-07.11.31:038][  0]LogConfig: Setting CVar [[r.AmbientOcclusionRadiusScale:1.0]]
[2018.12.22-07.11.31:038][  0]LogConfig: Setting CVar [[r.DepthOfFieldQuality:2]]
[2018.12.22-07.11.31:038][  0]LogConfig: Setting CVar [[r.RenderTargetPoolMin:400]]
[2018.12.22-07.11.31:039][  0]LogConfig: Setting CVar [[r.LensFlareQuality:2]]
[2018.12.22-07.11.31:039][  0]LogConfig: Setting CVar [[r.SceneColorFringeQuality:1]]
[2018.12.22-07.11.31:039][  0]LogConfig: Setting CVar [[r.EyeAdaptationQuality:2]]
[2018.12.22-07.11.31:039][  0]LogConfig: Setting CVar [[r.BloomQuality:5]]
[2018.12.22-07.11.31:039][  0]LogConfig: Setting CVar [[r.FastBlurThreshold:100]]
[2018.12.22-07.11.31:039][  0]LogConfig: Setting CVar [[r.Upscale.Quality:3]]
[2018.12.22-07.11.31:039][  0]LogConfig: Setting CVar [[r.Tonemapper.GrainQuantization:1]]
[2018.12.22-07.11.31:039][  0]LogConfig: Setting CVar [[r.LightShaftQuality:1]]
[2018.12.22-07.11.31:039][  0]LogConfig: Setting CVar [[r.Filter.SizeScale:1]]
[2018.12.22-07.11.31:040][  0]LogConfig: Setting CVar [[r.Tonemapper.Quality:5]]
[2018.12.22-07.11.31:040][  0]LogConfig: Setting CVar [[r.DOF.Gather.AccumulatorQuality:1        ; higher gathering accumulator quality]]
[2018.12.22-07.11.31:040][  0]LogConfig: Setting CVar [[r.DOF.Gather.PostfilterMethod:1          ; Median3x3 postfilering method]]
[2018.12.22-07.11.31:040][  0]LogConfig: Setting CVar [[r.DOF.Gather.EnableBokehSettings:0       ; no bokeh simulation when gathering]]
[2018.12.22-07.11.31:040][  0]LogConfig: Setting CVar [[r.DOF.Gather.RingCount:4                 ; medium number of samples when gathering]]
[2018.12.22-07.11.31:040][  0]LogConfig: Setting CVar [[r.DOF.Scatter.ForegroundCompositing:1    ; additive foreground scattering]]
[2018.12.22-07.11.31:040][  0]LogConfig: Setting CVar [[r.DOF.Scatter.BackgroundCompositing:2    ; additive background scattering]]
[2018.12.22-07.11.31:040][  0]LogConfig: Setting CVar [[r.DOF.Scatter.EnableBokehSettings:1      ; bokeh simulation when scattering]]
[2018.12.22-07.11.31:040][  0]LogConfig: Setting CVar [[r.DOF.Scatter.MaxSpriteRatio:0.1         ; only a maximum of 10% of scattered bokeh]]
[2018.12.22-07.11.31:041][  0]LogConfig: Setting CVar [[r.DOF.Recombine.Quality:1                ; cheap slight out of focus]]
[2018.12.22-07.11.31:041][  0]LogConfig: Setting CVar [[r.DOF.Recombine.EnableBokehSettings:0    ; no bokeh simulation on slight out of focus]]
[2018.12.22-07.11.31:041][  0]LogConfig: Setting CVar [[r.DOF.TemporalAAQuality:1                ; more stable temporal accumulation]]
[2018.12.22-07.11.31:041][  0]LogConfig: Setting CVar [[r.DOF.Kernel.MaxForegroundRadius:0.025]]
[2018.12.22-07.11.31:041][  0]LogConfig: Setting CVar [[r.DOF.Kernel.MaxBackgroundRadius:0.025]]
[2018.12.22-07.11.31:041][  0]LogConfig: Applying CVar settings from Section [TextureQuality@3] File [D:/UnrealProject/Chapter_5/Saved/Config/Windows/Scalability.ini]
[2018.12.22-07.11.31:041][  0]LogConfig: Setting CVar [[r.Streaming.MipBias:0]]
[2018.12.22-07.11.31:041][  0]LogConfig: Setting CVar [[r.Streaming.AmortizeCPUToGPUCopy:0]]
[2018.12.22-07.11.31:041][  0]LogConfig: Setting CVar [[r.Streaming.MaxNumTexturesToStreamPerFrame:0]]
[2018.12.22-07.11.31:042][  0]LogConfig: Setting CVar [[r.Streaming.Boost:1]]
[2018.12.22-07.11.31:042][  0]LogConfig: Setting CVar [[r.MaxAnisotropy:8]]
[2018.12.22-07.11.31:042][  0]LogConfig: Setting CVar [[r.Streaming.LimitPoolSizeToVRAM:0]]
[2018.12.22-07.11.31:042][  0]LogConfig: Setting CVar [[r.Streaming.PoolSize:1000]]
[2018.12.22-07.11.31:042][  0]LogConfig: Setting CVar [[r.Streaming.MaxEffectiveScreenSize:0]]
[2018.12.22-07.11.31:042][  0]LogConfig: Applying CVar settings from Section [EffectsQuality@3] File [D:/UnrealProject/Chapter_5/Saved/Config/Windows/Scalability.ini]
[2018.12.22-07.11.31:042][  0]LogConfig: Setting CVar [[r.TranslucencyLightingVolumeDim:64]]
[2018.12.22-07.11.31:042][  0]LogConfig: Setting CVar [[r.RefractionQuality:2]]
[2018.12.22-07.11.31:043][  0]LogConfig: Setting CVar [[r.SSR.Quality:3]]
[2018.12.22-07.11.31:043][  0]LogConfig: Setting CVar [[r.SceneColorFormat:4]]
[2018.12.22-07.11.31:043][  0]LogConfig: Setting CVar [[r.DetailMode:2]]
[2018.12.22-07.11.31:043][  0]LogConfig: Setting CVar [[r.TranslucencyVolumeBlur:1]]
[2018.12.22-07.11.31:043][  0]LogConfig: Setting CVar [[r.MaterialQualityLevel:1 ; High quality]]
[2018.12.22-07.11.31:043][  0]LogConfig: Setting CVar [[r.SSS.Scale:1]]
[2018.12.22-07.11.31:043][  0]LogConfig: Setting CVar [[r.SSS.SampleSet:2]]
[2018.12.22-07.11.31:043][  0]LogConfig: Setting CVar [[r.SSS.Quality:1]]
[2018.12.22-07.11.31:043][  0]LogConfig: Setting CVar [[r.SSS.HalfRes:1]]
[2018.12.22-07.11.31:043][  0]LogConfig: Setting CVar [[r.EmitterSpawnRateScale:1.0]]
[2018.12.22-07.11.31:044][  0]LogConfig: Setting CVar [[r.ParticleLightQuality:2]]
[2018.12.22-07.11.31:044][  0]LogConfig: Applying CVar settings from Section [FoliageQuality@3] File [D:/UnrealProject/Chapter_5/Saved/Config/Windows/Scalability.ini]
[2018.12.22-07.11.31:044][  0]LogConfig: Setting CVar [[foliage.DensityScale:1.0]]
[2018.12.22-07.11.31:044][  0]LogConfig: Setting CVar [[grass.DensityScale:1.0]]
[2018.12.22-07.11.31:044][  0]LogInit: Selected Device Profile: [Windows]
[2018.12.22-07.11.31:044][  0]LogInit: Applying CVar settings loaded from the selected device profile: [Windows]
[2018.12.22-07.11.31:062][  0]LogHAL: Display: Platform has ~ 16 GB [17050116096 / 17179869184 / 16], which maps to Larger [LargestMinGB=32, LargerMinGB=12, DefaultMinGB=8, SmallerMinGB=6, SmallestMinGB=0)
[2018.12.22-07.11.31:062][  0]LogConfig: Setting CVar [[r.Vulkan.UseRealUBs:1]]
[2018.12.22-07.11.31:062][  0]LogInit: Going up to parent DeviceProfile []
[2018.12.22-07.11.31:062][  0]LogConfig: Applying CVar settings from Section [ViewDistanceQuality@1] File [D:/UnrealProject/Chapter_5/Saved/Config/Windows/Scalability.ini]
[2018.12.22-07.11.31:062][  0]LogConfig: Setting CVar [[r.SkeletalMeshLODBias:1]]
[2018.12.22-07.11.31:062][  0]LogConfig: Setting CVar [[r.ViewDistanceScale:0.6]]
[2018.12.22-07.11.31:062][  0]LogConfig: Applying CVar settings from Section [AntiAliasingQuality@1] File [D:/UnrealProject/Chapter_5/Saved/Config/Windows/Scalability.ini]
[2018.12.22-07.11.31:062][  0]LogConfig: Setting CVar [[r.PostProcessAAQuality:2]]
[2018.12.22-07.11.31:062][  0]LogConfig: Applying CVar settings from Section [ShadowQuality@1] File [D:/UnrealProject/Chapter_5/Saved/Config/Windows/Scalability.ini]
[2018.12.22-07.11.31:062][  0]LogConfig: Setting CVar [[r.LightFunctionQuality:1]]
[2018.12.22-07.11.31:063][  0]LogConfig: Setting CVar [[r.ShadowQuality:3]]
[2018.12.22-07.11.31:063][  0]LogConfig: Setting CVar [[r.Shadow.CSM.MaxCascades:1]]
[2018.12.22-07.11.31:063][  0]LogConfig: Setting CVar [[r.Shadow.MaxResolution:1024]]
[2018.12.22-07.11.31:063][  0]LogConfig: Setting CVar [[r.Shadow.MaxCSMResolution:1024]]
[2018.12.22-07.11.31:063][  0]LogConfig: Setting CVar [[r.Shadow.RadiusThreshold:0.05]]
[2018.12.22-07.11.31:063][  0]LogConfig: Setting CVar [[r.Shadow.DistanceScale:0.7]]
[2018.12.22-07.11.31:063][  0]LogConfig: Setting CVar [[r.Shadow.CSM.TransitionScale:0.25]]
[2018.12.22-07.11.31:063][  0]LogConfig: Setting CVar [[r.Shadow.PreShadowResolutionFactor:0.5]]
[2018.12.22-07.11.31:063][  0]LogConfig: Setting CVar [[r.DistanceFieldShadowing:0]]
[2018.12.22-07.11.31:063][  0]LogConfig: Setting CVar [[r.DistanceFieldAO:0]]
[2018.12.22-07.11.31:063][  0]LogConfig: Setting CVar [[r.VolumetricFog:0]]
[2018.12.22-07.11.31:063][  0]LogConfig: Setting CVar [[r.LightMaxDrawDistanceScale:.5]]
[2018.12.22-07.11.31:063][  0]LogConfig: Setting CVar [[r.CapsuleShadows:1]]
[2018.12.22-07.11.31:063][  0]LogConfig: Applying CVar settings from Section [PostProcessQuality@1] File [D:/UnrealProject/Chapter_5/Saved/Config/Windows/Scalability.ini]
[2018.12.22-07.11.31:063][  0]LogConfig: Setting CVar [[r.MotionBlurQuality:3]]
[2018.12.22-07.11.31:063][  0]LogConfig: Setting CVar [[r.AmbientOcclusionMipLevelFactor:1.0]]
[2018.12.22-07.11.31:063][  0]LogConfig: Setting CVar [[r.AmbientOcclusionMaxQuality:60]]
[2018.12.22-07.11.31:064][  0]LogConfig: Setting CVar [[r.AmbientOcclusionLevels:-1]]
[2018.12.22-07.11.31:064][  0]LogConfig: Setting CVar [[r.AmbientOcclusionRadiusScale:1.5]]
[2018.12.22-07.11.31:064][  0]LogConfig: Setting CVar [[r.DepthOfFieldQuality:1]]
[2018.12.22-07.11.31:064][  0]LogConfig: Setting CVar [[r.RenderTargetPoolMin:350]]
[2018.12.22-07.11.31:064][  0]LogConfig: Setting CVar [[r.LensFlareQuality:0]]
[2018.12.22-07.11.31:064][  0]LogConfig: Setting CVar [[r.SceneColorFringeQuality:0]]
[2018.12.22-07.11.31:064][  0]LogConfig: Setting CVar [[r.EyeAdaptationQuality:0]]
[2018.12.22-07.11.31:064][  0]LogConfig: Setting CVar [[r.BloomQuality:4]]
[2018.12.22-07.11.31:064][  0]LogConfig: Setting CVar [[r.FastBlurThreshold:2]]
[2018.12.22-07.11.31:064][  0]LogConfig: Setting CVar [[r.Upscale.Quality:2]]
[2018.12.22-07.11.31:064][  0]LogConfig: Setting CVar [[r.Tonemapper.GrainQuantization:0]]
[2018.12.22-07.11.31:064][  0]LogConfig: Setting CVar [[r.LightShaftQuality:0]]
[2018.12.22-07.11.31:064][  0]LogConfig: Setting CVar [[r.Filter.SizeScale:0.7]]
[2018.12.22-07.11.31:064][  0]LogConfig: Setting CVar [[r.Tonemapper.Quality:2]]
[2018.12.22-07.11.31:064][  0]LogConfig: Setting CVar [[r.DOF.Gather.AccumulatorQuality:0        ; lower gathering accumulator quality]]
[2018.12.22-07.11.31:064][  0]LogConfig: Setting CVar [[r.DOF.Gather.PostfilterMethod:2          ; Max3x3 postfilering method]]
[2018.12.22-07.11.31:065][  0]LogConfig: Setting CVar [[r.DOF.Gather.EnableBokehSettings:0       ; no bokeh simulation when gathering]]
[2018.12.22-07.11.31:065][  0]LogConfig: Setting CVar [[r.DOF.Gather.RingCount:3                 ; low number of samples when gathering]]
[2018.12.22-07.11.31:065][  0]LogConfig: Setting CVar [[r.DOF.Scatter.ForegroundCompositing:0    ; no foreground scattering]]
[2018.12.22-07.11.31:065][  0]LogConfig: Setting CVar [[r.DOF.Scatter.BackgroundCompositing:0    ; no foreground scattering]]
[2018.12.22-07.11.31:065][  0]LogConfig: Setting CVar [[r.DOF.Recombine.Quality:0                ; no slight out of focus]]
[2018.12.22-07.11.31:065][  0]LogConfig: Setting CVar [[r.DOF.TemporalAAQuality:0                ; faster temporal accumulation]]
[2018.12.22-07.11.31:065][  0]LogConfig: Setting CVar [[r.DOF.Kernel.MaxForegroundRadius:0.006   ; required because low gathering and no scattering and not looking great at 1080p]]
[2018.12.22-07.11.31:065][  0]LogConfig: Setting CVar [[r.DOF.Kernel.MaxBackgroundRadius:0.006   ; required because low gathering and no scattering and not looking great at 1080p]]
[2018.12.22-07.11.31:065][  0]LogConfig: Applying CVar settings from Section [TextureQuality@1] File [D:/UnrealProject/Chapter_5/Saved/Config/Windows/Scalability.ini]
[2018.12.22-07.11.31:065][  0]LogConfig: Setting CVar [[r.Streaming.MipBias:1]]
[2018.12.22-07.11.31:065][  0]LogConfig: Setting CVar [[r.Streaming.AmortizeCPUToGPUCopy:0]]
[2018.12.22-07.11.31:065][  0]LogConfig: Setting CVar [[r.Streaming.MaxNumTexturesToStreamPerFrame:0]]
[2018.12.22-07.11.31:065][  0]LogConfig: Setting CVar [[r.Streaming.Boost:1]]
[2018.12.22-07.11.31:065][  0]LogConfig: Setting CVar [[r.MaxAnisotropy:2]]
[2018.12.22-07.11.31:065][  0]LogConfig: Setting CVar [[r.Streaming.LimitPoolSizeToVRAM:1]]
[2018.12.22-07.11.31:065][  0]LogConfig: Setting CVar [[r.Streaming.PoolSize:600]]
[2018.12.22-07.11.31:065][  0]LogConfig: Setting CVar [[r.Streaming.MaxEffectiveScreenSize:0]]
[2018.12.22-07.11.31:066][  0]LogConfig: Applying CVar settings from Section [EffectsQuality@1] File [D:/UnrealProject/Chapter_5/Saved/Config/Windows/Scalability.ini]
[2018.12.22-07.11.31:066][  0]LogConfig: Setting CVar [[r.TranslucencyLightingVolumeDim:32]]
[2018.12.22-07.11.31:066][  0]LogConfig: Setting CVar [[r.RefractionQuality:0]]
[2018.12.22-07.11.31:066][  0]LogConfig: Setting CVar [[r.SSR.Quality:0]]
[2018.12.22-07.11.31:066][  0]LogConfig: Setting CVar [[r.SceneColorFormat:3]]
[2018.12.22-07.11.31:066][  0]LogConfig: Setting CVar [[r.DetailMode:1]]
[2018.12.22-07.11.31:066][  0]LogConfig: Setting CVar [[r.TranslucencyVolumeBlur:0]]
[2018.12.22-07.11.31:066][  0]LogConfig: Setting CVar [[r.MaterialQualityLevel:2 ; Medium quality]]
[2018.12.22-07.11.31:066][  0]LogConfig: Setting CVar [[r.SSS.Scale:0.75]]
[2018.12.22-07.11.31:066][  0]LogConfig: Setting CVar [[r.SSS.SampleSet:0]]
[2018.12.22-07.11.31:066][  0]LogConfig: Setting CVar [[r.SSS.Quality:0]]
[2018.12.22-07.11.31:066][  0]LogConfig: Setting CVar [[r.SSS.HalfRes:1]]
[2018.12.22-07.11.31:066][  0]LogConfig: Setting CVar [[r.EmitterSpawnRateScale:0.25]]
[2018.12.22-07.11.31:066][  0]LogConfig: Setting CVar [[r.ParticleLightQuality:0]]
[2018.12.22-07.11.31:066][  0]LogConfig: Applying CVar settings from Section [FoliageQuality@1] File [D:/UnrealProject/Chapter_5/Saved/Config/Windows/Scalability.ini]
[2018.12.22-07.11.31:066][  0]LogConfig: Setting CVar [[foliage.DensityScale:0.4]]
[2018.12.22-07.11.31:067][  0]LogConfig: Setting CVar [[grass.DensityScale:0.4]]
[2018.12.22-07.11.31:067][  0]LogConfig: Applying CVar settings from Section [Startup] File [../../../Engine/Config/ConsoleVariables.ini]
[2018.12.22-07.11.31:067][  0]LogConfig: Setting CVar [[net.UseAdaptiveNetUpdateFrequency:0]]
[2018.12.22-07.11.31:067][  0]LogConfig: Applying CVar settings from Section [ConsoleVariables] File [D:/UnrealProject/Chapter_5/Saved/Config/Windows/Engine.ini]
[2018.12.22-07.11.31:067][  0]LogInit: Computer: DESKTOP-FLP8AVC
[2018.12.22-07.11.31:067][  0]LogInit: User: 준
[2018.12.22-07.11.31:067][  0]LogInit: CPU Page size=4096, Cores=4
[2018.12.22-07.11.31:068][  0]LogInit: High frequency timer resolution =2.143482 MHz
[2018.12.22-07.11.31:068][  0]LogMemory: Memory total: Physical=15.9GB (16GB approx)
[2018.12.22-07.11.31:068][  0]LogMemory: Platform Memory Stats for Windows
[2018.12.22-07.11.31:068][  0]LogMemory: Process Physical Memory: 102.48 MB used, 102.48 MB peak
[2018.12.22-07.11.31:068][  0]LogMemory: Process Virtual Memory: 91.56 MB used, 91.56 MB peak
[2018.12.22-07.11.31:068][  0]LogMemory: Physical Memory: 5929.32 MB used,  10330.94 MB free, 16260.26 MB total
[2018.12.22-07.11.31:068][  0]LogMemory: Virtual Memory: 4652.78 MB used,  134213072.00 MB free, 134217728.00 MB total
[2018.12.22-07.11.31:199][  0]LogInit: Using OS detected language (ko-KR).
[2018.12.22-07.11.31:199][  0]LogInit: Using OS detected locale (ko-KR).
[2018.12.22-07.11.31:200][  0]LogTextLocalizationManager: No specific localization for 'ko-KR' exists, so the 'ko' localization will be used.
[2018.12.22-07.11.31:740][  0]LogStreaming: Display: Took  0.541s to InitEngineTextLocalization.
[2018.12.22-07.11.31:829][  0]LogSlate: New Slate User Created.  User Index 0, Is Virtual User: 0
[2018.12.22-07.11.31:829][  0]LogSlate: Slate User Registered.  User Index 0, Is Virtual User: 0
[2018.12.22-07.11.32:170][  0]LogHMD: Failed to initialize OpenVR with code 110
[2018.12.22-07.11.32:171][  0]LogD3D11RHI: D3D11 adapters:
[2018.12.22-07.11.32:198][  0]LogD3D11RHI:    0. 'Intel(R) Iris(TM) Pro Graphics 5200' (Feature Level 11_0)
[2018.12.22-07.11.32:198][  0]LogD3D11RHI:       112/0/2048 MB DedicatedVideo/DedicatedSystem/SharedSystem, Outputs:1, VendorId:0x8086
[2018.12.22-07.11.32:208][  0]LogD3D11RHI:    1. 'Microsoft Basic Render Driver' (Feature Level 11_0)
[2018.12.22-07.11.32:208][  0]LogD3D11RHI:       0/0/8130 MB DedicatedVideo/DedicatedSystem/SharedSystem, Outputs:0, VendorId:0x1414
[2018.12.22-07.11.32:208][  0]LogD3D11RHI: Chosen D3D11 Adapter: 0
[2018.12.22-07.11.32:216][  0]LogD3D11RHI: Creating new Direct3DDevice
[2018.12.22-07.11.32:216][  0]LogD3D11RHI:     GPU DeviceId: 0xd26 (for the marketing name, search the web for "GPU Device Id")
[2018.12.22-07.11.32:216][  0]LogWindows: EnumDisplayDevices:
[2018.12.22-07.11.32:217][  0]LogWindows:    0. 'Intel(R) Iris(TM) Pro Graphics 5200' (P:1 D:1)
[2018.12.22-07.11.32:219][  0]LogWindows:    1. 'Intel(R) Iris(TM) Pro Graphics 5200' (P:0 D:0)
[2018.12.22-07.11.32:221][  0]LogWindows:    2. 'Intel(R) Iris(TM) Pro Graphics 5200' (P:0 D:0)
[2018.12.22-07.11.32:222][  0]LogWindows: DebugString: FoundDriverCount:3 
[2018.12.22-07.11.32:222][  0]LogD3D11RHI:     Adapter Name: Intel(R) Iris(TM) Pro Graphics 5200
[2018.12.22-07.11.32:222][  0]LogD3D11RHI:   Driver Version: 20.19.15.4835 (internal:20.19.15.4835, unified:20.19.15.4835)
[2018.12.22-07.11.32:222][  0]LogD3D11RHI:      Driver Date: 10-16-2017
[2018.12.22-07.11.32:222][  0]LogRHI: Texture pool is 795 MB (70% of 1136 MB)
[2018.12.22-07.11.32:253][  0]LogD3D11RHI: [IntelMetricsDiscovery] Started
[2018.12.22-07.11.32:253][  0]LogD3D11RHI: Async texture creation enabled
[2018.12.22-07.11.32:261][  0]LogD3D11RHI: GPU Timing Frequency: 12.500000 (Debug: 2 0)
[2018.12.22-07.11.33:158][  0]LogTemp: Display: Loaded TP AllDesktopTargetPlatform
[2018.12.22-07.11.33:175][  0]LogTemp: Display: Loaded TP MacClientTargetPlatform
[2018.12.22-07.11.33:193][  0]LogTemp: Display: Loaded TP MacNoEditorTargetPlatform
[2018.12.22-07.11.33:210][  0]LogTemp: Display: Loaded TP MacServerTargetPlatform
[2018.12.22-07.11.33:227][  0]LogTemp: Display: Loaded TP MacTargetPlatform
[2018.12.22-07.11.33:244][  0]LogTemp: Display: Loaded TP WindowsClientTargetPlatform
[2018.12.22-07.11.33:264][  0]LogTemp: Display: Loaded TP WindowsNoEditorTargetPlatform
[2018.12.22-07.11.33:281][  0]LogTemp: Display: Loaded TP WindowsServerTargetPlatform
[2018.12.22-07.11.33:291][  0]LogTemp: Display: Loaded TP WindowsTargetPlatform
[2018.12.22-07.11.33:376][  0]LogTemp: Display: Loaded TP AndroidTargetPlatform
[2018.12.22-07.11.33:376][  0]LogTemp: Display: Loaded TP AndroidTargetPlatform
[2018.12.22-07.11.33:376][  0]LogTemp: Display: Loaded TP AndroidTargetPlatform
[2018.12.22-07.11.33:376][  0]LogTemp: Display: Loaded TP AndroidTargetPlatform
[2018.12.22-07.11.33:376][  0]LogTemp: Display: Loaded TP AndroidTargetPlatform
[2018.12.22-07.11.33:376][  0]LogTemp: Display: Loaded TP AndroidTargetPlatform
[2018.12.22-07.11.33:376][  0]LogTemp: Display: Loaded TP AndroidTargetPlatform
[2018.12.22-07.11.33:376][  0]LogTemp: Display: Loaded TP AndroidTargetPlatform
[2018.12.22-07.11.33:376][  0]LogTemp: Display: Loaded TP AndroidTargetPlatform
[2018.12.22-07.11.33:376][  0]LogTemp: Display: Loaded TP AndroidTargetPlatform
[2018.12.22-07.11.33:376][  0]LogTemp: Display: Loaded TP AndroidTargetPlatform
[2018.12.22-07.11.33:376][  0]LogTemp: Display: Loaded TP AndroidTargetPlatform
[2018.12.22-07.11.33:377][  0]LogTemp: Display: Loaded TP AndroidTargetPlatform
[2018.12.22-07.11.33:377][  0]LogTemp: Display: Loaded TP AndroidTargetPlatform
[2018.12.22-07.11.33:377][  0]LogTemp: Display: Loaded TP AndroidTargetPlatform
[2018.12.22-07.11.33:377][  0]LogTemp: Display: Loaded TP AndroidTargetPlatform
[2018.12.22-07.11.33:377][  0]LogTemp: Display: Loaded TP AndroidTargetPlatform
[2018.12.22-07.11.33:377][  0]LogTemp: Display: Loaded TP AndroidTargetPlatform
[2018.12.22-07.11.33:382][  0]LogTemp: Display: Loaded TP HTML5TargetPlatform
[2018.12.22-07.11.33:478][  0]LogTemp: Display: Loaded TP IOSTargetPlatform
[2018.12.22-07.11.33:478][  0]LogTemp: Display: Loaded TP IOSTargetPlatform
[2018.12.22-07.11.33:522][  0]LogTemp: Display: Loaded TP TVOSTargetPlatform
[2018.12.22-07.11.33:522][  0]LogTemp: Display: Loaded TP TVOSTargetPlatform
[2018.12.22-07.11.33:539][  0]LogTemp: Display: Loaded TP LinuxClientTargetPlatform
[2018.12.22-07.11.33:557][  0]LogTemp: Display: Loaded TP LinuxNoEditorTargetPlatform
[2018.12.22-07.11.33:574][  0]LogTemp: Display: Loaded TP LinuxServerTargetPlatform
[2018.12.22-07.11.33:591][  0]LogTemp: Display: Loaded TP LinuxTargetPlatform
[2018.12.22-07.11.33:644][  0]LogTemp: Display: Loaded TP LuminTargetPlatform
[2018.12.22-07.11.33:644][  0]LogTemp: Display: Loaded TP LuminTargetPlatform
[2018.12.22-07.11.33:644][  0]LogTargetPlatformManager: Display: Building Assets For Windows
[2018.12.22-07.11.33:786][  0]LogShaderCompilers: Guid format shader working directory is -2 characters bigger than the processId version (../../../../../../../UnrealProject/Chapter_5/Intermediate/Shaders/WorkingDirectory/5400/).
[2018.12.22-07.11.33:786][  0]LogShaderCompilers: Cleaned the shader compiler working directory 'C:/Users/준/AppData/Local/Temp/UnrealShaderWorkingDir/DD662998459E6DD39EE40388391B9ADE/'.
[2018.12.22-07.11.33:788][  0]LogXGEController: Cleaning working directory: C:/Users/준/AppData/Local/Temp/UnrealXGEWorkingDir/
[2018.12.22-07.11.33:789][  0]LogXGEController: Cannot use XGE Controller as Incredibuild is not installed on this machine.
[2018.12.22-07.11.33:789][  0]LogShaderCompilers: Cannot use XGE Shader Compiler as Incredibuild is not installed on this machine.
[2018.12.22-07.11.33:789][  0]LogShaderCompilers: Display: Using Local Shader Compiler.
[2018.12.22-07.11.34:410][  0]LogDerivedDataCache: Display: Max Cache Size: 512 MB
[2018.12.22-07.11.34:513][  0]LogDerivedDataCache: Loaded boot cache 0.10s 71MB C:/Users/준/AppData/Local/UnrealEngine/4.21/DerivedDataCache/Boot.ddc.
[2018.12.22-07.11.34:513][  0]LogDerivedDataCache: Display: Loaded Boot cache: C:/Users/준/AppData/Local/UnrealEngine/4.21/DerivedDataCache/Boot.ddc
[2018.12.22-07.11.34:513][  0]LogDerivedDataCache: FDerivedDataBackendGraph:  Pak pak cache file ../../../../../../../UnrealProject/Chapter_5/DerivedDataCache/DDC.ddp not found, will not use a pak cache.
[2018.12.22-07.11.34:513][  0]LogDerivedDataCache: Unable to find inner node Pak for hierarchical cache Hierarchy.
[2018.12.22-07.11.34:513][  0]LogDerivedDataCache: FDerivedDataBackendGraph:  CompressedPak pak cache file ../../../../../../../UnrealProject/Chapter_5/DerivedDataCache/Compressed.ddp not found, will not use a pak cache.
[2018.12.22-07.11.34:514][  0]LogDerivedDataCache: Unable to find inner node CompressedPak for hierarchical cache Hierarchy.
[2018.12.22-07.11.34:529][  0]LogDerivedDataCache: Display: Pak cache opened for reading ../../../Engine/DerivedDataCache/Compressed.ddp.
[2018.12.22-07.11.34:529][  0]LogDerivedDataCache: FDerivedDataBackendGraph:  EnterprisePak pak cache file ../../../Enterprise/DerivedDataCache/Compressed.ddp not found, will not use a pak cache.
[2018.12.22-07.11.34:529][  0]LogDerivedDataCache: Unable to find inner node EnterprisePak for hierarchical cache Hierarchy.
[2018.12.22-07.11.34:543][  0]LogDerivedDataCache: Using Local data cache path C:/Users/준/AppData/Local/UnrealEngine/Common/DerivedDataCache: Writable
[2018.12.22-07.11.34:543][  0]LogDerivedDataCache: Shared data cache path not found in *engine.ini, will not use an Shared cache.
[2018.12.22-07.11.34:543][  0]LogDerivedDataCache: Unable to find inner node Shared for hierarchical cache Hierarchy.
[2018.12.22-07.11.34:570][  0]LogMaterial: Verifying Global Shaders for PCD3D_SM5
[2018.12.22-07.11.34:572][  0]LogSlate: Using FreeType 2.6.0
[2018.12.22-07.11.34:573][  0]LogSlate: SlateFontServices - WITH_FREETYPE: 1, WITH_HARFBUZZ: 1
[2018.12.22-07.11.34:696][  0]LogAssetRegistry: FAssetRegistry took 0.0362 seconds to start up
[2018.12.22-07.11.35:062][  0]LogInit: Selected Device Profile: [Windows]
[2018.12.22-07.11.35:291][  0]LogSimplygon: Simplygon DLL not present - disabling.
[2018.12.22-07.11.35:301][  0]LogMeshReduction: Using SimplygonSwarm for distributed automatic mesh merging
[2018.12.22-07.11.35:301][  0]LogMeshReduction: Using ProxyLODMeshReduction for automatic mesh merging
[2018.12.22-07.11.35:301][  0]LogMeshReduction: Using QuadricMeshReduction for automatic static mesh reduction
[2018.12.22-07.11.35:302][  0]LogMeshReduction: No automatic skeletal mesh reduction module available
[2018.12.22-07.11.35:327][  0]LogNetVersion: ArenaBattle 1.0.0, NetCL: 4541578, EngineNetVer: 5, GameNetVer: 0 (Checksum: 3566959148)
[2018.12.22-07.11.36:134][  0]LogPackageLocalizationCache: Processed 11 localized package path(s) for 2 prioritized culture(s) in 0.267804 seconds
[2018.12.22-07.11.36:140][  0]LogUObjectArray: 39775 objects as part of root set at end of initial load.
[2018.12.22-07.11.36:140][  0]LogUObjectAllocator: 6914664 out of 0 bytes used by permanent object pool.
[2018.12.22-07.11.36:140][  0]LogUObjectArray: CloseDisregardForGC: 0/0 objects in disregard for GC pool
[2018.12.22-07.11.37:443][  0]LogTcpMessaging: Initializing TcpMessaging bridge
[2018.12.22-07.11.37:461][  0]LogUdpMessaging: Initializing bridge on interface 0.0.0.0:0 to multicast group 230.0.0.1:6666.
[2018.12.22-07.11.38:353][  0]WebConnection: Warning: WebConnection Constructor Call!
[2018.12.22-07.11.38:353][  0]ArenaBattle: Warning: UABGameInstance::UABGameInstance(9) Coustructor Call Start
[2018.12.22-07.11.38:353][  0]WebConnection: Warning: WebConnection Constructor Call!
[2018.12.22-07.11.38:353][  0]ArenaBattle: Warning: UABGameInstance::UABGameInstance(13) Constructor Call End
[2018.12.22-07.11.38:485][  0]SourceControl: 소스 컨트롤이 꺼졌습니다.
[2018.12.22-07.11.38:485][  0]SourceControl: 소스 컨트롤이 꺼졌습니다.
[2018.12.22-07.11.38:492][  0]SourceControl: 소스 컨트롤이 꺼졌습니다.
[2018.12.22-07.11.38:497][  0]SourceControl: 소스 컨트롤이 꺼졌습니다.
[2018.12.22-07.11.38:857][  0]LogAndroidPermission: UAndroidPermissionCallbackProxy::GetInstance
[2018.12.22-07.11.39:121][  0]LogOcInput: OculusInput pre-init called
[2018.12.22-07.11.39:333][  0]LogEngine: Initializing Engine...
[2018.12.22-07.11.39:335][  0]LogHMD: Failed to initialize OpenVR with code 110
[2018.12.22-07.11.39:337][  0]LogStats: UGameplayTagsManager::ConstructGameplayTagTree: ImportINI prefixes -  0.000 s
[2018.12.22-07.11.39:338][  0]LogStats: UGameplayTagsManager::ConstructGameplayTagTree: Construct from data asset -  0.000 s
[2018.12.22-07.11.39:338][  0]LogStats: UGameplayTagsManager::ConstructGameplayTagTree: ImportINI -  0.000 s
[2018.12.22-07.11.39:338][  0]LogStats: UGameplayTagsManager::ConstructGameplayTagTree: GameplayTagTreeChangedEvent.Broadcast -  0.000 s
[2018.12.22-07.11.39:615][  0]LogInit: Initializing FReadOnlyCVARCache
[2018.12.22-07.11.39:633][  0]LogAIModule: Creating AISystem for world Untitled
[2018.12.22-07.11.39:648][  0]LogInit: Failed to create XAudio2 interface
[2018.12.22-07.11.39:649][  0]LogNetVersion: Set ProjectVersion to 1.0.0.0. Version Checksum will be recalculated on next use.
[2018.12.22-07.11.39:742][  0]LogDerivedDataCache: Saved boot cache 0.09s 71MB C:/Users/준/AppData/Local/UnrealEngine/4.21/DerivedDataCache/Boot.ddc.
[2018.12.22-07.11.39:757][  0]LogInit: Texture streaming: Enabled
[2018.12.22-07.11.39:790][  0]LogEngineSessionManager: EngineSessionManager initialized
[2018.12.22-07.11.39:803][  0]LogInit: Transaction tracking system initialized
[2018.12.22-07.11.39:845][  0]BlueprintLog: New page: 에디터 로드
[2018.12.22-07.11.39:994][  0]LocalizationService: 현지화 서비스가 비활성화되었습니다.
[2018.12.22-07.11.41:098][  0]LogCook: Display: Max memory allowance for cook 16384mb min free memory 0mb
[2018.12.22-07.11.41:099][  0]LogCook: Display: Mobile HDR setting 1
[2018.12.22-07.11.41:099][  0]LogGameplayTags: Display: UGameplayTagsManager::DoneAddingNativeTags. DelegateIsBound: 0
[2018.12.22-07.11.41:099][  0]LogStats: UGameplayTagsManager::ConstructGameplayTagTree: ImportINI prefixes -  0.000 s
[2018.12.22-07.11.41:099][  0]LogStats: UGameplayTagsManager::ConstructGameplayTagTree: Construct from data asset -  0.000 s
[2018.12.22-07.11.41:099][  0]LogStats: UGameplayTagsManager::ConstructGameplayTagTree: ImportINI -  0.000 s
[2018.12.22-07.11.41:099][  0]LogStats: UGameplayTagsManager::ConstructGameplayTagTree: GameplayTagTreeChangedEvent.Broadcast -  0.000 s
[2018.12.22-07.11.41:339][  0]LogFileCache: Scanning file cache for directory 'D:/UnrealProject/Chapter_5/Content/' took 0.03s
[2018.12.22-07.11.41:339][  0]SourceControl: 소스 컨트롤이 꺼졌습니다.
[2018.12.22-07.11.41:340][  0]Cmd: MAP LOAD FILE="../../../Engine/Content/Maps/Templates/Template_Default.umap" TEMPLATE=1 SHOWPROGRESS=1 FEATURELEVEL=3
[2018.12.22-07.11.41:340][  0]LightingResults: New page: 라이팅 빌드
[2018.12.22-07.11.41:343][  0]MapCheck: New page: 맵 체크
[2018.12.22-07.11.41:343][  0]LightingResults: New page: 라이팅 빌드
[2018.12.22-07.11.41:528][  0]LogAIModule: Creating AISystem for world Untitled_1
[2018.12.22-07.11.41:535][  0]LogEditorServer: Finished looking for orphan Actors (0.000 secs)
[2018.12.22-07.11.41:564][  0]Cmd: MAP CHECKDEP NOCLEARLOG
[2018.12.22-07.11.41:565][  0]MapCheck: 맵 체크 완료: 오류 0 회, 경고 0 회, 소요 시간 0.137ms.
[2018.12.22-07.11.41:565][  0]LogFileHelpers: Loading map 'Template_Default' took 0.225
[2018.12.22-07.11.41:710][  0]LogSlate: Updating window title bar state: overlay mode, drag disabled, window buttons hidden, title bar hidden
[2018.12.22-07.11.41:718][  0]LogSlate: Updating window title bar state: overlay mode, drag disabled, window buttons hidden, title bar hidden
[2018.12.22-07.11.41:727][  0]LogSlate: Updating window title bar state: overlay mode, drag disabled, window buttons hidden, title bar hidden
[2018.12.22-07.11.41:735][  0]LogSlate: Updating window title bar state: overlay mode, drag disabled, window buttons hidden, title bar hidden
[2018.12.22-07.11.41:749][  0]LogCollectionManager: Loaded 0 collections in 0.001694 seconds
[2018.12.22-07.11.41:797][  0]LogFileCache: Scanning file cache for directory 'D:/UnrealProject/Chapter_5/Saved/Collections/' took 0.01s
[2018.12.22-07.11.41:797][  0]LogFileCache: Scanning file cache for directory 'D:/UnrealProject/Chapter_5/Content/Developers/준/Collections/' took 0.01s
[2018.12.22-07.11.41:797][  0]LogFileCache: Scanning file cache for directory 'D:/UnrealProject/Chapter_5/Content/Collections/' took 0.01s
[2018.12.22-07.11.41:798][  0]LogCollectionManager: Rebuilt the GUID cache for 0 collections in 0.000000 seconds
[2018.12.22-07.11.41:808][  0]LogContentBrowser: Native class hierarchy populated in 0.0103 seconds. Added 2656 classes and 625 folders.
[2018.12.22-07.11.41:816][  0]LogContentBrowser: Native class hierarchy updated for 'WidgetCarousel' in 0.0008 seconds. Added 0 classes and 0 folders.
[2018.12.22-07.11.41:818][  0]LogPakFile: Registered encryption key '00000000000000000000000000000000': 0 pak files mounted, 0 remain pending
[2018.12.22-07.11.41:820][  0]LogPakFile: Registered encryption key '00000000000000000000000000000000': 0 pak files mounted, 0 remain pending
[2018.12.22-07.11.41:821][  0]LogPakFile: Registered encryption key '00000000000000000000000000000000': 0 pak files mounted, 0 remain pending
[2018.12.22-07.11.41:822][  0]LogPakFile: Registered encryption key '00000000000000000000000000000000': 0 pak files mounted, 0 remain pending
[2018.12.22-07.11.41:823][  0]LogPakFile: Registered encryption key '00000000000000000000000000000000': 0 pak files mounted, 0 remain pending
[2018.12.22-07.11.41:823][  0]LogPakFile: Registered encryption key '00000000000000000000000000000000': 0 pak files mounted, 0 remain pending
[2018.12.22-07.11.41:824][  0]LogPakFile: Registered encryption key '00000000000000000000000000000000': 0 pak files mounted, 0 remain pending
[2018.12.22-07.11.41:825][  0]LogPakFile: Registered encryption key '00000000000000000000000000000000': 0 pak files mounted, 0 remain pending
[2018.12.22-07.11.41:826][  0]LogPakFile: Registered encryption key '00000000000000000000000000000000': 0 pak files mounted, 0 remain pending
[2018.12.22-07.11.41:827][  0]LogPakFile: Registered encryption key '00000000000000000000000000000000': 0 pak files mounted, 0 remain pending
[2018.12.22-07.11.41:828][  0]LogPakFile: Registered encryption key '00000000000000000000000000000000': 0 pak files mounted, 0 remain pending
[2018.12.22-07.11.41:829][  0]LogPakFile: Registered encryption key '00000000000000000000000000000000': 0 pak files mounted, 0 remain pending
[2018.12.22-07.11.41:830][  0]LogPakFile: Registered encryption key '00000000000000000000000000000000': 0 pak files mounted, 0 remain pending
[2018.12.22-07.11.41:831][  0]LogPakFile: Registered encryption key '00000000000000000000000000000000': 0 pak files mounted, 0 remain pending
[2018.12.22-07.11.41:832][  0]LogPakFile: Registered encryption key '00000000000000000000000000000000': 0 pak files mounted, 0 remain pending
[2018.12.22-07.11.41:833][  0]LogPakFile: Registered encryption key '00000000000000000000000000000000': 0 pak files mounted, 0 remain pending
[2018.12.22-07.11.41:834][  0]LogPakFile: Registered encryption key '00000000000000000000000000000000': 0 pak files mounted, 0 remain pending
[2018.12.22-07.11.41:834][  0]LogPakFile: Registered encryption key '00000000000000000000000000000000': 0 pak files mounted, 0 remain pending
[2018.12.22-07.11.41:835][  0]LogPakFile: Registered encryption key '00000000000000000000000000000000': 0 pak files mounted, 0 remain pending
[2018.12.22-07.11.41:836][  0]LogPakFile: Registered encryption key '00000000000000000000000000000000': 0 pak files mounted, 0 remain pending
[2018.12.22-07.11.41:837][  0]LogPakFile: Registered encryption key '00000000000000000000000000000000': 0 pak files mounted, 0 remain pending
[2018.12.22-07.11.41:838][  0]LogPakFile: Registered encryption key '00000000000000000000000000000000': 0 pak files mounted, 0 remain pending
[2018.12.22-07.11.41:838][  0]LogPakFile: Registered encryption key '00000000000000000000000000000000': 0 pak files mounted, 0 remain pending
[2018.12.22-07.11.41:839][  0]LogPakFile: Registered encryption key '00000000000000000000000000000000': 0 pak files mounted, 0 remain pending
[2018.12.22-07.11.41:840][  0]LogPakFile: Registered encryption key '00000000000000000000000000000000': 0 pak files mounted, 0 remain pending
[2018.12.22-07.11.41:841][  0]LogPakFile: Registered encryption key '00000000000000000000000000000000': 0 pak files mounted, 0 remain pending
[2018.12.22-07.11.41:896][  0]LogContentBrowser: Native class hierarchy updated for 'AddContentDialog' in 0.0004 seconds. Added 0 classes and 0 folders.
[2018.12.22-07.11.41:960][  0]LogSlate: Took 0.000438 seconds to synchronously load lazily loaded font '../../../Engine/Content/Slate/Fonts/Roboto-Regular.ttf' (155K)
[2018.12.22-07.11.41:965][  0]LogSlate: Took 0.003504 seconds to synchronously load lazily loaded font '../../../Engine/Content/Editor/Slate/Fonts/NanumGothic.ttf' (4243K)
[2018.12.22-07.11.41:974][  0]LogSlate: Took 0.005624 seconds to synchronously load lazily loaded font '../../../Engine/Content/Editor/Slate/Fonts/NanumGothicBold.ttf' (4188K)
[2018.12.22-07.11.41:975][  0]LogSlate: Took 0.000302 seconds to synchronously load lazily loaded font '../../../Engine/Content/Slate/Fonts/Roboto-Bold.ttf' (160K)
[2018.12.22-07.11.41:978][  0]LogSlate: Took 0.000262 seconds to synchronously load lazily loaded font '../../../Engine/Content/Editor/Slate/Fonts/FontAwesome.ttf' (139K)
[2018.12.22-07.11.42:064][  0]LogRenderer: Reallocating scene render targets to support 1208x652 Format 9 NumSamples 1 (Frame:1).
[2018.12.22-07.11.42:512][  0]LogContentBrowser: Native class hierarchy updated for 'HierarchicalLODOutliner' in 0.0005 seconds. Added 0 classes and 0 folders.
[2018.12.22-07.11.42:513][  0]LogLoad: (Engine Initialization) Total time: 14.22 seconds
[2018.12.22-07.11.42:513][  0]LogLoad: (Engine Initialization) Total Blueprint compile time: 0.00 seconds
[2018.12.22-07.11.42:535][  0]LogWindowsTextInputMethodSystem: Display: IME system now activated using TSF (Microsoft 입력기).
[2018.12.22-07.11.42:614][  0]LogContentStreaming: Texture pool size now 600 MB
[2018.12.22-07.11.42:668][  1]LogAssetRegistry: Asset discovery search completed in 7.9963 seconds
[2018.12.22-07.11.42:670][  1]LogCollectionManager: Rebuilt the object cache for 0 collections in 0.000000 seconds (found 0 objects)
[2018.12.22-07.11.42:670][  1]LogCollectionManager: Fixed up redirectors for 0 collections in 0.000257 seconds (updated 0 objects)
[2018.12.22-07.11.42:685][  1]LogSlate: Took 0.000240 seconds to synchronously load lazily loaded font '../../../Engine/Content/Slate/Fonts/Roboto-Light.ttf' (167K)
[2018.12.22-07.11.45:955][129]LogSlate: FSceneViewport::OnFocusLost() reason 0
[2018.12.22-07.11.46:034][133]LogTemp: Repeating last play command: 선택된 뷰포트
[2018.12.22-07.11.46:082][133]LogBlueprintUserMessages: Early PlayInEditor Detection: Level '/Temp/Untitled_1.Untitled_1:PersistentLevel' has LevelScriptBlueprint '/Temp/Untitled_1.Untitled_1:PersistentLevel.Untitled' with GeneratedClass '/Temp/Untitled_1.Untitled_C' with ClassGeneratedBy '/Temp/Untitled_1.Untitled_1:PersistentLevel.Untitled'
[2018.12.22-07.11.46:082][133]LogPlayLevel: PlayLevel: No blueprints needed recompiling
[2018.12.22-07.11.46:104][133]PIE: New page: PIE 세션: Untitled_1 (2018. 12. 23. 오전 1:11:46)
[2018.12.22-07.11.46:134][133]ArenaBattle: Warning: UABGameInstance::UABGameInstance(9) Coustructor Call Start
[2018.12.22-07.11.46:134][133]WebConnection: Warning: WebConnection Constructor Call!
[2018.12.22-07.11.46:135][133]ArenaBattle: Warning: UABGameInstance::UABGameInstance(13) Constructor Call End
[2018.12.22-07.11.46:135][133]LogPlayLevel: Creating play world package: /Temp/UEDPIE_0_Untitled_1
[2018.12.22-07.11.46:147][133]LogPlayLevel: PIE: StaticDuplicateObject took: (0.010956s)
[2018.12.22-07.11.46:148][133]LogAIModule: Creating AISystem for world Untitled_1
[2018.12.22-07.11.46:149][133]LogPlayLevel: PIE: World Init took: (0.001699s)
[2018.12.22-07.11.46:149][133]LogPlayLevel: PIE: Created PIE world by copying editor world from /Temp/Untitled_1.Untitled_1 to /Temp/UEDPIE_0_Untitled_1.Untitled_1 (0.014132s)
[2018.12.22-07.11.46:187][133]ArenaBattle: Warning: UABGameInstance::Init(22)
[2018.12.22-07.11.46:187][133]ArenaBattle: Warning: UABGameInstance::Init(29) ClassInfo1 is name with ClassInfo2
[2018.12.22-07.11.46:188][133]ArenaBattle: Warning: UABGameInstance::Init(34) Field:Host, Type:StrProperty
[2018.12.22-07.11.46:188][133]ArenaBattle: Warning: UABGameInstance::Init(38) Value=localhost:8000
[2018.12.22-07.11.46:188][133]ArenaBattle: Warning: UABGameInstance::Init(34) Field:URI, Type:StrProperty
[2018.12.22-07.11.46:188][133]ArenaBattle: Warning: UABGameInstance::Init(38) Value=/
[2018.12.22-07.11.46:188][133]ArenaBattle: Warning: UABGameInstance::Init(34) Field:TokenCompleteDelegate, Type:MulticastDelegateProperty
[2018.12.22-07.11.46:188][133]ArenaBattle: Warning: UABGameInstance::Init(44) Function=RequestToken
[2018.12.22-07.11.46:188][133]ArenaBattle: Warning: UABGameInstance::Init(59) DefaultSubobject:WebConnection
[2018.12.22-07.11.46:189][133]ArenaBattle: Warning: UABGameInstance::Init(60) Outer of DefaultSubobject:ABGameInstance
[2018.12.22-07.11.46:189][133]WebConnection: Warning: WebConnection Constructor Call!
[2018.12.22-07.11.46:189][133]ArenaBattle: Warning: UABGameInstance::Init(64) Outer of NewObject : ABGameInstance
[2018.12.22-07.11.46:189][133]ArenaBattle: Warning: UABGameInstance::Init(69) Actor:WorldSettings_1
[2018.12.22-07.11.46:189][133]ArenaBattle: Warning: UABGameInstance::Init(69) Actor:Brush_1
[2018.12.22-07.11.46:189][133]ArenaBattle: Warning: UABGameInstance::Init(74)  -- Conmpoenet:BrushComponent0
[2018.12.22-07.11.46:189][133]ArenaBattle: Warning: UABGameInstance::Init(69) Actor:LightSource
[2018.12.22-07.11.46:189][133]ArenaBattle: Warning: UABGameInstance::Init(74)  -- Conmpoenet:LightComponent0
[2018.12.22-07.11.46:190][133]ArenaBattle: Warning: UABGameInstance::Init(74)  -- Conmpoenet:ArrowComponent0
[2018.12.22-07.11.46:190][133]ArenaBattle: Warning: UABGameInstance::Init(69) Actor:PlayerStart
[2018.12.22-07.11.46:190][133]ArenaBattle: Warning: UABGameInstance::Init(74)  -- Conmpoenet:CollisionCapsule
[2018.12.22-07.11.46:190][133]ArenaBattle: Warning: UABGameInstance::Init(74)  -- Conmpoenet:Sprite
[2018.12.22-07.11.46:190][133]ArenaBattle: Warning: UABGameInstance::Init(74)  -- Conmpoenet:Sprite2
[2018.12.22-07.11.46:190][133]ArenaBattle: Warning: UABGameInstance::Init(74)  -- Conmpoenet:Arrow
[2018.12.22-07.11.46:190][133]ArenaBattle: Warning: UABGameInstance::Init(69) Actor:InstancedFoliageActor_0
[2018.12.22-07.11.46:190][133]ArenaBattle: Warning: UABGameInstance::Init(74)  -- Conmpoenet:RootComponent0
[2018.12.22-07.11.46:191][133]ArenaBattle: Warning: UABGameInstance::Init(69) Actor:AtmosphericFog_1
[2018.12.22-07.11.46:191][133]ArenaBattle: Warning: UABGameInstance::Init(74)  -- Conmpoenet:Sprite
[2018.12.22-07.11.46:191][133]ArenaBattle: Warning: UABGameInstance::Init(74)  -- Conmpoenet:AtmosphericFogComponent0
[2018.12.22-07.11.46:191][133]ArenaBattle: Warning: UABGameInstance::Init(74)  -- Conmpoenet:ArrowComponent0
[2018.12.22-07.11.46:191][133]ArenaBattle: Warning: UABGameInstance::Init(69) Actor:Floor
[2018.12.22-07.11.46:191][133]ArenaBattle: Warning: UABGameInstance::Init(74)  -- Conmpoenet:StaticMeshComponent0
[2018.12.22-07.11.46:191][133]ArenaBattle: Warning: UABGameInstance::Init(69) Actor:SkySphere
[2018.12.22-07.11.46:191][133]ArenaBattle: Warning: UABGameInstance::Init(74)  -- Conmpoenet:Sky Sphere mesh
[2018.12.22-07.11.46:192][133]ArenaBattle: Warning: UABGameInstance::Init(74)  -- Conmpoenet:Base
[2018.12.22-07.11.46:192][133]ArenaBattle: Warning: UABGameInstance::Init(69) Actor:SkyLight_1
[2018.12.22-07.11.46:192][133]ArenaBattle: Warning: UABGameInstance::Init(74)  -- Conmpoenet:Sprite
[2018.12.22-07.11.46:192][133]ArenaBattle: Warning: UABGameInstance::Init(74)  -- Conmpoenet:SkyLightComponent0
[2018.12.22-07.11.46:192][133]ArenaBattle: Warning: UABGameInstance::Init(69) Actor:SphereReflectionCapture_1
[2018.12.22-07.11.46:192][133]ArenaBattle: Warning: UABGameInstance::Init(74)  -- Conmpoenet:NewReflectionComponent
[2018.12.22-07.11.46:192][133]ArenaBattle: Warning: UABGameInstance::Init(74)  -- Conmpoenet:Sprite
[2018.12.22-07.11.46:192][133]ArenaBattle: Warning: UABGameInstance::Init(74)  -- Conmpoenet:CaptureOffset
[2018.12.22-07.11.46:193][133]ArenaBattle: Warning: UABGameInstance::Init(74)  -- Conmpoenet:DrawRadius0
[2018.12.22-07.11.46:193][133]ArenaBattle: Warning: UABGameInstance::Init(74)  -- Conmpoenet:DrawRadius1
[2018.12.22-07.11.46:193][133]ArenaBattle: Warning: UABGameInstance::Init(69) Actor:GameplayDebuggerPlayerManager_0
[2018.12.22-07.11.46:193][133]ArenaBattle: Warning: UABGameInstance::Init(80) StaticMesh Actor: Floor
[2018.12.22-07.11.46:193][133]ArenaBattle: Warning: UABGameInstance::Init(89) WebConnection Object Host:localhost:8000
[2018.12.22-07.11.46:193][133]ArenaBattle: Warning: UABGameInstance::Init(89) WebConnection Object Host:localhost
[2018.12.22-07.11.46:193][133]ArenaBattle: Warning: UABGameInstance::Init(89) WebConnection Object Host:127.0.0.1
[2018.12.22-07.11.46:193][133]WebConnection: Warning: Request Toekn Call!
[2018.12.22-07.11.46:194][133]ArenaBattle: Warning: UABGameInstance::RequestTokenComplete(126) Token : 0LCJydGkiOiI2a3NjVE9pTUNESVZWM05qVTIyUnlTIn0.VJyMOicM
[2018.12.22-07.11.46:194][133]WebConnection: Warning: WebConnection Constructor Call!
[2018.12.22-07.11.46:214][133]ArenaBattle: Warning: UABGameInstance::Init(120) WebConnection:Host 127.0.0.7,URI/
[2018.12.22-07.11.46:316][133]LogLoad: Game class is 'GameModeBase'
[2018.12.22-07.11.46:354][133]LogWorld: Bringing World /Temp/UEDPIE_0_Untitled_1.Untitled_1 up for play (max tick rate 60) at 2018.12.22-16.11.46
[2018.12.22-07.11.46:356][133]LogWorld: Bringing up level for play took: 0.002726
[2018.12.22-07.11.46:663][133]LogContentBrowser: Native class hierarchy updated for 'MovieSceneCapture' in 0.0010 seconds. Added 20 classes and 0 folders.
[2018.12.22-07.11.46:681][133]PIE: /Temp/UEDPIE_0_Untitled_1 에 대한 에디터에서 플레이 시작 시간: 0.698
[2018.12.22-07.11.46:682][133]LogBlueprintUserMessages: Late PlayInEditor Detection: Level '/Temp/Untitled_1.Untitled_1:PersistentLevel' has LevelScriptBlueprint '/Temp/Untitled_1.Untitled_1:PersistentLevel.Untitled' with GeneratedClass '/Temp/Untitled_1.Untitled_C' with ClassGeneratedBy '/Temp/Untitled_1.Untitled_1:PersistentLevel.Untitled'
[2018.12.22-07.11.48:710][242]LogBlueprintUserMessages: Early EndPlayMap Detection: Level '/Temp/Untitled_1.Untitled_1:PersistentLevel' has LevelScriptBlueprint '/Temp/Untitled_1.Untitled_1:PersistentLevel.Untitled' with GeneratedClass '/Temp/Untitled_1.Untitled_C' with ClassGeneratedBy '/Temp/Untitled_1.Untitled_1:PersistentLevel.Untitled'
[2018.12.22-07.11.48:710][242]LogSlate: Updating window title bar state: overlay mode, drag disabled, window buttons hidden, title bar hidden
[2018.12.22-07.11.48:750][242]LogPlayLevel: Display: Shutting down PIE online subsystems
[2018.12.22-07.11.48:750][242]LogBlueprintUserMessages: Late EndPlayMap Detection: Level '/Temp/Untitled_1.Untitled_1:PersistentLevel' has LevelScriptBlueprint '/Temp/Untitled_1.Untitled_1:PersistentLevel.Untitled' with GeneratedClass '/Temp/Untitled_1.Untitled_C' with ClassGeneratedBy '/Temp/Untitled_1.Untitled_1:PersistentLevel.Untitled'
[2018.12.22-07.11.48:783][242]LogSlate: Updating window title bar state: overlay mode, drag disabled, window buttons hidden, title bar hidden
[2018.12.22-07.11.48:812][244]LogPlayLevel: Display: Destroying online subsystem :Context_1
