Log file open, 12/22/18 14:47:21
LogWindows: Failed to load 'aqProf.dll' (GetLastError=126)
LogWindows: File 'aqProf.dll' does not exist
LogWindows: Failed to load 'VtuneApi.dll' (GetLastError=126)
LogWindows: File 'VtuneApi.dll' does not exist
LogWindows: Failed to load 'VtuneApi32e.dll' (GetLastError=126)
LogWindows: File 'VtuneApi32e.dll' does not exist
LogConsoleResponse: Display: Failed to find resolution value strings in scalability ini. Falling back to default.
LogInit: Display: Running engine for game: ArenaBattle
LogPakFile: Registered encryption key '00000000000000000000000000000000': 0 pak files mounted, 0 remain pending
LogPlatformFile: Not using cached read wrapper
LogTaskGraph: Started task graph with 5 named threads and 23 total threads with 3 sets of task threads.
LogStats: Stats thread started at 0.492919
LogD3D11RHI: Loaded GFSDK_Aftermath_Lib.x64.dll
LogICUInternationalization: ICU TimeZone Detection - Raw Offset: +9:00, Platform Override: ''
LogPluginManager: Mounting plugin Paper2D
LogPluginManager: Mounting plugin AISupport
LogPluginManager: Mounting plugin LightPropagationVolume
LogPluginManager: Mounting plugin ActorLayerUtilities
LogPluginManager: Mounting plugin CLionSourceCodeAccess
LogPluginManager: Mounting plugin CodeLiteSourceCodeAccess
LogPluginManager: Mounting plugin GitSourceControl
LogPluginManager: Mounting plugin KDevelopSourceCodeAccess
LogPluginManager: Mounting plugin NullSourceCodeAccess
LogPluginManager: Mounting plugin PerforceSourceControl
LogPluginManager: Mounting plugin SubversionSourceControl
LogPluginManager: Mounting plugin UObjectPlugin
LogPluginManager: Mounting plugin VisualStudioCodeSourceCodeAccess
LogPluginManager: Mounting plugin VisualStudioSourceCodeAccess
LogPluginManager: Mounting plugin XCodeSourceCodeAccess
LogPluginManager: Mounting plugin AssetManagerEditor
LogPluginManager: Mounting plugin CryptoKeys
LogPluginManager: Mounting plugin DataValidation
LogPluginManager: Mounting plugin FacialAnimation
LogPluginManager: Mounting plugin GameplayTagsEditor
LogPluginManager: Mounting plugin MacGraphicsSwitching
LogPluginManager: Mounting plugin MeshEditor
LogPluginManager: Mounting plugin MobileLauncherProfileWizard
LogPluginManager: Mounting plugin PluginBrowser
LogPluginManager: Mounting plugin SpeedTreeImporter
LogPluginManager: Mounting plugin DatasmithContent
LogPluginManager: Mounting plugin VariantManagerContent
LogPluginManager: Mounting plugin AlembicImporter
LogPluginManager: Mounting plugin AppleImageUtils
LogPluginManager: Mounting plugin AppleVision
LogPluginManager: Mounting plugin BackChannel
LogPluginManager: Mounting plugin CharacterAI
LogPluginManager: Mounting plugin GeometryCache
LogPluginManager: Mounting plugin HTML5Networking
LogPluginManager: Mounting plugin ProxyLODPlugin
LogPluginManager: Mounting plugin MagicLeap
LogPluginManager: Mounting plugin MagicLeapMedia
LogPluginManager: Mounting plugin AndroidMedia
LogPluginManager: Mounting plugin AvfMedia
LogPluginManager: Mounting plugin ImgMedia
LogPluginManager: Mounting plugin LinearTimecode
LogPluginManager: Mounting plugin MediaCompositing
LogPluginManager: Mounting plugin MediaPlayerEditor
LogPluginManager: Mounting plugin WebMMedia
LogPluginManager: Mounting plugin WmfMedia
LogPluginManager: Mounting plugin TcpMessaging
LogPluginManager: Mounting plugin UdpMessaging
LogPluginManager: Mounting plugin ActorSequence
LogPluginManager: Mounting plugin LevelSequenceEditor
LogPluginManager: Mounting plugin MatineeToLevelSequence
LogPluginManager: Mounting plugin NetcodeUnitTest
LogPluginManager: Mounting plugin NUTUnrealEngine4
LogPluginManager: Mounting plugin OnlineSubsystemGooglePlay
LogPluginManager: Mounting plugin OnlineSubsystemIOS
LogPluginManager: Mounting plugin OnlineSubsystem
LogPluginManager: Mounting plugin OnlineSubsystemNull
LogPluginManager: Mounting plugin OnlineSubsystemUtils
LogPluginManager: Mounting plugin LauncherChunkInstaller
LogPluginManager: Mounting plugin AndroidDeviceProfileSelector
LogPluginManager: Mounting plugin AndroidMoviePlayer
LogPluginManager: Mounting plugin AndroidPermission
LogPluginManager: Mounting plugin AppleMoviePlayer
LogPluginManager: Mounting plugin ArchVisCharacter
LogPluginManager: Mounting plugin AudioCapture
LogPluginManager: Mounting plugin CableComponent
LogPluginManager: Mounting plugin CustomMeshComponent
LogPluginManager: Mounting plugin EditableMesh
LogPluginManager: Mounting plugin ExampleDeviceProfileSelector
LogPluginManager: Mounting plugin Firebase
LogPluginManager: Mounting plugin GoogleCloudMessaging
LogPluginManager: Mounting plugin IOSDeviceProfileSelector
LogPluginManager: Mounting plugin LinuxDeviceProfileSelector
LogPluginManager: Mounting plugin LocationServicesBPLibrary
LogPluginManager: Mounting plugin MobilePatchingUtils
LogPluginManager: Mounting plugin OculusVR
LogPluginManager: Mounting plugin PhysXVehicles
LogPluginManager: Mounting plugin ProceduralMeshComponent
LogPluginManager: Mounting plugin RuntimePhysXCooking
LogPluginManager: Mounting plugin SteamVR
LogPluginManager: Mounting plugin WebMMoviePlayer
LogPluginManager: Mounting plugin WindowsMoviePlayer
LogStreaming: Display: Took  0.161s to configure plugins.
LogInit: Using libcurl 7.55.1-DEV
LogInit:  - built for x86_64-pc-win32
LogInit:  - supports SSL with OpenSSL/1.0.2h
LogInit:  - supports HTTP deflate (compression) using libz 1.2.8
LogInit:  - other features:
LogInit:      CURL_VERSION_SSL
LogInit:      CURL_VERSION_LIBZ
LogInit:      CURL_VERSION_IPV6
LogInit:      CURL_VERSION_ASYNCHDNS
LogInit:      CURL_VERSION_LARGEFILE
LogInit:      CURL_VERSION_IDN
LogInit:  CurlRequestOptions (configurable via config and command line):
LogInit:  - bVerifyPeer = true  - Libcurl will verify peer certificate
LogInit:  - bUseHttpProxy = false  - Libcurl will NOT use HTTP proxy
LogInit:  - bDontReuseConnections = false  - Libcurl will reuse connections
LogInit:  - MaxHostConnections = 16  - Libcurl will limit the number of connections to a host
LogInit:  - LocalHostAddr = Default
LogInit:  - BufferSize = 65536
LogInit: WinSock: version 1.1 (2.2), MaxSocks=32767, MaxUdp=65467
LogInit: Build: ++UE4+Release-4.21-CL-4541578
LogInit: Engine Version: 4.21.0-4541578+++UE4+Release-4.21
LogInit: Compatible Engine Version: 4.21.0-4541578+++UE4+Release-4.21
LogInit: Net CL: 4541578
LogInit: OS: Windows 10 (), CPU: Intel(R) Core(TM) i7-4770HQ CPU @ 2.20GHz, GPU: Intel(R) Iris(TM) Pro Graphics 5200
LogInit: Compiled (64-bit): Nov  6 2018 02:04:24
LogInit: Compiled with Visual C++: 19.13.26129.00
LogInit: Build Configuration: Development
LogInit: Branch Name: ++UE4+Release-4.21
LogInit: Command Line:  -skipcompile
LogInit: Base Directory: D:/06.program/Window/unreal/UE_4.21/Engine/Binaries/Win64/
LogInit: Installed Engine Build: 1
LogDevObjectVersion: Number of dev versions registered: 22
LogDevObjectVersion:   Dev-Blueprints (B0D832E4-1F89-4F0D-ACCF-7EB736FD4AA2): 10
LogDevObjectVersion:   Dev-Build (E1C64328-A22C-4D53-A36C-8E866417BD8C): 0
LogDevObjectVersion:   Dev-Core (375EC13C-06E4-48FB-B500-84F0262A717E): 2
LogDevObjectVersion:   Dev-Editor (E4B068ED-F494-42E9-A231-DA0B2E46BB41): 26
LogDevObjectVersion:   Dev-Framework (CFFC743F-43B0-4480-9391-14DF171D2073): 34
LogDevObjectVersion:   Dev-Mobile (B02B49B5-BB20-44E9-A304-32B752E40360): 2
LogDevObjectVersion:   Dev-Networking (A4E4105C-59A1-49B5-A7C5-40C4547EDFEE): 0
LogDevObjectVersion:   Dev-Online (39C831C9-5AE6-47DC-9A44-9C173E1C8E7C): 0
LogDevObjectVersion:   Dev-Physics (78F01B33-EBEA-4F98-B9B4-84EACCB95AA2): 0
LogDevObjectVersion:   Dev-Platform (6631380F-2D4D-43E0-8009-CF276956A95A): 0
LogDevObjectVersion:   Dev-Rendering (12F88B9F-8875-4AFC-A67C-D90C383ABD29): 27
LogDevObjectVersion:   Dev-Sequencer (7B5AE74C-D270-4C10-A958-57980B212A5A): 9
LogDevObjectVersion:   Dev-VR (D7296918-1DD6-4BDD-9DE2-64A83CC13884): 2
LogDevObjectVersion:   Dev-LoadTimes (C2A15278-BFE7-4AFE-6C17-90FF531DF755): 1
LogDevObjectVersion:   Private-Geometry (6EACA3D4-40EC-4CC1-B786-8BED09428FC5): 3
LogDevObjectVersion:   Dev-AnimPhys (29E575DD-E0A3-4627-9D10-D276232CDCEA): 17
LogDevObjectVersion:   Dev-Anim (AF43A65D-7FD3-4947-9873-3E8ED9C1BB05): 2
LogDevObjectVersion:   Dev-ReflectionCapture (6B266CEC-1EC7-4B8F-A30B-E4D90942FC07): 1
LogDevObjectVersion:   Dev-Automation (0DF73D61-A23F-47EA-B727-89E90C41499A): 1
LogDevObjectVersion:   FortniteMain (601D1886-AC64-4F84-AA16-D3DE0DEAC7D6): 17
LogDevObjectVersion:   Dev-Enterprise (9DFFBCD6-494F-0158-E221-12823C92A888): 4
LogDevObjectVersion:   Dev-Niagara (F2AED0AC-9AFE-416F-8664-AA7FFA26D6FC): 1
LogStreaming: Display: Took  0.004s to delete old logs.
LogInit: Presizing for max 8388607 objects, including 0 objects not considered by GC, pre-allocating 0 bytes for permanent pool.
LogInit: Object subsystem initialized
LogConfig: Setting CVar [[con.DebugEarlyDefault:1]]
LogConfig: Setting CVar [[r.setres:1280x720]]
[2018.12.22-05.47.21:594][  0]LogConfig: Setting CVar [[r.VSync:0]]
[2018.12.22-05.47.21:594][  0]LogConfig: Setting CVar [[r.RHICmdBypass:0]]
[2018.12.22-05.47.21:595][  0]LogConfig: Applying CVar settings from Section [/Script/Engine.RendererSettings] File [D:/UnrealProject/Chapter_5/Saved/Config/Windows/Engine.ini]
[2018.12.22-05.47.21:595][  0]LogConfig: Setting CVar [[r.GPUCrashDebugging:0]]
[2018.12.22-05.47.21:595][  0]LogConfig: Applying CVar settings from Section [/Script/Engine.RendererOverrideSettings] File [D:/UnrealProject/Chapter_5/Saved/Config/Windows/Engine.ini]
[2018.12.22-05.47.21:595][  0]LogConfig: Applying CVar settings from Section [/Script/Engine.StreamingSettings] File [D:/UnrealProject/Chapter_5/Saved/Config/Windows/Engine.ini]
[2018.12.22-05.47.21:595][  0]LogConfig: Setting CVar [[s.MinBulkDataSizeForAsyncLoading:131072]]
[2018.12.22-05.47.21:595][  0]LogConfig: Setting CVar [[s.AsyncLoadingThreadEnabled:0]]
[2018.12.22-05.47.21:595][  0]LogConfig: Setting CVar [[s.EventDrivenLoaderEnabled:1]]
[2018.12.22-05.47.21:595][  0]LogConfig: Setting CVar [[s.WarnIfTimeLimitExceeded:0]]
[2018.12.22-05.47.21:595][  0]LogConfig: Setting CVar [[s.TimeLimitExceededMultiplier:1.5]]
[2018.12.22-05.47.21:595][  0]LogConfig: Setting CVar [[s.TimeLimitExceededMinTime:0.005]]
[2018.12.22-05.47.21:595][  0]LogConfig: Setting CVar [[s.UseBackgroundLevelStreaming:1]]
[2018.12.22-05.47.21:595][  0]LogConfig: Setting CVar [[s.PriorityAsyncLoadingExtraTime:15.0]]
[2018.12.22-05.47.21:596][  0]LogConfig: Setting CVar [[s.LevelStreamingActorsUpdateTimeLimit:5.0]]
[2018.12.22-05.47.21:596][  0]LogConfig: Setting CVar [[s.PriorityLevelStreamingActorsUpdateExtraTime:5.0]]
[2018.12.22-05.47.21:596][  0]LogConfig: Setting CVar [[s.LevelStreamingComponentsRegistrationGranularity:10]]
[2018.12.22-05.47.21:596][  0]LogConfig: Setting CVar [[s.UnregisterComponentsTimeLimit:1.0]]
[2018.12.22-05.47.21:596][  0]LogConfig: Setting CVar [[s.LevelStreamingComponentsUnregistrationGranularity:5]]
[2018.12.22-05.47.21:596][  0]LogConfig: Applying CVar settings from Section [/Script/Engine.GarbageCollectionSettings] File [D:/UnrealProject/Chapter_5/Saved/Config/Windows/Engine.ini]
[2018.12.22-05.47.21:596][  0]LogConfig: Setting CVar [[gc.MaxObjectsNotConsideredByGC:1]]
[2018.12.22-05.47.21:596][  0]LogConfig: Setting CVar [[gc.SizeOfPermanentObjectPool:0]]
[2018.12.22-05.47.21:596][  0]LogConfig: Setting CVar [[gc.FlushStreamingOnGC:0]]
[2018.12.22-05.47.21:596][  0]LogConfig: Setting CVar [[gc.NumRetriesBeforeForcingGC:10]]
[2018.12.22-05.47.21:597][  0]LogConfig: Setting CVar [[gc.AllowParallelGC:1]]
[2018.12.22-05.47.21:597][  0]LogConfig: Setting CVar [[gc.TimeBetweenPurgingPendingKillObjects:61.1]]
[2018.12.22-05.47.21:597][  0]LogConfig: Setting CVar [[gc.MaxObjectsInEditor:8388607]]
[2018.12.22-05.47.21:597][  0]LogConfig: Setting CVar [[gc.IncrementalBeginDestroyEnabled:1]]
[2018.12.22-05.47.21:597][  0]LogConfig: Setting CVar [[gc.CreateGCClusters:1]]
[2018.12.22-05.47.21:597][  0]LogConfig: Setting CVar [[gc.MergeGCClusters:0]]
[2018.12.22-05.47.21:597][  0]LogConfig: Setting CVar [[gc.MinGCClusterSize:5]]
[2018.12.22-05.47.21:597][  0]LogConfig: Setting CVar [[gc.ActorClusteringEnabled:0]]
[2018.12.22-05.47.21:597][  0]LogConfig: Setting CVar [[gc.BlueprintClusteringEnabled:0]]
[2018.12.22-05.47.21:597][  0]LogConfig: Setting CVar [[gc.UseDisregardForGCOnDedicatedServers:0]]
[2018.12.22-05.47.21:597][  0]LogConfig: Applying CVar settings from Section [/Script/Engine.NetworkSettings] File [D:/UnrealProject/Chapter_5/Saved/Config/Windows/Engine.ini]
[2018.12.22-05.47.21:598][  0]LogConfig: Applying CVar settings from Section [/Script/UnrealEd.CookerSettings] File [D:/UnrealProject/Chapter_5/Saved/Config/Windows/Engine.ini]
[2018.12.22-05.47.21:608][  0]LogConfig: Applying CVar settings from Section [ViewDistanceQuality@3] File [D:/UnrealProject/Chapter_5/Saved/Config/Windows/Scalability.ini]
[2018.12.22-05.47.21:608][  0]LogConfig: Setting CVar [[r.SkeletalMeshLODBias:0]]
[2018.12.22-05.47.21:608][  0]LogConfig: Setting CVar [[r.ViewDistanceScale:1.0]]
[2018.12.22-05.47.21:608][  0]LogConfig: Applying CVar settings from Section [AntiAliasingQuality@3] File [D:/UnrealProject/Chapter_5/Saved/Config/Windows/Scalability.ini]
[2018.12.22-05.47.21:609][  0]LogConfig: Setting CVar [[r.PostProcessAAQuality:4]]
[2018.12.22-05.47.21:609][  0]LogConfig: Applying CVar settings from Section [ShadowQuality@3] File [D:/UnrealProject/Chapter_5/Saved/Config/Windows/Scalability.ini]
[2018.12.22-05.47.21:609][  0]LogConfig: Setting CVar [[r.LightFunctionQuality:1]]
[2018.12.22-05.47.21:609][  0]LogConfig: Setting CVar [[r.ShadowQuality:5]]
[2018.12.22-05.47.21:609][  0]LogConfig: Setting CVar [[r.Shadow.CSM.MaxCascades:10]]
[2018.12.22-05.47.21:609][  0]LogConfig: Setting CVar [[r.Shadow.MaxResolution:2048]]
[2018.12.22-05.47.21:609][  0]LogConfig: Setting CVar [[r.Shadow.MaxCSMResolution:2048]]
[2018.12.22-05.47.21:609][  0]LogConfig: Setting CVar [[r.Shadow.RadiusThreshold:0.01]]
[2018.12.22-05.47.21:609][  0]LogConfig: Setting CVar [[r.Shadow.DistanceScale:1.0]]
[2018.12.22-05.47.21:609][  0]LogConfig: Setting CVar [[r.Shadow.CSM.TransitionScale:1.0]]
[2018.12.22-05.47.21:609][  0]LogConfig: Setting CVar [[r.Shadow.PreShadowResolutionFactor:1.0]]
[2018.12.22-05.47.21:609][  0]LogConfig: Setting CVar [[r.DistanceFieldShadowing:1]]
[2018.12.22-05.47.21:609][  0]LogConfig: Setting CVar [[r.DistanceFieldAO:1]]
[2018.12.22-05.47.21:609][  0]LogConfig: Setting CVar [[r.AOQuality:2]]
[2018.12.22-05.47.21:610][  0]LogConfig: Setting CVar [[r.VolumetricFog:1]]
[2018.12.22-05.47.21:610][  0]LogConfig: Setting CVar [[r.VolumetricFog.GridPixelSize:8]]
[2018.12.22-05.47.21:610][  0]LogConfig: Setting CVar [[r.VolumetricFog.GridSizeZ:128]]
[2018.12.22-05.47.21:610][  0]LogConfig: Setting CVar [[r.VolumetricFog.HistoryMissSupersampleCount:4]]
[2018.12.22-05.47.21:610][  0]LogConfig: Setting CVar [[r.LightMaxDrawDistanceScale:1]]
[2018.12.22-05.47.21:610][  0]LogConfig: Setting CVar [[r.CapsuleShadows:1]]
[2018.12.22-05.47.21:610][  0]LogConfig: Applying CVar settings from Section [PostProcessQuality@3] File [D:/UnrealProject/Chapter_5/Saved/Config/Windows/Scalability.ini]
[2018.12.22-05.47.21:610][  0]LogConfig: Setting CVar [[r.MotionBlurQuality:4]]
[2018.12.22-05.47.21:610][  0]LogConfig: Setting CVar [[r.AmbientOcclusionMipLevelFactor:0.4]]
[2018.12.22-05.47.21:610][  0]LogConfig: Setting CVar [[r.AmbientOcclusionMaxQuality:100]]
[2018.12.22-05.47.21:610][  0]LogConfig: Setting CVar [[r.AmbientOcclusionLevels:-1]]
[2018.12.22-05.47.21:610][  0]LogConfig: Setting CVar [[r.AmbientOcclusionRadiusScale:1.0]]
[2018.12.22-05.47.21:610][  0]LogConfig: Setting CVar [[r.DepthOfFieldQuality:2]]
[2018.12.22-05.47.21:610][  0]LogConfig: Setting CVar [[r.RenderTargetPoolMin:400]]
[2018.12.22-05.47.21:610][  0]LogConfig: Setting CVar [[r.LensFlareQuality:2]]
[2018.12.22-05.47.21:611][  0]LogConfig: Setting CVar [[r.SceneColorFringeQuality:1]]
[2018.12.22-05.47.21:611][  0]LogConfig: Setting CVar [[r.EyeAdaptationQuality:2]]
[2018.12.22-05.47.21:611][  0]LogConfig: Setting CVar [[r.BloomQuality:5]]
[2018.12.22-05.47.21:611][  0]LogConfig: Setting CVar [[r.FastBlurThreshold:100]]
[2018.12.22-05.47.21:611][  0]LogConfig: Setting CVar [[r.Upscale.Quality:3]]
[2018.12.22-05.47.21:611][  0]LogConfig: Setting CVar [[r.Tonemapper.GrainQuantization:1]]
[2018.12.22-05.47.21:611][  0]LogConfig: Setting CVar [[r.LightShaftQuality:1]]
[2018.12.22-05.47.21:611][  0]LogConfig: Setting CVar [[r.Filter.SizeScale:1]]
[2018.12.22-05.47.21:611][  0]LogConfig: Setting CVar [[r.Tonemapper.Quality:5]]
[2018.12.22-05.47.21:611][  0]LogConfig: Setting CVar [[r.DOF.Gather.AccumulatorQuality:1        ; higher gathering accumulator quality]]
[2018.12.22-05.47.21:611][  0]LogConfig: Setting CVar [[r.DOF.Gather.PostfilterMethod:1          ; Median3x3 postfilering method]]
[2018.12.22-05.47.21:611][  0]LogConfig: Setting CVar [[r.DOF.Gather.EnableBokehSettings:0       ; no bokeh simulation when gathering]]
[2018.12.22-05.47.21:611][  0]LogConfig: Setting CVar [[r.DOF.Gather.RingCount:4                 ; medium number of samples when gathering]]
[2018.12.22-05.47.21:611][  0]LogConfig: Setting CVar [[r.DOF.Scatter.ForegroundCompositing:1    ; additive foreground scattering]]
[2018.12.22-05.47.21:611][  0]LogConfig: Setting CVar [[r.DOF.Scatter.BackgroundCompositing:2    ; additive background scattering]]
[2018.12.22-05.47.21:612][  0]LogConfig: Setting CVar [[r.DOF.Scatter.EnableBokehSettings:1      ; bokeh simulation when scattering]]
[2018.12.22-05.47.21:612][  0]LogConfig: Setting CVar [[r.DOF.Scatter.MaxSpriteRatio:0.1         ; only a maximum of 10% of scattered bokeh]]
[2018.12.22-05.47.21:612][  0]LogConfig: Setting CVar [[r.DOF.Recombine.Quality:1                ; cheap slight out of focus]]
[2018.12.22-05.47.21:612][  0]LogConfig: Setting CVar [[r.DOF.Recombine.EnableBokehSettings:0    ; no bokeh simulation on slight out of focus]]
[2018.12.22-05.47.21:612][  0]LogConfig: Setting CVar [[r.DOF.TemporalAAQuality:1                ; more stable temporal accumulation]]
[2018.12.22-05.47.21:612][  0]LogConfig: Setting CVar [[r.DOF.Kernel.MaxForegroundRadius:0.025]]
[2018.12.22-05.47.21:612][  0]LogConfig: Setting CVar [[r.DOF.Kernel.MaxBackgroundRadius:0.025]]
[2018.12.22-05.47.21:612][  0]LogConfig: Applying CVar settings from Section [TextureQuality@3] File [D:/UnrealProject/Chapter_5/Saved/Config/Windows/Scalability.ini]
[2018.12.22-05.47.21:612][  0]LogConfig: Setting CVar [[r.Streaming.MipBias:0]]
[2018.12.22-05.47.21:612][  0]LogConfig: Setting CVar [[r.Streaming.AmortizeCPUToGPUCopy:0]]
[2018.12.22-05.47.21:612][  0]LogConfig: Setting CVar [[r.Streaming.MaxNumTexturesToStreamPerFrame:0]]
[2018.12.22-05.47.21:612][  0]LogConfig: Setting CVar [[r.Streaming.Boost:1]]
[2018.12.22-05.47.21:612][  0]LogConfig: Setting CVar [[r.MaxAnisotropy:8]]
[2018.12.22-05.47.21:612][  0]LogConfig: Setting CVar [[r.Streaming.LimitPoolSizeToVRAM:0]]
[2018.12.22-05.47.21:613][  0]LogConfig: Setting CVar [[r.Streaming.PoolSize:1000]]
[2018.12.22-05.47.21:613][  0]LogConfig: Setting CVar [[r.Streaming.MaxEffectiveScreenSize:0]]
[2018.12.22-05.47.21:613][  0]LogConfig: Applying CVar settings from Section [EffectsQuality@3] File [D:/UnrealProject/Chapter_5/Saved/Config/Windows/Scalability.ini]
[2018.12.22-05.47.21:613][  0]LogConfig: Setting CVar [[r.TranslucencyLightingVolumeDim:64]]
[2018.12.22-05.47.21:613][  0]LogConfig: Setting CVar [[r.RefractionQuality:2]]
[2018.12.22-05.47.21:613][  0]LogConfig: Setting CVar [[r.SSR.Quality:3]]
[2018.12.22-05.47.21:613][  0]LogConfig: Setting CVar [[r.SceneColorFormat:4]]
[2018.12.22-05.47.21:613][  0]LogConfig: Setting CVar [[r.DetailMode:2]]
[2018.12.22-05.47.21:613][  0]LogConfig: Setting CVar [[r.TranslucencyVolumeBlur:1]]
[2018.12.22-05.47.21:613][  0]LogConfig: Setting CVar [[r.MaterialQualityLevel:1 ; High quality]]
[2018.12.22-05.47.21:613][  0]LogConfig: Setting CVar [[r.SSS.Scale:1]]
[2018.12.22-05.47.21:613][  0]LogConfig: Setting CVar [[r.SSS.SampleSet:2]]
[2018.12.22-05.47.21:613][  0]LogConfig: Setting CVar [[r.SSS.Quality:1]]
[2018.12.22-05.47.21:613][  0]LogConfig: Setting CVar [[r.SSS.HalfRes:1]]
[2018.12.22-05.47.21:613][  0]LogConfig: Setting CVar [[r.EmitterSpawnRateScale:1.0]]
[2018.12.22-05.47.21:614][  0]LogConfig: Setting CVar [[r.ParticleLightQuality:2]]
[2018.12.22-05.47.21:614][  0]LogConfig: Applying CVar settings from Section [FoliageQuality@3] File [D:/UnrealProject/Chapter_5/Saved/Config/Windows/Scalability.ini]
[2018.12.22-05.47.21:614][  0]LogConfig: Setting CVar [[foliage.DensityScale:1.0]]
[2018.12.22-05.47.21:614][  0]LogConfig: Setting CVar [[grass.DensityScale:1.0]]
[2018.12.22-05.47.21:614][  0]LogInit: Selected Device Profile: [Windows]
[2018.12.22-05.47.21:614][  0]LogInit: Applying CVar settings loaded from the selected device profile: [Windows]
[2018.12.22-05.47.21:627][  0]LogHAL: Display: Platform has ~ 16 GB [17050116096 / 17179869184 / 16], which maps to Larger [LargestMinGB=32, LargerMinGB=12, DefaultMinGB=8, SmallerMinGB=6, SmallestMinGB=0)
[2018.12.22-05.47.21:627][  0]LogConfig: Setting CVar [[r.Vulkan.UseRealUBs:1]]
[2018.12.22-05.47.21:627][  0]LogInit: Going up to parent DeviceProfile []
[2018.12.22-05.47.21:627][  0]LogConfig: Applying CVar settings from Section [ViewDistanceQuality@1] File [D:/UnrealProject/Chapter_5/Saved/Config/Windows/Scalability.ini]
[2018.12.22-05.47.21:627][  0]LogConfig: Setting CVar [[r.SkeletalMeshLODBias:1]]
[2018.12.22-05.47.21:628][  0]LogConfig: Setting CVar [[r.ViewDistanceScale:0.6]]
[2018.12.22-05.47.21:628][  0]LogConfig: Applying CVar settings from Section [AntiAliasingQuality@1] File [D:/UnrealProject/Chapter_5/Saved/Config/Windows/Scalability.ini]
[2018.12.22-05.47.21:628][  0]LogConfig: Setting CVar [[r.PostProcessAAQuality:2]]
[2018.12.22-05.47.21:628][  0]LogConfig: Applying CVar settings from Section [ShadowQuality@1] File [D:/UnrealProject/Chapter_5/Saved/Config/Windows/Scalability.ini]
[2018.12.22-05.47.21:628][  0]LogConfig: Setting CVar [[r.LightFunctionQuality:1]]
[2018.12.22-05.47.21:628][  0]LogConfig: Setting CVar [[r.ShadowQuality:3]]
[2018.12.22-05.47.21:628][  0]LogConfig: Setting CVar [[r.Shadow.CSM.MaxCascades:1]]
[2018.12.22-05.47.21:628][  0]LogConfig: Setting CVar [[r.Shadow.MaxResolution:1024]]
[2018.12.22-05.47.21:628][  0]LogConfig: Setting CVar [[r.Shadow.MaxCSMResolution:1024]]
[2018.12.22-05.47.21:628][  0]LogConfig: Setting CVar [[r.Shadow.RadiusThreshold:0.05]]
[2018.12.22-05.47.21:628][  0]LogConfig: Setting CVar [[r.Shadow.DistanceScale:0.7]]
[2018.12.22-05.47.21:628][  0]LogConfig: Setting CVar [[r.Shadow.CSM.TransitionScale:0.25]]
[2018.12.22-05.47.21:628][  0]LogConfig: Setting CVar [[r.Shadow.PreShadowResolutionFactor:0.5]]
[2018.12.22-05.47.21:629][  0]LogConfig: Setting CVar [[r.DistanceFieldShadowing:0]]
[2018.12.22-05.47.21:629][  0]LogConfig: Setting CVar [[r.DistanceFieldAO:0]]
[2018.12.22-05.47.21:629][  0]LogConfig: Setting CVar [[r.VolumetricFog:0]]
[2018.12.22-05.47.21:629][  0]LogConfig: Setting CVar [[r.LightMaxDrawDistanceScale:.5]]
[2018.12.22-05.47.21:629][  0]LogConfig: Setting CVar [[r.CapsuleShadows:1]]
[2018.12.22-05.47.21:629][  0]LogConfig: Applying CVar settings from Section [PostProcessQuality@1] File [D:/UnrealProject/Chapter_5/Saved/Config/Windows/Scalability.ini]
[2018.12.22-05.47.21:629][  0]LogConfig: Setting CVar [[r.MotionBlurQuality:3]]
[2018.12.22-05.47.21:629][  0]LogConfig: Setting CVar [[r.AmbientOcclusionMipLevelFactor:1.0]]
[2018.12.22-05.47.21:629][  0]LogConfig: Setting CVar [[r.AmbientOcclusionMaxQuality:60]]
[2018.12.22-05.47.21:629][  0]LogConfig: Setting CVar [[r.AmbientOcclusionLevels:-1]]
[2018.12.22-05.47.21:629][  0]LogConfig: Setting CVar [[r.AmbientOcclusionRadiusScale:1.5]]
[2018.12.22-05.47.21:629][  0]LogConfig: Setting CVar [[r.DepthOfFieldQuality:1]]
[2018.12.22-05.47.21:629][  0]LogConfig: Setting CVar [[r.RenderTargetPoolMin:350]]
[2018.12.22-05.47.21:629][  0]LogConfig: Setting CVar [[r.LensFlareQuality:0]]
[2018.12.22-05.47.21:629][  0]LogConfig: Setting CVar [[r.SceneColorFringeQuality:0]]
[2018.12.22-05.47.21:630][  0]LogConfig: Setting CVar [[r.EyeAdaptationQuality:0]]
[2018.12.22-05.47.21:630][  0]LogConfig: Setting CVar [[r.BloomQuality:4]]
[2018.12.22-05.47.21:630][  0]LogConfig: Setting CVar [[r.FastBlurThreshold:2]]
[2018.12.22-05.47.21:630][  0]LogConfig: Setting CVar [[r.Upscale.Quality:2]]
[2018.12.22-05.47.21:630][  0]LogConfig: Setting CVar [[r.Tonemapper.GrainQuantization:0]]
[2018.12.22-05.47.21:630][  0]LogConfig: Setting CVar [[r.LightShaftQuality:0]]
[2018.12.22-05.47.21:630][  0]LogConfig: Setting CVar [[r.Filter.SizeScale:0.7]]
[2018.12.22-05.47.21:630][  0]LogConfig: Setting CVar [[r.Tonemapper.Quality:2]]
[2018.12.22-05.47.21:630][  0]LogConfig: Setting CVar [[r.DOF.Gather.AccumulatorQuality:0        ; lower gathering accumulator quality]]
[2018.12.22-05.47.21:630][  0]LogConfig: Setting CVar [[r.DOF.Gather.PostfilterMethod:2          ; Max3x3 postfilering method]]
[2018.12.22-05.47.21:630][  0]LogConfig: Setting CVar [[r.DOF.Gather.EnableBokehSettings:0       ; no bokeh simulation when gathering]]
[2018.12.22-05.47.21:630][  0]LogConfig: Setting CVar [[r.DOF.Gather.RingCount:3                 ; low number of samples when gathering]]
[2018.12.22-05.47.21:630][  0]LogConfig: Setting CVar [[r.DOF.Scatter.ForegroundCompositing:0    ; no foreground scattering]]
[2018.12.22-05.47.21:630][  0]LogConfig: Setting CVar [[r.DOF.Scatter.BackgroundCompositing:0    ; no foreground scattering]]
[2018.12.22-05.47.21:630][  0]LogConfig: Setting CVar [[r.DOF.Recombine.Quality:0                ; no slight out of focus]]
[2018.12.22-05.47.21:631][  0]LogConfig: Setting CVar [[r.DOF.TemporalAAQuality:0                ; faster temporal accumulation]]
[2018.12.22-05.47.21:631][  0]LogConfig: Setting CVar [[r.DOF.Kernel.MaxForegroundRadius:0.006   ; required because low gathering and no scattering and not looking great at 1080p]]
[2018.12.22-05.47.21:631][  0]LogConfig: Setting CVar [[r.DOF.Kernel.MaxBackgroundRadius:0.006   ; required because low gathering and no scattering and not looking great at 1080p]]
[2018.12.22-05.47.21:631][  0]LogConfig: Applying CVar settings from Section [TextureQuality@1] File [D:/UnrealProject/Chapter_5/Saved/Config/Windows/Scalability.ini]
[2018.12.22-05.47.21:631][  0]LogConfig: Setting CVar [[r.Streaming.MipBias:1]]
[2018.12.22-05.47.21:631][  0]LogConfig: Setting CVar [[r.Streaming.AmortizeCPUToGPUCopy:0]]
[2018.12.22-05.47.21:631][  0]LogConfig: Setting CVar [[r.Streaming.MaxNumTexturesToStreamPerFrame:0]]
[2018.12.22-05.47.21:631][  0]LogConfig: Setting CVar [[r.Streaming.Boost:1]]
[2018.12.22-05.47.21:631][  0]LogConfig: Setting CVar [[r.MaxAnisotropy:2]]
[2018.12.22-05.47.21:631][  0]LogConfig: Setting CVar [[r.Streaming.LimitPoolSizeToVRAM:1]]
[2018.12.22-05.47.21:631][  0]LogConfig: Setting CVar [[r.Streaming.PoolSize:600]]
[2018.12.22-05.47.21:631][  0]LogConfig: Setting CVar [[r.Streaming.MaxEffectiveScreenSize:0]]
[2018.12.22-05.47.21:631][  0]LogConfig: Applying CVar settings from Section [EffectsQuality@1] File [D:/UnrealProject/Chapter_5/Saved/Config/Windows/Scalability.ini]
[2018.12.22-05.47.21:631][  0]LogConfig: Setting CVar [[r.TranslucencyLightingVolumeDim:32]]
[2018.12.22-05.47.21:632][  0]LogConfig: Setting CVar [[r.RefractionQuality:0]]
[2018.12.22-05.47.21:632][  0]LogConfig: Setting CVar [[r.SSR.Quality:0]]
[2018.12.22-05.47.21:632][  0]LogConfig: Setting CVar [[r.SceneColorFormat:3]]
[2018.12.22-05.47.21:632][  0]LogConfig: Setting CVar [[r.DetailMode:1]]
[2018.12.22-05.47.21:632][  0]LogConfig: Setting CVar [[r.TranslucencyVolumeBlur:0]]
[2018.12.22-05.47.21:632][  0]LogConfig: Setting CVar [[r.MaterialQualityLevel:2 ; Medium quality]]
[2018.12.22-05.47.21:632][  0]LogConfig: Setting CVar [[r.SSS.Scale:0.75]]
[2018.12.22-05.47.21:632][  0]LogConfig: Setting CVar [[r.SSS.SampleSet:0]]
[2018.12.22-05.47.21:632][  0]LogConfig: Setting CVar [[r.SSS.Quality:0]]
[2018.12.22-05.47.21:632][  0]LogConfig: Setting CVar [[r.SSS.HalfRes:1]]
[2018.12.22-05.47.21:632][  0]LogConfig: Setting CVar [[r.EmitterSpawnRateScale:0.25]]
[2018.12.22-05.47.21:632][  0]LogConfig: Setting CVar [[r.ParticleLightQuality:0]]
[2018.12.22-05.47.21:632][  0]LogConfig: Applying CVar settings from Section [FoliageQuality@1] File [D:/UnrealProject/Chapter_5/Saved/Config/Windows/Scalability.ini]
[2018.12.22-05.47.21:632][  0]LogConfig: Setting CVar [[foliage.DensityScale:0.4]]
[2018.12.22-05.47.21:632][  0]LogConfig: Setting CVar [[grass.DensityScale:0.4]]
[2018.12.22-05.47.21:632][  0]LogConfig: Applying CVar settings from Section [Startup] File [../../../Engine/Config/ConsoleVariables.ini]
[2018.12.22-05.47.21:633][  0]LogConfig: Setting CVar [[net.UseAdaptiveNetUpdateFrequency:0]]
[2018.12.22-05.47.21:633][  0]LogConfig: Applying CVar settings from Section [ConsoleVariables] File [D:/UnrealProject/Chapter_5/Saved/Config/Windows/Engine.ini]
[2018.12.22-05.47.21:633][  0]LogInit: Computer: DESKTOP-FLP8AVC
[2018.12.22-05.47.21:633][  0]LogInit: User: 준
[2018.12.22-05.47.21:633][  0]LogInit: CPU Page size=4096, Cores=4
[2018.12.22-05.47.21:633][  0]LogInit: High frequency timer resolution =2.143482 MHz
[2018.12.22-05.47.21:634][  0]LogMemory: Memory total: Physical=15.9GB (16GB approx)
[2018.12.22-05.47.21:634][  0]LogMemory: Platform Memory Stats for Windows
[2018.12.22-05.47.21:634][  0]LogMemory: Process Physical Memory: 102.38 MB used, 102.38 MB peak
[2018.12.22-05.47.21:634][  0]LogMemory: Process Virtual Memory: 91.35 MB used, 91.35 MB peak
[2018.12.22-05.47.21:634][  0]LogMemory: Physical Memory: 6413.93 MB used,  9846.32 MB free, 16260.26 MB total
[2018.12.22-05.47.21:634][  0]LogMemory: Virtual Memory: 4652.78 MB used,  134213072.00 MB free, 134217728.00 MB total
[2018.12.22-05.47.21:768][  0]LogInit: Using OS detected language (ko-KR).
[2018.12.22-05.47.21:768][  0]LogInit: Using OS detected locale (ko-KR).
[2018.12.22-05.47.21:769][  0]LogTextLocalizationManager: No specific localization for 'ko-KR' exists, so the 'ko' localization will be used.
[2018.12.22-05.47.22:305][  0]LogStreaming: Display: Took  0.537s to InitEngineTextLocalization.
[2018.12.22-05.47.22:398][  0]LogSlate: New Slate User Created.  User Index 0, Is Virtual User: 0
[2018.12.22-05.47.22:398][  0]LogSlate: Slate User Registered.  User Index 0, Is Virtual User: 0
[2018.12.22-05.47.22:715][  0]LogHMD: Failed to initialize OpenVR with code 110
[2018.12.22-05.47.22:715][  0]LogD3D11RHI: D3D11 adapters:
[2018.12.22-05.47.22:757][  0]LogD3D11RHI:    0. 'Intel(R) Iris(TM) Pro Graphics 5200' (Feature Level 11_0)
[2018.12.22-05.47.22:757][  0]LogD3D11RHI:       112/0/2048 MB DedicatedVideo/DedicatedSystem/SharedSystem, Outputs:1, VendorId:0x8086
[2018.12.22-05.47.22:766][  0]LogD3D11RHI:    1. 'Microsoft Basic Render Driver' (Feature Level 11_0)
[2018.12.22-05.47.22:766][  0]LogD3D11RHI:       0/0/8130 MB DedicatedVideo/DedicatedSystem/SharedSystem, Outputs:0, VendorId:0x1414
[2018.12.22-05.47.22:766][  0]LogD3D11RHI: Chosen D3D11 Adapter: 0
[2018.12.22-05.47.22:775][  0]LogD3D11RHI: Creating new Direct3DDevice
[2018.12.22-05.47.22:776][  0]LogD3D11RHI:     GPU DeviceId: 0xd26 (for the marketing name, search the web for "GPU Device Id")
[2018.12.22-05.47.22:776][  0]LogWindows: EnumDisplayDevices:
[2018.12.22-05.47.22:776][  0]LogWindows:    0. 'Intel(R) Iris(TM) Pro Graphics 5200' (P:1 D:1)
[2018.12.22-05.47.22:778][  0]LogWindows:    1. 'Intel(R) Iris(TM) Pro Graphics 5200' (P:0 D:0)
[2018.12.22-05.47.22:780][  0]LogWindows:    2. 'Intel(R) Iris(TM) Pro Graphics 5200' (P:0 D:0)
[2018.12.22-05.47.22:782][  0]LogWindows: DebugString: FoundDriverCount:3 
[2018.12.22-05.47.22:782][  0]LogD3D11RHI:     Adapter Name: Intel(R) Iris(TM) Pro Graphics 5200
[2018.12.22-05.47.22:782][  0]LogD3D11RHI:   Driver Version: 20.19.15.4835 (internal:20.19.15.4835, unified:20.19.15.4835)
[2018.12.22-05.47.22:782][  0]LogD3D11RHI:      Driver Date: 10-16-2017
[2018.12.22-05.47.22:782][  0]LogRHI: Texture pool is 795 MB (70% of 1136 MB)
[2018.12.22-05.47.22:807][  0]LogD3D11RHI: [IntelMetricsDiscovery] Started
[2018.12.22-05.47.22:807][  0]LogD3D11RHI: Async texture creation enabled
[2018.12.22-05.47.22:814][  0]LogD3D11RHI: GPU Timing Frequency: 12.500000 (Debug: 2 0)
[2018.12.22-05.47.24:575][  0]LogTemp: Display: Loaded TP AllDesktopTargetPlatform
[2018.12.22-05.47.24:593][  0]LogTemp: Display: Loaded TP MacClientTargetPlatform
[2018.12.22-05.47.24:609][  0]LogTemp: Display: Loaded TP MacNoEditorTargetPlatform
[2018.12.22-05.47.24:625][  0]LogTemp: Display: Loaded TP MacServerTargetPlatform
[2018.12.22-05.47.24:642][  0]LogTemp: Display: Loaded TP MacTargetPlatform
[2018.12.22-05.47.24:658][  0]LogTemp: Display: Loaded TP WindowsClientTargetPlatform
[2018.12.22-05.47.24:675][  0]LogTemp: Display: Loaded TP WindowsNoEditorTargetPlatform
[2018.12.22-05.47.24:692][  0]LogTemp: Display: Loaded TP WindowsServerTargetPlatform
[2018.12.22-05.47.24:701][  0]LogTemp: Display: Loaded TP WindowsTargetPlatform
[2018.12.22-05.47.24:784][  0]LogTemp: Display: Loaded TP AndroidTargetPlatform
[2018.12.22-05.47.24:784][  0]LogTemp: Display: Loaded TP AndroidTargetPlatform
[2018.12.22-05.47.24:784][  0]LogTemp: Display: Loaded TP AndroidTargetPlatform
[2018.12.22-05.47.24:784][  0]LogTemp: Display: Loaded TP AndroidTargetPlatform
[2018.12.22-05.47.24:784][  0]LogTemp: Display: Loaded TP AndroidTargetPlatform
[2018.12.22-05.47.24:784][  0]LogTemp: Display: Loaded TP AndroidTargetPlatform
[2018.12.22-05.47.24:784][  0]LogTemp: Display: Loaded TP AndroidTargetPlatform
[2018.12.22-05.47.24:784][  0]LogTemp: Display: Loaded TP AndroidTargetPlatform
[2018.12.22-05.47.24:784][  0]LogTemp: Display: Loaded TP AndroidTargetPlatform
[2018.12.22-05.47.24:785][  0]LogTemp: Display: Loaded TP AndroidTargetPlatform
[2018.12.22-05.47.24:785][  0]LogTemp: Display: Loaded TP AndroidTargetPlatform
[2018.12.22-05.47.24:785][  0]LogTemp: Display: Loaded TP AndroidTargetPlatform
[2018.12.22-05.47.24:785][  0]LogTemp: Display: Loaded TP AndroidTargetPlatform
[2018.12.22-05.47.24:785][  0]LogTemp: Display: Loaded TP AndroidTargetPlatform
[2018.12.22-05.47.24:785][  0]LogTemp: Display: Loaded TP AndroidTargetPlatform
[2018.12.22-05.47.24:785][  0]LogTemp: Display: Loaded TP AndroidTargetPlatform
[2018.12.22-05.47.24:785][  0]LogTemp: Display: Loaded TP AndroidTargetPlatform
[2018.12.22-05.47.24:785][  0]LogTemp: Display: Loaded TP AndroidTargetPlatform
[2018.12.22-05.47.24:790][  0]LogTemp: Display: Loaded TP HTML5TargetPlatform
[2018.12.22-05.47.24:865][  0]LogTemp: Display: Loaded TP IOSTargetPlatform
[2018.12.22-05.47.24:865][  0]LogTemp: Display: Loaded TP IOSTargetPlatform
[2018.12.22-05.47.24:911][  0]LogTemp: Display: Loaded TP TVOSTargetPlatform
[2018.12.22-05.47.24:911][  0]LogTemp: Display: Loaded TP TVOSTargetPlatform
[2018.12.22-05.47.24:928][  0]LogTemp: Display: Loaded TP LinuxClientTargetPlatform
[2018.12.22-05.47.24:944][  0]LogTemp: Display: Loaded TP LinuxNoEditorTargetPlatform
[2018.12.22-05.47.24:961][  0]LogTemp: Display: Loaded TP LinuxServerTargetPlatform
[2018.12.22-05.47.24:981][  0]LogTemp: Display: Loaded TP LinuxTargetPlatform
[2018.12.22-05.47.25:036][  0]LogTemp: Display: Loaded TP LuminTargetPlatform
[2018.12.22-05.47.25:036][  0]LogTemp: Display: Loaded TP LuminTargetPlatform
[2018.12.22-05.47.25:036][  0]LogTargetPlatformManager: Display: Building Assets For Windows
[2018.12.22-05.47.25:170][  0]LogShaderCompilers: Guid format shader working directory is -2 characters bigger than the processId version (../../../../../../../UnrealProject/Chapter_5/Intermediate/Shaders/WorkingDirectory/4724/).
[2018.12.22-05.47.25:170][  0]LogShaderCompilers: Cleaned the shader compiler working directory 'C:/Users/준/AppData/Local/Temp/UnrealShaderWorkingDir/63F167AF4B9FC7C871A9DCA6EF3C4600/'.
[2018.12.22-05.47.25:172][  0]LogXGEController: Cleaning working directory: C:/Users/준/AppData/Local/Temp/UnrealXGEWorkingDir/
[2018.12.22-05.47.25:173][  0]LogXGEController: Cannot use XGE Controller as Incredibuild is not installed on this machine.
[2018.12.22-05.47.25:173][  0]LogShaderCompilers: Cannot use XGE Shader Compiler as Incredibuild is not installed on this machine.
[2018.12.22-05.47.25:173][  0]LogShaderCompilers: Display: Using Local Shader Compiler.
[2018.12.22-05.47.25:777][  0]LogDerivedDataCache: Display: Max Cache Size: 512 MB
[2018.12.22-05.47.25:878][  0]LogDerivedDataCache: Loaded boot cache 0.10s 71MB C:/Users/준/AppData/Local/UnrealEngine/4.21/DerivedDataCache/Boot.ddc.
[2018.12.22-05.47.25:879][  0]LogDerivedDataCache: Display: Loaded Boot cache: C:/Users/준/AppData/Local/UnrealEngine/4.21/DerivedDataCache/Boot.ddc
[2018.12.22-05.47.25:879][  0]LogDerivedDataCache: FDerivedDataBackendGraph:  Pak pak cache file ../../../../../../../UnrealProject/Chapter_5/DerivedDataCache/DDC.ddp not found, will not use a pak cache.
[2018.12.22-05.47.25:879][  0]LogDerivedDataCache: Unable to find inner node Pak for hierarchical cache Hierarchy.
[2018.12.22-05.47.25:879][  0]LogDerivedDataCache: FDerivedDataBackendGraph:  CompressedPak pak cache file ../../../../../../../UnrealProject/Chapter_5/DerivedDataCache/Compressed.ddp not found, will not use a pak cache.
[2018.12.22-05.47.25:879][  0]LogDerivedDataCache: Unable to find inner node CompressedPak for hierarchical cache Hierarchy.
[2018.12.22-05.47.25:895][  0]LogDerivedDataCache: Display: Pak cache opened for reading ../../../Engine/DerivedDataCache/Compressed.ddp.
[2018.12.22-05.47.25:895][  0]LogDerivedDataCache: FDerivedDataBackendGraph:  EnterprisePak pak cache file ../../../Enterprise/DerivedDataCache/Compressed.ddp not found, will not use a pak cache.
[2018.12.22-05.47.25:895][  0]LogDerivedDataCache: Unable to find inner node EnterprisePak for hierarchical cache Hierarchy.
[2018.12.22-05.47.25:909][  0]LogDerivedDataCache: Using Local data cache path C:/Users/준/AppData/Local/UnrealEngine/Common/DerivedDataCache: Writable
[2018.12.22-05.47.25:909][  0]LogDerivedDataCache: Shared data cache path not found in *engine.ini, will not use an Shared cache.
[2018.12.22-05.47.25:909][  0]LogDerivedDataCache: Unable to find inner node Shared for hierarchical cache Hierarchy.
[2018.12.22-05.47.25:936][  0]LogMaterial: Verifying Global Shaders for PCD3D_SM5
[2018.12.22-05.47.25:937][  0]LogSlate: Using FreeType 2.6.0
[2018.12.22-05.47.25:938][  0]LogSlate: SlateFontServices - WITH_FREETYPE: 1, WITH_HARFBUZZ: 1
[2018.12.22-05.47.26:052][  0]LogAssetRegistry: FAssetRegistry took 0.0374 seconds to start up
[2018.12.22-05.47.26:425][  0]LogInit: Selected Device Profile: [Windows]
[2018.12.22-05.47.26:630][  0]LogSimplygon: Simplygon DLL not present - disabling.
[2018.12.22-05.47.26:640][  0]LogMeshReduction: Using SimplygonSwarm for distributed automatic mesh merging
[2018.12.22-05.47.26:640][  0]LogMeshReduction: Using ProxyLODMeshReduction for automatic mesh merging
[2018.12.22-05.47.26:640][  0]LogMeshReduction: Using QuadricMeshReduction for automatic static mesh reduction
[2018.12.22-05.47.26:641][  0]LogMeshReduction: No automatic skeletal mesh reduction module available
[2018.12.22-05.47.26:662][  0]LogNetVersion: ArenaBattle 1.0.0, NetCL: 4541578, EngineNetVer: 5, GameNetVer: 0 (Checksum: 3566959148)
[2018.12.22-05.47.27:319][  0]LogPackageLocalizationCache: Processed 11 localized package path(s) for 2 prioritized culture(s) in 0.123502 seconds
[2018.12.22-05.47.27:329][  0]LogUObjectArray: 39775 objects as part of root set at end of initial load.
[2018.12.22-05.47.27:329][  0]LogUObjectAllocator: 6914664 out of 0 bytes used by permanent object pool.
[2018.12.22-05.47.27:329][  0]LogUObjectArray: CloseDisregardForGC: 0/0 objects in disregard for GC pool
[2018.12.22-05.47.28:587][  0]LogTcpMessaging: Initializing TcpMessaging bridge
[2018.12.22-05.47.28:606][  0]LogUdpMessaging: Initializing bridge on interface 0.0.0.0:0 to multicast group 230.0.0.1:6666.
[2018.12.22-05.47.29:516][  0]WebConnection: Warning: WebConnection Constructor Call!
[2018.12.22-05.47.29:516][  0]ArenaBattle: Warning: UABGameInstance::UABGameInstance(9) Coustructor Call Start
[2018.12.22-05.47.29:516][  0]WebConnection: Warning: WebConnection Constructor Call!
[2018.12.22-05.47.29:516][  0]ArenaBattle: Warning: UABGameInstance::UABGameInstance(13) Constructor Call End
[2018.12.22-05.47.29:645][  0]SourceControl: 소스 컨트롤이 꺼졌습니다.
[2018.12.22-05.47.29:645][  0]SourceControl: 소스 컨트롤이 꺼졌습니다.
[2018.12.22-05.47.29:651][  0]SourceControl: 소스 컨트롤이 꺼졌습니다.
[2018.12.22-05.47.29:655][  0]SourceControl: 소스 컨트롤이 꺼졌습니다.
[2018.12.22-05.47.29:951][  0]LogAndroidPermission: UAndroidPermissionCallbackProxy::GetInstance
[2018.12.22-05.47.30:213][  0]LogOcInput: OculusInput pre-init called
[2018.12.22-05.47.30:383][  0]LogEngine: Initializing Engine...
[2018.12.22-05.47.30:385][  0]LogHMD: Failed to initialize OpenVR with code 110
[2018.12.22-05.47.30:386][  0]LogStats: UGameplayTagsManager::ConstructGameplayTagTree: ImportINI prefixes -  0.000 s
[2018.12.22-05.47.30:386][  0]LogStats: UGameplayTagsManager::ConstructGameplayTagTree: Construct from data asset -  0.000 s
[2018.12.22-05.47.30:386][  0]LogStats: UGameplayTagsManager::ConstructGameplayTagTree: ImportINI -  0.000 s
[2018.12.22-05.47.30:386][  0]LogStats: UGameplayTagsManager::ConstructGameplayTagTree: GameplayTagTreeChangedEvent.Broadcast -  0.000 s
[2018.12.22-05.47.30:667][  0]LogInit: Initializing FReadOnlyCVARCache
[2018.12.22-05.47.30:686][  0]LogAIModule: Creating AISystem for world Untitled
[2018.12.22-05.47.30:702][  0]LogInit: Failed to create XAudio2 interface
[2018.12.22-05.47.30:703][  0]LogNetVersion: Set ProjectVersion to 1.0.0.0. Version Checksum will be recalculated on next use.
[2018.12.22-05.47.30:821][  0]LogDerivedDataCache: Saved boot cache 0.12s 71MB C:/Users/준/AppData/Local/UnrealEngine/4.21/DerivedDataCache/Boot.ddc.
[2018.12.22-05.47.30:847][  0]LogInit: Texture streaming: Enabled
[2018.12.22-05.47.30:884][  0]LogEngineSessionManager: EngineSessionManager initialized
[2018.12.22-05.47.30:896][  0]LogInit: Transaction tracking system initialized
[2018.12.22-05.47.30:949][  0]BlueprintLog: New page: 에디터 로드
[2018.12.22-05.47.31:080][  0]LocalizationService: 현지화 서비스가 비활성화되었습니다.
[2018.12.22-05.47.32:276][  0]LogCook: Display: Max memory allowance for cook 16384mb min free memory 0mb
[2018.12.22-05.47.32:276][  0]LogCook: Display: Mobile HDR setting 1
[2018.12.22-05.47.32:276][  0]LogGameplayTags: Display: UGameplayTagsManager::DoneAddingNativeTags. DelegateIsBound: 0
[2018.12.22-05.47.32:276][  0]LogStats: UGameplayTagsManager::ConstructGameplayTagTree: ImportINI prefixes -  0.000 s
[2018.12.22-05.47.32:277][  0]LogStats: UGameplayTagsManager::ConstructGameplayTagTree: Construct from data asset -  0.000 s
[2018.12.22-05.47.32:277][  0]LogStats: UGameplayTagsManager::ConstructGameplayTagTree: ImportINI -  0.000 s
[2018.12.22-05.47.32:277][  0]LogStats: UGameplayTagsManager::ConstructGameplayTagTree: GameplayTagTreeChangedEvent.Broadcast -  0.000 s
[2018.12.22-05.47.32:554][  0]LogFileCache: Scanning file cache for directory 'D:/UnrealProject/Chapter_5/Content/' took 0.03s
[2018.12.22-05.47.32:554][  0]SourceControl: 소스 컨트롤이 꺼졌습니다.
[2018.12.22-05.47.32:554][  0]Cmd: MAP LOAD FILE="../../../Engine/Content/Maps/Templates/Template_Default.umap" TEMPLATE=1 SHOWPROGRESS=1 FEATURELEVEL=3
[2018.12.22-05.47.32:555][  0]LightingResults: New page: 라이팅 빌드
[2018.12.22-05.47.32:558][  0]MapCheck: New page: 맵 체크
[2018.12.22-05.47.32:558][  0]LightingResults: New page: 라이팅 빌드
[2018.12.22-05.47.32:742][  0]LogAIModule: Creating AISystem for world Untitled_1
[2018.12.22-05.47.32:749][  0]LogEditorServer: Finished looking for orphan Actors (0.000 secs)
[2018.12.22-05.47.32:779][  0]Cmd: MAP CHECKDEP NOCLEARLOG
[2018.12.22-05.47.32:780][  0]MapCheck: 맵 체크 완료: 오류 0 회, 경고 0 회, 소요 시간 0.148ms.
[2018.12.22-05.47.32:780][  0]LogFileHelpers: Loading map 'Template_Default' took 0.226
[2018.12.22-05.47.32:925][  0]LogSlate: Updating window title bar state: overlay mode, drag disabled, window buttons hidden, title bar hidden
[2018.12.22-05.47.32:933][  0]LogSlate: Updating window title bar state: overlay mode, drag disabled, window buttons hidden, title bar hidden
[2018.12.22-05.47.32:941][  0]LogSlate: Updating window title bar state: overlay mode, drag disabled, window buttons hidden, title bar hidden
[2018.12.22-05.47.32:950][  0]LogSlate: Updating window title bar state: overlay mode, drag disabled, window buttons hidden, title bar hidden
[2018.12.22-05.47.32:964][  0]LogCollectionManager: Loaded 0 collections in 0.001525 seconds
[2018.12.22-05.47.32:998][  0]LogFileCache: Scanning file cache for directory 'D:/UnrealProject/Chapter_5/Saved/Collections/' took 0.01s
[2018.12.22-05.47.32:998][  0]LogFileCache: Scanning file cache for directory 'D:/UnrealProject/Chapter_5/Content/Developers/준/Collections/' took 0.00s
[2018.12.22-05.47.32:998][  0]LogFileCache: Scanning file cache for directory 'D:/UnrealProject/Chapter_5/Content/Collections/' took 0.01s
[2018.12.22-05.47.32:998][  0]LogCollectionManager: Rebuilt the GUID cache for 0 collections in 0.000000 seconds
[2018.12.22-05.47.33:009][  0]LogContentBrowser: Native class hierarchy populated in 0.0103 seconds. Added 2656 classes and 625 folders.
[2018.12.22-05.47.33:015][  0]LogContentBrowser: Native class hierarchy updated for 'WidgetCarousel' in 0.0004 seconds. Added 0 classes and 0 folders.
[2018.12.22-05.47.33:017][  0]LogPakFile: Registered encryption key '00000000000000000000000000000000': 0 pak files mounted, 0 remain pending
[2018.12.22-05.47.33:018][  0]LogPakFile: Registered encryption key '00000000000000000000000000000000': 0 pak files mounted, 0 remain pending
[2018.12.22-05.47.33:019][  0]LogPakFile: Registered encryption key '00000000000000000000000000000000': 0 pak files mounted, 0 remain pending
[2018.12.22-05.47.33:020][  0]LogPakFile: Registered encryption key '00000000000000000000000000000000': 0 pak files mounted, 0 remain pending
[2018.12.22-05.47.33:021][  0]LogPakFile: Registered encryption key '00000000000000000000000000000000': 0 pak files mounted, 0 remain pending
[2018.12.22-05.47.33:021][  0]LogPakFile: Registered encryption key '00000000000000000000000000000000': 0 pak files mounted, 0 remain pending
[2018.12.22-05.47.33:022][  0]LogPakFile: Registered encryption key '00000000000000000000000000000000': 0 pak files mounted, 0 remain pending
[2018.12.22-05.47.33:023][  0]LogPakFile: Registered encryption key '00000000000000000000000000000000': 0 pak files mounted, 0 remain pending
[2018.12.22-05.47.33:024][  0]LogPakFile: Registered encryption key '00000000000000000000000000000000': 0 pak files mounted, 0 remain pending
[2018.12.22-05.47.33:024][  0]LogPakFile: Registered encryption key '00000000000000000000000000000000': 0 pak files mounted, 0 remain pending
[2018.12.22-05.47.33:025][  0]LogPakFile: Registered encryption key '00000000000000000000000000000000': 0 pak files mounted, 0 remain pending
[2018.12.22-05.47.33:026][  0]LogPakFile: Registered encryption key '00000000000000000000000000000000': 0 pak files mounted, 0 remain pending
[2018.12.22-05.47.33:027][  0]LogPakFile: Registered encryption key '00000000000000000000000000000000': 0 pak files mounted, 0 remain pending
[2018.12.22-05.47.33:027][  0]LogPakFile: Registered encryption key '00000000000000000000000000000000': 0 pak files mounted, 0 remain pending
[2018.12.22-05.47.33:028][  0]LogPakFile: Registered encryption key '00000000000000000000000000000000': 0 pak files mounted, 0 remain pending
[2018.12.22-05.47.33:029][  0]LogPakFile: Registered encryption key '00000000000000000000000000000000': 0 pak files mounted, 0 remain pending
[2018.12.22-05.47.33:030][  0]LogPakFile: Registered encryption key '00000000000000000000000000000000': 0 pak files mounted, 0 remain pending
[2018.12.22-05.47.33:031][  0]LogPakFile: Registered encryption key '00000000000000000000000000000000': 0 pak files mounted, 0 remain pending
[2018.12.22-05.47.33:032][  0]LogPakFile: Registered encryption key '00000000000000000000000000000000': 0 pak files mounted, 0 remain pending
[2018.12.22-05.47.33:032][  0]LogPakFile: Registered encryption key '00000000000000000000000000000000': 0 pak files mounted, 0 remain pending
[2018.12.22-05.47.33:033][  0]LogPakFile: Registered encryption key '00000000000000000000000000000000': 0 pak files mounted, 0 remain pending
[2018.12.22-05.47.33:034][  0]LogPakFile: Registered encryption key '00000000000000000000000000000000': 0 pak files mounted, 0 remain pending
[2018.12.22-05.47.33:035][  0]LogPakFile: Registered encryption key '00000000000000000000000000000000': 0 pak files mounted, 0 remain pending
[2018.12.22-05.47.33:035][  0]LogPakFile: Registered encryption key '00000000000000000000000000000000': 0 pak files mounted, 0 remain pending
[2018.12.22-05.47.33:036][  0]LogPakFile: Registered encryption key '00000000000000000000000000000000': 0 pak files mounted, 0 remain pending
[2018.12.22-05.47.33:037][  0]LogPakFile: Registered encryption key '00000000000000000000000000000000': 0 pak files mounted, 0 remain pending
[2018.12.22-05.47.33:087][  0]LogContentBrowser: Native class hierarchy updated for 'AddContentDialog' in 0.0004 seconds. Added 0 classes and 0 folders.
[2018.12.22-05.47.33:155][  0]LogSlate: Took 0.000349 seconds to synchronously load lazily loaded font '../../../Engine/Content/Slate/Fonts/Roboto-Regular.ttf' (155K)
[2018.12.22-05.47.33:159][  0]LogSlate: Took 0.003401 seconds to synchronously load lazily loaded font '../../../Engine/Content/Editor/Slate/Fonts/NanumGothic.ttf' (4243K)
[2018.12.22-05.47.33:166][  0]LogSlate: Took 0.003150 seconds to synchronously load lazily loaded font '../../../Engine/Content/Editor/Slate/Fonts/NanumGothicBold.ttf' (4188K)
[2018.12.22-05.47.33:166][  0]LogSlate: Took 0.000217 seconds to synchronously load lazily loaded font '../../../Engine/Content/Slate/Fonts/Roboto-Bold.ttf' (160K)
[2018.12.22-05.47.33:169][  0]LogSlate: Took 0.000221 seconds to synchronously load lazily loaded font '../../../Engine/Content/Editor/Slate/Fonts/FontAwesome.ttf' (139K)
[2018.12.22-05.47.33:249][  0]LogRenderer: Reallocating scene render targets to support 1208x652 Format 9 NumSamples 1 (Frame:1).
[2018.12.22-05.47.33:668][  0]LogContentBrowser: Native class hierarchy updated for 'HierarchicalLODOutliner' in 0.0010 seconds. Added 0 classes and 0 folders.
[2018.12.22-05.47.33:668][  0]LogLoad: (Engine Initialization) Total time: 15.01 seconds
[2018.12.22-05.47.33:669][  0]LogLoad: (Engine Initialization) Total Blueprint compile time: 0.00 seconds
[2018.12.22-05.47.33:771][  0]LogContentStreaming: Texture pool size now 600 MB
[2018.12.22-05.47.34:177][  2]LogAssetRegistry: Asset discovery search completed in 8.1493 seconds
[2018.12.22-05.47.34:181][  2]LogCollectionManager: Rebuilt the object cache for 0 collections in 0.000000 seconds (found 0 objects)
[2018.12.22-05.47.34:182][  2]LogCollectionManager: Fixed up redirectors for 0 collections in 0.000227 seconds (updated 0 objects)
[2018.12.22-05.47.34:199][  2]LogSlate: Took 0.000307 seconds to synchronously load lazily loaded font '../../../Engine/Content/Slate/Fonts/Roboto-Light.ttf' (167K)
[2018.12.22-05.48.27:432][728]LogSlate: FSceneViewport::OnFocusLost() reason 0
[2018.12.22-05.48.27:565][735]ArenaBattle: Warning: UABGameInstance::UABGameInstance(9) Coustructor Call Start
[2018.12.22-05.48.27:565][735]WebConnection: Warning: WebConnection Constructor Call!
[2018.12.22-05.48.27:565][735]ArenaBattle: Warning: UABGameInstance::UABGameInstance(13) Constructor Call End
[2018.12.22-05.48.27:566][735]ArenaBattle: Warning: UABGameInstance::UABGameInstance(9) Coustructor Call Start
[2018.12.22-05.48.27:566][735]WebConnection: Warning: WebConnection Constructor Call!
[2018.12.22-05.48.27:566][735]ArenaBattle: Warning: UABGameInstance::UABGameInstance(13) Constructor Call End
[2018.12.22-05.48.27:567][735]ArenaBattle: Warning: UABGameInstance::UABGameInstance(9) Coustructor Call Start
[2018.12.22-05.48.27:567][735]WebConnection: Warning: WebConnection Constructor Call!
[2018.12.22-05.48.27:567][735]ArenaBattle: Warning: UABGameInstance::UABGameInstance(13) Constructor Call End
[2018.12.22-05.48.27:669][735]LogSlate: Took 0.000302 seconds to synchronously load lazily loaded font '../../../Engine/Content/Slate/Fonts/Roboto-Light.ttf' (167K)
[2018.12.22-05.48.27:677][735]LogAssetEditorManager: Opening Asset editor for Blueprint /Game/Blueprints/BP_ABGameInstance.BP_ABGameInstance
[2018.12.22-05.48.28:164][735]LogContentBrowser: Native class hierarchy updated for 'BlueprintGraph' in 0.0008 seconds. Added 117 classes and 0 folders.
[2018.12.22-05.48.28:958][735]LogSlate: Took 0.000313 seconds to synchronously load lazily loaded font '../../../Engine/Content/Slate/Fonts/Roboto-BoldCondensed.ttf' (158K)
[2018.12.22-05.48.35:096][945]LogHttp: Warning: 000001528FB73380: request failed, libcurl error: 60 (Peer certificate cannot be authenticated with given CA certificates)
[2018.12.22-05.48.35:096][945]LogHttp: Warning: 000001528FB73380: libcurl info message cache 0 (  Trying 121.166.148.201...)
[2018.12.22-05.48.35:096][945]LogHttp: Warning: 000001528FB73380: libcurl info message cache 1 (TCP_NODELAY set)
[2018.12.22-05.48.35:096][945]LogHttp: Warning: 000001528FB73380: libcurl info message cache 2 (Connected to datarouter.ol.epicgames.com (121.166.148.201) port 443 (#0))
[2018.12.22-05.48.35:096][945]LogHttp: Warning: 000001528FB73380: libcurl info message cache 3 (ALPN, offering http/1.1)
[2018.12.22-05.48.35:097][945]LogHttp: Warning: 000001528FB73380: libcurl info message cache 4 (Cipher selection: ALL:!EXPORT:!EXPORT40:!EXPORT56:!aNULL:!LOW:!RC4:@STRENGTH)
[2018.12.22-05.48.35:097][945]LogHttp: Warning: 000001528FB73380: libcurl info message cache 5 (TLSv1.2 (OUT), TLS header, Certificate Status (22):)
[2018.12.22-05.48.35:097][945]LogHttp: Warning: 000001528FB73380: libcurl info message cache 6 (TLSv1.2 (OUT), TLS handshake, Client hello (1):)
[2018.12.22-05.48.35:097][945]LogHttp: Warning: 000001528FB73380: libcurl info message cache 7 (TLSv1.2 (IN), TLS handshake, Server hello (2):)
[2018.12.22-05.48.35:097][945]LogHttp: Warning: 000001528FB73380: libcurl info message cache 8 (TLSv1.2 (IN), TLS handshake, Certificate (11):)
[2018.12.22-05.48.35:097][945]LogHttp: Warning: 000001528FB73380: libcurl info message cache 9 (TLSv1.2 (OUT), TLS alert, Server hello (2):)
[2018.12.22-05.48.35:098][945]LogHttp: Warning: 000001528FB73380: libcurl info message cache 10 (SSL certificate problem: unable to get local issuer certificate)
[2018.12.22-05.48.35:098][945]LogHttp: Warning: 000001528FB73380: libcurl info message cache 11 (Closing connection 0)
[2018.12.22-05.48.35:098][945]LogHttp: Warning: 000001528FB73380: libcurl info message cache 12 (TLSv1.2 (OUT), TLS alert, Client hello (1):)
[2018.12.22-05.48.35:112][946]LogHttp: Warning: Retry exhausted on https://datarouter.ol.epicgames.com/datarouter/api/v1/public/data?SessionID=%7B37AFF233-4326-5FF5-8EB2-92BD0C21AD66%7D&AppID=UEEditor.Rocket.Release&AppVersion=4.21.0-4541578%2B%2B%2BUE4%2BRelease-4.21&UserID=3fe39d7241454decc5028b8454cb8fc2%7C4a099ca2368d44c79c136143450cdfeb%7C3f8ebcf0-a47f-45b3-80f1-253d50aba30d&AppEnvironment=datacollector-binary&UploadType=eteventstream
[2018.12.22-05.48.55:515][735]LogSlate: Window 'BP_ABGameInstance' being destroyed
[2018.12.22-05.48.55:521][735]LogSlate: Window 'BP_ABGameInstance' being destroyed
