Log file open, 12/21/18 15:13:32
LogWindows: Failed to load 'aqProf.dll' (GetLastError=126)
LogWindows: File 'aqProf.dll' does not exist
LogWindows: Failed to load 'VtuneApi.dll' (GetLastError=126)
LogWindows: File 'VtuneApi.dll' does not exist
LogWindows: Failed to load 'VtuneApi32e.dll' (GetLastError=126)
LogWindows: File 'VtuneApi32e.dll' does not exist
LogConsoleResponse: Display: Failed to find resolution value strings in scalability ini. Falling back to default.
LogInit: Display: Running engine for game: ArenaBattle
LogPakFile: Registered encryption key '00000000000000000000000000000000': 0 pak files mounted, 0 remain pending
LogPlatformFile: Not using cached read wrapper
LogTaskGraph: Started task graph with 5 named threads and 23 total threads with 3 sets of task threads.
LogStats: Stats thread started at 0.411832
LogD3D11RHI: Loaded GFSDK_Aftermath_Lib.x64.dll
LogICUInternationalization: ICU TimeZone Detection - Raw Offset: +9:00, Platform Override: ''
LogPluginManager: Mounting plugin Paper2D
LogPluginManager: Mounting plugin AISupport
LogPluginManager: Mounting plugin LightPropagationVolume
LogPluginManager: Mounting plugin ActorLayerUtilities
LogPluginManager: Mounting plugin CLionSourceCodeAccess
LogPluginManager: Mounting plugin CodeLiteSourceCodeAccess
LogPluginManager: Mounting plugin GitSourceControl
LogPluginManager: Mounting plugin KDevelopSourceCodeAccess
LogPluginManager: Mounting plugin NullSourceCodeAccess
LogPluginManager: Mounting plugin PerforceSourceControl
LogPluginManager: Mounting plugin SubversionSourceControl
LogPluginManager: Mounting plugin UObjectPlugin
LogPluginManager: Mounting plugin VisualStudioCodeSourceCodeAccess
LogPluginManager: Mounting plugin VisualStudioSourceCodeAccess
LogPluginManager: Mounting plugin XCodeSourceCodeAccess
LogPluginManager: Mounting plugin AssetManagerEditor
LogPluginManager: Mounting plugin CryptoKeys
LogPluginManager: Mounting plugin DataValidation
LogPluginManager: Mounting plugin FacialAnimation
LogPluginManager: Mounting plugin GameplayTagsEditor
LogPluginManager: Mounting plugin MacGraphicsSwitching
LogPluginManager: Mounting plugin MeshEditor
LogPluginManager: Mounting plugin MobileLauncherProfileWizard
LogPluginManager: Mounting plugin PluginBrowser
LogPluginManager: Mounting plugin SpeedTreeImporter
LogPluginManager: Mounting plugin DatasmithContent
LogPluginManager: Mounting plugin VariantManagerContent
LogPluginManager: Mounting plugin AlembicImporter
LogPluginManager: Mounting plugin AppleImageUtils
LogPluginManager: Mounting plugin AppleVision
LogPluginManager: Mounting plugin BackChannel
LogPluginManager: Mounting plugin CharacterAI
LogPluginManager: Mounting plugin GeometryCache
LogPluginManager: Mounting plugin HTML5Networking
LogPluginManager: Mounting plugin ProxyLODPlugin
LogPluginManager: Mounting plugin MagicLeap
LogPluginManager: Mounting plugin MagicLeapMedia
LogPluginManager: Mounting plugin AndroidMedia
LogPluginManager: Mounting plugin AvfMedia
LogPluginManager: Mounting plugin ImgMedia
LogPluginManager: Mounting plugin LinearTimecode
LogPluginManager: Mounting plugin MediaCompositing
LogPluginManager: Mounting plugin MediaPlayerEditor
LogPluginManager: Mounting plugin WebMMedia
LogPluginManager: Mounting plugin WmfMedia
LogPluginManager: Mounting plugin TcpMessaging
LogPluginManager: Mounting plugin UdpMessaging
LogPluginManager: Mounting plugin ActorSequence
LogPluginManager: Mounting plugin LevelSequenceEditor
LogPluginManager: Mounting plugin MatineeToLevelSequence
LogPluginManager: Mounting plugin NetcodeUnitTest
LogPluginManager: Mounting plugin NUTUnrealEngine4
LogPluginManager: Mounting plugin OnlineSubsystemGooglePlay
LogPluginManager: Mounting plugin OnlineSubsystemIOS
LogPluginManager: Mounting plugin OnlineSubsystem
LogPluginManager: Mounting plugin OnlineSubsystemNull
LogPluginManager: Mounting plugin OnlineSubsystemUtils
LogPluginManager: Mounting plugin LauncherChunkInstaller
LogPluginManager: Mounting plugin AndroidDeviceProfileSelector
LogPluginManager: Mounting plugin AndroidMoviePlayer
LogPluginManager: Mounting plugin AndroidPermission
LogPluginManager: Mounting plugin AppleMoviePlayer
LogPluginManager: Mounting plugin ArchVisCharacter
LogPluginManager: Mounting plugin AudioCapture
LogPluginManager: Mounting plugin CableComponent
LogPluginManager: Mounting plugin CustomMeshComponent
LogPluginManager: Mounting plugin EditableMesh
LogPluginManager: Mounting plugin ExampleDeviceProfileSelector
LogPluginManager: Mounting plugin Firebase
LogPluginManager: Mounting plugin GoogleCloudMessaging
LogPluginManager: Mounting plugin IOSDeviceProfileSelector
LogPluginManager: Mounting plugin LinuxDeviceProfileSelector
LogPluginManager: Mounting plugin LocationServicesBPLibrary
LogPluginManager: Mounting plugin MobilePatchingUtils
LogPluginManager: Mounting plugin OculusVR
LogPluginManager: Mounting plugin PhysXVehicles
LogPluginManager: Mounting plugin ProceduralMeshComponent
LogPluginManager: Mounting plugin RuntimePhysXCooking
LogPluginManager: Mounting plugin SteamVR
LogPluginManager: Mounting plugin WebMMoviePlayer
LogPluginManager: Mounting plugin WindowsMoviePlayer
LogStreaming: Display: Took  0.150s to configure plugins.
LogInit: Using libcurl 7.55.1-DEV
LogInit:  - built for x86_64-pc-win32
LogInit:  - supports SSL with OpenSSL/1.0.2h
LogInit:  - supports HTTP deflate (compression) using libz 1.2.8
LogInit:  - other features:
LogInit:      CURL_VERSION_SSL
LogInit:      CURL_VERSION_LIBZ
LogInit:      CURL_VERSION_IPV6
LogInit:      CURL_VERSION_ASYNCHDNS
LogInit:      CURL_VERSION_LARGEFILE
LogInit:      CURL_VERSION_IDN
LogInit:  CurlRequestOptions (configurable via config and command line):
LogInit:  - bVerifyPeer = true  - Libcurl will verify peer certificate
LogInit:  - bUseHttpProxy = false  - Libcurl will NOT use HTTP proxy
LogInit:  - bDontReuseConnections = false  - Libcurl will reuse connections
LogInit:  - MaxHostConnections = 16  - Libcurl will limit the number of connections to a host
LogInit:  - LocalHostAddr = Default
LogInit:  - BufferSize = 65536
LogInit: WinSock: version 1.1 (2.2), MaxSocks=32767, MaxUdp=65467
LogInit: Build: ++UE4+Release-4.21-CL-4541578
LogInit: Engine Version: 4.21.0-4541578+++UE4+Release-4.21
LogInit: Compatible Engine Version: 4.21.0-4541578+++UE4+Release-4.21
LogInit: Net CL: 4541578
LogInit: OS: Windows 10 (), CPU: Intel(R) Core(TM) i7-4770HQ CPU @ 2.20GHz, GPU: Intel(R) Iris(TM) Pro Graphics 5200
LogInit: Compiled (64-bit): Nov  6 2018 02:04:24
LogInit: Compiled with Visual C++: 19.13.26129.00
LogInit: Build Configuration: Development
LogInit: Branch Name: ++UE4+Release-4.21
LogInit: Command Line:  -skipcompile
LogInit: Base Directory: D:/06.program/Window/unreal/UE_4.21/Engine/Binaries/Win64/
LogInit: Installed Engine Build: 1
LogDevObjectVersion: Number of dev versions registered: 22
LogDevObjectVersion:   Dev-Blueprints (B0D832E4-1F89-4F0D-ACCF-7EB736FD4AA2): 10
LogDevObjectVersion:   Dev-Build (E1C64328-A22C-4D53-A36C-8E866417BD8C): 0
LogDevObjectVersion:   Dev-Core (375EC13C-06E4-48FB-B500-84F0262A717E): 2
LogDevObjectVersion:   Dev-Editor (E4B068ED-F494-42E9-A231-DA0B2E46BB41): 26
LogDevObjectVersion:   Dev-Framework (CFFC743F-43B0-4480-9391-14DF171D2073): 34
LogDevObjectVersion:   Dev-Mobile (B02B49B5-BB20-44E9-A304-32B752E40360): 2
LogDevObjectVersion:   Dev-Networking (A4E4105C-59A1-49B5-A7C5-40C4547EDFEE): 0
LogDevObjectVersion:   Dev-Online (39C831C9-5AE6-47DC-9A44-9C173E1C8E7C): 0
LogDevObjectVersion:   Dev-Physics (78F01B33-EBEA-4F98-B9B4-84EACCB95AA2): 0
LogDevObjectVersion:   Dev-Platform (6631380F-2D4D-43E0-8009-CF276956A95A): 0
LogDevObjectVersion:   Dev-Rendering (12F88B9F-8875-4AFC-A67C-D90C383ABD29): 27
LogDevObjectVersion:   Dev-Sequencer (7B5AE74C-D270-4C10-A958-57980B212A5A): 9
LogDevObjectVersion:   Dev-VR (D7296918-1DD6-4BDD-9DE2-64A83CC13884): 2
LogDevObjectVersion:   Dev-LoadTimes (C2A15278-BFE7-4AFE-6C17-90FF531DF755): 1
LogDevObjectVersion:   Private-Geometry (6EACA3D4-40EC-4CC1-B786-8BED09428FC5): 3
LogDevObjectVersion:   Dev-AnimPhys (29E575DD-E0A3-4627-9D10-D276232CDCEA): 17
LogDevObjectVersion:   Dev-Anim (AF43A65D-7FD3-4947-9873-3E8ED9C1BB05): 2
LogDevObjectVersion:   Dev-ReflectionCapture (6B266CEC-1EC7-4B8F-A30B-E4D90942FC07): 1
LogDevObjectVersion:   Dev-Automation (0DF73D61-A23F-47EA-B727-89E90C41499A): 1
LogDevObjectVersion:   FortniteMain (601D1886-AC64-4F84-AA16-D3DE0DEAC7D6): 17
LogDevObjectVersion:   Dev-Enterprise (9DFFBCD6-494F-0158-E221-12823C92A888): 4
LogDevObjectVersion:   Dev-Niagara (F2AED0AC-9AFE-416F-8664-AA7FFA26D6FC): 1
LogStreaming: Display: Took  0.002s to delete old logs.
LogInit: Presizing for max 8388607 objects, including 0 objects not considered by GC, pre-allocating 0 bytes for permanent pool.
LogInit: Object subsystem initialized
LogConfig: Setting CVar [[con.DebugEarlyDefault:1]]
LogConfig: Setting CVar [[r.setres:1280x720]]
[2018.12.21-06.13.33:319][  0]LogConfig: Setting CVar [[r.VSync:0]]
[2018.12.21-06.13.33:320][  0]LogConfig: Setting CVar [[r.RHICmdBypass:0]]
[2018.12.21-06.13.33:320][  0]LogConfig: Applying CVar settings from Section [/Script/Engine.RendererSettings] File [D:/UnrealProject/Chapter_5/Saved/Config/Windows/Engine.ini]
[2018.12.21-06.13.33:320][  0]LogConfig: Setting CVar [[r.GPUCrashDebugging:0]]
[2018.12.21-06.13.33:321][  0]LogConfig: Applying CVar settings from Section [/Script/Engine.RendererOverrideSettings] File [D:/UnrealProject/Chapter_5/Saved/Config/Windows/Engine.ini]
[2018.12.21-06.13.33:321][  0]LogConfig: Applying CVar settings from Section [/Script/Engine.StreamingSettings] File [D:/UnrealProject/Chapter_5/Saved/Config/Windows/Engine.ini]
[2018.12.21-06.13.33:321][  0]LogConfig: Setting CVar [[s.MinBulkDataSizeForAsyncLoading:131072]]
[2018.12.21-06.13.33:322][  0]LogConfig: Setting CVar [[s.AsyncLoadingThreadEnabled:0]]
[2018.12.21-06.13.33:322][  0]LogConfig: Setting CVar [[s.EventDrivenLoaderEnabled:1]]
[2018.12.21-06.13.33:322][  0]LogConfig: Setting CVar [[s.WarnIfTimeLimitExceeded:0]]
[2018.12.21-06.13.33:322][  0]LogConfig: Setting CVar [[s.TimeLimitExceededMultiplier:1.5]]
[2018.12.21-06.13.33:323][  0]LogConfig: Setting CVar [[s.TimeLimitExceededMinTime:0.005]]
[2018.12.21-06.13.33:323][  0]LogConfig: Setting CVar [[s.UseBackgroundLevelStreaming:1]]
[2018.12.21-06.13.33:323][  0]LogConfig: Setting CVar [[s.PriorityAsyncLoadingExtraTime:15.0]]
[2018.12.21-06.13.33:324][  0]LogConfig: Setting CVar [[s.LevelStreamingActorsUpdateTimeLimit:5.0]]
[2018.12.21-06.13.33:324][  0]LogConfig: Setting CVar [[s.PriorityLevelStreamingActorsUpdateExtraTime:5.0]]
[2018.12.21-06.13.33:324][  0]LogConfig: Setting CVar [[s.LevelStreamingComponentsRegistrationGranularity:10]]
[2018.12.21-06.13.33:325][  0]LogConfig: Setting CVar [[s.UnregisterComponentsTimeLimit:1.0]]
[2018.12.21-06.13.33:325][  0]LogConfig: Setting CVar [[s.LevelStreamingComponentsUnregistrationGranularity:5]]
[2018.12.21-06.13.33:325][  0]LogConfig: Applying CVar settings from Section [/Script/Engine.GarbageCollectionSettings] File [D:/UnrealProject/Chapter_5/Saved/Config/Windows/Engine.ini]
[2018.12.21-06.13.33:325][  0]LogConfig: Setting CVar [[gc.MaxObjectsNotConsideredByGC:1]]
[2018.12.21-06.13.33:326][  0]LogConfig: Setting CVar [[gc.SizeOfPermanentObjectPool:0]]
[2018.12.21-06.13.33:326][  0]LogConfig: Setting CVar [[gc.FlushStreamingOnGC:0]]
[2018.12.21-06.13.33:326][  0]LogConfig: Setting CVar [[gc.NumRetriesBeforeForcingGC:10]]
[2018.12.21-06.13.33:327][  0]LogConfig: Setting CVar [[gc.AllowParallelGC:1]]
[2018.12.21-06.13.33:327][  0]LogConfig: Setting CVar [[gc.TimeBetweenPurgingPendingKillObjects:61.1]]
[2018.12.21-06.13.33:327][  0]LogConfig: Setting CVar [[gc.MaxObjectsInEditor:8388607]]
[2018.12.21-06.13.33:327][  0]LogConfig: Setting CVar [[gc.IncrementalBeginDestroyEnabled:1]]
[2018.12.21-06.13.33:328][  0]LogConfig: Setting CVar [[gc.CreateGCClusters:1]]
[2018.12.21-06.13.33:328][  0]LogConfig: Setting CVar [[gc.MergeGCClusters:0]]
[2018.12.21-06.13.33:328][  0]LogConfig: Setting CVar [[gc.MinGCClusterSize:5]]
[2018.12.21-06.13.33:329][  0]LogConfig: Setting CVar [[gc.ActorClusteringEnabled:0]]
[2018.12.21-06.13.33:329][  0]LogConfig: Setting CVar [[gc.BlueprintClusteringEnabled:0]]
[2018.12.21-06.13.33:329][  0]LogConfig: Setting CVar [[gc.UseDisregardForGCOnDedicatedServers:0]]
[2018.12.21-06.13.33:329][  0]LogConfig: Applying CVar settings from Section [/Script/Engine.NetworkSettings] File [D:/UnrealProject/Chapter_5/Saved/Config/Windows/Engine.ini]
[2018.12.21-06.13.33:330][  0]LogConfig: Applying CVar settings from Section [/Script/UnrealEd.CookerSettings] File [D:/UnrealProject/Chapter_5/Saved/Config/Windows/Engine.ini]
[2018.12.21-06.13.33:362][  0]LogConfig: Applying CVar settings from Section [ViewDistanceQuality@3] File [D:/UnrealProject/Chapter_5/Saved/Config/Windows/Scalability.ini]
[2018.12.21-06.13.33:362][  0]LogConfig: Setting CVar [[r.SkeletalMeshLODBias:0]]
[2018.12.21-06.13.33:363][  0]LogConfig: Setting CVar [[r.ViewDistanceScale:1.0]]
[2018.12.21-06.13.33:363][  0]LogConfig: Applying CVar settings from Section [AntiAliasingQuality@3] File [D:/UnrealProject/Chapter_5/Saved/Config/Windows/Scalability.ini]
[2018.12.21-06.13.33:363][  0]LogConfig: Setting CVar [[r.PostProcessAAQuality:4]]
[2018.12.21-06.13.33:363][  0]LogConfig: Applying CVar settings from Section [ShadowQuality@3] File [D:/UnrealProject/Chapter_5/Saved/Config/Windows/Scalability.ini]
[2018.12.21-06.13.33:363][  0]LogConfig: Setting CVar [[r.LightFunctionQuality:1]]
[2018.12.21-06.13.33:363][  0]LogConfig: Setting CVar [[r.ShadowQuality:5]]
[2018.12.21-06.13.33:364][  0]LogConfig: Setting CVar [[r.Shadow.CSM.MaxCascades:10]]
[2018.12.21-06.13.33:364][  0]LogConfig: Setting CVar [[r.Shadow.MaxResolution:2048]]
[2018.12.21-06.13.33:364][  0]LogConfig: Setting CVar [[r.Shadow.MaxCSMResolution:2048]]
[2018.12.21-06.13.33:364][  0]LogConfig: Setting CVar [[r.Shadow.RadiusThreshold:0.01]]
[2018.12.21-06.13.33:364][  0]LogConfig: Setting CVar [[r.Shadow.DistanceScale:1.0]]
[2018.12.21-06.13.33:364][  0]LogConfig: Setting CVar [[r.Shadow.CSM.TransitionScale:1.0]]
[2018.12.21-06.13.33:365][  0]LogConfig: Setting CVar [[r.Shadow.PreShadowResolutionFactor:1.0]]
[2018.12.21-06.13.33:365][  0]LogConfig: Setting CVar [[r.DistanceFieldShadowing:1]]
[2018.12.21-06.13.33:365][  0]LogConfig: Setting CVar [[r.DistanceFieldAO:1]]
[2018.12.21-06.13.33:365][  0]LogConfig: Setting CVar [[r.AOQuality:2]]
[2018.12.21-06.13.33:365][  0]LogConfig: Setting CVar [[r.VolumetricFog:1]]
[2018.12.21-06.13.33:366][  0]LogConfig: Setting CVar [[r.VolumetricFog.GridPixelSize:8]]
[2018.12.21-06.13.33:366][  0]LogConfig: Setting CVar [[r.VolumetricFog.GridSizeZ:128]]
[2018.12.21-06.13.33:366][  0]LogConfig: Setting CVar [[r.VolumetricFog.HistoryMissSupersampleCount:4]]
[2018.12.21-06.13.33:366][  0]LogConfig: Setting CVar [[r.LightMaxDrawDistanceScale:1]]
[2018.12.21-06.13.33:366][  0]LogConfig: Setting CVar [[r.CapsuleShadows:1]]
[2018.12.21-06.13.33:366][  0]LogConfig: Applying CVar settings from Section [PostProcessQuality@3] File [D:/UnrealProject/Chapter_5/Saved/Config/Windows/Scalability.ini]
[2018.12.21-06.13.33:366][  0]LogConfig: Setting CVar [[r.MotionBlurQuality:4]]
[2018.12.21-06.13.33:367][  0]LogConfig: Setting CVar [[r.AmbientOcclusionMipLevelFactor:0.4]]
[2018.12.21-06.13.33:367][  0]LogConfig: Setting CVar [[r.AmbientOcclusionMaxQuality:100]]
[2018.12.21-06.13.33:367][  0]LogConfig: Setting CVar [[r.AmbientOcclusionLevels:-1]]
[2018.12.21-06.13.33:367][  0]LogConfig: Setting CVar [[r.AmbientOcclusionRadiusScale:1.0]]
[2018.12.21-06.13.33:367][  0]LogConfig: Setting CVar [[r.DepthOfFieldQuality:2]]
[2018.12.21-06.13.33:367][  0]LogConfig: Setting CVar [[r.RenderTargetPoolMin:400]]
[2018.12.21-06.13.33:368][  0]LogConfig: Setting CVar [[r.LensFlareQuality:2]]
[2018.12.21-06.13.33:368][  0]LogConfig: Setting CVar [[r.SceneColorFringeQuality:1]]
[2018.12.21-06.13.33:368][  0]LogConfig: Setting CVar [[r.EyeAdaptationQuality:2]]
[2018.12.21-06.13.33:368][  0]LogConfig: Setting CVar [[r.BloomQuality:5]]
[2018.12.21-06.13.33:368][  0]LogConfig: Setting CVar [[r.FastBlurThreshold:100]]
[2018.12.21-06.13.33:368][  0]LogConfig: Setting CVar [[r.Upscale.Quality:3]]
[2018.12.21-06.13.33:369][  0]LogConfig: Setting CVar [[r.Tonemapper.GrainQuantization:1]]
[2018.12.21-06.13.33:369][  0]LogConfig: Setting CVar [[r.LightShaftQuality:1]]
[2018.12.21-06.13.33:369][  0]LogConfig: Setting CVar [[r.Filter.SizeScale:1]]
[2018.12.21-06.13.33:369][  0]LogConfig: Setting CVar [[r.Tonemapper.Quality:5]]
[2018.12.21-06.13.33:369][  0]LogConfig: Setting CVar [[r.DOF.Gather.AccumulatorQuality:1        ; higher gathering accumulator quality]]
[2018.12.21-06.13.33:369][  0]LogConfig: Setting CVar [[r.DOF.Gather.PostfilterMethod:1          ; Median3x3 postfilering method]]
[2018.12.21-06.13.33:369][  0]LogConfig: Setting CVar [[r.DOF.Gather.EnableBokehSettings:0       ; no bokeh simulation when gathering]]
[2018.12.21-06.13.33:370][  0]LogConfig: Setting CVar [[r.DOF.Gather.RingCount:4                 ; medium number of samples when gathering]]
[2018.12.21-06.13.33:370][  0]LogConfig: Setting CVar [[r.DOF.Scatter.ForegroundCompositing:1    ; additive foreground scattering]]
[2018.12.21-06.13.33:370][  0]LogConfig: Setting CVar [[r.DOF.Scatter.BackgroundCompositing:2    ; additive background scattering]]
[2018.12.21-06.13.33:370][  0]LogConfig: Setting CVar [[r.DOF.Scatter.EnableBokehSettings:1      ; bokeh simulation when scattering]]
[2018.12.21-06.13.33:370][  0]LogConfig: Setting CVar [[r.DOF.Scatter.MaxSpriteRatio:0.1         ; only a maximum of 10% of scattered bokeh]]
[2018.12.21-06.13.33:370][  0]LogConfig: Setting CVar [[r.DOF.Recombine.Quality:1                ; cheap slight out of focus]]
[2018.12.21-06.13.33:370][  0]LogConfig: Setting CVar [[r.DOF.Recombine.EnableBokehSettings:0    ; no bokeh simulation on slight out of focus]]
[2018.12.21-06.13.33:371][  0]LogConfig: Setting CVar [[r.DOF.TemporalAAQuality:1                ; more stable temporal accumulation]]
[2018.12.21-06.13.33:371][  0]LogConfig: Setting CVar [[r.DOF.Kernel.MaxForegroundRadius:0.025]]
[2018.12.21-06.13.33:371][  0]LogConfig: Setting CVar [[r.DOF.Kernel.MaxBackgroundRadius:0.025]]
[2018.12.21-06.13.33:371][  0]LogConfig: Applying CVar settings from Section [TextureQuality@3] File [D:/UnrealProject/Chapter_5/Saved/Config/Windows/Scalability.ini]
[2018.12.21-06.13.33:371][  0]LogConfig: Setting CVar [[r.Streaming.MipBias:0]]
[2018.12.21-06.13.33:371][  0]LogConfig: Setting CVar [[r.Streaming.AmortizeCPUToGPUCopy:0]]
[2018.12.21-06.13.33:372][  0]LogConfig: Setting CVar [[r.Streaming.MaxNumTexturesToStreamPerFrame:0]]
[2018.12.21-06.13.33:372][  0]LogConfig: Setting CVar [[r.Streaming.Boost:1]]
[2018.12.21-06.13.33:372][  0]LogConfig: Setting CVar [[r.MaxAnisotropy:8]]
[2018.12.21-06.13.33:372][  0]LogConfig: Setting CVar [[r.Streaming.LimitPoolSizeToVRAM:0]]
[2018.12.21-06.13.33:372][  0]LogConfig: Setting CVar [[r.Streaming.PoolSize:1000]]
[2018.12.21-06.13.33:372][  0]LogConfig: Setting CVar [[r.Streaming.MaxEffectiveScreenSize:0]]
[2018.12.21-06.13.33:372][  0]LogConfig: Applying CVar settings from Section [EffectsQuality@3] File [D:/UnrealProject/Chapter_5/Saved/Config/Windows/Scalability.ini]
[2018.12.21-06.13.33:373][  0]LogConfig: Setting CVar [[r.TranslucencyLightingVolumeDim:64]]
[2018.12.21-06.13.33:373][  0]LogConfig: Setting CVar [[r.RefractionQuality:2]]
[2018.12.21-06.13.33:373][  0]LogConfig: Setting CVar [[r.SSR.Quality:3]]
[2018.12.21-06.13.33:373][  0]LogConfig: Setting CVar [[r.SceneColorFormat:4]]
[2018.12.21-06.13.33:373][  0]LogConfig: Setting CVar [[r.DetailMode:2]]
[2018.12.21-06.13.33:373][  0]LogConfig: Setting CVar [[r.TranslucencyVolumeBlur:1]]
[2018.12.21-06.13.33:374][  0]LogConfig: Setting CVar [[r.MaterialQualityLevel:1 ; High quality]]
[2018.12.21-06.13.33:374][  0]LogConfig: Setting CVar [[r.SSS.Scale:1]]
[2018.12.21-06.13.33:374][  0]LogConfig: Setting CVar [[r.SSS.SampleSet:2]]
[2018.12.21-06.13.33:374][  0]LogConfig: Setting CVar [[r.SSS.Quality:1]]
[2018.12.21-06.13.33:374][  0]LogConfig: Setting CVar [[r.SSS.HalfRes:1]]
[2018.12.21-06.13.33:374][  0]LogConfig: Setting CVar [[r.EmitterSpawnRateScale:1.0]]
[2018.12.21-06.13.33:375][  0]LogConfig: Setting CVar [[r.ParticleLightQuality:2]]
[2018.12.21-06.13.33:375][  0]LogConfig: Applying CVar settings from Section [FoliageQuality@3] File [D:/UnrealProject/Chapter_5/Saved/Config/Windows/Scalability.ini]
[2018.12.21-06.13.33:375][  0]LogConfig: Setting CVar [[foliage.DensityScale:1.0]]
[2018.12.21-06.13.33:375][  0]LogConfig: Setting CVar [[grass.DensityScale:1.0]]
[2018.12.21-06.13.33:375][  0]LogInit: Selected Device Profile: [Windows]
[2018.12.21-06.13.33:376][  0]LogInit: Applying CVar settings loaded from the selected device profile: [Windows]
[2018.12.21-06.13.33:407][  0]LogHAL: Display: Platform has ~ 16 GB [17050116096 / 17179869184 / 16], which maps to Larger [LargestMinGB=32, LargerMinGB=12, DefaultMinGB=8, SmallerMinGB=6, SmallestMinGB=0)
[2018.12.21-06.13.33:408][  0]LogConfig: Setting CVar [[r.Vulkan.UseRealUBs:1]]
[2018.12.21-06.13.33:408][  0]LogInit: Going up to parent DeviceProfile []
[2018.12.21-06.13.33:408][  0]LogConfig: Applying CVar settings from Section [ViewDistanceQuality@1] File [D:/UnrealProject/Chapter_5/Saved/Config/Windows/Scalability.ini]
[2018.12.21-06.13.33:408][  0]LogConfig: Setting CVar [[r.SkeletalMeshLODBias:1]]
[2018.12.21-06.13.33:408][  0]LogConfig: Setting CVar [[r.ViewDistanceScale:0.6]]
[2018.12.21-06.13.33:408][  0]LogConfig: Applying CVar settings from Section [AntiAliasingQuality@1] File [D:/UnrealProject/Chapter_5/Saved/Config/Windows/Scalability.ini]
[2018.12.21-06.13.33:409][  0]LogConfig: Setting CVar [[r.PostProcessAAQuality:2]]
[2018.12.21-06.13.33:409][  0]LogConfig: Applying CVar settings from Section [ShadowQuality@1] File [D:/UnrealProject/Chapter_5/Saved/Config/Windows/Scalability.ini]
[2018.12.21-06.13.33:409][  0]LogConfig: Setting CVar [[r.LightFunctionQuality:1]]
[2018.12.21-06.13.33:409][  0]LogConfig: Setting CVar [[r.ShadowQuality:3]]
[2018.12.21-06.13.33:409][  0]LogConfig: Setting CVar [[r.Shadow.CSM.MaxCascades:1]]
[2018.12.21-06.13.33:409][  0]LogConfig: Setting CVar [[r.Shadow.MaxResolution:1024]]
[2018.12.21-06.13.33:410][  0]LogConfig: Setting CVar [[r.Shadow.MaxCSMResolution:1024]]
[2018.12.21-06.13.33:410][  0]LogConfig: Setting CVar [[r.Shadow.RadiusThreshold:0.05]]
[2018.12.21-06.13.33:410][  0]LogConfig: Setting CVar [[r.Shadow.DistanceScale:0.7]]
[2018.12.21-06.13.33:410][  0]LogConfig: Setting CVar [[r.Shadow.CSM.TransitionScale:0.25]]
[2018.12.21-06.13.33:410][  0]LogConfig: Setting CVar [[r.Shadow.PreShadowResolutionFactor:0.5]]
[2018.12.21-06.13.33:410][  0]LogConfig: Setting CVar [[r.DistanceFieldShadowing:0]]
[2018.12.21-06.13.33:411][  0]LogConfig: Setting CVar [[r.DistanceFieldAO:0]]
[2018.12.21-06.13.33:411][  0]LogConfig: Setting CVar [[r.VolumetricFog:0]]
[2018.12.21-06.13.33:411][  0]LogConfig: Setting CVar [[r.LightMaxDrawDistanceScale:.5]]
[2018.12.21-06.13.33:411][  0]LogConfig: Setting CVar [[r.CapsuleShadows:1]]
[2018.12.21-06.13.33:411][  0]LogConfig: Applying CVar settings from Section [PostProcessQuality@1] File [D:/UnrealProject/Chapter_5/Saved/Config/Windows/Scalability.ini]
[2018.12.21-06.13.33:411][  0]LogConfig: Setting CVar [[r.MotionBlurQuality:3]]
[2018.12.21-06.13.33:411][  0]LogConfig: Setting CVar [[r.AmbientOcclusionMipLevelFactor:1.0]]
[2018.12.21-06.13.33:411][  0]LogConfig: Setting CVar [[r.AmbientOcclusionMaxQuality:60]]
[2018.12.21-06.13.33:412][  0]LogConfig: Setting CVar [[r.AmbientOcclusionLevels:-1]]
[2018.12.21-06.13.33:412][  0]LogConfig: Setting CVar [[r.AmbientOcclusionRadiusScale:1.5]]
[2018.12.21-06.13.33:412][  0]LogConfig: Setting CVar [[r.DepthOfFieldQuality:1]]
[2018.12.21-06.13.33:412][  0]LogConfig: Setting CVar [[r.RenderTargetPoolMin:350]]
[2018.12.21-06.13.33:412][  0]LogConfig: Setting CVar [[r.LensFlareQuality:0]]
[2018.12.21-06.13.33:412][  0]LogConfig: Setting CVar [[r.SceneColorFringeQuality:0]]
[2018.12.21-06.13.33:412][  0]LogConfig: Setting CVar [[r.EyeAdaptationQuality:0]]
[2018.12.21-06.13.33:412][  0]LogConfig: Setting CVar [[r.BloomQuality:4]]
[2018.12.21-06.13.33:412][  0]LogConfig: Setting CVar [[r.FastBlurThreshold:2]]
[2018.12.21-06.13.33:412][  0]LogConfig: Setting CVar [[r.Upscale.Quality:2]]
[2018.12.21-06.13.33:412][  0]LogConfig: Setting CVar [[r.Tonemapper.GrainQuantization:0]]
[2018.12.21-06.13.33:412][  0]LogConfig: Setting CVar [[r.LightShaftQuality:0]]
[2018.12.21-06.13.33:413][  0]LogConfig: Setting CVar [[r.Filter.SizeScale:0.7]]
[2018.12.21-06.13.33:413][  0]LogConfig: Setting CVar [[r.Tonemapper.Quality:2]]
[2018.12.21-06.13.33:413][  0]LogConfig: Setting CVar [[r.DOF.Gather.AccumulatorQuality:0        ; lower gathering accumulator quality]]
[2018.12.21-06.13.33:413][  0]LogConfig: Setting CVar [[r.DOF.Gather.PostfilterMethod:2          ; Max3x3 postfilering method]]
[2018.12.21-06.13.33:413][  0]LogConfig: Setting CVar [[r.DOF.Gather.EnableBokehSettings:0       ; no bokeh simulation when gathering]]
[2018.12.21-06.13.33:413][  0]LogConfig: Setting CVar [[r.DOF.Gather.RingCount:3                 ; low number of samples when gathering]]
[2018.12.21-06.13.33:413][  0]LogConfig: Setting CVar [[r.DOF.Scatter.ForegroundCompositing:0    ; no foreground scattering]]
[2018.12.21-06.13.33:413][  0]LogConfig: Setting CVar [[r.DOF.Scatter.BackgroundCompositing:0    ; no foreground scattering]]
[2018.12.21-06.13.33:413][  0]LogConfig: Setting CVar [[r.DOF.Recombine.Quality:0                ; no slight out of focus]]
[2018.12.21-06.13.33:413][  0]LogConfig: Setting CVar [[r.DOF.TemporalAAQuality:0                ; faster temporal accumulation]]
[2018.12.21-06.13.33:413][  0]LogConfig: Setting CVar [[r.DOF.Kernel.MaxForegroundRadius:0.006   ; required because low gathering and no scattering and not looking great at 1080p]]
[2018.12.21-06.13.33:413][  0]LogConfig: Setting CVar [[r.DOF.Kernel.MaxBackgroundRadius:0.006   ; required because low gathering and no scattering and not looking great at 1080p]]
[2018.12.21-06.13.33:413][  0]LogConfig: Applying CVar settings from Section [TextureQuality@1] File [D:/UnrealProject/Chapter_5/Saved/Config/Windows/Scalability.ini]
[2018.12.21-06.13.33:414][  0]LogConfig: Setting CVar [[r.Streaming.MipBias:1]]
[2018.12.21-06.13.33:414][  0]LogConfig: Setting CVar [[r.Streaming.AmortizeCPUToGPUCopy:0]]
[2018.12.21-06.13.33:414][  0]LogConfig: Setting CVar [[r.Streaming.MaxNumTexturesToStreamPerFrame:0]]
[2018.12.21-06.13.33:414][  0]LogConfig: Setting CVar [[r.Streaming.Boost:1]]
[2018.12.21-06.13.33:414][  0]LogConfig: Setting CVar [[r.MaxAnisotropy:2]]
[2018.12.21-06.13.33:414][  0]LogConfig: Setting CVar [[r.Streaming.LimitPoolSizeToVRAM:1]]
[2018.12.21-06.13.33:414][  0]LogConfig: Setting CVar [[r.Streaming.PoolSize:600]]
[2018.12.21-06.13.33:414][  0]LogConfig: Setting CVar [[r.Streaming.MaxEffectiveScreenSize:0]]
[2018.12.21-06.13.33:414][  0]LogConfig: Applying CVar settings from Section [EffectsQuality@1] File [D:/UnrealProject/Chapter_5/Saved/Config/Windows/Scalability.ini]
[2018.12.21-06.13.33:414][  0]LogConfig: Setting CVar [[r.TranslucencyLightingVolumeDim:32]]
[2018.12.21-06.13.33:414][  0]LogConfig: Setting CVar [[r.RefractionQuality:0]]
[2018.12.21-06.13.33:414][  0]LogConfig: Setting CVar [[r.SSR.Quality:0]]
[2018.12.21-06.13.33:414][  0]LogConfig: Setting CVar [[r.SceneColorFormat:3]]
[2018.12.21-06.13.33:414][  0]LogConfig: Setting CVar [[r.DetailMode:1]]
[2018.12.21-06.13.33:415][  0]LogConfig: Setting CVar [[r.TranslucencyVolumeBlur:0]]
[2018.12.21-06.13.33:415][  0]LogConfig: Setting CVar [[r.MaterialQualityLevel:2 ; Medium quality]]
[2018.12.21-06.13.33:415][  0]LogConfig: Setting CVar [[r.SSS.Scale:0.75]]
[2018.12.21-06.13.33:415][  0]LogConfig: Setting CVar [[r.SSS.SampleSet:0]]
[2018.12.21-06.13.33:415][  0]LogConfig: Setting CVar [[r.SSS.Quality:0]]
[2018.12.21-06.13.33:415][  0]LogConfig: Setting CVar [[r.SSS.HalfRes:1]]
[2018.12.21-06.13.33:415][  0]LogConfig: Setting CVar [[r.EmitterSpawnRateScale:0.25]]
[2018.12.21-06.13.33:415][  0]LogConfig: Setting CVar [[r.ParticleLightQuality:0]]
[2018.12.21-06.13.33:415][  0]LogConfig: Applying CVar settings from Section [FoliageQuality@1] File [D:/UnrealProject/Chapter_5/Saved/Config/Windows/Scalability.ini]
[2018.12.21-06.13.33:415][  0]LogConfig: Setting CVar [[foliage.DensityScale:0.4]]
[2018.12.21-06.13.33:415][  0]LogConfig: Setting CVar [[grass.DensityScale:0.4]]
[2018.12.21-06.13.33:415][  0]LogConfig: Applying CVar settings from Section [Startup] File [../../../Engine/Config/ConsoleVariables.ini]
[2018.12.21-06.13.33:416][  0]LogConfig: Setting CVar [[net.UseAdaptiveNetUpdateFrequency:0]]
[2018.12.21-06.13.33:416][  0]LogConfig: Applying CVar settings from Section [ConsoleVariables] File [D:/UnrealProject/Chapter_5/Saved/Config/Windows/Engine.ini]
[2018.12.21-06.13.33:416][  0]LogInit: Computer: DESKTOP-FLP8AVC
[2018.12.21-06.13.33:416][  0]LogInit: User: 준
[2018.12.21-06.13.33:416][  0]LogInit: CPU Page size=4096, Cores=4
[2018.12.21-06.13.33:416][  0]LogInit: High frequency timer resolution =2.143484 MHz
[2018.12.21-06.13.33:417][  0]LogMemory: Memory total: Physical=15.9GB (16GB approx)
[2018.12.21-06.13.33:417][  0]LogMemory: Platform Memory Stats for Windows
[2018.12.21-06.13.33:417][  0]LogMemory: Process Physical Memory: 102.36 MB used, 102.36 MB peak
[2018.12.21-06.13.33:417][  0]LogMemory: Process Virtual Memory: 91.35 MB used, 91.35 MB peak
[2018.12.21-06.13.33:417][  0]LogMemory: Physical Memory: 7660.05 MB used,  8600.21 MB free, 16260.26 MB total
[2018.12.21-06.13.33:417][  0]LogMemory: Virtual Memory: 4653.78 MB used,  134213072.00 MB free, 134217728.00 MB total
[2018.12.21-06.13.34:406][  0]LogInit: Using OS detected language (ko-KR).
[2018.12.21-06.13.34:406][  0]LogInit: Using OS detected locale (ko-KR).
[2018.12.21-06.13.34:407][  0]LogTextLocalizationManager: No specific localization for 'ko-KR' exists, so the 'ko' localization will be used.
[2018.12.21-06.13.34:981][  0]LogStreaming: Display: Took  0.576s to InitEngineTextLocalization.
[2018.12.21-06.13.35:045][  0]LogSlate: New Slate User Created.  User Index 0, Is Virtual User: 0
[2018.12.21-06.13.35:046][  0]LogSlate: Slate User Registered.  User Index 0, Is Virtual User: 0
[2018.12.21-06.13.35:390][  0]LogHMD: Failed to initialize OpenVR with code 110
[2018.12.21-06.13.35:390][  0]LogD3D11RHI: D3D11 adapters:
[2018.12.21-06.13.35:546][  0]LogD3D11RHI:    0. 'Intel(R) Iris(TM) Pro Graphics 5200' (Feature Level 11_0)
[2018.12.21-06.13.35:546][  0]LogD3D11RHI:       112/0/2048 MB DedicatedVideo/DedicatedSystem/SharedSystem, Outputs:1, VendorId:0x8086
[2018.12.21-06.13.35:556][  0]LogD3D11RHI:    1. 'Microsoft Basic Render Driver' (Feature Level 11_0)
[2018.12.21-06.13.35:556][  0]LogD3D11RHI:       0/0/8130 MB DedicatedVideo/DedicatedSystem/SharedSystem, Outputs:0, VendorId:0x1414
[2018.12.21-06.13.35:556][  0]LogD3D11RHI: Chosen D3D11 Adapter: 0
[2018.12.21-06.13.35:564][  0]LogD3D11RHI: Creating new Direct3DDevice
[2018.12.21-06.13.35:564][  0]LogD3D11RHI:     GPU DeviceId: 0xd26 (for the marketing name, search the web for "GPU Device Id")
[2018.12.21-06.13.35:564][  0]LogWindows: EnumDisplayDevices:
[2018.12.21-06.13.35:565][  0]LogWindows:    0. 'Intel(R) Iris(TM) Pro Graphics 5200' (P:1 D:1)
[2018.12.21-06.13.35:567][  0]LogWindows:    1. 'Intel(R) Iris(TM) Pro Graphics 5200' (P:0 D:0)
[2018.12.21-06.13.35:568][  0]LogWindows:    2. 'Intel(R) Iris(TM) Pro Graphics 5200' (P:0 D:0)
[2018.12.21-06.13.35:570][  0]LogWindows: DebugString: FoundDriverCount:3 
[2018.12.21-06.13.35:570][  0]LogD3D11RHI:     Adapter Name: Intel(R) Iris(TM) Pro Graphics 5200
[2018.12.21-06.13.35:570][  0]LogD3D11RHI:   Driver Version: 20.19.15.4835 (internal:20.19.15.4835, unified:20.19.15.4835)
[2018.12.21-06.13.35:570][  0]LogD3D11RHI:      Driver Date: 10-16-2017
[2018.12.21-06.13.35:570][  0]LogRHI: Texture pool is 795 MB (70% of 1136 MB)
[2018.12.21-06.13.35:599][  0]LogD3D11RHI: [IntelMetricsDiscovery] Started
[2018.12.21-06.13.35:600][  0]LogD3D11RHI: Async texture creation enabled
[2018.12.21-06.13.35:607][  0]LogD3D11RHI: GPU Timing Frequency: 12.500000 (Debug: 2 0)
[2018.12.21-06.13.36:389][  0]LogTemp: Display: Loaded TP AllDesktopTargetPlatform
[2018.12.21-06.13.36:406][  0]LogTemp: Display: Loaded TP MacClientTargetPlatform
[2018.12.21-06.13.36:425][  0]LogTemp: Display: Loaded TP MacNoEditorTargetPlatform
[2018.12.21-06.13.36:441][  0]LogTemp: Display: Loaded TP MacServerTargetPlatform
[2018.12.21-06.13.36:459][  0]LogTemp: Display: Loaded TP MacTargetPlatform
[2018.12.21-06.13.36:477][  0]LogTemp: Display: Loaded TP WindowsClientTargetPlatform
[2018.12.21-06.13.36:495][  0]LogTemp: Display: Loaded TP WindowsNoEditorTargetPlatform
[2018.12.21-06.13.36:513][  0]LogTemp: Display: Loaded TP WindowsServerTargetPlatform
[2018.12.21-06.13.36:523][  0]LogTemp: Display: Loaded TP WindowsTargetPlatform
[2018.12.21-06.13.36:604][  0]LogTemp: Display: Loaded TP AndroidTargetPlatform
[2018.12.21-06.13.36:604][  0]LogTemp: Display: Loaded TP AndroidTargetPlatform
[2018.12.21-06.13.36:604][  0]LogTemp: Display: Loaded TP AndroidTargetPlatform
[2018.12.21-06.13.36:604][  0]LogTemp: Display: Loaded TP AndroidTargetPlatform
[2018.12.21-06.13.36:604][  0]LogTemp: Display: Loaded TP AndroidTargetPlatform
[2018.12.21-06.13.36:604][  0]LogTemp: Display: Loaded TP AndroidTargetPlatform
[2018.12.21-06.13.36:605][  0]LogTemp: Display: Loaded TP AndroidTargetPlatform
[2018.12.21-06.13.36:605][  0]LogTemp: Display: Loaded TP AndroidTargetPlatform
[2018.12.21-06.13.36:605][  0]LogTemp: Display: Loaded TP AndroidTargetPlatform
[2018.12.21-06.13.36:605][  0]LogTemp: Display: Loaded TP AndroidTargetPlatform
[2018.12.21-06.13.36:605][  0]LogTemp: Display: Loaded TP AndroidTargetPlatform
[2018.12.21-06.13.36:605][  0]LogTemp: Display: Loaded TP AndroidTargetPlatform
[2018.12.21-06.13.36:605][  0]LogTemp: Display: Loaded TP AndroidTargetPlatform
[2018.12.21-06.13.36:605][  0]LogTemp: Display: Loaded TP AndroidTargetPlatform
[2018.12.21-06.13.36:605][  0]LogTemp: Display: Loaded TP AndroidTargetPlatform
[2018.12.21-06.13.36:605][  0]LogTemp: Display: Loaded TP AndroidTargetPlatform
[2018.12.21-06.13.36:605][  0]LogTemp: Display: Loaded TP AndroidTargetPlatform
[2018.12.21-06.13.36:605][  0]LogTemp: Display: Loaded TP AndroidTargetPlatform
[2018.12.21-06.13.36:610][  0]LogTemp: Display: Loaded TP HTML5TargetPlatform
[2018.12.21-06.13.36:688][  0]LogTemp: Display: Loaded TP IOSTargetPlatform
[2018.12.21-06.13.36:689][  0]LogTemp: Display: Loaded TP IOSTargetPlatform
[2018.12.21-06.13.36:732][  0]LogTemp: Display: Loaded TP TVOSTargetPlatform
[2018.12.21-06.13.36:732][  0]LogTemp: Display: Loaded TP TVOSTargetPlatform
[2018.12.21-06.13.36:749][  0]LogTemp: Display: Loaded TP LinuxClientTargetPlatform
[2018.12.21-06.13.36:767][  0]LogTemp: Display: Loaded TP LinuxNoEditorTargetPlatform
[2018.12.21-06.13.36:785][  0]LogTemp: Display: Loaded TP LinuxServerTargetPlatform
[2018.12.21-06.13.36:803][  0]LogTemp: Display: Loaded TP LinuxTargetPlatform
[2018.12.21-06.13.36:859][  0]LogTemp: Display: Loaded TP LuminTargetPlatform
[2018.12.21-06.13.36:859][  0]LogTemp: Display: Loaded TP LuminTargetPlatform
[2018.12.21-06.13.36:859][  0]LogTargetPlatformManager: Display: Building Assets For Windows
[2018.12.21-06.13.36:999][  0]LogShaderCompilers: Guid format shader working directory is -3 characters bigger than the processId version (../../../../../../../UnrealProject/Chapter_5/Intermediate/Shaders/WorkingDirectory/14352/).
[2018.12.21-06.13.37:000][  0]LogShaderCompilers: Cleaned the shader compiler working directory 'C:/Users/준/AppData/Local/Temp/UnrealShaderWorkingDir/6E1572E04FB085AFD722F8A83C1A1BE8/'.
[2018.12.21-06.13.37:002][  0]LogXGEController: Cannot use XGE Controller as Incredibuild is not installed on this machine.
[2018.12.21-06.13.37:002][  0]LogShaderCompilers: Cannot use XGE Shader Compiler as Incredibuild is not installed on this machine.
[2018.12.21-06.13.37:002][  0]LogShaderCompilers: Display: Using Local Shader Compiler.
[2018.12.21-06.13.37:636][  0]LogDerivedDataCache: Display: Max Cache Size: 512 MB
[2018.12.21-06.13.37:735][  0]LogDerivedDataCache: Loaded boot cache 0.10s 71MB C:/Users/준/AppData/Local/UnrealEngine/4.21/DerivedDataCache/Boot.ddc.
[2018.12.21-06.13.37:735][  0]LogDerivedDataCache: Display: Loaded Boot cache: C:/Users/준/AppData/Local/UnrealEngine/4.21/DerivedDataCache/Boot.ddc
[2018.12.21-06.13.37:735][  0]LogDerivedDataCache: FDerivedDataBackendGraph:  Pak pak cache file ../../../../../../../UnrealProject/Chapter_5/DerivedDataCache/DDC.ddp not found, will not use a pak cache.
[2018.12.21-06.13.37:735][  0]LogDerivedDataCache: Unable to find inner node Pak for hierarchical cache Hierarchy.
[2018.12.21-06.13.37:735][  0]LogDerivedDataCache: FDerivedDataBackendGraph:  CompressedPak pak cache file ../../../../../../../UnrealProject/Chapter_5/DerivedDataCache/Compressed.ddp not found, will not use a pak cache.
[2018.12.21-06.13.37:735][  0]LogDerivedDataCache: Unable to find inner node CompressedPak for hierarchical cache Hierarchy.
[2018.12.21-06.13.37:750][  0]LogDerivedDataCache: Display: Pak cache opened for reading ../../../Engine/DerivedDataCache/Compressed.ddp.
[2018.12.21-06.13.37:751][  0]LogDerivedDataCache: FDerivedDataBackendGraph:  EnterprisePak pak cache file ../../../Enterprise/DerivedDataCache/Compressed.ddp not found, will not use a pak cache.
[2018.12.21-06.13.37:751][  0]LogDerivedDataCache: Unable to find inner node EnterprisePak for hierarchical cache Hierarchy.
[2018.12.21-06.13.37:765][  0]LogDerivedDataCache: Using Local data cache path C:/Users/준/AppData/Local/UnrealEngine/Common/DerivedDataCache: Writable
[2018.12.21-06.13.37:765][  0]LogDerivedDataCache: Shared data cache path not found in *engine.ini, will not use an Shared cache.
[2018.12.21-06.13.37:765][  0]LogDerivedDataCache: Unable to find inner node Shared for hierarchical cache Hierarchy.
[2018.12.21-06.13.37:793][  0]LogMaterial: Verifying Global Shaders for PCD3D_SM5
[2018.12.21-06.13.37:795][  0]LogSlate: Using FreeType 2.6.0
[2018.12.21-06.13.37:796][  0]LogSlate: SlateFontServices - WITH_FREETYPE: 1, WITH_HARFBUZZ: 1
[2018.12.21-06.13.37:915][  0]LogAssetRegistry: FAssetRegistry took 0.0384 seconds to start up
[2018.12.21-06.13.38:274][  0]LogInit: Selected Device Profile: [Windows]
[2018.12.21-06.13.38:473][  0]LogSimplygon: Simplygon DLL not present - disabling.
[2018.12.21-06.13.38:484][  0]LogMeshReduction: Using SimplygonSwarm for distributed automatic mesh merging
[2018.12.21-06.13.38:484][  0]LogMeshReduction: Using ProxyLODMeshReduction for automatic mesh merging
[2018.12.21-06.13.38:484][  0]LogMeshReduction: Using QuadricMeshReduction for automatic static mesh reduction
[2018.12.21-06.13.38:484][  0]LogMeshReduction: No automatic skeletal mesh reduction module available
[2018.12.21-06.13.38:512][  0]LogNetVersion: ArenaBattle 1.0.0, NetCL: 4541578, EngineNetVer: 5, GameNetVer: 0 (Checksum: 3566959148)
[2018.12.21-06.13.39:284][  0]LogPackageLocalizationCache: Processed 11 localized package path(s) for 2 prioritized culture(s) in 0.237204 seconds
[2018.12.21-06.13.39:289][  0]LogUObjectArray: 39775 objects as part of root set at end of initial load.
[2018.12.21-06.13.39:289][  0]LogUObjectAllocator: 6914656 out of 0 bytes used by permanent object pool.
[2018.12.21-06.13.39:289][  0]LogUObjectArray: CloseDisregardForGC: 0/0 objects in disregard for GC pool
[2018.12.21-06.13.40:644][  0]LogTcpMessaging: Initializing TcpMessaging bridge
[2018.12.21-06.13.40:663][  0]LogUdpMessaging: Initializing bridge on interface 0.0.0.0:0 to multicast group 230.0.0.1:6666.
[2018.12.21-06.13.41:605][  0]WebConnection: Warning: WebConnection Constructor Call!
[2018.12.21-06.13.41:605][  0]ArenaBattle: Warning: UABGameInstance::UABGameInstance(9) Coustructor Call Start
[2018.12.21-06.13.41:605][  0]WebConnection: Warning: WebConnection Constructor Call!
[2018.12.21-06.13.41:606][  0]ArenaBattle: Warning: UABGameInstance::UABGameInstance(13) Constructor Call End
[2018.12.21-06.13.41:735][  0]SourceControl: 소스 컨트롤이 꺼졌습니다.
[2018.12.21-06.13.41:735][  0]SourceControl: 소스 컨트롤이 꺼졌습니다.
[2018.12.21-06.13.41:741][  0]SourceControl: 소스 컨트롤이 꺼졌습니다.
[2018.12.21-06.13.41:745][  0]SourceControl: 소스 컨트롤이 꺼졌습니다.
[2018.12.21-06.13.42:160][  0]LogAndroidPermission: UAndroidPermissionCallbackProxy::GetInstance
[2018.12.21-06.13.42:418][  0]LogOcInput: OculusInput pre-init called
[2018.12.21-06.13.42:605][  0]LogEngine: Initializing Engine...
[2018.12.21-06.13.42:607][  0]LogHMD: Failed to initialize OpenVR with code 110
[2018.12.21-06.13.42:608][  0]LogStats: UGameplayTagsManager::ConstructGameplayTagTree: ImportINI prefixes -  0.000 s
[2018.12.21-06.13.42:608][  0]LogStats: UGameplayTagsManager::ConstructGameplayTagTree: Construct from data asset -  0.000 s
[2018.12.21-06.13.42:608][  0]LogStats: UGameplayTagsManager::ConstructGameplayTagTree: ImportINI -  0.000 s
[2018.12.21-06.13.42:609][  0]LogStats: UGameplayTagsManager::ConstructGameplayTagTree: GameplayTagTreeChangedEvent.Broadcast -  0.000 s
[2018.12.21-06.13.42:882][  0]LogInit: Initializing FReadOnlyCVARCache
[2018.12.21-06.13.42:898][  0]LogAIModule: Creating AISystem for world Untitled
[2018.12.21-06.13.42:914][  0]LogInit: Failed to create XAudio2 interface
[2018.12.21-06.13.42:915][  0]LogNetVersion: Set ProjectVersion to 1.0.0.0. Version Checksum will be recalculated on next use.
[2018.12.21-06.13.43:017][  0]LogDerivedDataCache: Saved boot cache 0.10s 71MB C:/Users/준/AppData/Local/UnrealEngine/4.21/DerivedDataCache/Boot.ddc.
[2018.12.21-06.13.43:033][  0]LogInit: Texture streaming: Enabled
[2018.12.21-06.13.43:071][  0]LogEngineSessionManager: EngineSessionManager initialized
[2018.12.21-06.13.43:084][  0]LogInit: Transaction tracking system initialized
[2018.12.21-06.13.43:125][  0]BlueprintLog: New page: 에디터 로드
[2018.12.21-06.13.43:262][  0]LocalizationService: 현지화 서비스가 비활성화되었습니다.
[2018.12.21-06.13.44:460][  0]LogCook: Display: Max memory allowance for cook 16384mb min free memory 0mb
[2018.12.21-06.13.44:460][  0]LogCook: Display: Mobile HDR setting 1
[2018.12.21-06.13.44:460][  0]LogGameplayTags: Display: UGameplayTagsManager::DoneAddingNativeTags. DelegateIsBound: 0
[2018.12.21-06.13.44:460][  0]LogStats: UGameplayTagsManager::ConstructGameplayTagTree: ImportINI prefixes -  0.000 s
[2018.12.21-06.13.44:460][  0]LogStats: UGameplayTagsManager::ConstructGameplayTagTree: Construct from data asset -  0.000 s
[2018.12.21-06.13.44:460][  0]LogStats: UGameplayTagsManager::ConstructGameplayTagTree: ImportINI -  0.000 s
[2018.12.21-06.13.44:461][  0]LogStats: UGameplayTagsManager::ConstructGameplayTagTree: GameplayTagTreeChangedEvent.Broadcast -  0.000 s
[2018.12.21-06.13.44:706][  0]LogFileCache: Scanning file cache for directory 'D:/UnrealProject/Chapter_5/Content/' took 0.03s
[2018.12.21-06.13.44:706][  0]SourceControl: 소스 컨트롤이 꺼졌습니다.
[2018.12.21-06.13.44:982][  0]LogWindowsTextInputMethodSystem: Display: IME system now activated using TSF (Microsoft 입력기).
[2018.12.21-06.13.44:990][  0]LogSlate: Took 0.003257 seconds to synchronously load lazily loaded font '../../../Engine/Content/Editor/Slate/Fonts/NanumGothic.ttf' (4243K)
[2018.12.21-06.13.44:991][  0]LogSlate: Took 0.000308 seconds to synchronously load lazily loaded font '../../../Engine/Content/Slate/Fonts/Roboto-Regular.ttf' (155K)
[2018.12.21-06.13.49:966][  0]LogSlate: Window '패키지 복원' being destroyed
[2018.12.21-06.13.49:971][  0]LogWindowsTextInputMethodSystem: Display: IME system now activated using TSF (Microsoft 입력기).
[2018.12.21-06.13.49:982][  0]LogWindowsTextInputMethodSystem: Display: IME system now activated using TSF (Microsoft 입력기).
[2018.12.21-06.13.49:999][  0]Cmd: MAP LOAD FILE="../../../Engine/Content/Maps/Templates/Template_Default.umap" TEMPLATE=1 SHOWPROGRESS=1 FEATURELEVEL=3
[2018.12.21-06.13.50:000][  0]LightingResults: New page: 라이팅 빌드
[2018.12.21-06.13.50:008][  0]MapCheck: New page: 맵 체크
[2018.12.21-06.13.50:009][  0]LightingResults: New page: 라이팅 빌드
[2018.12.21-06.13.50:224][  0]LogAIModule: Creating AISystem for world Untitled_1
[2018.12.21-06.13.50:239][  0]LogEditorServer: Finished looking for orphan Actors (0.001 secs)
[2018.12.21-06.13.50:270][  0]Cmd: MAP CHECKDEP NOCLEARLOG
[2018.12.21-06.13.50:271][  0]MapCheck: 맵 체크 완료: 오류 0 회, 경고 0 회, 소요 시간 0.176ms.
[2018.12.21-06.13.50:271][  0]LogFileHelpers: Loading map 'Template_Default' took 0.272
[2018.12.21-06.13.50:340][  0]LogSlate: Updating window title bar state: overlay mode, drag disabled, window buttons hidden, title bar hidden
[2018.12.21-06.13.50:348][  0]LogSlate: Updating window title bar state: overlay mode, drag disabled, window buttons hidden, title bar hidden
[2018.12.21-06.13.50:356][  0]LogSlate: Updating window title bar state: overlay mode, drag disabled, window buttons hidden, title bar hidden
[2018.12.21-06.13.50:364][  0]LogSlate: Updating window title bar state: overlay mode, drag disabled, window buttons hidden, title bar hidden
[2018.12.21-06.13.50:378][  0]LogCollectionManager: Loaded 0 collections in 0.001492 seconds
[2018.12.21-06.13.50:410][  0]LogFileCache: Scanning file cache for directory 'D:/UnrealProject/Chapter_5/Saved/Collections/' took 0.01s
[2018.12.21-06.13.50:410][  0]LogFileCache: Scanning file cache for directory 'D:/UnrealProject/Chapter_5/Content/Developers/준/Collections/' took 0.00s
[2018.12.21-06.13.50:410][  0]LogFileCache: Scanning file cache for directory 'D:/UnrealProject/Chapter_5/Content/Collections/' took 0.01s
[2018.12.21-06.13.50:410][  0]LogCollectionManager: Rebuilt the GUID cache for 0 collections in 0.000000 seconds
[2018.12.21-06.13.50:421][  0]LogContentBrowser: Native class hierarchy populated in 0.0105 seconds. Added 2656 classes and 625 folders.
[2018.12.21-06.13.50:430][  0]LogContentBrowser: Native class hierarchy updated for 'WidgetCarousel' in 0.0006 seconds. Added 0 classes and 0 folders.
[2018.12.21-06.13.50:432][  0]LogPakFile: Registered encryption key '00000000000000000000000000000000': 0 pak files mounted, 0 remain pending
[2018.12.21-06.13.50:433][  0]LogPakFile: Registered encryption key '00000000000000000000000000000000': 0 pak files mounted, 0 remain pending
[2018.12.21-06.13.50:435][  0]LogPakFile: Registered encryption key '00000000000000000000000000000000': 0 pak files mounted, 0 remain pending
[2018.12.21-06.13.50:435][  0]LogPakFile: Registered encryption key '00000000000000000000000000000000': 0 pak files mounted, 0 remain pending
[2018.12.21-06.13.50:436][  0]LogPakFile: Registered encryption key '00000000000000000000000000000000': 0 pak files mounted, 0 remain pending
[2018.12.21-06.13.50:437][  0]LogPakFile: Registered encryption key '00000000000000000000000000000000': 0 pak files mounted, 0 remain pending
[2018.12.21-06.13.50:438][  0]LogPakFile: Registered encryption key '00000000000000000000000000000000': 0 pak files mounted, 0 remain pending
[2018.12.21-06.13.50:439][  0]LogPakFile: Registered encryption key '00000000000000000000000000000000': 0 pak files mounted, 0 remain pending
[2018.12.21-06.13.50:440][  0]LogPakFile: Registered encryption key '00000000000000000000000000000000': 0 pak files mounted, 0 remain pending
[2018.12.21-06.13.50:441][  0]LogPakFile: Registered encryption key '00000000000000000000000000000000': 0 pak files mounted, 0 remain pending
[2018.12.21-06.13.50:441][  0]LogPakFile: Registered encryption key '00000000000000000000000000000000': 0 pak files mounted, 0 remain pending
[2018.12.21-06.13.50:442][  0]LogPakFile: Registered encryption key '00000000000000000000000000000000': 0 pak files mounted, 0 remain pending
[2018.12.21-06.13.50:443][  0]LogPakFile: Registered encryption key '00000000000000000000000000000000': 0 pak files mounted, 0 remain pending
[2018.12.21-06.13.50:444][  0]LogPakFile: Registered encryption key '00000000000000000000000000000000': 0 pak files mounted, 0 remain pending
[2018.12.21-06.13.50:445][  0]LogPakFile: Registered encryption key '00000000000000000000000000000000': 0 pak files mounted, 0 remain pending
[2018.12.21-06.13.50:446][  0]LogPakFile: Registered encryption key '00000000000000000000000000000000': 0 pak files mounted, 0 remain pending
[2018.12.21-06.13.50:447][  0]LogPakFile: Registered encryption key '00000000000000000000000000000000': 0 pak files mounted, 0 remain pending
[2018.12.21-06.13.50:448][  0]LogPakFile: Registered encryption key '00000000000000000000000000000000': 0 pak files mounted, 0 remain pending
[2018.12.21-06.13.50:449][  0]LogPakFile: Registered encryption key '00000000000000000000000000000000': 0 pak files mounted, 0 remain pending
[2018.12.21-06.13.50:450][  0]LogPakFile: Registered encryption key '00000000000000000000000000000000': 0 pak files mounted, 0 remain pending
[2018.12.21-06.13.50:450][  0]LogPakFile: Registered encryption key '00000000000000000000000000000000': 0 pak files mounted, 0 remain pending
[2018.12.21-06.13.50:451][  0]LogPakFile: Registered encryption key '00000000000000000000000000000000': 0 pak files mounted, 0 remain pending
[2018.12.21-06.13.50:452][  0]LogPakFile: Registered encryption key '00000000000000000000000000000000': 0 pak files mounted, 0 remain pending
[2018.12.21-06.13.50:453][  0]LogPakFile: Registered encryption key '00000000000000000000000000000000': 0 pak files mounted, 0 remain pending
[2018.12.21-06.13.50:454][  0]LogPakFile: Registered encryption key '00000000000000000000000000000000': 0 pak files mounted, 0 remain pending
[2018.12.21-06.13.50:455][  0]LogPakFile: Registered encryption key '00000000000000000000000000000000': 0 pak files mounted, 0 remain pending
[2018.12.21-06.13.50:513][  0]LogContentBrowser: Native class hierarchy updated for 'AddContentDialog' in 0.0005 seconds. Added 0 classes and 0 folders.
[2018.12.21-06.13.50:599][  0]LogSlate: Took 0.003264 seconds to synchronously load lazily loaded font '../../../Engine/Content/Editor/Slate/Fonts/NanumGothicBold.ttf' (4188K)
[2018.12.21-06.13.50:599][  0]LogSlate: Took 0.000235 seconds to synchronously load lazily loaded font '../../../Engine/Content/Slate/Fonts/Roboto-Bold.ttf' (160K)
[2018.12.21-06.13.50:603][  0]LogSlate: Took 0.000401 seconds to synchronously load lazily loaded font '../../../Engine/Content/Editor/Slate/Fonts/FontAwesome.ttf' (139K)
[2018.12.21-06.13.50:649][  0]LogRenderer: Reallocating scene render targets to support 1208x652 Format 9 NumSamples 1 (Frame:1).
[2018.12.21-06.13.51:117][  0]LogContentBrowser: Native class hierarchy updated for 'HierarchicalLODOutliner' in 0.0019 seconds. Added 0 classes and 0 folders.
[2018.12.21-06.13.51:118][  0]LogLoad: (Engine Initialization) Total time: 20.77 seconds
[2018.12.21-06.13.51:119][  0]LogLoad: (Engine Initialization) Total Blueprint compile time: 0.00 seconds
[2018.12.21-06.13.51:203][  0]LogContentStreaming: Texture pool size now 600 MB
[2018.12.21-06.13.51:229][  0]LogSlate: Took 0.000312 seconds to synchronously load lazily loaded font '../../../Engine/Content/Slate/Fonts/Roboto-Light.ttf' (167K)
[2018.12.21-06.13.51:598][  2]LogAssetRegistry: Asset discovery search completed in 13.7080 seconds
[2018.12.21-06.13.51:601][  2]LogCollectionManager: Rebuilt the object cache for 0 collections in 0.000000 seconds (found 0 objects)
[2018.12.21-06.13.51:601][  2]LogCollectionManager: Fixed up redirectors for 0 collections in 0.000191 seconds (updated 0 objects)
[2018.12.21-06.13.53:225][ 68]LogSlate: FSceneViewport::OnFocusLost() reason 0
[2018.12.21-06.13.55:290][154]LogEditor: Attempting to add actor of class 'ABPawn' to level at -510.00,-160.00,38.00
[2018.12.21-06.13.56:312][162]LogEditor: Attempting to add actor of class 'ABPawn' to level at -190.00,0.00,108.00
[2018.12.21-06.14.01:533][326]Cmd: SELECT NONE
[2018.12.21-06.14.51:240][941]LogHttp: Warning: 000001CFB5D08F40: request failed, libcurl error: 7 (Couldn't connect to server)
[2018.12.21-06.14.51:241][941]LogHttp: Warning: 000001CFB5D08F40: libcurl info message cache 0 (  Trying 121.166.148.201...)
[2018.12.21-06.14.51:241][941]LogHttp: Warning: 000001CFB5D08F40: libcurl info message cache 1 (TCP_NODELAY set)
[2018.12.21-06.14.51:241][941]LogHttp: Warning: 000001CFB5D08F40: libcurl info message cache 2 (connect to 121.166.148.201 port 443 failed: Bad access)
[2018.12.21-06.14.51:241][941]LogHttp: Warning: 000001CFB5D08F40: libcurl info message cache 3 (Failed to connect to datarouter.ol.epicgames.com port 443: Bad access)
[2018.12.21-06.14.51:242][941]LogHttp: Warning: 000001CFB5D08F40: libcurl info message cache 4 (Closing connection 0)
[2018.12.21-06.14.51:265][942]LogHttp: Warning: Retry exhausted on https://datarouter.ol.epicgames.com/datarouter/api/v1/public/data?SessionID=%7B45E858CD-4B71-AAC5-6504-AD9084C1D544%7D&AppID=UEEditor.Rocket.Release&AppVersion=4.21.0-4541578%2B%2B%2BUE4%2BRelease-4.21&UserID=3fe39d7241454decc5028b8454cb8fc2%7C4a099ca2368d44c79c136143450cdfeb%7C3f8ebcf0-a47f-45b3-80f1-253d50aba30d&AppEnvironment=datacollector-binary&UploadType=eteventstream
[2018.12.21-06.15.13:031][865]LogSlate: FSceneViewport::OnFocusLost() reason 0
[2018.12.21-06.15.15:743][867]LogSlate: Window '콘텐츠 저장' being destroyed
[2018.12.21-06.15.15:756][867]LogSlate: Took 0.000405 seconds to synchronously load lazily loaded font '../../../Engine/Content/Slate/Fonts/Roboto-Light.ttf' (167K)
[2018.12.21-06.15.17:249][867]LogSlate: Window '레벨 다른 이름으로 저장' being destroyed
[2018.12.21-06.15.19:172][912]LogSlate: Window '콘텐츠 저장' being destroyed
[2018.12.21-06.15.19:273][912]LogSlate: Window 'ArenaBattle - 언리얼 에디터' being destroyed
[2018.12.21-06.15.19:590][913]Cmd: QUIT_EDITOR
[2018.12.21-06.15.19:636][913]LogWindowsTextInputMethodSystem: Display: IME system now activated using TSF (Microsoft 입력기).
[2018.12.21-06.15.19:669][913]LogExit: Preparing to exit.
[2018.12.21-06.15.20:339][913]LogExit: Editor shut down
[2018.12.21-06.15.20:341][913]LogExit: Transaction tracking system shut down
